7976: 09:53:22.900 - ---
7976: 09:53:22.900 - Service: "Photon Socket Server" starting
7976: 09:53:22.901 - Config File: D:\Work\Photon-OnPremise-Server-SDK_v4-0-29-11263\deploy\bin_Win64\PhotonServer.config
7976: 09:53:22.902 - Will produce at most: 10 crash dumps
7976: 09:53:22.902 - Service shutting down
7976: 09:53:22.903 - Service shut down complete
3668: 10:21:48.155 - ---
3668: 10:21:48.155 - Service: "Photon Socket Server" starting
3668: 10:21:48.156 - Config File: D:\Work\Photon-OnPremise-Server-SDK_v4-0-29-11263\deploy\bin_Win64\PhotonServer.config
3668: 10:21:48.158 - Will produce at most: 10 crash dumps
3668: 10:21:48.158 - Service shutting down
3668: 10:21:48.159 - Service shut down complete
15288: 10:57:43.149 - ---
15288: 10:57:43.149 - Service: "Photon Socket Server" starting
15288: 10:57:43.149 - Config File: D:\Work\Photon-OnPremise-Server-SDK_v4-0-29-11263\deploy\bin_Win64\PhotonServer.config
15288: 10:57:43.150 - Will produce at most: 10 crash dumps
15288: 10:57:43.150 - Service shutting down
15288: 10:57:43.152 - Service shut down complete
13192: 21:13:48.473 - ---
13192: 21:13:48.473 - Service: "Photon Socket Server" starting
13192: 21:13:48.473 - Config File: D:\Work\Photon-OnPremise-Server-SDK_v4-0-29-11263\deploy\bin_Win64\PhotonServer.config
13192: 21:13:48.474 - Will produce at most: 10 crash dumps
13192: 21:13:48.474 - Service shutting down
13192: 21:13:48.475 - Service shut down complete
