11076: 14:54:53.591 - ---
11076: 14:54:53.591 - Service: "Photon Socket Server" starting
11076: 14:54:53.591 - Config File: E:\Photon-OnPremise-Server-SDK_v4-0-29-11263\deploy\bin_Win64\PhotonServer.config
11076: 14:54:53.595 - Will produce at most: 10 crash dumps
11076: 14:54:53.595 - Action: run as exe
11076: 14:54:53.596 - Server Starting...
11076: 14:54:53.596 -    Tick count: 803294125 (wraps in: 40.4129 days)
11076: 14:54:53.596 - Tick count 64: 803294125
11076: 14:54:53.596 - Photon Version: 4.0.28.2962
11076: 14:54:53.596 - PID: 4028
11076: 14:54:53.597 - Config File: E:\Photon-OnPremise-Server-SDK_v4-0-29-11263\deploy\bin_Win64\PhotonServer.config
11076: 14:54:53.597 - Will NOT log unimportant exceptions
11076: 14:54:53.603 - Not using performance counters as they are not currently installed. Run the service with /InstallCounters to install them.
11076: 14:54:53.604 - Shutdown timeout enabled: 30000ms
11076: 14:54:53.605 - Starting I/O thread pool with 2 threads
11076: 14:54:53.605 - Using Standard allocator
11076: 14:54:53.605 - Max message size: 512000
11076: 14:54:53.606 - Starting business logic thread pool with the following settings
11076: 14:54:53.606 - InitialThreads: 4 threads
11076: 14:54:53.606 - MinThreads: 4 threads
11076: 14:54:53.606 - Thread pool is fixed size
11076: 14:54:53.606 - Starting ENet thread pool with the following settings
11076: 14:54:53.606 - InitialThreads: 2 threads
11076: 14:54:53.606 - MinThreads: 2 threads
11076: 14:54:53.606 - Thread pool is fixed size
11076: 14:54:53.606 - OnlyDispatchTimers: False
11076: 14:54:53.607 - S2S: flow control: Max pending writes: 50
11076: 14:54:53.607 - S2S: flow control: Max queued buffers: 200
11076: 14:54:53.607 - S2S: flow control: Max pending writes MUX: 500
11076: 14:54:53.607 - S2S: flow control: Max queued buffers MUX: 2000
11076: 14:54:53.607 - S2S: MaxInboundMessageSize: 512000
11076: 14:54:53.607 - S2S: MaxOutboundMessageSize: 512000
11076: 14:54:53.607 - S2S: No inactivity timeout
11076: 14:54:53.613 - WebSocket S2S: MaxInboundMessageSize: 512000
11076: 14:54:53.613 - WebSocket S2S: MaxOutboundMessageSize: 512000
11076: 14:54:53.613 - WebSocket S2S: No inactivity timeout
11076: 14:54:53.614 - Max Reliable Data In Transit (awaiting ACKs) per peer : 51200 bytes
11076: 14:54:53.614 - Per peer bandwidth limit
11076: 14:54:53.614 - Transmit Rate Limit: 256 KB/Sec
11076: 14:54:53.614 - Limit period: 200ms
11076: 14:54:53.614 - Limit per period: 52428 bytes
11076: 14:54:53.614 - Max queued data for transmission per peer: 512000 bytes
11076: 14:54:53.614 - Minimum retransmit timeout: 200
11076: 14:54:53.614 - No Maximum retransmit timeout
11076: 14:54:53.614 - Minimum ENet timeout: 5000ms
11076: 14:54:53.614 - Maximum ENet timeout: 30000ms
11076: 14:54:53.614 - Max Inbound Reliable Data Queued (awaiting resends of earlier sequence numbers) per peer : 163840 bytes
11076: 14:54:53.614 - No RTT ACK adjustment timeout
11076: 14:54:53.614 - Outbound ENet: MaxInboundMessageSize: 512000
11076: 14:54:53.614 - Outbound ENet: MaxOutboundMessageSize: 512000
11076: 14:54:53.621 - GetRuntime - About to load CLR - versions available:
11076: 14:54:53.621 - v2.0.50727
11076: 14:54:53.621 - v4.0.30319
11076: 14:54:53.621 - Configuration requests: "v2.0.50727"
11076: 14:54:53.621 - About to load version: "v2.0.50727"
11076: 14:54:53.656 - About to load runtime: PhotonHostRuntime.PhotonDomainManager from PhotonHostRuntime, Culture=neutral, PublicKeyToken=02C301B61B060C4D
11076: 14:54:53.656 - CLRBaseDirectory set to "E:\Photon-OnPremise-Server-SDK_v4-0-29-11263\deploy"
11076: 14:54:53.656 - Optimising event broadcast for 20 or more peers
11076: 14:54:53.658 - Start: About to load CLR - versions available:
11076: 14:54:53.658 - v2.0.50727
11076: 14:54:53.658 - v4.0.30319
11076: 14:54:53.658 - No preference in configuration file, will load latest.
11076: 14:54:53.658 - About to load version: "v4.0.30319"
11076: 14:54:53.660 - Loaded version: "v4.0.30319"
11076: 14:54:53.776 - Photon host runtime loaded
11076: 14:54:56.117 - License is valid.
11076: 14:54:56.117 - Licensed for 100 concurrent connections.
11076: 14:54:56.117 - ENet: Max Reliable Data In Transit (awaiting ACKs) per peer : 51200 bytes
11076: 14:54:56.117 - ENet: Per peer bandwidth limit
11076: 14:54:56.117 - ENet: Transmit Rate Limit: 256 KB/Sec
11076: 14:54:56.117 - ENet: Limit period: 200ms
11076: 14:54:56.117 - ENet: Limit per period: 52428 bytes
11076: 14:54:56.117 - ENet: Max queued data for transmission per peer: 512000 bytes
11076: 14:54:56.117 - ENet: Minimum retransmit timeout: 200
11076: 14:54:56.117 - No Maximum retransmit timeout
11076: 14:54:56.117 - ENet: Minimum timeout: 5000ms
11076: 14:54:56.117 - ENet: Maximum timeout: 30000ms
11076: 14:54:56.117 - ENet: Max Inbound Reliable Data Queued (awaiting resends of earlier sequence numbers) per peer : 163840 bytes
11076: 14:54:56.117 - No RTT ACK adjustment timeout
11076: 14:54:56.117 - About to load application: SAAServer from SAAServer
11076: 14:54:56.117 - Auto restart is enabled for application, existing connections will be terminated during restart
11076: 14:54:56.117 - Application will restart 1000ms after the last change detected
11076: 14:54:56.117 - Application will restart if files matching the following are changed: "dll;config"
11076: 14:54:56.117 - Application will NOT restart if files matching the following are changed: "log4net.config"
11076: 14:54:56.188 - Taking reference on default app domain
11076: 14:54:56.241 - Application: "SAAServer" started in app domain: 2
11076: 14:54:56.242 - About to load application: CounterPublisher from CounterPublisher
11076: 14:54:56.242 - Auto restart is enabled for application, existing connections will be terminated during restart
11076: 14:54:56.242 - Application will restart 1000ms after the last change detected
11076: 14:54:56.242 - Application will restart if files matching the following are changed: "dll;config"
11076: 14:54:56.242 - Application will NOT restart if files matching the following are changed: "log4net.config"
11076: 14:54:56.298 - Taking reference on default app domain
11076: 14:54:56.338 - Application: "CounterPublisher" started in app domain: 3
11076: 14:54:56.339 - Adding TCP listener on: 0.0.0.0: 4530 with a listen backlog of: 150
11076: 14:54:56.339 - TCP inactivity timeout: 10000ms
11076: 14:54:56.339 - TCP disconnect timeout: 120000ms
11076: 14:54:56.339 - MaxInboundMessageSize: 512000
11076: 14:54:56.339 - MaxOutboundMessageSize: 512000
11076: 14:54:56.339 - Forcing all applications ids to: "SAAServer"
11076: 14:54:56.339 - Serving policy file requests from: "E:\Photon-OnPremise-Server-SDK_v4-0-29-11263\deploy\Policy\assets\socket-policy.xml"
11076: 14:54:56.339 - Adding TCP listener on: 0.0.0.0: 4520 with a listen backlog of: 150
11076: 14:54:56.339 - TCP inactivity timeout: 5000ms
11076: 14:54:56.339 - TCP disconnect timeout: 120000ms
11076: 14:54:56.339 - MaxInboundMessageSize: 512000
11076: 14:54:56.339 - MaxOutboundMessageSize: 512000
11076: 14:54:56.339 - Forcing all applications ids to: "SAAServer"
11076: 14:54:56.339 - MaxInboundMessageSize: 512000
11076: 14:54:56.339 - MaxOutboundMessageSize: 512000
11076: 14:54:56.339 - UDP address specified as: "0.0.0.0" adding listener to each available IPv4 address
11076: 14:54:56.339 - Adding UDP listener on: 192.168.1.11: 7777 with a listen backlog of: 500
11076: 14:54:56.340 - Adding UDP listener on: 127.0.0.1: 7777 with a listen backlog of: 500
11076: 14:54:56.340 - Adding Policy File listener on: 0.0.0.0: 843 with a listen backlog of: 150 and serving Policy File: "E:\Photon-OnPremise-Server-SDK_v4-0-29-11263\deploy\Policy\assets\socket-policy.xml"
11076: 14:54:56.340 - TCP inactivity timeout: 1000ms
11076: 14:54:56.340 - Adding Policy File listener on: 0.0.0.0: 943 with a listen backlog of: 150 and serving Policy File: "E:\Photon-OnPremise-Server-SDK_v4-0-29-11263\deploy\Policy\assets\socket-policy-silverlight.xml"
11076: 14:54:56.340 - TCP inactivity timeout: 1000ms
11076: 14:54:56.356 - Service is running...
