5160: 08:16:29.312 - ---
5160: 08:16:29.312 - Service: "Photon Socket Server" starting
5160: 08:16:29.312 - Config File: E:\Photon-OnPremise-Server-SDK_v4-0-29-11263\deploy\bin_Win64\PhotonServer.config
5160: 08:16:29.315 - Will produce at most: 10 crash dumps
5160: 08:16:29.315 - Action: run as exe
5160: 08:16:29.316 - Server Starting...
5160: 08:16:29.317 -    Tick count: 1212050328 (wraps in: 35.6819 days)
5160: 08:16:29.317 - Tick count 64: 1212050328
5160: 08:16:29.317 - Photon Version: 4.0.28.2962
5160: 08:16:29.317 - PID: 9036
5160: 08:16:29.317 - Config File: E:\Photon-OnPremise-Server-SDK_v4-0-29-11263\deploy\bin_Win64\PhotonServer.config
5160: 08:16:29.318 - Will NOT log unimportant exceptions
5160: 08:16:29.322 - Not using performance counters as they are not currently installed. Run the service with /InstallCounters to install them.
5160: 08:16:29.323 - Shutdown timeout enabled: 30000ms
5160: 08:16:29.323 - Starting I/O thread pool with 2 threads
5160: 08:16:29.324 - Using Standard allocator
5160: 08:16:29.324 - Max message size: 512000
5160: 08:16:29.324 - Starting business logic thread pool with the following settings
5160: 08:16:29.324 - InitialThreads: 4 threads
5160: 08:16:29.324 - MinThreads: 4 threads
5160: 08:16:29.324 - Thread pool is fixed size
5160: 08:16:29.324 - Starting ENet thread pool with the following settings
5160: 08:16:29.324 - InitialThreads: 2 threads
5160: 08:16:29.325 - MinThreads: 2 threads
5160: 08:16:29.325 - Thread pool is fixed size
5160: 08:16:29.325 - OnlyDispatchTimers: False
5160: 08:16:29.325 - S2S: flow control: Max pending writes: 50
5160: 08:16:29.325 - S2S: flow control: Max queued buffers: 200
5160: 08:16:29.325 - S2S: flow control: Max pending writes MUX: 500
5160: 08:16:29.325 - S2S: flow control: Max queued buffers MUX: 2000
5160: 08:16:29.325 - S2S: MaxInboundMessageSize: 512000
5160: 08:16:29.325 - S2S: MaxOutboundMessageSize: 512000
5160: 08:16:29.325 - S2S: No inactivity timeout
5160: 08:16:29.336 - WebSocket S2S: MaxInboundMessageSize: 512000
5160: 08:16:29.336 - WebSocket S2S: MaxOutboundMessageSize: 512000
5160: 08:16:29.336 - WebSocket S2S: No inactivity timeout
5160: 08:16:29.337 - Max Reliable Data In Transit (awaiting ACKs) per peer : 51200 bytes
5160: 08:16:29.337 - Per peer bandwidth limit
5160: 08:16:29.337 - Transmit Rate Limit: 256 KB/Sec
5160: 08:16:29.337 - Limit period: 200ms
5160: 08:16:29.337 - Limit per period: 52428 bytes
5160: 08:16:29.337 - Max queued data for transmission per peer: 512000 bytes
5160: 08:16:29.337 - Minimum retransmit timeout: 200
5160: 08:16:29.337 - No Maximum retransmit timeout
5160: 08:16:29.337 - Minimum ENet timeout: 5000ms
5160: 08:16:29.337 - Maximum ENet timeout: 30000ms
5160: 08:16:29.337 - Max Inbound Reliable Data Queued (awaiting resends of earlier sequence numbers) per peer : 163840 bytes
5160: 08:16:29.337 - No RTT ACK adjustment timeout
5160: 08:16:29.337 - Outbound ENet: MaxInboundMessageSize: 512000
5160: 08:16:29.337 - Outbound ENet: MaxOutboundMessageSize: 512000
5160: 08:16:29.342 - GetRuntime - About to load CLR - versions available:
5160: 08:16:29.342 - v2.0.50727
5160: 08:16:29.342 - v4.0.30319
5160: 08:16:29.342 - Configuration requests: "v2.0.50727"
5160: 08:16:29.342 - About to load version: "v2.0.50727"
5160: 08:16:29.376 - About to load runtime: PhotonHostRuntime.PhotonDomainManager from PhotonHostRuntime, Culture=neutral, PublicKeyToken=02C301B61B060C4D
5160: 08:16:29.376 - CLRBaseDirectory set to "E:\Photon-OnPremise-Server-SDK_v4-0-29-11263\deploy"
5160: 08:16:29.376 - Optimising event broadcast for 20 or more peers
5160: 08:16:29.378 - Start: About to load CLR - versions available:
5160: 08:16:29.378 - v2.0.50727
5160: 08:16:29.378 - v4.0.30319
5160: 08:16:29.378 - No preference in configuration file, will load latest.
5160: 08:16:29.378 - About to load version: "v4.0.30319"
5160: 08:16:29.380 - Loaded version: "v4.0.30319"
5160: 08:16:29.497 - Photon host runtime loaded
5160: 08:16:31.135 - License is valid.
5160: 08:16:31.135 - Licensed for 100 concurrent connections.
5160: 08:16:31.135 - ENet: Max Reliable Data In Transit (awaiting ACKs) per peer : 51200 bytes
5160: 08:16:31.135 - ENet: Per peer bandwidth limit
5160: 08:16:31.135 - ENet: Transmit Rate Limit: 256 KB/Sec
5160: 08:16:31.135 - ENet: Limit period: 200ms
5160: 08:16:31.135 - ENet: Limit per period: 52428 bytes
5160: 08:16:31.135 - ENet: Max queued data for transmission per peer: 512000 bytes
5160: 08:16:31.135 - ENet: Minimum retransmit timeout: 200
5160: 08:16:31.135 - No Maximum retransmit timeout
5160: 08:16:31.135 - ENet: Minimum timeout: 5000ms
5160: 08:16:31.135 - ENet: Maximum timeout: 30000ms
5160: 08:16:31.135 - ENet: Max Inbound Reliable Data Queued (awaiting resends of earlier sequence numbers) per peer : 163840 bytes
5160: 08:16:31.135 - No RTT ACK adjustment timeout
5160: 08:16:31.135 - About to load application: SAAServer from SAAServer
5160: 08:16:31.135 - Auto restart is enabled for application, existing connections will be terminated during restart
5160: 08:16:31.135 - Application will restart 1000ms after the last change detected
5160: 08:16:31.135 - Application will restart if files matching the following are changed: "dll;config"
5160: 08:16:31.135 - Application will NOT restart if files matching the following are changed: "log4net.config"
5160: 08:16:31.209 - Taking reference on default app domain
5160: 08:16:31.262 - Application: "SAAServer" started in app domain: 2
5160: 08:16:31.262 - About to load application: CounterPublisher from CounterPublisher
5160: 08:16:31.262 - Auto restart is enabled for application, existing connections will be terminated during restart
5160: 08:16:31.262 - Application will restart 1000ms after the last change detected
5160: 08:16:31.262 - Application will restart if files matching the following are changed: "dll;config"
5160: 08:16:31.262 - Application will NOT restart if files matching the following are changed: "log4net.config"
5160: 08:16:31.325 - Taking reference on default app domain
5160: 08:16:31.368 - Application: "CounterPublisher" started in app domain: 3
5160: 08:16:31.368 - Adding TCP listener on: 0.0.0.0: 4530 with a listen backlog of: 150
5160: 08:16:31.368 - TCP inactivity timeout: 10000ms
5160: 08:16:31.368 - TCP disconnect timeout: 120000ms
5160: 08:16:31.368 - MaxInboundMessageSize: 512000
5160: 08:16:31.368 - MaxOutboundMessageSize: 512000
5160: 08:16:31.368 - Forcing all applications ids to: "SAAServer"
5160: 08:16:31.368 - Serving policy file requests from: "E:\Photon-OnPremise-Server-SDK_v4-0-29-11263\deploy\Policy\assets\socket-policy.xml"
5160: 08:16:31.368 - Adding TCP listener on: 0.0.0.0: 4520 with a listen backlog of: 150
5160: 08:16:31.368 - TCP inactivity timeout: 5000ms
5160: 08:16:31.368 - TCP disconnect timeout: 120000ms
5160: 08:16:31.368 - MaxInboundMessageSize: 512000
5160: 08:16:31.368 - MaxOutboundMessageSize: 512000
5160: 08:16:31.368 - Forcing all applications ids to: "SAAServer"
5160: 08:16:31.368 - MaxInboundMessageSize: 512000
5160: 08:16:31.368 - MaxOutboundMessageSize: 512000
5160: 08:16:31.368 - UDP address specified as: "0.0.0.0" adding listener to each available IPv4 address
5160: 08:16:31.369 - Adding UDP listener on: 192.168.1.14: 7777 with a listen backlog of: 500
5160: 08:16:31.369 - Adding UDP listener on: 127.0.0.1: 7777 with a listen backlog of: 500
5160: 08:16:31.369 - Adding Policy File listener on: 0.0.0.0: 843 with a listen backlog of: 150 and serving Policy File: "E:\Photon-OnPremise-Server-SDK_v4-0-29-11263\deploy\Policy\assets\socket-policy.xml"
5160: 08:16:31.369 - TCP inactivity timeout: 1000ms
5160: 08:16:31.369 - Adding Policy File listener on: 0.0.0.0: 943 with a listen backlog of: 150 and serving Policy File: "E:\Photon-OnPremise-Server-SDK_v4-0-29-11263\deploy\Policy\assets\socket-policy-silverlight.xml"
5160: 08:16:31.369 - TCP inactivity timeout: 1000ms
5160: 08:16:31.384 - Service is running...
5160: 08:23:18.956 - Service is stopped...
5160: 08:23:18.956 - Server shutting down...
5160: 08:23:18.956 - Shutdown monitoring enabled, 30000ms before process abort
5160: 08:23:18.956 - Notifying CLR applications of shutdown...
5160: 08:23:18.956 - RequestApplicationStop: 3
5160: 08:23:18.960 - RequestApplicationStop: 2
5160: 08:23:18.962 - RequestStop: defalt app domain
5160: 08:23:18.963 - Shutting down WebSocket Outbound Connection Manager...
5160: 08:23:18.963 - Shutting down TCP Outbound Connection Manager...
5160: 08:23:18.964 - Shutting down ENet Outbound Connection Manager...
5160: 08:23:18.964 - Disconnecting all outbound peers...
5160: 08:23:18.964 - Shutting down ENet host...
5160: 08:23:18.964 - Disconnecting all peers...
5160: 08:23:18.964 - Shutting down socket servers...
5160: 08:23:18.964 - Shutting down ENet thread pool...
5160: 08:23:18.964 - Shutting down TCP inactivity timers...
5160: 08:23:18.964 - WaitingForShutdownToComplete: NativePolicy:0.0.0.0:843
5160: 08:23:18.964 - OnShutdownCompleted: NativePolicy:0.0.0.0:843
5160: 08:23:18.964 - WaitingForShutdownToComplete: NativePolicy:0.0.0.0:943
5160: 08:23:18.964 - OnShutdownCompleted: NativePolicy:0.0.0.0:943
5160: 08:23:18.964 - WaitingForShutdownToComplete: TCP:0.0.0.0:4520
5160: 08:23:18.964 - OnShutdownCompleted: TCP:0.0.0.0:4520
5160: 08:23:18.964 - WaitingForShutdownToComplete: TCP:0.0.0.0:4530
5160: 08:23:18.964 - OnShutdownCompleted: TCP:0.0.0.0:4530
5160: 08:23:18.964 - WaitingForShutdownToComplete: UDP:127.0.0.1:7777
5160: 08:23:18.964 - OnShutdownCompleted: UDP:127.0.0.1:7777
5160: 08:23:18.964 - WaitingForShutdownToComplete: UDP:192.168.1.14:7777
5160: 08:23:18.964 - OnShutdownCompleted: UDP:192.168.1.14:7777
5160: 08:23:18.964 - Shutting down CLR applications...
8308: 08:23:18.965 - CManagedHost::OnDefaultAction() - OPR_AppDomainUnload - eUnloadAppDomain
5160: 08:23:18.968 - Shutting down business logic thread pool...
5160: 08:23:18.968 - Shutting down I/O thread pool...
5160: 08:23:18.968 - Destroying servers
5160: 08:23:18.968 - Destroying WebSocket Outbound Connection Manager
5160: 08:23:18.968 - Destroying TCP Outbound Connection Manager
5160: 08:23:18.968 - Destroying TCP inactivity timer
5160: 08:23:18.968 - Destroying ENet timer wheel
5160: 08:23:18.968 - Destroying ENet host
5160: 08:23:18.968 - Destroying ENet outbound host
5160: 08:23:18.968 - Destroying HTTP inactivity timer
5160: 08:23:18.968 - Destroying HTTP host
5160: 08:23:18.968 - Destroying HTTP Chunk host
5160: 08:23:18.968 - Flushing ENET buffer allocator...
5160: 08:23:18.969 - Flushing TCP buffer handle allocator...
5160: 08:23:18.969 - Flushing stream socket allocator...
5160: 08:23:18.969 - Flushing inbound datagram socket allocator...
5160: 08:23:18.970 - Flushing outbound datagram socket allocator...
5160: 08:23:18.970 - Destroying CLR dispatcher
5160: 08:23:18.970 - Destroying CLR applications
5160: 08:23:18.970 - ~CCLRApplicationCollection() - Waiting up to 10 seconds for the CLR to release all of our objects
11512: 08:23:18.972 - Unloading Domain: ApplicationName = 'CounterPublisher', DomainId='3'
8308: 08:23:18.972 - CManagedHost::OnDomainUnload() - 3
8308: 08:23:18.975 - CManagedHost::OnDefaultAction() - OPR_AppDomainUnload - eUnloadAppDomain
11512: 08:23:18.982 - Unloading Domain: ApplicationName = 'SAAServer', DomainId='2'
8308: 08:23:18.984 - CManagedHost::OnDomainUnload() - 2
5160: 08:23:18.985 - ~CCLRApplicationCollection() - Done. All objects released
5160: 08:23:18.985 - ~CManagedHost() - Release default app domain
5160: 08:23:18.985 - CManagedHost::OnDomainUnload() - 1
5160: 08:23:18.985 - ~CManagedHost() - Waiting up to 10 seconds for CLR shutdown...
5160: 08:23:18.985 - ~CManagedHost
5160: 08:23:18.986 - Destroying ENet thread pool
5160: 08:23:18.986 - Destroying Business logic thread pool
5160: 08:23:18.986 - Destroying I/O thread pool
5160: 08:23:18.986 - Destroying ENet buffer allocator
5160: 08:23:18.986 - Destroying TCP buffer allocator
5160: 08:23:18.986 - Destroying TCP socket allocator
5160: 08:23:18.986 - Destroying ENet inbound socket allocator
5160: 08:23:18.986 - Destroying ENet outbound socket allocator
5160: 08:23:18.986 - Destroying shared datagram flow control data
5160: 08:23:18.987 - Shutdown complete...
5160: 08:23:18.987 - Service shutting down
5160: 08:23:18.988 - Service shut down complete
