8072: 20:49:43.788 - ---
8072: 20:49:43.788 - Service: "Photon Socket Server" starting
8072: 20:49:43.788 - Config File: D:\Work\Photon-OnPremise-Server-SDK_v4-0-29-11263\deploy\bin_Win64\PhotonServer.config
8072: 20:49:43.792 - Will produce at most: 10 crash dumps
8072: 20:49:43.792 - Action: run as exe
8072: 20:49:43.793 - Server Starting...
8072: 20:49:43.793 -    Tick count: 828394421 (wraps in: 40.1224 days)
8072: 20:49:43.793 - Tick count 64: 828394421
8072: 20:49:43.793 - Photon Version: 4.0.28.2962
8072: 20:49:43.793 - PID: 18572
8072: 20:49:43.793 - Config File: D:\Work\Photon-OnPremise-Server-SDK_v4-0-29-11263\deploy\bin_Win64\PhotonServer.config
8072: 20:49:43.794 - Will NOT log unimportant exceptions
8072: 20:49:43.798 - Not using performance counters as they are not currently installed. Run the service with /InstallCounters to install them.
8072: 20:49:43.798 - Shutdown timeout enabled: 30000ms
8072: 20:49:43.799 - Starting I/O thread pool with 2 threads
8072: 20:49:43.799 - Using Standard allocator
8072: 20:49:43.799 - Max message size: 512000
8072: 20:49:43.799 - Starting business logic thread pool with the following settings
8072: 20:49:43.799 - InitialThreads: 4 threads
8072: 20:49:43.799 - MinThreads: 4 threads
8072: 20:49:43.799 - Thread pool is fixed size
8072: 20:49:43.799 - Starting ENet thread pool with the following settings
8072: 20:49:43.799 - InitialThreads: 2 threads
8072: 20:49:43.799 - MinThreads: 2 threads
8072: 20:49:43.799 - Thread pool is fixed size
8072: 20:49:43.799 - OnlyDispatchTimers: False
8072: 20:49:43.800 - S2S: flow control: Max pending writes: 50
8072: 20:49:43.800 - S2S: flow control: Max queued buffers: 200
8072: 20:49:43.800 - S2S: flow control: Max pending writes MUX: 500
8072: 20:49:43.800 - S2S: flow control: Max queued buffers MUX: 2000
8072: 20:49:43.800 - S2S: MaxInboundMessageSize: 512000
8072: 20:49:43.800 - S2S: MaxOutboundMessageSize: 512000
8072: 20:49:43.800 - S2S: No inactivity timeout
8072: 20:49:43.807 - WebSocket S2S: MaxInboundMessageSize: 512000
8072: 20:49:43.807 - WebSocket S2S: MaxOutboundMessageSize: 512000
8072: 20:49:43.807 - WebSocket S2S: No inactivity timeout
8072: 20:49:43.807 - Max Reliable Data In Transit (awaiting ACKs) per peer : 51200 bytes
8072: 20:49:43.807 - Per peer bandwidth limit
8072: 20:49:43.807 - Transmit Rate Limit: 256 KB/Sec
8072: 20:49:43.807 - Limit period: 200ms
8072: 20:49:43.807 - Limit per period: 52428 bytes
8072: 20:49:43.807 - Max queued data for transmission per peer: 512000 bytes
8072: 20:49:43.807 - Minimum retransmit timeout: 200
8072: 20:49:43.808 - No Maximum retransmit timeout
8072: 20:49:43.808 - Minimum ENet timeout: 5000ms
8072: 20:49:43.808 - Maximum ENet timeout: 30000ms
8072: 20:49:43.808 - Max Inbound Reliable Data Queued (awaiting resends of earlier sequence numbers) per peer : 163840 bytes
8072: 20:49:43.808 - No RTT ACK adjustment timeout
8072: 20:49:43.808 - Outbound ENet: MaxInboundMessageSize: 512000
8072: 20:49:43.808 - Outbound ENet: MaxOutboundMessageSize: 512000
8072: 20:49:43.813 - GetRuntime - About to load CLR - versions available:
8072: 20:49:43.813 - v2.0.50727
8072: 20:49:43.813 - v4.0.30319
8072: 20:49:43.813 - Configuration requests: "v2.0.50727"
8072: 20:49:43.813 - About to load version: "v2.0.50727"
8072: 20:49:43.846 - About to load runtime: PhotonHostRuntime.PhotonDomainManager from PhotonHostRuntime, Culture=neutral, PublicKeyToken=02C301B61B060C4D
8072: 20:49:43.846 - CLRBaseDirectory set to "D:\Work\Photon-OnPremise-Server-SDK_v4-0-29-11263\deploy"
8072: 20:49:43.846 - Optimising event broadcast for 20 or more peers
8072: 20:49:43.847 - Start: About to load CLR - versions available:
8072: 20:49:43.847 - v2.0.50727
8072: 20:49:43.847 - v4.0.30319
8072: 20:49:43.847 - No preference in configuration file, will load latest.
8072: 20:49:43.847 - About to load version: "v4.0.30319"
8072: 20:49:43.849 - Loaded version: "v4.0.30319"
8072: 20:49:43.952 - Photon host runtime loaded
8072: 20:49:45.510 - License is valid.
8072: 20:49:45.510 - Licensed for 100 concurrent connections.
8072: 20:49:45.510 - ENet: Max Reliable Data In Transit (awaiting ACKs) per peer : 51200 bytes
8072: 20:49:45.510 - ENet: Per peer bandwidth limit
8072: 20:49:45.510 - ENet: Transmit Rate Limit: 256 KB/Sec
8072: 20:49:45.510 - ENet: Limit period: 200ms
8072: 20:49:45.510 - ENet: Limit per period: 52428 bytes
8072: 20:49:45.510 - ENet: Max queued data for transmission per peer: 512000 bytes
8072: 20:49:45.510 - ENet: Minimum retransmit timeout: 200
8072: 20:49:45.510 - No Maximum retransmit timeout
8072: 20:49:45.510 - ENet: Minimum timeout: 5000ms
8072: 20:49:45.510 - ENet: Maximum timeout: 30000ms
8072: 20:49:45.510 - ENet: Max Inbound Reliable Data Queued (awaiting resends of earlier sequence numbers) per peer : 163840 bytes
8072: 20:49:45.510 - No RTT ACK adjustment timeout
8072: 20:49:45.510 - About to load application: SAAServer from SAAServer
8072: 20:49:45.510 - Auto restart is enabled for application, existing connections will be terminated during restart
8072: 20:49:45.510 - Application will restart 1000ms after the last change detected
8072: 20:49:45.510 - Application will restart if files matching the following are changed: "dll;config"
8072: 20:49:45.510 - Application will NOT restart if files matching the following are changed: "log4net.config"
8072: 20:49:45.568 - Taking reference on default app domain
8072: 20:49:45.611 - Application: "SAAServer" started in app domain: 2
8072: 20:49:45.611 - About to load application: CounterPublisher from CounterPublisher
8072: 20:49:45.611 - Auto restart is enabled for application, existing connections will be terminated during restart
8072: 20:49:45.611 - Application will restart 1000ms after the last change detected
8072: 20:49:45.611 - Application will restart if files matching the following are changed: "dll;config"
8072: 20:49:45.611 - Application will NOT restart if files matching the following are changed: "log4net.config"
8072: 20:49:45.662 - Taking reference on default app domain
8072: 20:49:46.029 - Application: "CounterPublisher" started in app domain: 3
8072: 20:49:46.029 - Adding TCP listener on: 0.0.0.0: 4530 with a listen backlog of: 150
8072: 20:49:46.029 - TCP inactivity timeout: 10000ms
8072: 20:49:46.029 - TCP disconnect timeout: 120000ms
8072: 20:49:46.029 - MaxInboundMessageSize: 512000
8072: 20:49:46.029 - MaxOutboundMessageSize: 512000
8072: 20:49:46.029 - Forcing all applications ids to: "SAAServer"
8072: 20:49:46.029 - Serving policy file requests from: "D:\Work\Photon-OnPremise-Server-SDK_v4-0-29-11263\deploy\Policy\assets\socket-policy.xml"
8072: 20:49:46.029 - Adding TCP listener on: 0.0.0.0: 4520 with a listen backlog of: 150
8072: 20:49:46.029 - TCP inactivity timeout: 5000ms
8072: 20:49:46.029 - TCP disconnect timeout: 120000ms
8072: 20:49:46.029 - MaxInboundMessageSize: 512000
8072: 20:49:46.029 - MaxOutboundMessageSize: 512000
8072: 20:49:46.029 - Forcing all applications ids to: "SAAServer"
8072: 20:49:46.029 - MaxInboundMessageSize: 512000
8072: 20:49:46.029 - MaxOutboundMessageSize: 512000
8072: 20:49:46.029 - UDP address specified as: "0.0.0.0" adding listener to each available IPv4 address
8072: 20:49:46.030 - Adding UDP listener on: 192.168.1.6: 7777 with a listen backlog of: 500
8072: 20:49:46.030 - Adding UDP listener on: 127.0.0.1: 7777 with a listen backlog of: 500
8072: 20:49:46.030 - Adding Policy File listener on: 0.0.0.0: 843 with a listen backlog of: 150 and serving Policy File: "D:\Work\Photon-OnPremise-Server-SDK_v4-0-29-11263\deploy\Policy\assets\socket-policy.xml"
8072: 20:49:46.030 - TCP inactivity timeout: 1000ms
8072: 20:49:46.030 - Adding Policy File listener on: 0.0.0.0: 943 with a listen backlog of: 150 and serving Policy File: "D:\Work\Photon-OnPremise-Server-SDK_v4-0-29-11263\deploy\Policy\assets\socket-policy-silverlight.xml"
8072: 20:49:46.030 - TCP inactivity timeout: 1000ms
8072: 20:49:46.043 - Service is running...
8072: 21:22:10.911 - Service is stopped...
8072: 21:22:10.911 - Server shutting down...
8072: 21:22:10.911 - Shutdown monitoring enabled, 30000ms before process abort
8072: 21:22:10.911 - Notifying CLR applications of shutdown...
8072: 21:22:10.911 - RequestApplicationStop: 3
8072: 21:22:10.913 - RequestApplicationStop: 2
8072: 21:22:10.914 - RequestStop: defalt app domain
8072: 21:22:10.915 - Shutting down WebSocket Outbound Connection Manager...
8072: 21:22:10.915 - Shutting down TCP Outbound Connection Manager...
8072: 21:22:10.915 - Shutting down ENet Outbound Connection Manager...
8072: 21:22:10.915 - Disconnecting all outbound peers...
8072: 21:22:10.915 - Shutting down ENet host...
8072: 21:22:10.915 - Disconnecting all peers...
8072: 21:22:10.915 - Shutting down socket servers...
8072: 21:22:10.915 - Shutting down ENet thread pool...
8072: 21:22:10.915 - Shutting down TCP inactivity timers...
8072: 21:22:10.915 - WaitingForShutdownToComplete: NativePolicy:0.0.0.0:843
8072: 21:22:10.915 - OnShutdownCompleted: NativePolicy:0.0.0.0:843
8072: 21:22:10.915 - WaitingForShutdownToComplete: NativePolicy:0.0.0.0:943
8072: 21:22:10.915 - OnShutdownCompleted: NativePolicy:0.0.0.0:943
8072: 21:22:10.915 - WaitingForShutdownToComplete: TCP:0.0.0.0:4520
8072: 21:22:10.915 - OnShutdownCompleted: TCP:0.0.0.0:4520
8072: 21:22:10.915 - WaitingForShutdownToComplete: TCP:0.0.0.0:4530
8072: 21:22:10.915 - OnShutdownCompleted: TCP:0.0.0.0:4530
8072: 21:22:10.915 - WaitingForShutdownToComplete: UDP:127.0.0.1:7777
8072: 21:22:10.915 - OnShutdownCompleted: UDP:127.0.0.1:7777
8072: 21:22:10.915 - WaitingForShutdownToComplete: UDP:192.168.1.6:7777
8072: 21:22:10.915 - OnShutdownCompleted: UDP:192.168.1.6:7777
8072: 21:22:10.915 - Shutting down CLR applications...
19164: 21:22:10.916 - CManagedHost::OnDefaultAction() - OPR_AppDomainUnload - eUnloadAppDomain
8072: 21:22:10.919 - Shutting down business logic thread pool...
8072: 21:22:10.919 - Shutting down I/O thread pool...
8072: 21:22:10.919 - Destroying servers
8072: 21:22:10.919 - Destroying WebSocket Outbound Connection Manager
8072: 21:22:10.919 - Destroying TCP Outbound Connection Manager
8072: 21:22:10.919 - Destroying TCP inactivity timer
8072: 21:22:10.919 - Destroying ENet timer wheel
8072: 21:22:10.919 - Destroying ENet host
8072: 21:22:10.919 - Destroying ENet outbound host
8072: 21:22:10.919 - Destroying HTTP inactivity timer
8072: 21:22:10.919 - Destroying HTTP host
8072: 21:22:10.919 - Destroying HTTP Chunk host
8072: 21:22:10.919 - Flushing ENET buffer allocator...
8072: 21:22:10.920 - Flushing TCP buffer handle allocator...
8072: 21:22:10.920 - Flushing stream socket allocator...
8072: 21:22:10.920 - Flushing inbound datagram socket allocator...
8072: 21:22:10.921 - Flushing outbound datagram socket allocator...
8072: 21:22:10.921 - Destroying CLR dispatcher
8072: 21:22:10.921 - Destroying CLR applications
8072: 21:22:10.921 - ~CCLRApplicationCollection() - Waiting up to 10 seconds for the CLR to release all of our objects
9404: 21:22:10.923 - Unloading Domain: ApplicationName = 'CounterPublisher', DomainId='3'
19164: 21:22:10.923 - CManagedHost::OnDomainUnload() - 3
19164: 21:22:10.926 - CManagedHost::OnDefaultAction() - OPR_AppDomainUnload - eUnloadAppDomain
9404: 21:22:10.933 - Unloading Domain: ApplicationName = 'SAAServer', DomainId='2'
19164: 21:22:10.934 - CManagedHost::OnDomainUnload() - 2
8072: 21:22:10.935 - ~CCLRApplicationCollection() - Done. All objects released
8072: 21:22:10.935 - ~CManagedHost() - Release default app domain
8072: 21:22:10.935 - CManagedHost::OnDomainUnload() - 1
8072: 21:22:10.935 - ~CManagedHost() - Waiting up to 10 seconds for CLR shutdown...
8072: 21:22:10.935 - ~CManagedHost
8072: 21:22:10.935 - Destroying ENet thread pool
8072: 21:22:10.935 - Destroying Business logic thread pool
8072: 21:22:10.935 - Destroying I/O thread pool
8072: 21:22:10.935 - Destroying ENet buffer allocator
8072: 21:22:10.935 - Destroying TCP buffer allocator
8072: 21:22:10.935 - Destroying TCP socket allocator
8072: 21:22:10.935 - Destroying ENet inbound socket allocator
8072: 21:22:10.935 - Destroying ENet outbound socket allocator
8072: 21:22:10.935 - Destroying shared datagram flow control data
8072: 21:22:10.936 - Shutdown complete...
8072: 21:22:10.937 - Service shutting down
8072: 21:22:10.938 - Service shut down complete
