3988: 15:56:15.934 - ---
3988: 15:56:15.934 - Service: "Photon Socket Server" starting
3988: 15:56:15.934 - Config File: E:\Photon-OnPremise-Server-SDK_v4-0-29-11263\deploy\bin_Win64\PhotonServer.config
3988: 15:56:15.937 - Will produce at most: 10 crash dumps
3988: 15:56:15.937 - Service shutting down
3988: 15:56:15.938 - Service shut down complete
15812: 17:08:20.940 - ---
15812: 17:08:20.940 - Service: "Photon Socket Server" starting
15812: 17:08:20.940 - Config File: E:\Photon-OnPremise-Server-SDK_v4-0-29-11263\deploy\bin_Win64\PhotonServer.config
15812: 17:08:20.942 - Will produce at most: 10 crash dumps
15812: 17:08:20.942 - Service shutting down
15812: 17:08:20.943 - Service shut down complete
2052: 17:09:29.843 - ---
2052: 17:09:29.843 - Service: "Photon Socket Server" starting
2052: 17:09:29.843 - Config File: E:\Photon-OnPremise-Server-SDK_v4-0-29-11263\deploy\bin_Win64\PhotonServer.config
2052: 17:09:29.846 - Will produce at most: 10 crash dumps
2052: 17:09:29.846 - Service shutting down
2052: 17:09:29.847 - Service shut down complete
15472: 17:10:21.532 - ---
15472: 17:10:21.532 - Service: "Photon Socket Server" starting
15472: 17:10:21.532 - Config File: E:\Photon-OnPremise-Server-SDK_v4-0-29-11263\deploy\bin_Win64\PhotonServer.config
15472: 17:10:21.535 - Will produce at most: 10 crash dumps
15472: 17:10:21.535 - Service shutting down
15472: 17:10:21.536 - Service shut down complete
15436: 17:11:30.827 - ---
15436: 17:11:30.827 - Service: "Photon Socket Server" starting
15436: 17:11:30.827 - Config File: E:\Photon-OnPremise-Server-SDK_v4-0-29-11263\deploy\bin_Win64\PhotonServer.config
15436: 17:11:30.829 - Will produce at most: 10 crash dumps
15436: 17:11:30.829 - Service shutting down
15436: 17:11:30.830 - Service shut down complete
14108: 17:14:38.659 - ---
14108: 17:14:38.659 - Service: "Photon Socket Server" starting
14108: 17:14:38.659 - Config File: E:\Photon-OnPremise-Server-SDK_v4-0-29-11263\deploy\bin_Win64\PhotonServer.config
14108: 17:14:38.660 - Will produce at most: 10 crash dumps
14108: 17:14:38.661 - Service shutting down
14108: 17:14:38.662 - Service shut down complete
3432: 17:15:04.457 - ---
3432: 17:15:04.457 - Service: "Photon Socket Server" starting
3432: 17:15:04.457 - Config File: E:\Photon-OnPremise-Server-SDK_v4-0-29-11263\deploy\bin_Win64\PhotonServer.config
3432: 17:15:04.459 - Will produce at most: 10 crash dumps
3432: 17:15:04.459 - Service shutting down
3432: 17:15:04.460 - Service shut down complete
11860: 17:15:55.174 - ---
11860: 17:15:55.174 - Service: "Photon Socket Server" starting
11860: 17:15:55.174 - Config File: E:\Photon-OnPremise-Server-SDK_v4-0-29-11263\deploy\bin_Win64\PhotonServer.config
11860: 17:15:55.176 - Will produce at most: 10 crash dumps
11860: 17:15:55.176 - Service shutting down
11860: 17:15:55.177 - Service shut down complete
916: 17:17:22.229 - ---
916: 17:17:22.229 - Service: "Photon Socket Server" starting
916: 17:17:22.229 - Config File: E:\Photon-OnPremise-Server-SDK_v4-0-29-11263\deploy\bin_Win64\PhotonServer.config
916: 17:17:22.231 - Will produce at most: 10 crash dumps
916: 17:17:22.231 - Service shutting down
916: 17:17:22.233 - Service shut down complete
6176: 17:35:56.680 - ---
6176: 17:35:56.680 - Service: "Photon Socket Server" starting
6176: 17:35:56.681 - Config File: E:\Photon-OnPremise-Server-SDK_v4-0-29-11263\deploy\bin_Win64\PhotonServer.config
6176: 17:35:56.683 - Will produce at most: 10 crash dumps
6176: 17:35:56.683 - Service shutting down
6176: 17:35:56.684 - Service shut down complete
17208: 17:38:12.535 - ---
17208: 17:38:12.535 - Service: "Photon Socket Server" starting
17208: 17:38:12.536 - Config File: E:\Photon-OnPremise-Server-SDK_v4-0-29-11263\deploy\bin_Win64\PhotonServer.config
17208: 17:38:12.538 - Will produce at most: 10 crash dumps
17208: 17:38:12.538 - Service shutting down
17208: 17:38:12.539 - Service shut down complete
10408: 17:39:37.028 - ---
10408: 17:39:37.028 - Service: "Photon Socket Server" starting
10408: 17:39:37.028 - Config File: E:\Photon-OnPremise-Server-SDK_v4-0-29-11263\deploy\bin_Win64\PhotonServer.config
10408: 17:39:37.029 - Will produce at most: 10 crash dumps
10408: 17:39:37.029 - Service shutting down
10408: 17:39:37.032 - Service shut down complete
8496: 17:40:46.520 - ---
8496: 17:40:46.520 - Service: "Photon Socket Server" starting
8496: 17:40:46.520 - Config File: E:\Photon-OnPremise-Server-SDK_v4-0-29-11263\deploy\bin_Win64\PhotonServer.config
8496: 17:40:46.522 - Will produce at most: 10 crash dumps
8496: 17:40:46.522 - Service shutting down
8496: 17:40:46.523 - Service shut down complete
16188: 17:42:43.124 - ---
16188: 17:42:43.124 - Service: "Photon Socket Server" starting
16188: 17:42:43.124 - Config File: E:\Photon-OnPremise-Server-SDK_v4-0-29-11263\deploy\bin_Win64\PhotonServer.config
16188: 17:42:43.126 - Will produce at most: 10 crash dumps
16188: 17:42:43.126 - Service shutting down
16188: 17:42:43.127 - Service shut down complete
17844: 17:55:31.440 - ---
17844: 17:55:31.440 - Service: "Photon Socket Server" starting
17844: 17:55:31.441 - Config File: E:\Photon-OnPremise-Server-SDK_v4-0-29-11263\deploy\bin_Win64\PhotonServer.config
17844: 17:55:31.443 - Will produce at most: 10 crash dumps
17844: 17:55:31.444 - Service shutting down
17844: 17:55:31.445 - Service shut down complete
13616: 17:59:28.954 - ---
13616: 17:59:28.954 - Service: "Photon Socket Server" starting
13616: 17:59:28.954 - Config File: E:\Photon-OnPremise-Server-SDK_v4-0-29-11263\deploy\bin_Win64\PhotonServer.config
13616: 17:59:28.956 - Will produce at most: 10 crash dumps
13616: 17:59:28.956 - Service shutting down
13616: 17:59:28.957 - Service shut down complete
