3892: 16:16:36.012 - ---
3892: 16:16:36.012 - Service: "Photon Socket Server" starting
3892: 16:16:36.012 - Config File: E:\Photon-OnPremise-Server-SDK_v4-0-29-11263\deploy\bin_Win64\PhotonServer.config
3892: 16:16:36.016 - Will produce at most: 10 crash dumps
3892: 16:16:36.017 - Action: run as exe
3892: 16:16:36.018 - Server Starting...
3892: 16:16:36.018 -    Tick count: 995703 (wraps in: 49.6987 days)
3892: 16:16:36.018 - Tick count 64: 995703
3892: 16:16:36.018 - Photon Version: 4.0.28.2962
3892: 16:16:36.018 - PID: 3676
3892: 16:16:36.019 - Config File: E:\Photon-OnPremise-Server-SDK_v4-0-29-11263\deploy\bin_Win64\PhotonServer.config
3892: 16:16:36.019 - Will NOT log unimportant exceptions
3892: 16:16:36.025 - Not using performance counters as they are not currently installed. Run the service with /InstallCounters to install them.
3892: 16:16:36.026 - Shutdown timeout enabled: 30000ms
3892: 16:16:36.027 - Starting I/O thread pool with 2 threads
3892: 16:16:36.027 - Using Standard allocator
3892: 16:16:36.027 - Max message size: 512000
3892: 16:16:36.028 - Starting business logic thread pool with the following settings
3892: 16:16:36.028 - InitialThreads: 4 threads
3892: 16:16:36.028 - MinThreads: 4 threads
3892: 16:16:36.028 - Thread pool is fixed size
3892: 16:16:36.028 - Starting ENet thread pool with the following settings
3892: 16:16:36.028 - InitialThreads: 2 threads
3892: 16:16:36.028 - MinThreads: 2 threads
3892: 16:16:36.028 - Thread pool is fixed size
3892: 16:16:36.028 - OnlyDispatchTimers: False
3892: 16:16:36.029 - S2S: flow control: Max pending writes: 50
3892: 16:16:36.029 - S2S: flow control: Max queued buffers: 200
3892: 16:16:36.029 - S2S: flow control: Max pending writes MUX: 500
3892: 16:16:36.029 - S2S: flow control: Max queued buffers MUX: 2000
3892: 16:16:36.029 - S2S: MaxInboundMessageSize: 512000
3892: 16:16:36.029 - S2S: MaxOutboundMessageSize: 512000
3892: 16:16:36.029 - S2S: No inactivity timeout
3892: 16:16:36.043 - WebSocket S2S: MaxInboundMessageSize: 512000
3892: 16:16:36.043 - WebSocket S2S: MaxOutboundMessageSize: 512000
3892: 16:16:36.043 - WebSocket S2S: No inactivity timeout
3892: 16:16:36.044 - Max Reliable Data In Transit (awaiting ACKs) per peer : 51200 bytes
3892: 16:16:36.044 - Per peer bandwidth limit
3892: 16:16:36.044 - Transmit Rate Limit: 256 KB/Sec
3892: 16:16:36.044 - Limit period: 200ms
3892: 16:16:36.044 - Limit per period: 52428 bytes
3892: 16:16:36.044 - Max queued data for transmission per peer: 512000 bytes
3892: 16:16:36.044 - Minimum retransmit timeout: 200
3892: 16:16:36.044 - No Maximum retransmit timeout
3892: 16:16:36.044 - Minimum ENet timeout: 5000ms
3892: 16:16:36.044 - Maximum ENet timeout: 30000ms
3892: 16:16:36.044 - Max Inbound Reliable Data Queued (awaiting resends of earlier sequence numbers) per peer : 163840 bytes
3892: 16:16:36.044 - No RTT ACK adjustment timeout
3892: 16:16:36.044 - Outbound ENet: MaxInboundMessageSize: 512000
3892: 16:16:36.044 - Outbound ENet: MaxOutboundMessageSize: 512000
3892: 16:16:36.052 - GetRuntime - About to load CLR - versions available:
3892: 16:16:36.052 - v2.0.50727
3892: 16:16:36.052 - v4.0.30319
3892: 16:16:36.052 - Configuration requests: "v2.0.50727"
3892: 16:16:36.052 - About to load version: "v2.0.50727"
3892: 16:16:36.060 - About to load runtime: PhotonHostRuntime.PhotonDomainManager from PhotonHostRuntime, Culture=neutral, PublicKeyToken=02C301B61B060C4D
3892: 16:16:36.060 - CLRBaseDirectory set to "E:\Photon-OnPremise-Server-SDK_v4-0-29-11263\deploy"
3892: 16:16:36.060 - Optimising event broadcast for 20 or more peers
3892: 16:16:36.062 - Start: About to load CLR - versions available:
3892: 16:16:36.062 - v2.0.50727
3892: 16:16:36.062 - v4.0.30319
3892: 16:16:36.062 - No preference in configuration file, will load latest.
3892: 16:16:36.062 - About to load version: "v4.0.30319"
3892: 16:16:36.064 - Loaded version: "v4.0.30319"
3892: 16:16:36.675 - Photon host runtime loaded
3892: 16:16:38.797 - License is valid.
3892: 16:16:38.797 - Licensed for 100 concurrent connections.
3892: 16:16:38.797 - ENet: Max Reliable Data In Transit (awaiting ACKs) per peer : 51200 bytes
3892: 16:16:38.797 - ENet: Per peer bandwidth limit
3892: 16:16:38.797 - ENet: Transmit Rate Limit: 256 KB/Sec
3892: 16:16:38.797 - ENet: Limit period: 200ms
3892: 16:16:38.797 - ENet: Limit per period: 52428 bytes
3892: 16:16:38.797 - ENet: Max queued data for transmission per peer: 512000 bytes
3892: 16:16:38.797 - ENet: Minimum retransmit timeout: 200
3892: 16:16:38.797 - No Maximum retransmit timeout
3892: 16:16:38.797 - ENet: Minimum timeout: 5000ms
3892: 16:16:38.797 - ENet: Maximum timeout: 30000ms
3892: 16:16:38.797 - ENet: Max Inbound Reliable Data Queued (awaiting resends of earlier sequence numbers) per peer : 163840 bytes
3892: 16:16:38.797 - No RTT ACK adjustment timeout
3892: 16:16:38.797 - About to load application: TheReallyServer from TheReallyServer
3892: 16:16:38.797 - Auto restart is enabled for application, existing connections will be terminated during restart
3892: 16:16:38.797 - Application will restart 1000ms after the last change detected
3892: 16:16:38.797 - Application will restart if files matching the following are changed: "dll;config"
3892: 16:16:38.797 - Application will NOT restart if files matching the following are changed: "log4net.config"
3892: 16:16:38.956 - Taking reference on default app domain
3892: 16:16:39.010 - Application: "TheReallyServer" started in app domain: 2
3892: 16:16:39.010 - About to load application: CounterPublisher from CounterPublisher
3892: 16:16:39.010 - Auto restart is enabled for application, existing connections will be terminated during restart
3892: 16:16:39.010 - Application will restart 1000ms after the last change detected
3892: 16:16:39.010 - Application will restart if files matching the following are changed: "dll;config"
3892: 16:16:39.010 - Application will NOT restart if files matching the following are changed: "log4net.config"
3892: 16:16:39.074 - Taking reference on default app domain
3892: 16:16:39.126 - Application: "CounterPublisher" started in app domain: 3
3892: 16:16:39.126 - Adding TCP listener on: 0.0.0.0: 4530 with a listen backlog of: 150
3892: 16:16:39.126 - TCP inactivity timeout: 10000ms
3892: 16:16:39.126 - TCP disconnect timeout: 120000ms
3892: 16:16:39.126 - MaxInboundMessageSize: 512000
3892: 16:16:39.126 - MaxOutboundMessageSize: 512000
3892: 16:16:39.126 - Forcing all applications ids to: "TheReallyServer"
3892: 16:16:39.126 - Serving policy file requests from: "E:\Photon-OnPremise-Server-SDK_v4-0-29-11263\deploy\Policy\assets\socket-policy.xml"
3892: 16:16:39.126 - Adding TCP listener on: 0.0.0.0: 4520 with a listen backlog of: 150
3892: 16:16:39.126 - TCP inactivity timeout: 5000ms
3892: 16:16:39.126 - TCP disconnect timeout: 120000ms
3892: 16:16:39.126 - MaxInboundMessageSize: 512000
3892: 16:16:39.126 - MaxOutboundMessageSize: 512000
3892: 16:16:39.126 - Forcing all applications ids to: "TheReallyServer"
3892: 16:16:39.126 - MaxInboundMessageSize: 512000
3892: 16:16:39.126 - MaxOutboundMessageSize: 512000
3892: 16:16:39.126 - UDP address specified as: "0.0.0.0" adding listener to each available IPv4 address
3892: 16:16:39.127 - Adding UDP listener on: 192.168.50.193: 8888 with a listen backlog of: 500
3892: 16:16:39.127 - Adding UDP listener on: 127.0.0.1: 8888 with a listen backlog of: 500
3892: 16:16:39.127 - Adding Policy File listener on: 0.0.0.0: 843 with a listen backlog of: 150 and serving Policy File: "E:\Photon-OnPremise-Server-SDK_v4-0-29-11263\deploy\Policy\assets\socket-policy.xml"
3892: 16:16:39.127 - TCP inactivity timeout: 1000ms
3892: 16:16:39.127 - Adding Policy File listener on: 0.0.0.0: 943 with a listen backlog of: 150 and serving Policy File: "E:\Photon-OnPremise-Server-SDK_v4-0-29-11263\deploy\Policy\assets\socket-policy-silverlight.xml"
3892: 16:16:39.127 - TCP inactivity timeout: 1000ms
3892: 16:16:39.146 - Service is running...
4284: 16:45:21.599 - Restarting application: "TheReallyServer" due to file changes
4284: 16:45:21.599 - Application: "TheReallyServer" restart request (abort existing connections)
4284: 16:45:21.647 - Taking reference on default app domain
4284: 16:45:21.677 - Application: "TheReallyServer" started in app domain: 4
4284: 16:45:21.752 - RequestApplicationStop: 2
4284: 16:45:21.755 - Application: "TheReallyServer" stopped in app domain: 2 (abort existing connections)
4284: 16:45:21.755 - Application: "TheReallyServer" restart complete.
6644: 16:45:21.756 - CManagedHost::OnDefaultAction() - OPR_AppDomainUnload - eUnloadAppDomain
15324: 16:45:21.764 - Unloading Domain: ApplicationName = 'TheReallyServer', DomainId='2'
6644: 16:45:21.769 - CManagedHost::OnDomainUnload() - 2
4284: 16:45:25.904 - Restarting application: "TheReallyServer" due to file changes
4284: 16:45:25.904 - Application: "TheReallyServer" restart request (abort existing connections)
4284: 16:45:25.950 - Taking reference on default app domain
4284: 16:45:25.979 - Application: "TheReallyServer" started in app domain: 5
4284: 16:45:26.051 - RequestApplicationStop: 4
4284: 16:45:26.054 - Application: "TheReallyServer" stopped in app domain: 4 (abort existing connections)
4284: 16:45:26.054 - Application: "TheReallyServer" restart complete.
6644: 16:45:26.054 - CManagedHost::OnDefaultAction() - OPR_AppDomainUnload - eUnloadAppDomain
15324: 16:45:26.060 - Unloading Domain: ApplicationName = 'TheReallyServer', DomainId='4'
6644: 16:45:26.060 - CManagedHost::OnDomainUnload() - 4
4284: 16:46:58.171 - Restarting application: "TheReallyServer" due to file changes
4284: 16:46:58.171 - Application: "TheReallyServer" restart request (abort existing connections)
4284: 16:46:58.300 - Taking reference on default app domain
4284: 16:46:58.380 - Application: "TheReallyServer" started in app domain: 6
4284: 16:46:58.539 - RequestApplicationStop: 5
4284: 16:46:58.542 - Application: "TheReallyServer" stopped in app domain: 5 (abort existing connections)
4284: 16:46:58.542 - Application: "TheReallyServer" restart complete.
6644: 16:46:58.553 - CManagedHost::OnDefaultAction() - OPR_AppDomainUnload - eUnloadAppDomain
15324: 16:46:58.567 - Unloading Domain: ApplicationName = 'TheReallyServer', DomainId='5'
6644: 16:46:58.572 - CManagedHost::OnDomainUnload() - 5
4284: 16:48:13.089 - Restarting application: "TheReallyServer" due to file changes
4284: 16:48:13.089 - Application: "TheReallyServer" restart request (abort existing connections)
4284: 16:48:13.198 - Taking reference on default app domain
4284: 16:48:13.268 - Application: "TheReallyServer" started in app domain: 7
4284: 16:48:13.433 - RequestApplicationStop: 6
4284: 16:48:13.439 - Application: "TheReallyServer" stopped in app domain: 6 (abort existing connections)
4284: 16:48:13.439 - Application: "TheReallyServer" restart complete.
6644: 16:48:13.444 - CManagedHost::OnDefaultAction() - OPR_AppDomainUnload - eUnloadAppDomain
15324: 16:48:13.458 - Unloading Domain: ApplicationName = 'TheReallyServer', DomainId='6'
6644: 16:48:13.465 - CManagedHost::OnDomainUnload() - 6
4284: 16:48:56.943 - Restarting application: "TheReallyServer" due to file changes
4284: 16:48:56.943 - Application: "TheReallyServer" restart request (abort existing connections)
4284: 16:48:57.059 - Taking reference on default app domain
4284: 16:48:57.132 - Application: "TheReallyServer" started in app domain: 8
4284: 16:48:57.294 - RequestApplicationStop: 7
4284: 16:48:57.298 - Application: "TheReallyServer" stopped in app domain: 7 (abort existing connections)
4284: 16:48:57.298 - Application: "TheReallyServer" restart complete.
6644: 16:48:57.304 - CManagedHost::OnDefaultAction() - OPR_AppDomainUnload - eUnloadAppDomain
15324: 16:48:57.319 - Unloading Domain: ApplicationName = 'TheReallyServer', DomainId='7'
6644: 16:48:57.325 - CManagedHost::OnDomainUnload() - 7
4284: 16:50:04.116 - Restarting application: "TheReallyServer" due to file changes
4284: 16:50:04.116 - Application: "TheReallyServer" restart request (abort existing connections)
4284: 16:50:04.217 - Taking reference on default app domain
4284: 16:50:04.309 - Application: "TheReallyServer" started in app domain: 9
4284: 16:50:04.482 - RequestApplicationStop: 8
4284: 16:50:04.489 - Application: "TheReallyServer" stopped in app domain: 8 (abort existing connections)
6644: 16:50:04.489 - CManagedHost::OnDefaultAction() - OPR_AppDomainUnload - eUnloadAppDomain
4284: 16:50:04.489 - Application: "TheReallyServer" restart complete.
15324: 16:50:04.504 - Unloading Domain: ApplicationName = 'TheReallyServer', DomainId='8'
6644: 16:50:04.504 - CManagedHost::OnDomainUnload() - 8
3892: 17:32:36.081 - Service is stopped...
3892: 17:32:36.081 - Server shutting down...
3892: 17:32:36.081 - Shutdown monitoring enabled, 30000ms before process abort
3892: 17:32:36.081 - Notifying CLR applications of shutdown...
3892: 17:32:36.081 - RequestApplicationStop: 3
3892: 17:32:36.092 - RequestApplicationStop: 9
3892: 17:32:36.094 - RequestStop: defalt app domain
3892: 17:32:36.095 - Shutting down WebSocket Outbound Connection Manager...
3892: 17:32:36.095 - Shutting down TCP Outbound Connection Manager...
3892: 17:32:36.096 - Shutting down ENet Outbound Connection Manager...
3892: 17:32:36.096 - Disconnecting all outbound peers...
3892: 17:32:36.096 - Shutting down ENet host...
3892: 17:32:36.096 - Disconnecting all peers...
3892: 17:32:36.096 - Shutting down socket servers...
3892: 17:32:36.096 - Shutting down ENet thread pool...
3892: 17:32:36.096 - Shutting down TCP inactivity timers...
3892: 17:32:36.096 - WaitingForShutdownToComplete: NativePolicy:0.0.0.0:843
3892: 17:32:36.096 - OnShutdownCompleted: NativePolicy:0.0.0.0:843
3892: 17:32:36.096 - WaitingForShutdownToComplete: NativePolicy:0.0.0.0:943
3892: 17:32:36.096 - OnShutdownCompleted: NativePolicy:0.0.0.0:943
3892: 17:32:36.096 - WaitingForShutdownToComplete: TCP:0.0.0.0:4520
3892: 17:32:36.096 - OnShutdownCompleted: TCP:0.0.0.0:4520
3892: 17:32:36.096 - WaitingForShutdownToComplete: TCP:0.0.0.0:4530
3892: 17:32:36.096 - OnShutdownCompleted: TCP:0.0.0.0:4530
3892: 17:32:36.096 - WaitingForShutdownToComplete: UDP:127.0.0.1:8888
3892: 17:32:36.096 - OnShutdownCompleted: UDP:127.0.0.1:8888
3892: 17:32:36.096 - WaitingForShutdownToComplete: UDP:192.168.50.193:8888
3892: 17:32:36.096 - OnShutdownCompleted: UDP:192.168.50.193:8888
3892: 17:32:36.096 - Shutting down CLR applications...
6644: 17:32:36.098 - CManagedHost::OnDefaultAction() - OPR_AppDomainUnload - eUnloadAppDomain
3892: 17:32:36.099 - Shutting down business logic thread pool...
3892: 17:32:36.100 - Shutting down I/O thread pool...
3892: 17:32:36.100 - Destroying servers
3892: 17:32:36.100 - Destroying WebSocket Outbound Connection Manager
3892: 17:32:36.100 - Destroying TCP Outbound Connection Manager
3892: 17:32:36.100 - Destroying TCP inactivity timer
3892: 17:32:36.100 - Destroying ENet timer wheel
3892: 17:32:36.100 - Destroying ENet host
3892: 17:32:36.100 - Destroying ENet outbound host
3892: 17:32:36.100 - Destroying HTTP inactivity timer
3892: 17:32:36.100 - Destroying HTTP host
3892: 17:32:36.100 - Destroying HTTP Chunk host
3892: 17:32:36.100 - Flushing ENET buffer allocator...
3892: 17:32:36.101 - Flushing TCP buffer handle allocator...
3892: 17:32:36.101 - Flushing stream socket allocator...
3892: 17:32:36.101 - Flushing inbound datagram socket allocator...
3892: 17:32:36.102 - Flushing outbound datagram socket allocator...
3892: 17:32:36.102 - Destroying CLR dispatcher
3892: 17:32:36.102 - Destroying CLR applications
3892: 17:32:36.103 - ~CCLRApplicationCollection() - Waiting up to 10 seconds for the CLR to release all of our objects
15324: 17:32:36.105 - Unloading Domain: ApplicationName = 'CounterPublisher', DomainId='3'
6644: 17:32:36.105 - CManagedHost::OnDomainUnload() - 3
6644: 17:32:36.107 - CManagedHost::OnDefaultAction() - OPR_AppDomainUnload - eUnloadAppDomain
15324: 17:32:36.114 - Unloading Domain: ApplicationName = 'TheReallyServer', DomainId='9'
6644: 17:32:36.115 - CManagedHost::OnDomainUnload() - 9
3892: 17:32:36.116 - ~CCLRApplicationCollection() - Done. All objects released
3892: 17:32:36.116 - ~CManagedHost() - Release default app domain
3892: 17:32:36.117 - CManagedHost::OnDomainUnload() - 1
3892: 17:32:36.117 - ~CManagedHost() - Waiting up to 10 seconds for CLR shutdown...
3892: 17:32:36.117 - ~CManagedHost
3892: 17:32:36.117 - Destroying ENet thread pool
3892: 17:32:36.117 - Destroying Business logic thread pool
3892: 17:32:36.117 - Destroying I/O thread pool
3892: 17:32:36.117 - Destroying ENet buffer allocator
3892: 17:32:36.117 - Destroying TCP buffer allocator
3892: 17:32:36.117 - Destroying TCP socket allocator
3892: 17:32:36.117 - Destroying ENet inbound socket allocator
3892: 17:32:36.117 - Destroying ENet outbound socket allocator
3892: 17:32:36.117 - Destroying shared datagram flow control data
3892: 17:32:36.117 - Shutdown complete...
3892: 17:32:36.117 - Service shutting down
3892: 17:32:36.120 - Service shut down complete
