17176: 07:40:57.391 - ---
17176: 07:40:57.391 - Service: "Photon Socket Server" starting
17176: 07:40:57.392 - Config File: E:\Photon-OnPremise-Server-SDK_v4-0-29-11263\deploy\bin_Win64\PhotonServer.config
17176: 07:40:57.393 - Will produce at most: 10 crash dumps
17176: 07:40:57.394 - Action: run as exe
17176: 07:40:57.396 - Server Starting...
17176: 07:40:57.396 -    Tick count: 261949093 (wraps in: 46.6785 days)
17176: 07:40:57.396 - Tick count 64: 261949093
17176: 07:40:57.397 - Photon Version: 4.0.28.2962
17176: 07:40:57.397 - PID: 10528
17176: 07:40:57.397 - Config File: E:\Photon-OnPremise-Server-SDK_v4-0-29-11263\deploy\bin_Win64\PhotonServer.config
17176: 07:40:57.398 - Will NOT log unimportant exceptions
17176: 07:40:57.403 - Not using performance counters as they are not currently installed. Run the service with /InstallCounters to install them.
17176: 07:40:57.403 - Shutdown timeout enabled: 30000ms
17176: 07:40:57.404 - Starting I/O thread pool with 2 threads
17176: 07:40:57.405 - Using Standard allocator
17176: 07:40:57.405 - Max message size: 512000
17176: 07:40:57.406 - Starting business logic thread pool with the following settings
17176: 07:40:57.406 - InitialThreads: 4 threads
17176: 07:40:57.406 - MinThreads: 4 threads
17176: 07:40:57.406 - Thread pool is fixed size
17176: 07:40:57.406 - Starting ENet thread pool with the following settings
17176: 07:40:57.406 - InitialThreads: 2 threads
17176: 07:40:57.406 - MinThreads: 2 threads
17176: 07:40:57.406 - Thread pool is fixed size
17176: 07:40:57.406 - OnlyDispatchTimers: False
17176: 07:40:57.407 - S2S: flow control: Max pending writes: 50
17176: 07:40:57.407 - S2S: flow control: Max queued buffers: 200
17176: 07:40:57.407 - S2S: flow control: Max pending writes MUX: 500
17176: 07:40:57.407 - S2S: flow control: Max queued buffers MUX: 2000
17176: 07:40:57.407 - S2S: MaxInboundMessageSize: 512000
17176: 07:40:57.407 - S2S: MaxOutboundMessageSize: 512000
17176: 07:40:57.407 - S2S: No inactivity timeout
17176: 07:40:57.418 - WebSocket S2S: MaxInboundMessageSize: 512000
17176: 07:40:57.418 - WebSocket S2S: MaxOutboundMessageSize: 512000
17176: 07:40:57.418 - WebSocket S2S: No inactivity timeout
17176: 07:40:57.420 - Max Reliable Data In Transit (awaiting ACKs) per peer : 51200 bytes
17176: 07:40:57.420 - Per peer bandwidth limit
17176: 07:40:57.420 - Transmit Rate Limit: 256 KB/Sec
17176: 07:40:57.420 - Limit period: 200ms
17176: 07:40:57.420 - Limit per period: 52428 bytes
17176: 07:40:57.420 - Max queued data for transmission per peer: 512000 bytes
17176: 07:40:57.420 - Minimum retransmit timeout: 200
17176: 07:40:57.420 - No Maximum retransmit timeout
17176: 07:40:57.420 - Minimum ENet timeout: 5000ms
17176: 07:40:57.420 - Maximum ENet timeout: 30000ms
17176: 07:40:57.420 - Max Inbound Reliable Data Queued (awaiting resends of earlier sequence numbers) per peer : 163840 bytes
17176: 07:40:57.420 - No RTT ACK adjustment timeout
17176: 07:40:57.420 - Outbound ENet: MaxInboundMessageSize: 512000
17176: 07:40:57.420 - Outbound ENet: MaxOutboundMessageSize: 512000
17176: 07:40:57.427 - GetRuntime - About to load CLR - versions available:
17176: 07:40:57.427 - v2.0.50727
17176: 07:40:57.427 - v4.0.30319
17176: 07:40:57.427 - Configuration requests: "v2.0.50727"
17176: 07:40:57.427 - About to load version: "v2.0.50727"
17176: 07:40:57.445 - About to load runtime: PhotonHostRuntime.PhotonDomainManager from PhotonHostRuntime, Culture=neutral, PublicKeyToken=02C301B61B060C4D
17176: 07:40:57.446 - CLRBaseDirectory set to "E:\Photon-OnPremise-Server-SDK_v4-0-29-11263\deploy"
17176: 07:40:57.446 - Optimising event broadcast for 20 or more peers
17176: 07:40:57.448 - Start: About to load CLR - versions available:
17176: 07:40:57.448 - v2.0.50727
17176: 07:40:57.448 - v4.0.30319
17176: 07:40:57.448 - No preference in configuration file, will load latest.
17176: 07:40:57.448 - About to load version: "v4.0.30319"
17176: 07:40:57.449 - Loaded version: "v4.0.30319"
17176: 07:40:57.566 - Photon host runtime loaded
17176: 07:40:59.157 - License is valid.
17176: 07:40:59.157 - Licensed for 100 concurrent connections.
17176: 07:40:59.157 - ENet: Max Reliable Data In Transit (awaiting ACKs) per peer : 51200 bytes
17176: 07:40:59.157 - ENet: Per peer bandwidth limit
17176: 07:40:59.157 - ENet: Transmit Rate Limit: 256 KB/Sec
17176: 07:40:59.157 - ENet: Limit period: 200ms
17176: 07:40:59.157 - ENet: Limit per period: 52428 bytes
17176: 07:40:59.157 - ENet: Max queued data for transmission per peer: 512000 bytes
17176: 07:40:59.157 - ENet: Minimum retransmit timeout: 200
17176: 07:40:59.157 - No Maximum retransmit timeout
17176: 07:40:59.157 - ENet: Minimum timeout: 5000ms
17176: 07:40:59.157 - ENet: Maximum timeout: 30000ms
17176: 07:40:59.157 - ENet: Max Inbound Reliable Data Queued (awaiting resends of earlier sequence numbers) per peer : 163840 bytes
17176: 07:40:59.157 - No RTT ACK adjustment timeout
17176: 07:40:59.157 - About to load application: SAAServer from SAAServer
17176: 07:40:59.157 - Auto restart is enabled for application, existing connections will be terminated during restart
17176: 07:40:59.157 - Application will restart 1000ms after the last change detected
17176: 07:40:59.157 - Application will restart if files matching the following are changed: "dll;config"
17176: 07:40:59.157 - Application will NOT restart if files matching the following are changed: "log4net.config"
17176: 07:40:59.227 - Taking reference on default app domain
17176: 07:40:59.279 - Application: "SAAServer" started in app domain: 2
17176: 07:40:59.279 - About to load application: CounterPublisher from CounterPublisher
17176: 07:40:59.279 - Auto restart is enabled for application, existing connections will be terminated during restart
17176: 07:40:59.279 - Application will restart 1000ms after the last change detected
17176: 07:40:59.279 - Application will restart if files matching the following are changed: "dll;config"
17176: 07:40:59.279 - Application will NOT restart if files matching the following are changed: "log4net.config"
17176: 07:40:59.334 - Taking reference on default app domain
17176: 07:40:59.374 - Application: "CounterPublisher" started in app domain: 3
17176: 07:40:59.375 - Adding TCP listener on: 0.0.0.0: 4530 with a listen backlog of: 150
17176: 07:40:59.375 - TCP inactivity timeout: 10000ms
17176: 07:40:59.375 - TCP disconnect timeout: 120000ms
17176: 07:40:59.375 - MaxInboundMessageSize: 512000
17176: 07:40:59.375 - MaxOutboundMessageSize: 512000
17176: 07:40:59.375 - Forcing all applications ids to: "SAAServer"
17176: 07:40:59.376 - Serving policy file requests from: "E:\Photon-OnPremise-Server-SDK_v4-0-29-11263\deploy\Policy\assets\socket-policy.xml"
17176: 07:40:59.376 - Adding TCP listener on: 0.0.0.0: 4520 with a listen backlog of: 150
17176: 07:40:59.376 - TCP inactivity timeout: 5000ms
17176: 07:40:59.376 - TCP disconnect timeout: 120000ms
17176: 07:40:59.376 - MaxInboundMessageSize: 512000
17176: 07:40:59.376 - MaxOutboundMessageSize: 512000
17176: 07:40:59.376 - Forcing all applications ids to: "SAAServer"
17176: 07:40:59.376 - MaxInboundMessageSize: 512000
17176: 07:40:59.376 - MaxOutboundMessageSize: 512000
17176: 07:40:59.376 - UDP address specified as: "0.0.0.0" adding listener to each available IPv4 address
17176: 07:40:59.377 - Adding UDP listener on: 192.168.1.8: 7777 with a listen backlog of: 500
17176: 07:40:59.377 - Adding UDP listener on: 127.0.0.1: 7777 with a listen backlog of: 500
17176: 07:40:59.377 - Adding Policy File listener on: 0.0.0.0: 843 with a listen backlog of: 150 and serving Policy File: "E:\Photon-OnPremise-Server-SDK_v4-0-29-11263\deploy\Policy\assets\socket-policy.xml"
17176: 07:40:59.377 - TCP inactivity timeout: 1000ms
17176: 07:40:59.377 - Adding Policy File listener on: 0.0.0.0: 943 with a listen backlog of: 150 and serving Policy File: "E:\Photon-OnPremise-Server-SDK_v4-0-29-11263\deploy\Policy\assets\socket-policy-silverlight.xml"
17176: 07:40:59.377 - TCP inactivity timeout: 1000ms
17176: 07:40:59.393 - Service is running...
1848: 21:19:16.332 - ---
1848: 21:19:16.332 - Service: "Photon Socket Server" starting
1848: 21:19:16.333 - Config File: E:\Photon-OnPremise-Server-SDK_v4-0-29-11263\deploy\bin_Win64\PhotonServer.config
1848: 21:19:16.336 - Will produce at most: 10 crash dumps
1848: 21:19:16.337 - Action: run as exe
1848: 21:19:16.338 - Server Starting...
1848: 21:19:16.338 -    Tick count: 254031 (wraps in: 49.7073 days)
1848: 21:19:16.338 - Tick count 64: 254031
1848: 21:19:16.338 - Photon Version: 4.0.28.2962
1848: 21:19:16.338 - PID: 2324
1848: 21:19:16.338 - Config File: E:\Photon-OnPremise-Server-SDK_v4-0-29-11263\deploy\bin_Win64\PhotonServer.config
1848: 21:19:16.339 - Will NOT log unimportant exceptions
1848: 21:19:16.344 - Not using performance counters as they are not currently installed. Run the service with /InstallCounters to install them.
1848: 21:19:16.344 - Shutdown timeout enabled: 30000ms
1848: 21:19:16.345 - Starting I/O thread pool with 2 threads
1848: 21:19:16.346 - Using Standard allocator
1848: 21:19:16.346 - Max message size: 512000
1848: 21:19:16.346 - Starting business logic thread pool with the following settings
1848: 21:19:16.346 - InitialThreads: 4 threads
1848: 21:19:16.346 - MinThreads: 4 threads
1848: 21:19:16.346 - Thread pool is fixed size
1848: 21:19:16.346 - Starting ENet thread pool with the following settings
1848: 21:19:16.346 - InitialThreads: 2 threads
1848: 21:19:16.346 - MinThreads: 2 threads
1848: 21:19:16.346 - Thread pool is fixed size
1848: 21:19:16.346 - OnlyDispatchTimers: False
1848: 21:19:16.347 - S2S: flow control: Max pending writes: 50
1848: 21:19:16.347 - S2S: flow control: Max queued buffers: 200
1848: 21:19:16.347 - S2S: flow control: Max pending writes MUX: 500
1848: 21:19:16.347 - S2S: flow control: Max queued buffers MUX: 2000
1848: 21:19:16.347 - S2S: MaxInboundMessageSize: 512000
1848: 21:19:16.347 - S2S: MaxOutboundMessageSize: 512000
1848: 21:19:16.347 - S2S: No inactivity timeout
1848: 21:19:16.355 - WebSocket S2S: MaxInboundMessageSize: 512000
1848: 21:19:16.355 - WebSocket S2S: MaxOutboundMessageSize: 512000
1848: 21:19:16.355 - WebSocket S2S: No inactivity timeout
1848: 21:19:16.356 - Max Reliable Data In Transit (awaiting ACKs) per peer : 51200 bytes
1848: 21:19:16.356 - Per peer bandwidth limit
1848: 21:19:16.356 - Transmit Rate Limit: 256 KB/Sec
1848: 21:19:16.356 - Limit period: 200ms
1848: 21:19:16.356 - Limit per period: 52428 bytes
1848: 21:19:16.356 - Max queued data for transmission per peer: 512000 bytes
1848: 21:19:16.356 - Minimum retransmit timeout: 200
1848: 21:19:16.356 - No Maximum retransmit timeout
1848: 21:19:16.356 - Minimum ENet timeout: 5000ms
1848: 21:19:16.356 - Maximum ENet timeout: 30000ms
1848: 21:19:16.356 - Max Inbound Reliable Data Queued (awaiting resends of earlier sequence numbers) per peer : 163840 bytes
1848: 21:19:16.356 - No RTT ACK adjustment timeout
1848: 21:19:16.356 - Outbound ENet: MaxInboundMessageSize: 512000
1848: 21:19:16.356 - Outbound ENet: MaxOutboundMessageSize: 512000
1848: 21:19:16.362 - GetRuntime - About to load CLR - versions available:
1848: 21:19:16.362 - v2.0.50727
1848: 21:19:16.362 - v4.0.30319
1848: 21:19:16.362 - Configuration requests: "v2.0.50727"
1848: 21:19:16.362 - About to load version: "v2.0.50727"
1848: 21:19:16.376 - About to load runtime: PhotonHostRuntime.PhotonDomainManager from PhotonHostRuntime, Culture=neutral, PublicKeyToken=02C301B61B060C4D
1848: 21:19:16.376 - CLRBaseDirectory set to "E:\Photon-OnPremise-Server-SDK_v4-0-29-11263\deploy"
1848: 21:19:16.376 - Optimising event broadcast for 20 or more peers
1848: 21:19:16.378 - Start: About to load CLR - versions available:
1848: 21:19:16.378 - v2.0.50727
1848: 21:19:16.378 - v4.0.30319
1848: 21:19:16.378 - No preference in configuration file, will load latest.
1848: 21:19:16.378 - About to load version: "v4.0.30319"
1848: 21:19:16.380 - Loaded version: "v4.0.30319"
1848: 21:19:16.497 - Photon host runtime loaded
1848: 21:19:20.003 - License is valid.
1848: 21:19:20.003 - Licensed for 100 concurrent connections.
1848: 21:19:20.003 - ENet: Max Reliable Data In Transit (awaiting ACKs) per peer : 51200 bytes
1848: 21:19:20.003 - ENet: Per peer bandwidth limit
1848: 21:19:20.003 - ENet: Transmit Rate Limit: 256 KB/Sec
1848: 21:19:20.003 - ENet: Limit period: 200ms
1848: 21:19:20.003 - ENet: Limit per period: 52428 bytes
1848: 21:19:20.003 - ENet: Max queued data for transmission per peer: 512000 bytes
1848: 21:19:20.003 - ENet: Minimum retransmit timeout: 200
1848: 21:19:20.003 - No Maximum retransmit timeout
1848: 21:19:20.003 - ENet: Minimum timeout: 5000ms
1848: 21:19:20.003 - ENet: Maximum timeout: 30000ms
1848: 21:19:20.003 - ENet: Max Inbound Reliable Data Queued (awaiting resends of earlier sequence numbers) per peer : 163840 bytes
1848: 21:19:20.003 - No RTT ACK adjustment timeout
1848: 21:19:20.003 - About to load application: SAAServer from SAAServer
1848: 21:19:20.003 - Auto restart is enabled for application, existing connections will be terminated during restart
1848: 21:19:20.003 - Application will restart 1000ms after the last change detected
1848: 21:19:20.003 - Application will restart if files matching the following are changed: "dll;config"
1848: 21:19:20.003 - Application will NOT restart if files matching the following are changed: "log4net.config"
1848: 21:19:20.070 - Taking reference on default app domain
1848: 21:19:20.118 - Application: "SAAServer" started in app domain: 2
1848: 21:19:20.118 - About to load application: CounterPublisher from CounterPublisher
1848: 21:19:20.118 - Auto restart is enabled for application, existing connections will be terminated during restart
1848: 21:19:20.118 - Application will restart 1000ms after the last change detected
1848: 21:19:20.118 - Application will restart if files matching the following are changed: "dll;config"
1848: 21:19:20.118 - Application will NOT restart if files matching the following are changed: "log4net.config"
1848: 21:19:20.176 - Taking reference on default app domain
1848: 21:19:20.216 - Application: "CounterPublisher" started in app domain: 3
1848: 21:19:20.217 - Adding TCP listener on: 0.0.0.0: 4530 with a listen backlog of: 150
1848: 21:19:20.217 - TCP inactivity timeout: 10000ms
1848: 21:19:20.217 - TCP disconnect timeout: 120000ms
1848: 21:19:20.217 - MaxInboundMessageSize: 512000
1848: 21:19:20.217 - MaxOutboundMessageSize: 512000
1848: 21:19:20.217 - Forcing all applications ids to: "SAAServer"
1848: 21:19:20.217 - Serving policy file requests from: "E:\Photon-OnPremise-Server-SDK_v4-0-29-11263\deploy\Policy\assets\socket-policy.xml"
1848: 21:19:20.217 - Adding TCP listener on: 0.0.0.0: 4520 with a listen backlog of: 150
1848: 21:19:20.217 - TCP inactivity timeout: 5000ms
1848: 21:19:20.217 - TCP disconnect timeout: 120000ms
1848: 21:19:20.217 - MaxInboundMessageSize: 512000
1848: 21:19:20.217 - MaxOutboundMessageSize: 512000
1848: 21:19:20.217 - Forcing all applications ids to: "SAAServer"
1848: 21:19:20.217 - MaxInboundMessageSize: 512000
1848: 21:19:20.217 - MaxOutboundMessageSize: 512000
1848: 21:19:20.217 - UDP address specified as: "0.0.0.0" adding listener to each available IPv4 address
1848: 21:19:20.218 - Adding UDP listener on: 192.168.1.8: 7777 with a listen backlog of: 500
1848: 21:19:20.218 - Adding UDP listener on: 127.0.0.1: 7777 with a listen backlog of: 500
1848: 21:19:20.218 - Adding Policy File listener on: 0.0.0.0: 843 with a listen backlog of: 150 and serving Policy File: "E:\Photon-OnPremise-Server-SDK_v4-0-29-11263\deploy\Policy\assets\socket-policy.xml"
1848: 21:19:20.218 - TCP inactivity timeout: 1000ms
1848: 21:19:20.218 - Adding Policy File listener on: 0.0.0.0: 943 with a listen backlog of: 150 and serving Policy File: "E:\Photon-OnPremise-Server-SDK_v4-0-29-11263\deploy\Policy\assets\socket-policy-silverlight.xml"
1848: 21:19:20.218 - TCP inactivity timeout: 1000ms
1848: 21:19:20.234 - Service is running...
