17228: 12:08:59.554 - ---
17228: 12:08:59.554 - Service: "Photon Socket Server" starting
17228: 12:08:59.555 - Config File: E:\Photon-OnPremise-Server-SDK_v4-0-29-11263\deploy\bin_Win64\PhotonServer.config
17228: 12:08:59.561 - Will produce at most: 10 crash dumps
17228: 12:08:59.561 - Service shutting down
17228: 12:08:59.564 - Service shut down complete
16820: 12:10:44.924 - ---
16820: 12:10:44.924 - Service: "Photon Socket Server" starting
16820: 12:10:44.925 - Config File: E:\Photon-OnPremise-Server-SDK_v4-0-29-11263\deploy\bin_Win64\PhotonServer.config
16820: 12:10:44.931 - Will produce at most: 10 crash dumps
16820: 12:10:44.932 - Service shutting down
16820: 12:10:44.937 - Service shut down complete
5832: 12:54:53.824 - ---
5832: 12:54:53.824 - Service: "Photon Socket Server" starting
5832: 12:54:53.825 - Config File: E:\Photon-OnPremise-Server-SDK_v4-0-29-11263\deploy\bin_Win64\PhotonServer.config
5832: 12:54:53.834 - Will produce at most: 10 crash dumps
5832: 12:54:53.834 - Service shutting down
5832: 12:54:53.836 - Service shut down complete
16588: 12:59:00.747 - ---
16588: 12:59:00.747 - Service: "Photon Socket Server" starting
16588: 12:59:00.747 - Config File: E:\Photon-OnPremise-Server-SDK_v4-0-29-11263\deploy\bin_Win64\PhotonServer.config
16588: 12:59:00.755 - Will produce at most: 10 crash dumps
16588: 12:59:00.757 - Service shutting down
16588: 12:59:00.761 - Service shut down complete
3848: 13:01:08.343 - ---
3848: 13:01:08.343 - Service: "Photon Socket Server" starting
3848: 13:01:08.343 - Config File: E:\Photon-OnPremise-Server-SDK_v4-0-29-11263\deploy\bin_Win64\PhotonServer.config
3848: 13:01:08.353 - Will produce at most: 10 crash dumps
3848: 13:01:08.353 - Service shutting down
3848: 13:01:08.356 - Service shut down complete
3720: 13:02:27.417 - ---
3720: 13:02:27.418 - Service: "Photon Socket Server" starting
3720: 13:02:27.418 - Config File: E:\Photon-OnPremise-Server-SDK_v4-0-29-11263\deploy\bin_Win64\PhotonServer.config
3720: 13:02:27.427 - Will produce at most: 10 crash dumps
3720: 13:02:27.427 - Service shutting down
3720: 13:02:27.430 - Service shut down complete
18476: 13:05:30.604 - ---
18476: 13:05:30.605 - Service: "Photon Socket Server" starting
18476: 13:05:30.605 - Config File: E:\Photon-OnPremise-Server-SDK_v4-0-29-11263\deploy\bin_Win64\PhotonServer.config
18476: 13:05:30.614 - Will produce at most: 10 crash dumps
18476: 13:05:30.614 - Service shutting down
18476: 13:05:30.619 - Service shut down complete
