7200: 07:28:08.605 - ---
7200: 07:28:08.605 - Service: "Photon Socket Server" starting
7200: 07:28:08.605 - Config File: D:\Work\Photon-OnPremise-Server-SDK_v4-0-29-11263\deploy\bin_Win64\PhotonServer.config
7200: 07:28:08.608 - Will produce at most: 10 crash dumps
7200: 07:28:08.608 - Action: run as exe
7200: 07:28:08.609 - Server Starting...
7200: 07:28:08.609 -    Tick count: 1246693953 (wraps in: 35.2809 days)
7200: 07:28:08.609 - Tick count 64: 1246693953
7200: 07:28:08.609 - Photon Version: 4.0.28.2962
7200: 07:28:08.609 - PID: 18680
7200: 07:28:08.609 - Config File: D:\Work\Photon-OnPremise-Server-SDK_v4-0-29-11263\deploy\bin_Win64\PhotonServer.config
7200: 07:28:08.610 - Will NOT log unimportant exceptions
7200: 07:28:08.614 - Not using performance counters as they are not currently installed. Run the service with /InstallCounters to install them.
7200: 07:28:08.614 - Shutdown timeout enabled: 30000ms
7200: 07:28:08.614 - Starting I/O thread pool with 2 threads
7200: 07:28:08.615 - Using Standard allocator
7200: 07:28:08.615 - Max message size: 512000
7200: 07:28:08.615 - Starting business logic thread pool with the following settings
7200: 07:28:08.615 - InitialThreads: 4 threads
7200: 07:28:08.615 - MinThreads: 4 threads
7200: 07:28:08.615 - Thread pool is fixed size
7200: 07:28:08.615 - Starting ENet thread pool with the following settings
7200: 07:28:08.615 - InitialThreads: 2 threads
7200: 07:28:08.615 - MinThreads: 2 threads
7200: 07:28:08.615 - Thread pool is fixed size
7200: 07:28:08.615 - OnlyDispatchTimers: False
7200: 07:28:08.616 - S2S: flow control: Max pending writes: 50
7200: 07:28:08.616 - S2S: flow control: Max queued buffers: 200
7200: 07:28:08.616 - S2S: flow control: Max pending writes MUX: 500
7200: 07:28:08.616 - S2S: flow control: Max queued buffers MUX: 2000
7200: 07:28:08.616 - S2S: MaxInboundMessageSize: 512000
7200: 07:28:08.616 - S2S: MaxOutboundMessageSize: 512000
7200: 07:28:08.616 - S2S: No inactivity timeout
7200: 07:28:08.623 - WebSocket S2S: MaxInboundMessageSize: 512000
7200: 07:28:08.623 - WebSocket S2S: MaxOutboundMessageSize: 512000
7200: 07:28:08.623 - WebSocket S2S: No inactivity timeout
7200: 07:28:08.623 - Max Reliable Data In Transit (awaiting ACKs) per peer : 51200 bytes
7200: 07:28:08.623 - Per peer bandwidth limit
7200: 07:28:08.623 - Transmit Rate Limit: 256 KB/Sec
7200: 07:28:08.623 - Limit period: 200ms
7200: 07:28:08.623 - Limit per period: 52428 bytes
7200: 07:28:08.623 - Max queued data for transmission per peer: 512000 bytes
7200: 07:28:08.623 - Minimum retransmit timeout: 200
7200: 07:28:08.623 - No Maximum retransmit timeout
7200: 07:28:08.623 - Minimum ENet timeout: 5000ms
7200: 07:28:08.623 - Maximum ENet timeout: 30000ms
7200: 07:28:08.623 - Max Inbound Reliable Data Queued (awaiting resends of earlier sequence numbers) per peer : 163840 bytes
7200: 07:28:08.623 - No RTT ACK adjustment timeout
7200: 07:28:08.623 - Outbound ENet: MaxInboundMessageSize: 512000
7200: 07:28:08.623 - Outbound ENet: MaxOutboundMessageSize: 512000
7200: 07:28:08.628 - GetRuntime - About to load CLR - versions available:
7200: 07:28:08.628 - v2.0.50727
7200: 07:28:08.628 - v4.0.30319
7200: 07:28:08.628 - Configuration requests: "v2.0.50727"
7200: 07:28:08.628 - About to load version: "v2.0.50727"
7200: 07:28:08.656 - About to load runtime: PhotonHostRuntime.PhotonDomainManager from PhotonHostRuntime, Culture=neutral, PublicKeyToken=02C301B61B060C4D
7200: 07:28:08.656 - CLRBaseDirectory set to "D:\Work\Photon-OnPremise-Server-SDK_v4-0-29-11263\deploy"
7200: 07:28:08.656 - Optimising event broadcast for 20 or more peers
7200: 07:28:08.657 - Start: About to load CLR - versions available:
7200: 07:28:08.657 - v2.0.50727
7200: 07:28:08.657 - v4.0.30319
7200: 07:28:08.657 - No preference in configuration file, will load latest.
7200: 07:28:08.657 - About to load version: "v4.0.30319"
7200: 07:28:08.659 - Loaded version: "v4.0.30319"
7200: 07:28:08.762 - Photon host runtime loaded
7200: 07:28:10.732 - License is valid.
7200: 07:28:10.732 - Licensed for 100 concurrent connections.
7200: 07:28:10.732 - ENet: Max Reliable Data In Transit (awaiting ACKs) per peer : 51200 bytes
7200: 07:28:10.732 - ENet: Per peer bandwidth limit
7200: 07:28:10.732 - ENet: Transmit Rate Limit: 256 KB/Sec
7200: 07:28:10.732 - ENet: Limit period: 200ms
7200: 07:28:10.732 - ENet: Limit per period: 52428 bytes
7200: 07:28:10.732 - ENet: Max queued data for transmission per peer: 512000 bytes
7200: 07:28:10.732 - ENet: Minimum retransmit timeout: 200
7200: 07:28:10.732 - No Maximum retransmit timeout
7200: 07:28:10.732 - ENet: Minimum timeout: 5000ms
7200: 07:28:10.732 - ENet: Maximum timeout: 30000ms
7200: 07:28:10.732 - ENet: Max Inbound Reliable Data Queued (awaiting resends of earlier sequence numbers) per peer : 163840 bytes
7200: 07:28:10.732 - No RTT ACK adjustment timeout
7200: 07:28:10.732 - About to load application: SAAServer from SAAServer
7200: 07:28:10.732 - Auto restart is enabled for application, existing connections will be terminated during restart
7200: 07:28:10.732 - Application will restart 1000ms after the last change detected
7200: 07:28:10.732 - Application will restart if files matching the following are changed: "dll;config"
7200: 07:28:10.732 - Application will NOT restart if files matching the following are changed: "log4net.config"
7200: 07:28:10.786 - Taking reference on default app domain
7200: 07:28:10.823 - Application: "SAAServer" started in app domain: 2
7200: 07:28:10.823 - About to load application: CounterPublisher from CounterPublisher
7200: 07:28:10.823 - Auto restart is enabled for application, existing connections will be terminated during restart
7200: 07:28:10.823 - Application will restart 1000ms after the last change detected
7200: 07:28:10.823 - Application will restart if files matching the following are changed: "dll;config"
7200: 07:28:10.823 - Application will NOT restart if files matching the following are changed: "log4net.config"
7200: 07:28:10.871 - Taking reference on default app domain
7200: 07:28:10.904 - Application: "CounterPublisher" started in app domain: 3
7200: 07:28:10.904 - Adding TCP listener on: 0.0.0.0: 4530 with a listen backlog of: 150
7200: 07:28:10.904 - TCP inactivity timeout: 10000ms
7200: 07:28:10.904 - TCP disconnect timeout: 120000ms
7200: 07:28:10.904 - MaxInboundMessageSize: 512000
7200: 07:28:10.904 - MaxOutboundMessageSize: 512000
7200: 07:28:10.904 - Forcing all applications ids to: "SAAServer"
7200: 07:28:10.904 - Serving policy file requests from: "D:\Work\Photon-OnPremise-Server-SDK_v4-0-29-11263\deploy\Policy\assets\socket-policy.xml"
7200: 07:28:10.904 - Adding TCP listener on: 0.0.0.0: 4520 with a listen backlog of: 150
7200: 07:28:10.904 - TCP inactivity timeout: 5000ms
7200: 07:28:10.904 - TCP disconnect timeout: 120000ms
7200: 07:28:10.904 - MaxInboundMessageSize: 512000
7200: 07:28:10.904 - MaxOutboundMessageSize: 512000
7200: 07:28:10.904 - Forcing all applications ids to: "SAAServer"
7200: 07:28:10.904 - MaxInboundMessageSize: 512000
7200: 07:28:10.904 - MaxOutboundMessageSize: 512000
7200: 07:28:10.904 - UDP address specified as: "0.0.0.0" adding listener to each available IPv4 address
7200: 07:28:10.905 - Adding UDP listener on: 192.168.1.4: 7777 with a listen backlog of: 500
7200: 07:28:10.905 - Adding UDP listener on: 127.0.0.1: 7777 with a listen backlog of: 500
7200: 07:28:10.905 - Adding Policy File listener on: 0.0.0.0: 843 with a listen backlog of: 150 and serving Policy File: "D:\Work\Photon-OnPremise-Server-SDK_v4-0-29-11263\deploy\Policy\assets\socket-policy.xml"
7200: 07:28:10.905 - TCP inactivity timeout: 1000ms
7200: 07:28:10.905 - Adding Policy File listener on: 0.0.0.0: 943 with a listen backlog of: 150 and serving Policy File: "D:\Work\Photon-OnPremise-Server-SDK_v4-0-29-11263\deploy\Policy\assets\socket-policy-silverlight.xml"
7200: 07:28:10.905 - TCP inactivity timeout: 1000ms
7200: 07:28:10.918 - Service is running...
13108: 07:59:13.498 - Restarting application: "SAAServer" due to file changes
13108: 07:59:13.498 - Application: "SAAServer" restart request (abort existing connections)
13108: 07:59:13.537 - Taking reference on default app domain
13108: 07:59:13.561 - Application: "SAAServer" started in app domain: 4
13108: 07:59:13.668 - RequestApplicationStop: 2
13108: 07:59:13.671 - Application: "SAAServer" stopped in app domain: 2 (abort existing connections)
13108: 07:59:13.671 - Application: "SAAServer" restart complete.
18520: 07:59:13.671 - CManagedHost::OnDefaultAction() - OPR_AppDomainUnload - eUnloadAppDomain
10352: 07:59:13.675 - Unloading Domain: ApplicationName = 'SAAServer', DomainId='2'
18520: 07:59:13.677 - CManagedHost::OnDomainUnload() - 2
13108: 08:01:05.586 - Restarting application: "SAAServer" due to file changes
13108: 08:01:05.586 - Application: "SAAServer" restart request (abort existing connections)
13108: 08:01:05.624 - Taking reference on default app domain
13108: 08:01:05.651 - Application: "SAAServer" started in app domain: 5
13108: 08:01:05.757 - RequestApplicationStop: 4
13108: 08:01:05.758 - Application: "SAAServer" stopped in app domain: 4 (abort existing connections)
13108: 08:01:05.758 - Application: "SAAServer" restart complete.
18520: 08:01:05.762 - CManagedHost::OnDefaultAction() - OPR_AppDomainUnload - eUnloadAppDomain
10352: 08:01:05.767 - Unloading Domain: ApplicationName = 'SAAServer', DomainId='4'
18520: 08:01:05.770 - CManagedHost::OnDomainUnload() - 4
13108: 08:07:11.000 - Restarting application: "SAAServer" due to file changes
13108: 08:07:11.000 - Application: "SAAServer" restart request (abort existing connections)
13108: 08:07:11.038 - Taking reference on default app domain
13108: 08:07:11.064 - Application: "SAAServer" started in app domain: 6
13108: 08:07:11.173 - RequestApplicationStop: 5
13108: 08:07:11.177 - Application: "SAAServer" stopped in app domain: 5 (abort existing connections)
13108: 08:07:11.177 - Application: "SAAServer" restart complete.
18520: 08:07:11.177 - CManagedHost::OnDefaultAction() - OPR_AppDomainUnload - eUnloadAppDomain
10352: 08:07:11.181 - Unloading Domain: ApplicationName = 'SAAServer', DomainId='5'
18520: 08:07:11.184 - CManagedHost::OnDomainUnload() - 5
