12624: 07:39:34.861 - ---
12624: 07:39:34.861 - Service: "Photon Socket Server" starting
12624: 07:39:34.862 - Config File: E:\Photon-OnPremise-Server-SDK_v4-0-29-11263\deploy\bin_Win64\PhotonServer.config
12624: 07:39:34.865 - Will produce at most: 10 crash dumps
12624: 07:39:34.865 - Action: run as exe
12624: 07:39:34.867 - Server Starting...
12624: 07:39:34.867 -    Tick count: 777829750 (wraps in: 40.7076 days)
12624: 07:39:34.867 - Tick count 64: 777829750
12624: 07:39:34.867 - Photon Version: 4.0.28.2962
12624: 07:39:34.867 - PID: 12536
12624: 07:39:34.868 - Config File: E:\Photon-OnPremise-Server-SDK_v4-0-29-11263\deploy\bin_Win64\PhotonServer.config
12624: 07:39:34.868 - Will NOT log unimportant exceptions
12624: 07:39:34.873 - Not using performance counters as they are not currently installed. Run the service with /InstallCounters to install them.
12624: 07:39:34.873 - Shutdown timeout enabled: 30000ms
12624: 07:39:34.874 - Starting I/O thread pool with 2 threads
12624: 07:39:34.875 - Using Standard allocator
12624: 07:39:34.875 - Max message size: 512000
12624: 07:39:34.875 - Starting business logic thread pool with the following settings
12624: 07:39:34.875 - InitialThreads: 4 threads
12624: 07:39:34.875 - MinThreads: 4 threads
12624: 07:39:34.875 - Thread pool is fixed size
12624: 07:39:34.875 - Starting ENet thread pool with the following settings
12624: 07:39:34.875 - InitialThreads: 2 threads
12624: 07:39:34.875 - MinThreads: 2 threads
12624: 07:39:34.875 - Thread pool is fixed size
12624: 07:39:34.875 - OnlyDispatchTimers: False
12624: 07:39:34.876 - S2S: flow control: Max pending writes: 50
12624: 07:39:34.876 - S2S: flow control: Max queued buffers: 200
12624: 07:39:34.876 - S2S: flow control: Max pending writes MUX: 500
12624: 07:39:34.876 - S2S: flow control: Max queued buffers MUX: 2000
12624: 07:39:34.876 - S2S: MaxInboundMessageSize: 512000
12624: 07:39:34.876 - S2S: MaxOutboundMessageSize: 512000
12624: 07:39:34.876 - S2S: No inactivity timeout
12624: 07:39:34.886 - WebSocket S2S: MaxInboundMessageSize: 512000
12624: 07:39:34.886 - WebSocket S2S: MaxOutboundMessageSize: 512000
12624: 07:39:34.886 - WebSocket S2S: No inactivity timeout
12624: 07:39:34.887 - Max Reliable Data In Transit (awaiting ACKs) per peer : 51200 bytes
12624: 07:39:34.887 - Per peer bandwidth limit
12624: 07:39:34.887 - Transmit Rate Limit: 256 KB/Sec
12624: 07:39:34.887 - Limit period: 200ms
12624: 07:39:34.887 - Limit per period: 52428 bytes
12624: 07:39:34.887 - Max queued data for transmission per peer: 512000 bytes
12624: 07:39:34.887 - Minimum retransmit timeout: 200
12624: 07:39:34.887 - No Maximum retransmit timeout
12624: 07:39:34.887 - Minimum ENet timeout: 5000ms
12624: 07:39:34.887 - Maximum ENet timeout: 30000ms
12624: 07:39:34.887 - Max Inbound Reliable Data Queued (awaiting resends of earlier sequence numbers) per peer : 163840 bytes
12624: 07:39:34.887 - No RTT ACK adjustment timeout
12624: 07:39:34.887 - Outbound ENet: MaxInboundMessageSize: 512000
12624: 07:39:34.887 - Outbound ENet: MaxOutboundMessageSize: 512000
12624: 07:39:34.893 - GetRuntime - About to load CLR - versions available:
12624: 07:39:34.893 - v2.0.50727
12624: 07:39:34.893 - v4.0.30319
12624: 07:39:34.893 - Configuration requests: "v2.0.50727"
12624: 07:39:34.893 - About to load version: "v2.0.50727"
12624: 07:39:34.911 - About to load runtime: PhotonHostRuntime.PhotonDomainManager from PhotonHostRuntime, Culture=neutral, PublicKeyToken=02C301B61B060C4D
12624: 07:39:34.911 - CLRBaseDirectory set to "E:\Photon-OnPremise-Server-SDK_v4-0-29-11263\deploy"
12624: 07:39:34.911 - Optimising event broadcast for 20 or more peers
12624: 07:39:34.913 - Start: About to load CLR - versions available:
12624: 07:39:34.913 - v2.0.50727
12624: 07:39:34.913 - v4.0.30319
12624: 07:39:34.913 - No preference in configuration file, will load latest.
12624: 07:39:34.913 - About to load version: "v4.0.30319"
12624: 07:39:34.914 - Loaded version: "v4.0.30319"
12624: 07:39:35.031 - Photon host runtime loaded
12624: 07:39:36.752 - License is valid.
12624: 07:39:36.752 - Licensed for 100 concurrent connections.
12624: 07:39:36.752 - ENet: Max Reliable Data In Transit (awaiting ACKs) per peer : 51200 bytes
12624: 07:39:36.752 - ENet: Per peer bandwidth limit
12624: 07:39:36.752 - ENet: Transmit Rate Limit: 256 KB/Sec
12624: 07:39:36.752 - ENet: Limit period: 200ms
12624: 07:39:36.752 - ENet: Limit per period: 52428 bytes
12624: 07:39:36.752 - ENet: Max queued data for transmission per peer: 512000 bytes
12624: 07:39:36.752 - ENet: Minimum retransmit timeout: 200
12624: 07:39:36.752 - No Maximum retransmit timeout
12624: 07:39:36.752 - ENet: Minimum timeout: 5000ms
12624: 07:39:36.752 - ENet: Maximum timeout: 30000ms
12624: 07:39:36.752 - ENet: Max Inbound Reliable Data Queued (awaiting resends of earlier sequence numbers) per peer : 163840 bytes
12624: 07:39:36.752 - No RTT ACK adjustment timeout
12624: 07:39:36.752 - About to load application: SAAServer from SAAServer
12624: 07:39:36.752 - Auto restart is enabled for application, existing connections will be terminated during restart
12624: 07:39:36.752 - Application will restart 1000ms after the last change detected
12624: 07:39:36.752 - Application will restart if files matching the following are changed: "dll;config"
12624: 07:39:36.752 - Application will NOT restart if files matching the following are changed: "log4net.config"
12624: 07:39:36.825 - Taking reference on default app domain
12624: 07:39:36.882 - Application: "SAAServer" started in app domain: 2
12624: 07:39:36.882 - About to load application: CounterPublisher from CounterPublisher
12624: 07:39:36.883 - Auto restart is enabled for application, existing connections will be terminated during restart
12624: 07:39:36.883 - Application will restart 1000ms after the last change detected
12624: 07:39:36.883 - Application will restart if files matching the following are changed: "dll;config"
12624: 07:39:36.883 - Application will NOT restart if files matching the following are changed: "log4net.config"
12624: 07:39:36.947 - Taking reference on default app domain
12624: 07:39:36.992 - Application: "CounterPublisher" started in app domain: 3
12624: 07:39:36.992 - Adding TCP listener on: 0.0.0.0: 4530 with a listen backlog of: 150
12624: 07:39:36.992 - TCP inactivity timeout: 10000ms
12624: 07:39:36.992 - TCP disconnect timeout: 120000ms
12624: 07:39:36.992 - MaxInboundMessageSize: 512000
12624: 07:39:36.992 - MaxOutboundMessageSize: 512000
12624: 07:39:36.992 - Forcing all applications ids to: "SAAServer"
12624: 07:39:36.992 - Serving policy file requests from: "E:\Photon-OnPremise-Server-SDK_v4-0-29-11263\deploy\Policy\assets\socket-policy.xml"
12624: 07:39:36.992 - Adding TCP listener on: 0.0.0.0: 4520 with a listen backlog of: 150
12624: 07:39:36.992 - TCP inactivity timeout: 5000ms
12624: 07:39:36.992 - TCP disconnect timeout: 120000ms
12624: 07:39:36.992 - MaxInboundMessageSize: 512000
12624: 07:39:36.992 - MaxOutboundMessageSize: 512000
12624: 07:39:36.993 - Forcing all applications ids to: "SAAServer"
12624: 07:39:36.993 - MaxInboundMessageSize: 512000
12624: 07:39:36.993 - MaxOutboundMessageSize: 512000
12624: 07:39:36.993 - UDP address specified as: "0.0.0.0" adding listener to each available IPv4 address
12624: 07:39:36.993 - Adding UDP listener on: 192.168.1.14: 7777 with a listen backlog of: 500
12624: 07:39:36.993 - Adding UDP listener on: 127.0.0.1: 7777 with a listen backlog of: 500
12624: 07:39:36.993 - Adding Policy File listener on: 0.0.0.0: 843 with a listen backlog of: 150 and serving Policy File: "E:\Photon-OnPremise-Server-SDK_v4-0-29-11263\deploy\Policy\assets\socket-policy.xml"
12624: 07:39:36.993 - TCP inactivity timeout: 1000ms
12624: 07:39:36.994 - Adding Policy File listener on: 0.0.0.0: 943 with a listen backlog of: 150 and serving Policy File: "E:\Photon-OnPremise-Server-SDK_v4-0-29-11263\deploy\Policy\assets\socket-policy-silverlight.xml"
12624: 07:39:36.994 - TCP inactivity timeout: 1000ms
12624: 07:39:37.010 - Service is running...
12624: 08:30:35.997 - Service is stopped...
12624: 08:30:35.997 - Server shutting down...
12624: 08:30:35.997 - Shutdown monitoring enabled, 30000ms before process abort
12624: 08:30:35.997 - Notifying CLR applications of shutdown...
12624: 08:30:35.997 - RequestApplicationStop: 3
12624: 08:30:36.001 - RequestApplicationStop: 2
12624: 08:30:36.003 - RequestStop: defalt app domain
12624: 08:30:36.004 - Shutting down WebSocket Outbound Connection Manager...
12624: 08:30:36.004 - Shutting down TCP Outbound Connection Manager...
12624: 08:30:36.004 - Shutting down ENet Outbound Connection Manager...
12624: 08:30:36.004 - Disconnecting all outbound peers...
12624: 08:30:36.004 - Shutting down ENet host...
12624: 08:30:36.004 - Disconnecting all peers...
12624: 08:30:36.004 - Shutting down socket servers...
12624: 08:30:36.004 - Shutting down ENet thread pool...
12624: 08:30:36.005 - Shutting down TCP inactivity timers...
12624: 08:30:36.005 - WaitingForShutdownToComplete: NativePolicy:0.0.0.0:843
12624: 08:30:36.005 - OnShutdownCompleted: NativePolicy:0.0.0.0:843
12624: 08:30:36.005 - WaitingForShutdownToComplete: NativePolicy:0.0.0.0:943
12624: 08:30:36.005 - OnShutdownCompleted: NativePolicy:0.0.0.0:943
12624: 08:30:36.005 - WaitingForShutdownToComplete: TCP:0.0.0.0:4520
12624: 08:30:36.005 - OnShutdownCompleted: TCP:0.0.0.0:4520
12624: 08:30:36.005 - WaitingForShutdownToComplete: TCP:0.0.0.0:4530
12624: 08:30:36.005 - OnShutdownCompleted: TCP:0.0.0.0:4530
12624: 08:30:36.005 - WaitingForShutdownToComplete: UDP:127.0.0.1:7777
12624: 08:30:36.005 - OnShutdownCompleted: UDP:127.0.0.1:7777
12624: 08:30:36.005 - WaitingForShutdownToComplete: UDP:192.168.1.14:7777
12624: 08:30:36.005 - OnShutdownCompleted: UDP:192.168.1.14:7777
12624: 08:30:36.005 - Shutting down CLR applications...
5096: 08:30:36.006 - CManagedHost::OnDefaultAction() - OPR_AppDomainUnload - eUnloadAppDomain
12624: 08:30:36.009 - Shutting down business logic thread pool...
12624: 08:30:36.009 - Shutting down I/O thread pool...
12624: 08:30:36.010 - Destroying servers
12624: 08:30:36.010 - Destroying WebSocket Outbound Connection Manager
12624: 08:30:36.010 - Destroying TCP Outbound Connection Manager
12624: 08:30:36.010 - Destroying TCP inactivity timer
12624: 08:30:36.010 - Destroying ENet timer wheel
12624: 08:30:36.010 - Destroying ENet host
12624: 08:30:36.010 - Destroying ENet outbound host
12624: 08:30:36.010 - Destroying HTTP inactivity timer
12624: 08:30:36.010 - Destroying HTTP host
12624: 08:30:36.010 - Destroying HTTP Chunk host
12624: 08:30:36.010 - Flushing ENET buffer allocator...
12624: 08:30:36.010 - Flushing TCP buffer handle allocator...
12624: 08:30:36.010 - Flushing stream socket allocator...
12624: 08:30:36.011 - Flushing inbound datagram socket allocator...
12624: 08:30:36.012 - Flushing outbound datagram socket allocator...
12624: 08:30:36.012 - Destroying CLR dispatcher
12624: 08:30:36.012 - Destroying CLR applications
12624: 08:30:36.012 - ~CCLRApplicationCollection() - Waiting up to 10 seconds for the CLR to release all of our objects
9824: 08:30:36.013 - Unloading Domain: ApplicationName = 'CounterPublisher', DomainId='3'
5096: 08:30:36.013 - CManagedHost::OnDomainUnload() - 3
5096: 08:30:36.018 - CManagedHost::OnDefaultAction() - OPR_AppDomainUnload - eUnloadAppDomain
9824: 08:30:36.024 - Unloading Domain: ApplicationName = 'SAAServer', DomainId='2'
5096: 08:30:36.025 - CManagedHost::OnDomainUnload() - 2
12624: 08:30:36.026 - ~CCLRApplicationCollection() - Done. All objects released
12624: 08:30:36.027 - ~CManagedHost() - Release default app domain
12624: 08:30:36.027 - CManagedHost::OnDomainUnload() - 1
12624: 08:30:36.027 - ~CManagedHost() - Waiting up to 10 seconds for CLR shutdown...
12624: 08:30:36.027 - ~CManagedHost
12624: 08:30:36.027 - Destroying ENet thread pool
12624: 08:30:36.027 - Destroying Business logic thread pool
12624: 08:30:36.027 - Destroying I/O thread pool
12624: 08:30:36.027 - Destroying ENet buffer allocator
12624: 08:30:36.027 - Destroying TCP buffer allocator
12624: 08:30:36.027 - Destroying TCP socket allocator
12624: 08:30:36.027 - Destroying ENet inbound socket allocator
12624: 08:30:36.027 - Destroying ENet outbound socket allocator
12624: 08:30:36.027 - Destroying shared datagram flow control data
12624: 08:30:36.028 - Shutdown complete...
12624: 08:30:36.028 - Service shutting down
12624: 08:30:36.029 - Service shut down complete
