11276: 06:40:04.508 - ---
11276: 06:40:04.508 - Service: "Photon Socket Server" starting
11276: 06:40:04.508 - Config File: D:\Work\Photon-OnPremise-Server-SDK_v4-0-29-11263\deploy\bin_Win64\PhotonServer.config
11276: 06:40:04.511 - Will produce at most: 10 crash dumps
11276: 06:40:04.511 - Action: run as exe
11276: 06:40:04.512 - Server Starting...
11276: 06:40:04.512 -    Tick count: 86205687 (wraps in: 48.7125 days)
11276: 06:40:04.512 - Tick count 64: 86205687
11276: 06:40:04.513 - Photon Version: 4.0.28.2962
11276: 06:40:04.513 - PID: 4552
11276: 06:40:04.513 - Config File: D:\Work\Photon-OnPremise-Server-SDK_v4-0-29-11263\deploy\bin_Win64\PhotonServer.config
11276: 06:40:04.513 - Will NOT log unimportant exceptions
11276: 06:40:04.517 - Not using performance counters as they are not currently installed. Run the service with /InstallCounters to install them.
11276: 06:40:04.517 - Shutdown timeout enabled: 30000ms
11276: 06:40:04.518 - Starting I/O thread pool with 2 threads
11276: 06:40:04.518 - Using Standard allocator
11276: 06:40:04.518 - Max message size: 512000
11276: 06:40:04.519 - Starting business logic thread pool with the following settings
11276: 06:40:04.519 - InitialThreads: 4 threads
11276: 06:40:04.519 - MinThreads: 4 threads
11276: 06:40:04.519 - Thread pool is fixed size
11276: 06:40:04.519 - Starting ENet thread pool with the following settings
11276: 06:40:04.519 - InitialThreads: 2 threads
11276: 06:40:04.519 - MinThreads: 2 threads
11276: 06:40:04.519 - Thread pool is fixed size
11276: 06:40:04.519 - OnlyDispatchTimers: False
11276: 06:40:04.519 - S2S: flow control: Max pending writes: 50
11276: 06:40:04.519 - S2S: flow control: Max queued buffers: 200
11276: 06:40:04.519 - S2S: flow control: Max pending writes MUX: 500
11276: 06:40:04.519 - S2S: flow control: Max queued buffers MUX: 2000
11276: 06:40:04.519 - S2S: MaxInboundMessageSize: 512000
11276: 06:40:04.519 - S2S: MaxOutboundMessageSize: 512000
11276: 06:40:04.519 - S2S: No inactivity timeout
11276: 06:40:04.527 - WebSocket S2S: MaxInboundMessageSize: 512000
11276: 06:40:04.527 - WebSocket S2S: MaxOutboundMessageSize: 512000
11276: 06:40:04.527 - WebSocket S2S: No inactivity timeout
11276: 06:40:04.527 - Max Reliable Data In Transit (awaiting ACKs) per peer : 51200 bytes
11276: 06:40:04.527 - Per peer bandwidth limit
11276: 06:40:04.527 - Transmit Rate Limit: 256 KB/Sec
11276: 06:40:04.527 - Limit period: 200ms
11276: 06:40:04.527 - Limit per period: 52428 bytes
11276: 06:40:04.527 - Max queued data for transmission per peer: 512000 bytes
11276: 06:40:04.527 - Minimum retransmit timeout: 200
11276: 06:40:04.527 - No Maximum retransmit timeout
11276: 06:40:04.527 - Minimum ENet timeout: 5000ms
11276: 06:40:04.527 - Maximum ENet timeout: 30000ms
11276: 06:40:04.527 - Max Inbound Reliable Data Queued (awaiting resends of earlier sequence numbers) per peer : 163840 bytes
11276: 06:40:04.527 - No RTT ACK adjustment timeout
11276: 06:40:04.527 - Outbound ENet: MaxInboundMessageSize: 512000
11276: 06:40:04.527 - Outbound ENet: MaxOutboundMessageSize: 512000
11276: 06:40:04.533 - GetRuntime - About to load CLR - versions available:
11276: 06:40:04.533 - v2.0.50727
11276: 06:40:04.533 - v4.0.30319
11276: 06:40:04.533 - Configuration requests: "v2.0.50727"
11276: 06:40:04.533 - About to load version: "v2.0.50727"
11276: 06:40:04.548 - About to load runtime: PhotonHostRuntime.PhotonDomainManager from PhotonHostRuntime, Culture=neutral, PublicKeyToken=02C301B61B060C4D
11276: 06:40:04.549 - CLRBaseDirectory set to "D:\Work\Photon-OnPremise-Server-SDK_v4-0-29-11263\deploy"
11276: 06:40:04.549 - Optimising event broadcast for 20 or more peers
11276: 06:40:04.550 - Start: About to load CLR - versions available:
11276: 06:40:04.550 - v2.0.50727
11276: 06:40:04.550 - v4.0.30319
11276: 06:40:04.550 - No preference in configuration file, will load latest.
11276: 06:40:04.550 - About to load version: "v4.0.30319"
11276: 06:40:04.551 - Loaded version: "v4.0.30319"
11276: 06:40:04.653 - Photon host runtime loaded
11276: 06:40:06.222 - License is valid.
11276: 06:40:06.222 - Licensed for 100 concurrent connections.
11276: 06:40:06.222 - ENet: Max Reliable Data In Transit (awaiting ACKs) per peer : 51200 bytes
11276: 06:40:06.222 - ENet: Per peer bandwidth limit
11276: 06:40:06.222 - ENet: Transmit Rate Limit: 256 KB/Sec
11276: 06:40:06.222 - ENet: Limit period: 200ms
11276: 06:40:06.222 - ENet: Limit per period: 52428 bytes
11276: 06:40:06.222 - ENet: Max queued data for transmission per peer: 512000 bytes
11276: 06:40:06.222 - ENet: Minimum retransmit timeout: 200
11276: 06:40:06.222 - No Maximum retransmit timeout
11276: 06:40:06.222 - ENet: Minimum timeout: 5000ms
11276: 06:40:06.222 - ENet: Maximum timeout: 30000ms
11276: 06:40:06.222 - ENet: Max Inbound Reliable Data Queued (awaiting resends of earlier sequence numbers) per peer : 163840 bytes
11276: 06:40:06.222 - No RTT ACK adjustment timeout
11276: 06:40:06.223 - About to load application: SAAServer from SAAServer
11276: 06:40:06.223 - Auto restart is enabled for application, existing connections will be terminated during restart
11276: 06:40:06.223 - Application will restart 1000ms after the last change detected
11276: 06:40:06.223 - Application will restart if files matching the following are changed: "dll;config"
11276: 06:40:06.223 - Application will NOT restart if files matching the following are changed: "log4net.config"
11276: 06:40:06.276 - Taking reference on default app domain
11276: 06:40:06.319 - Application: "SAAServer" started in app domain: 2
11276: 06:40:06.319 - About to load application: CounterPublisher from CounterPublisher
11276: 06:40:06.319 - Auto restart is enabled for application, existing connections will be terminated during restart
11276: 06:40:06.319 - Application will restart 1000ms after the last change detected
11276: 06:40:06.319 - Application will restart if files matching the following are changed: "dll;config"
11276: 06:40:06.319 - Application will NOT restart if files matching the following are changed: "log4net.config"
11276: 06:40:06.365 - Taking reference on default app domain
11276: 06:40:06.398 - Application: "CounterPublisher" started in app domain: 3
11276: 06:40:06.399 - Adding TCP listener on: 0.0.0.0: 4530 with a listen backlog of: 150
11276: 06:40:06.399 - TCP inactivity timeout: 10000ms
11276: 06:40:06.399 - TCP disconnect timeout: 120000ms
11276: 06:40:06.399 - MaxInboundMessageSize: 512000
11276: 06:40:06.399 - MaxOutboundMessageSize: 512000
11276: 06:40:06.399 - Forcing all applications ids to: "SAAServer"
11276: 06:40:06.399 - Serving policy file requests from: "D:\Work\Photon-OnPremise-Server-SDK_v4-0-29-11263\deploy\Policy\assets\socket-policy.xml"
11276: 06:40:06.399 - Adding TCP listener on: 0.0.0.0: 4520 with a listen backlog of: 150
11276: 06:40:06.399 - TCP inactivity timeout: 5000ms
11276: 06:40:06.399 - TCP disconnect timeout: 120000ms
11276: 06:40:06.399 - MaxInboundMessageSize: 512000
11276: 06:40:06.399 - MaxOutboundMessageSize: 512000
11276: 06:40:06.399 - Forcing all applications ids to: "SAAServer"
11276: 06:40:06.399 - MaxInboundMessageSize: 512000
11276: 06:40:06.399 - MaxOutboundMessageSize: 512000
11276: 06:40:06.399 - UDP address specified as: "0.0.0.0" adding listener to each available IPv4 address
11276: 06:40:06.399 - Adding UDP listener on: 192.168.1.10: 7777 with a listen backlog of: 500
11276: 06:40:06.399 - Adding UDP listener on: 127.0.0.1: 7777 with a listen backlog of: 500
11276: 06:40:06.399 - Adding Policy File listener on: 0.0.0.0: 843 with a listen backlog of: 150 and serving Policy File: "D:\Work\Photon-OnPremise-Server-SDK_v4-0-29-11263\deploy\Policy\assets\socket-policy.xml"
11276: 06:40:06.399 - TCP inactivity timeout: 1000ms
11276: 06:40:06.400 - Adding Policy File listener on: 0.0.0.0: 943 with a listen backlog of: 150 and serving Policy File: "D:\Work\Photon-OnPremise-Server-SDK_v4-0-29-11263\deploy\Policy\assets\socket-policy-silverlight.xml"
11276: 06:40:06.400 - TCP inactivity timeout: 1000ms
11276: 06:40:06.413 - Service is running...
8864: 07:40:08.356 - FAILED license server contact - trying next URL.
11752: 07:40:08.820 - Connect to Photon License Server failed. Trying again later. Allowed days without contact: 2
