11028: 07:48:16.203 - ---
11028: 07:48:16.203 - Service: "Photon Socket Server" starting
11028: 07:48:16.203 - Config File: E:\Photon-OnPremise-Server-SDK_v4-0-29-11263\deploy\bin_Win64\PhotonServer.config
11028: 07:48:16.204 - Will produce at most: 10 crash dumps
11028: 07:48:16.204 - Action: run as exe
11028: 07:48:16.204 - Server Starting...
11028: 07:48:16.204 -    Tick count: 432090015 (wraps in: 44.7092 days)
11028: 07:48:16.204 - Tick count 64: 432090015
11028: 07:48:16.204 - Photon Version: 4.0.28.2962
11028: 07:48:16.204 - PID: 9936
11028: 07:48:16.204 - Config File: E:\Photon-OnPremise-Server-SDK_v4-0-29-11263\deploy\bin_Win64\PhotonServer.config
11028: 07:48:16.205 - Will NOT log unimportant exceptions
11028: 07:48:16.207 - Not using performance counters as they are not currently installed. Run the service with /InstallCounters to install them.
11028: 07:48:16.207 - Shutdown timeout enabled: 30000ms
11028: 07:48:16.207 - Starting I/O thread pool with 2 threads
11028: 07:48:16.207 - Using Standard allocator
11028: 07:48:16.207 - Max message size: 512000
11028: 07:48:16.207 - Starting business logic thread pool with the following settings
11028: 07:48:16.207 - InitialThreads: 4 threads
11028: 07:48:16.207 - MinThreads: 4 threads
11028: 07:48:16.207 - Thread pool is fixed size
11028: 07:48:16.207 - Starting ENet thread pool with the following settings
11028: 07:48:16.207 - InitialThreads: 2 threads
11028: 07:48:16.207 - MinThreads: 2 threads
11028: 07:48:16.207 - Thread pool is fixed size
11028: 07:48:16.207 - OnlyDispatchTimers: False
11028: 07:48:16.207 - S2S: flow control: Max pending writes: 50
11028: 07:48:16.207 - S2S: flow control: Max queued buffers: 200
11028: 07:48:16.207 - S2S: flow control: Max pending writes MUX: 500
11028: 07:48:16.207 - S2S: flow control: Max queued buffers MUX: 2000
11028: 07:48:16.207 - S2S: MaxInboundMessageSize: 512000
11028: 07:48:16.207 - S2S: MaxOutboundMessageSize: 512000
11028: 07:48:16.207 - S2S: No inactivity timeout
11028: 07:48:16.214 - WebSocket S2S: MaxInboundMessageSize: 512000
11028: 07:48:16.214 - WebSocket S2S: MaxOutboundMessageSize: 512000
11028: 07:48:16.214 - WebSocket S2S: No inactivity timeout
11028: 07:48:16.214 - Max Reliable Data In Transit (awaiting ACKs) per peer : 51200 bytes
11028: 07:48:16.214 - Per peer bandwidth limit
11028: 07:48:16.214 - Transmit Rate Limit: 256 KB/Sec
11028: 07:48:16.214 - Limit period: 200ms
11028: 07:48:16.214 - Limit per period: 52428 bytes
11028: 07:48:16.214 - Max queued data for transmission per peer: 512000 bytes
11028: 07:48:16.214 - Minimum retransmit timeout: 200
11028: 07:48:16.214 - No Maximum retransmit timeout
11028: 07:48:16.214 - Minimum ENet timeout: 5000ms
11028: 07:48:16.214 - Maximum ENet timeout: 30000ms
11028: 07:48:16.214 - Max Inbound Reliable Data Queued (awaiting resends of earlier sequence numbers) per peer : 163840 bytes
11028: 07:48:16.214 - No RTT ACK adjustment timeout
11028: 07:48:16.214 - Outbound ENet: MaxInboundMessageSize: 512000
11028: 07:48:16.214 - Outbound ENet: MaxOutboundMessageSize: 512000
11028: 07:48:16.215 - GetRuntime - About to load CLR - versions available:
11028: 07:48:16.215 - v2.0.50727
11028: 07:48:16.215 - v4.0.30319
11028: 07:48:16.215 - Configuration requests: "v2.0.50727"
11028: 07:48:16.215 - About to load version: "v2.0.50727"
11028: 07:48:16.223 - About to load runtime: PhotonHostRuntime.PhotonDomainManager from PhotonHostRuntime, Culture=neutral, PublicKeyToken=02C301B61B060C4D
11028: 07:48:16.223 - CLRBaseDirectory set to "E:\Photon-OnPremise-Server-SDK_v4-0-29-11263\deploy"
11028: 07:48:16.223 - Optimising event broadcast for 20 or more peers
11028: 07:48:16.224 - Start: About to load CLR - versions available:
11028: 07:48:16.224 - v2.0.50727
11028: 07:48:16.224 - v4.0.30319
11028: 07:48:16.224 - No preference in configuration file, will load latest.
11028: 07:48:16.224 - About to load version: "v4.0.30319"
11028: 07:48:16.226 - Loaded version: "v4.0.30319"
11028: 07:48:16.342 - Photon host runtime loaded
11028: 07:48:18.352 - License is valid.
11028: 07:48:18.352 - Licensed for 100 concurrent connections.
11028: 07:48:18.352 - ENet: Max Reliable Data In Transit (awaiting ACKs) per peer : 51200 bytes
11028: 07:48:18.352 - ENet: Per peer bandwidth limit
11028: 07:48:18.352 - ENet: Transmit Rate Limit: 256 KB/Sec
11028: 07:48:18.352 - ENet: Limit period: 200ms
11028: 07:48:18.352 - ENet: Limit per period: 52428 bytes
11028: 07:48:18.352 - ENet: Max queued data for transmission per peer: 512000 bytes
11028: 07:48:18.352 - ENet: Minimum retransmit timeout: 200
11028: 07:48:18.352 - No Maximum retransmit timeout
11028: 07:48:18.352 - ENet: Minimum timeout: 5000ms
11028: 07:48:18.352 - ENet: Maximum timeout: 30000ms
11028: 07:48:18.352 - ENet: Max Inbound Reliable Data Queued (awaiting resends of earlier sequence numbers) per peer : 163840 bytes
11028: 07:48:18.352 - No RTT ACK adjustment timeout
11028: 07:48:18.353 - About to load application: SAAServer from SAAServer
11028: 07:48:18.353 - Auto restart is enabled for application, existing connections will be terminated during restart
11028: 07:48:18.353 - Application will restart 1000ms after the last change detected
11028: 07:48:18.353 - Application will restart if files matching the following are changed: "dll;config"
11028: 07:48:18.353 - Application will NOT restart if files matching the following are changed: "log4net.config"
11028: 07:48:18.425 - Taking reference on default app domain
11028: 07:48:18.478 - Application: "SAAServer" started in app domain: 2
11028: 07:48:18.478 - About to load application: CounterPublisher from CounterPublisher
11028: 07:48:18.478 - Auto restart is enabled for application, existing connections will be terminated during restart
11028: 07:48:18.478 - Application will restart 1000ms after the last change detected
11028: 07:48:18.478 - Application will restart if files matching the following are changed: "dll;config"
11028: 07:48:18.478 - Application will NOT restart if files matching the following are changed: "log4net.config"
11028: 07:48:18.539 - Taking reference on default app domain
11028: 07:48:18.582 - Application: "CounterPublisher" started in app domain: 3
11028: 07:48:18.584 - Adding TCP listener on: 0.0.0.0: 4530 with a listen backlog of: 150
11028: 07:48:18.584 - TCP inactivity timeout: 10000ms
11028: 07:48:18.584 - TCP disconnect timeout: 120000ms
11028: 07:48:18.584 - MaxInboundMessageSize: 512000
11028: 07:48:18.584 - MaxOutboundMessageSize: 512000
11028: 07:48:18.584 - Forcing all applications ids to: "SAAServer"
11028: 07:48:18.584 - Serving policy file requests from: "E:\Photon-OnPremise-Server-SDK_v4-0-29-11263\deploy\Policy\assets\socket-policy.xml"
11028: 07:48:18.587 - Adding TCP listener on: 0.0.0.0: 4520 with a listen backlog of: 150
11028: 07:48:18.587 - TCP inactivity timeout: 5000ms
11028: 07:48:18.587 - TCP disconnect timeout: 120000ms
11028: 07:48:18.587 - MaxInboundMessageSize: 512000
11028: 07:48:18.587 - MaxOutboundMessageSize: 512000
11028: 07:48:18.587 - Forcing all applications ids to: "SAAServer"
11028: 07:48:18.587 - MaxInboundMessageSize: 512000
11028: 07:48:18.587 - MaxOutboundMessageSize: 512000
11028: 07:48:18.587 - UDP address specified as: "0.0.0.0" adding listener to each available IPv4 address
11028: 07:48:18.588 - Adding UDP listener on: 192.168.1.11: 7777 with a listen backlog of: 500
11028: 07:48:18.588 - Adding UDP listener on: 127.0.0.1: 7777 with a listen backlog of: 500
11028: 07:48:18.589 - Adding Policy File listener on: 0.0.0.0: 843 with a listen backlog of: 150 and serving Policy File: "E:\Photon-OnPremise-Server-SDK_v4-0-29-11263\deploy\Policy\assets\socket-policy.xml"
11028: 07:48:18.589 - TCP inactivity timeout: 1000ms
11028: 07:48:18.589 - Adding Policy File listener on: 0.0.0.0: 943 with a listen backlog of: 150 and serving Policy File: "E:\Photon-OnPremise-Server-SDK_v4-0-29-11263\deploy\Policy\assets\socket-policy-silverlight.xml"
11028: 07:48:18.589 - TCP inactivity timeout: 1000ms
11028: 07:48:18.608 - Service is running...
