1880: 12:54:49.299 - ---
1880: 12:54:49.300 - Service: "Photon Socket Server" starting
1880: 12:54:49.300 - Config File: E:\Photon-OnPremise-Server-SDK_v4-0-29-11263\deploy\bin_Win64\PhotonServer.config
1880: 12:54:49.303 - Will produce at most: 10 crash dumps
1880: 12:54:49.303 - Action: run as exe
1880: 12:54:49.304 - Server Starting...
1880: 12:54:49.305 -    Tick count: 882492171 (wraps in: 39.4962 days)
1880: 12:54:49.305 - Tick count 64: 882492171
1880: 12:54:49.305 - Photon Version: 4.0.28.2962
1880: 12:54:49.305 - PID: 18844
1880: 12:54:49.305 - Config File: E:\Photon-OnPremise-Server-SDK_v4-0-29-11263\deploy\bin_Win64\PhotonServer.config
1880: 12:54:49.306 - Will NOT log unimportant exceptions
1880: 12:54:49.311 - Not using performance counters as they are not currently installed. Run the service with /InstallCounters to install them.
1880: 12:54:49.311 - Shutdown timeout enabled: 30000ms
1880: 12:54:49.312 - Starting I/O thread pool with 2 threads
1880: 12:54:49.312 - Using Standard allocator
1880: 12:54:49.312 - Max message size: 512000
1880: 12:54:49.313 - Starting business logic thread pool with the following settings
1880: 12:54:49.313 - InitialThreads: 4 threads
1880: 12:54:49.313 - MinThreads: 4 threads
1880: 12:54:49.313 - Thread pool is fixed size
1880: 12:54:49.313 - Starting ENet thread pool with the following settings
1880: 12:54:49.313 - InitialThreads: 2 threads
1880: 12:54:49.313 - MinThreads: 2 threads
1880: 12:54:49.313 - Thread pool is fixed size
1880: 12:54:49.313 - OnlyDispatchTimers: False
1880: 12:54:49.314 - S2S: flow control: Max pending writes: 50
1880: 12:54:49.314 - S2S: flow control: Max queued buffers: 200
1880: 12:54:49.314 - S2S: flow control: Max pending writes MUX: 500
1880: 12:54:49.314 - S2S: flow control: Max queued buffers MUX: 2000
1880: 12:54:49.314 - S2S: MaxInboundMessageSize: 512000
1880: 12:54:49.314 - S2S: MaxOutboundMessageSize: 512000
1880: 12:54:49.314 - S2S: No inactivity timeout
1880: 12:54:49.322 - WebSocket S2S: MaxInboundMessageSize: 512000
1880: 12:54:49.322 - WebSocket S2S: MaxOutboundMessageSize: 512000
1880: 12:54:49.322 - WebSocket S2S: No inactivity timeout
1880: 12:54:49.322 - Max Reliable Data In Transit (awaiting ACKs) per peer : 51200 bytes
1880: 12:54:49.322 - Per peer bandwidth limit
1880: 12:54:49.322 - Transmit Rate Limit: 256 KB/Sec
1880: 12:54:49.322 - Limit period: 200ms
1880: 12:54:49.322 - Limit per period: 52428 bytes
1880: 12:54:49.322 - Max queued data for transmission per peer: 512000 bytes
1880: 12:54:49.322 - Minimum retransmit timeout: 200
1880: 12:54:49.322 - No Maximum retransmit timeout
1880: 12:54:49.322 - Minimum ENet timeout: 5000ms
1880: 12:54:49.322 - Maximum ENet timeout: 30000ms
1880: 12:54:49.322 - Max Inbound Reliable Data Queued (awaiting resends of earlier sequence numbers) per peer : 163840 bytes
1880: 12:54:49.322 - No RTT ACK adjustment timeout
1880: 12:54:49.322 - Outbound ENet: MaxInboundMessageSize: 512000
1880: 12:54:49.322 - Outbound ENet: MaxOutboundMessageSize: 512000
1880: 12:54:49.329 - GetRuntime - About to load CLR - versions available:
1880: 12:54:49.329 - v2.0.50727
1880: 12:54:49.329 - v4.0.30319
1880: 12:54:49.329 - Configuration requests: "v2.0.50727"
1880: 12:54:49.329 - About to load version: "v2.0.50727"
1880: 12:54:49.347 - About to load runtime: PhotonHostRuntime.PhotonDomainManager from PhotonHostRuntime, Culture=neutral, PublicKeyToken=02C301B61B060C4D
1880: 12:54:49.347 - CLRBaseDirectory set to "E:\Photon-OnPremise-Server-SDK_v4-0-29-11263\deploy"
1880: 12:54:49.347 - Optimising event broadcast for 20 or more peers
1880: 12:54:49.349 - Start: About to load CLR - versions available:
1880: 12:54:49.349 - v2.0.50727
1880: 12:54:49.349 - v4.0.30319
1880: 12:54:49.349 - No preference in configuration file, will load latest.
1880: 12:54:49.349 - About to load version: "v4.0.30319"
1880: 12:54:49.351 - Loaded version: "v4.0.30319"
1880: 12:54:49.464 - Photon host runtime loaded
1880: 12:54:51.047 - License is valid.
1880: 12:54:51.047 - Licensed for 100 concurrent connections.
1880: 12:54:51.047 - ENet: Max Reliable Data In Transit (awaiting ACKs) per peer : 51200 bytes
1880: 12:54:51.047 - ENet: Per peer bandwidth limit
1880: 12:54:51.047 - ENet: Transmit Rate Limit: 256 KB/Sec
1880: 12:54:51.047 - ENet: Limit period: 200ms
1880: 12:54:51.047 - ENet: Limit per period: 52428 bytes
1880: 12:54:51.047 - ENet: Max queued data for transmission per peer: 512000 bytes
1880: 12:54:51.047 - ENet: Minimum retransmit timeout: 200
1880: 12:54:51.047 - No Maximum retransmit timeout
1880: 12:54:51.047 - ENet: Minimum timeout: 5000ms
1880: 12:54:51.047 - ENet: Maximum timeout: 30000ms
1880: 12:54:51.047 - ENet: Max Inbound Reliable Data Queued (awaiting resends of earlier sequence numbers) per peer : 163840 bytes
1880: 12:54:51.047 - No RTT ACK adjustment timeout
1880: 12:54:51.047 - About to load application: SAAServer from SAAServer
1880: 12:54:51.047 - Auto restart is enabled for application, existing connections will be terminated during restart
1880: 12:54:51.047 - Application will restart 1000ms after the last change detected
1880: 12:54:51.047 - Application will restart if files matching the following are changed: "dll;config"
1880: 12:54:51.047 - Application will NOT restart if files matching the following are changed: "log4net.config"
1880: 12:54:51.112 - Taking reference on default app domain
1880: 12:54:51.164 - Application: "SAAServer" started in app domain: 2
1880: 12:54:51.164 - About to load application: CounterPublisher from CounterPublisher
1880: 12:54:51.164 - Auto restart is enabled for application, existing connections will be terminated during restart
1880: 12:54:51.164 - Application will restart 1000ms after the last change detected
1880: 12:54:51.164 - Application will restart if files matching the following are changed: "dll;config"
1880: 12:54:51.164 - Application will NOT restart if files matching the following are changed: "log4net.config"
1880: 12:54:51.219 - Taking reference on default app domain
1880: 12:54:51.260 - Application: "CounterPublisher" started in app domain: 3
1880: 12:54:51.261 - Adding TCP listener on: 0.0.0.0: 4530 with a listen backlog of: 150
1880: 12:54:51.261 - TCP inactivity timeout: 10000ms
1880: 12:54:51.261 - TCP disconnect timeout: 120000ms
1880: 12:54:51.261 - MaxInboundMessageSize: 512000
1880: 12:54:51.261 - MaxOutboundMessageSize: 512000
1880: 12:54:51.261 - Forcing all applications ids to: "SAAServer"
1880: 12:54:51.261 - Serving policy file requests from: "E:\Photon-OnPremise-Server-SDK_v4-0-29-11263\deploy\Policy\assets\socket-policy.xml"
1880: 12:54:51.261 - Adding TCP listener on: 0.0.0.0: 4520 with a listen backlog of: 150
1880: 12:54:51.261 - TCP inactivity timeout: 5000ms
1880: 12:54:51.261 - TCP disconnect timeout: 120000ms
1880: 12:54:51.261 - MaxInboundMessageSize: 512000
1880: 12:54:51.261 - MaxOutboundMessageSize: 512000
1880: 12:54:51.261 - Forcing all applications ids to: "SAAServer"
1880: 12:54:51.261 - MaxInboundMessageSize: 512000
1880: 12:54:51.261 - MaxOutboundMessageSize: 512000
1880: 12:54:51.261 - UDP address specified as: "0.0.0.0" adding listener to each available IPv4 address
1880: 12:54:51.261 - Adding UDP listener on: 192.168.1.11: 7777 with a listen backlog of: 500
1880: 12:54:51.261 - Adding UDP listener on: 127.0.0.1: 7777 with a listen backlog of: 500
1880: 12:54:51.261 - Adding Policy File listener on: 0.0.0.0: 843 with a listen backlog of: 150 and serving Policy File: "E:\Photon-OnPremise-Server-SDK_v4-0-29-11263\deploy\Policy\assets\socket-policy.xml"
1880: 12:54:51.261 - TCP inactivity timeout: 1000ms
1880: 12:54:51.262 - Adding Policy File listener on: 0.0.0.0: 943 with a listen backlog of: 150 and serving Policy File: "E:\Photon-OnPremise-Server-SDK_v4-0-29-11263\deploy\Policy\assets\socket-policy-silverlight.xml"
1880: 12:54:51.262 - TCP inactivity timeout: 1000ms
1880: 12:54:51.278 - Service is running...
1880: 17:40:35.620 - Service is stopped...
1880: 17:40:35.620 - Server shutting down...
1880: 17:40:35.620 - Shutdown monitoring enabled, 30000ms before process abort
1880: 17:40:35.622 - Notifying CLR applications of shutdown...
1880: 17:40:35.622 - RequestApplicationStop: 3
1880: 17:40:35.629 - RequestApplicationStop: 2
1880: 17:40:35.631 - RequestStop: defalt app domain
1880: 17:40:35.632 - Shutting down WebSocket Outbound Connection Manager...
1880: 17:40:35.632 - Shutting down TCP Outbound Connection Manager...
1880: 17:40:35.633 - Shutting down ENet Outbound Connection Manager...
1880: 17:40:35.633 - Disconnecting all outbound peers...
1880: 17:40:35.633 - Shutting down ENet host...
1880: 17:40:35.633 - Disconnecting all peers...
1880: 17:40:35.633 - Shutting down socket servers...
1880: 17:40:35.635 - Shutting down ENet thread pool...
1880: 17:40:35.635 - Shutting down TCP inactivity timers...
1880: 17:40:35.635 - WaitingForShutdownToComplete: NativePolicy:0.0.0.0:843
1880: 17:40:35.635 - OnShutdownCompleted: NativePolicy:0.0.0.0:843
1880: 17:40:35.635 - WaitingForShutdownToComplete: NativePolicy:0.0.0.0:943
1880: 17:40:35.635 - OnShutdownCompleted: NativePolicy:0.0.0.0:943
1880: 17:40:35.635 - WaitingForShutdownToComplete: TCP:0.0.0.0:4520
1880: 17:40:35.635 - OnShutdownCompleted: TCP:0.0.0.0:4520
1880: 17:40:35.635 - WaitingForShutdownToComplete: TCP:0.0.0.0:4530
1880: 17:40:35.635 - OnShutdownCompleted: TCP:0.0.0.0:4530
1880: 17:40:35.635 - WaitingForShutdownToComplete: UDP:127.0.0.1:7777
1880: 17:40:35.636 - OnShutdownCompleted: UDP:127.0.0.1:7777
1880: 17:40:35.636 - WaitingForShutdownToComplete: UDP:192.168.1.11:7777
1880: 17:40:35.636 - OnShutdownCompleted: UDP:192.168.1.11:7777
1880: 17:40:35.636 - Shutting down CLR applications...
892: 17:40:35.638 - CManagedHost::OnDefaultAction() - OPR_AppDomainUnload - eUnloadAppDomain
1880: 17:40:35.641 - Shutting down business logic thread pool...
1880: 17:40:35.641 - Shutting down I/O thread pool...
1880: 17:40:35.641 - Destroying servers
1880: 17:40:35.642 - Destroying WebSocket Outbound Connection Manager
1880: 17:40:35.642 - Destroying TCP Outbound Connection Manager
1880: 17:40:35.642 - Destroying TCP inactivity timer
1880: 17:40:35.642 - Destroying ENet timer wheel
1880: 17:40:35.642 - Destroying ENet host
1880: 17:40:35.642 - Destroying ENet outbound host
1880: 17:40:35.642 - Destroying HTTP inactivity timer
1880: 17:40:35.642 - Destroying HTTP host
1880: 17:40:35.642 - Destroying HTTP Chunk host
1880: 17:40:35.642 - Flushing ENET buffer allocator...
1880: 17:40:35.642 - Flushing TCP buffer handle allocator...
1880: 17:40:35.642 - Flushing stream socket allocator...
1880: 17:40:35.643 - Flushing inbound datagram socket allocator...
1880: 17:40:35.644 - Flushing outbound datagram socket allocator...
1880: 17:40:35.644 - Destroying CLR dispatcher
1880: 17:40:35.644 - Destroying CLR applications
1880: 17:40:35.645 - ~CCLRApplicationCollection() - Waiting up to 10 seconds for the CLR to release all of our objects
15632: 17:40:35.645 - Unloading Domain: ApplicationName = 'CounterPublisher', DomainId='3'
892: 17:40:35.645 - CManagedHost::OnDomainUnload() - 3
892: 17:40:35.650 - CManagedHost::OnDefaultAction() - OPR_AppDomainUnload - eUnloadAppDomain
15632: 17:40:35.657 - Unloading Domain: ApplicationName = 'SAAServer', DomainId='2'
892: 17:40:35.659 - CManagedHost::OnDomainUnload() - 2
1880: 17:40:35.661 - ~CCLRApplicationCollection() - Done. All objects released
1880: 17:40:35.661 - ~CManagedHost() - Release default app domain
1880: 17:40:35.661 - CManagedHost::OnDomainUnload() - 1
1880: 17:40:35.661 - ~CManagedHost() - Waiting up to 10 seconds for CLR shutdown...
1880: 17:40:35.661 - ~CManagedHost
1880: 17:40:35.661 - Destroying ENet thread pool
1880: 17:40:35.661 - Destroying Business logic thread pool
1880: 17:40:35.661 - Destroying I/O thread pool
1880: 17:40:35.661 - Destroying ENet buffer allocator
1880: 17:40:35.661 - Destroying TCP buffer allocator
1880: 17:40:35.661 - Destroying TCP socket allocator
1880: 17:40:35.661 - Destroying ENet inbound socket allocator
1880: 17:40:35.661 - Destroying ENet outbound socket allocator
1880: 17:40:35.661 - Destroying shared datagram flow control data
1880: 17:40:35.663 - Shutdown complete...
1880: 17:40:35.664 - Service shutting down
1880: 17:40:35.666 - Service shut down complete
