1340: 18:03:48.966 - ---
1340: 18:03:48.966 - Service: "Photon Socket Server" starting
1340: 18:03:48.967 - Config File: E:\Photon-OnPremise-Server-SDK_v4-0-29-11263\deploy\bin_Win64\PhotonServer.config
1340: 18:03:48.972 - Will produce at most: 10 crash dumps
1340: 18:03:48.972 - Service shutting down
1340: 18:03:48.978 - Service shut down complete
15096: 18:09:12.930 - ---
15096: 18:09:12.930 - Service: "Photon Socket Server" starting
15096: 18:09:12.930 - Config File: E:\Photon-OnPremise-Server-SDK_v4-0-29-11263\deploy\bin_Win64\PhotonServer.config
15096: 18:09:12.937 - Will produce at most: 10 crash dumps
15096: 18:09:12.937 - Service shutting down
15096: 18:09:12.941 - Service shut down complete
22176: 18:11:56.724 - ---
22176: 18:11:56.724 - Service: "Photon Socket Server" starting
22176: 18:11:56.724 - Config File: E:\Photon-OnPremise-Server-SDK_v4-0-29-11263\deploy\bin_Win64\PhotonServer.config
22176: 18:11:56.734 - Will produce at most: 10 crash dumps
22176: 18:11:56.735 - Service shutting down
22176: 18:11:56.738 - Service shut down complete
20280: 18:17:50.060 - ---
20280: 18:17:50.060 - Service: "Photon Socket Server" starting
20280: 18:17:50.061 - Config File: E:\Photon-OnPremise-Server-SDK_v4-0-29-11263\deploy\bin_Win64\PhotonServer.config
20280: 18:17:50.071 - Will produce at most: 10 crash dumps
20280: 18:17:50.071 - Service shutting down
20280: 18:17:50.073 - Service shut down complete
20896: 18:21:28.221 - ---
20896: 18:21:28.221 - Service: "Photon Socket Server" starting
20896: 18:21:28.221 - Config File: E:\Photon-OnPremise-Server-SDK_v4-0-29-11263\deploy\bin_Win64\PhotonServer.config
20896: 18:21:28.229 - Will produce at most: 10 crash dumps
20896: 18:21:28.229 - Service shutting down
20896: 18:21:28.233 - Service shut down complete
21856: 18:21:33.863 - ---
21856: 18:21:33.863 - Service: "Photon Socket Server" starting
21856: 18:21:33.863 - Config File: E:\Photon-OnPremise-Server-SDK_v4-0-29-11263\deploy\bin_Win64\PhotonServer.config
21856: 18:21:33.870 - Will produce at most: 10 crash dumps
21856: 18:21:33.871 - Service shutting down
21856: 18:21:33.874 - Service shut down complete
23392: 18:21:42.533 - ---
23392: 18:21:42.533 - Service: "Photon Socket Server" starting
23392: 18:21:42.533 - Config File: E:\Photon-OnPremise-Server-SDK_v4-0-29-11263\deploy\bin_Win64\PhotonServer.config
23392: 18:21:42.540 - Will produce at most: 10 crash dumps
23392: 18:21:42.540 - Service shutting down
23392: 18:21:42.544 - Service shut down complete
17936: 18:28:30.064 - ---
17936: 18:28:30.064 - Service: "Photon Socket Server" starting
17936: 18:28:30.065 - Config File: E:\Photon-OnPremise-Server-SDK_v4-0-29-11263\deploy\bin_Win64\PhotonServer.config
17936: 18:28:30.068 - Will produce at most: 10 crash dumps
17936: 18:28:30.068 - Service shutting down
17936: 18:28:30.070 - Service shut down complete
19256: 18:31:35.228 - ---
19256: 18:31:35.228 - Service: "Photon Socket Server" starting
19256: 18:31:35.229 - Config File: E:\Photon-OnPremise-Server-SDK_v4-0-29-11263\deploy\bin_Win64\PhotonServer.config
19256: 18:31:35.232 - Will produce at most: 10 crash dumps
19256: 18:31:35.232 - Service shutting down
19256: 18:31:35.234 - Service shut down complete
15196: 18:36:20.449 - ---
15196: 18:36:20.449 - Service: "Photon Socket Server" starting
15196: 18:36:20.450 - Config File: E:\Photon-OnPremise-Server-SDK_v4-0-29-11263\deploy\bin_Win64\PhotonServer.config
15196: 18:36:20.458 - Will produce at most: 10 crash dumps
15196: 18:36:20.458 - Service shutting down
15196: 18:36:20.460 - Service shut down complete
14296: 18:37:49.192 - ---
14296: 18:37:49.192 - Service: "Photon Socket Server" starting
14296: 18:37:49.193 - Config File: E:\Photon-OnPremise-Server-SDK_v4-0-29-11263\deploy\bin_Win64\PhotonServer.config
14296: 18:37:49.200 - Will produce at most: 10 crash dumps
14296: 18:37:49.200 - Service shutting down
14296: 18:37:49.201 - Service shut down complete
2732: 18:38:30.251 - ---
2732: 18:38:30.251 - Service: "Photon Socket Server" starting
2732: 18:38:30.251 - Config File: E:\Photon-OnPremise-Server-SDK_v4-0-29-11263\deploy\bin_Win64\PhotonServer.config
2732: 18:38:30.255 - Will produce at most: 10 crash dumps
2732: 18:38:30.256 - Service shutting down
2732: 18:38:30.260 - Service shut down complete
