12652: 21:45:36.411 - ---
12652: 21:45:36.411 - Service: "Photon Socket Server" starting
12652: 21:45:36.411 - Config File: D:\Work\Photon-OnPremise-Server-SDK_v4-0-29-11263\deploy\bin_Win64\PhotonServer.config
12652: 21:45:36.413 - Will produce at most: 10 crash dumps
12652: 21:45:36.413 - Action: run as exe
12652: 21:45:36.414 - Server Starting...
12652: 21:45:36.414 -    Tick count: 314721984 (wraps in: 46.0677 days)
12652: 21:45:36.414 - Tick count 64: 314721984
12652: 21:45:36.414 - Photon Version: 4.0.28.2962
12652: 21:45:36.414 - PID: 13824
12652: 21:45:36.415 - Config File: D:\Work\Photon-OnPremise-Server-SDK_v4-0-29-11263\deploy\bin_Win64\PhotonServer.config
12652: 21:45:36.415 - Will NOT log unimportant exceptions
12652: 21:45:36.420 - Not using performance counters as they are not currently installed. Run the service with /InstallCounters to install them.
12652: 21:45:36.420 - Shutdown timeout enabled: 30000ms
12652: 21:45:36.421 - Starting I/O thread pool with 2 threads
12652: 21:45:36.421 - Using Standard allocator
12652: 21:45:36.421 - Max message size: 512000
12652: 21:45:36.421 - Starting business logic thread pool with the following settings
12652: 21:45:36.421 - InitialThreads: 4 threads
12652: 21:45:36.421 - MinThreads: 4 threads
12652: 21:45:36.421 - Thread pool is fixed size
12652: 21:45:36.421 - Starting ENet thread pool with the following settings
12652: 21:45:36.421 - InitialThreads: 2 threads
12652: 21:45:36.421 - MinThreads: 2 threads
12652: 21:45:36.421 - Thread pool is fixed size
12652: 21:45:36.421 - OnlyDispatchTimers: False
12652: 21:45:36.422 - S2S: flow control: Max pending writes: 50
12652: 21:45:36.422 - S2S: flow control: Max queued buffers: 200
12652: 21:45:36.422 - S2S: flow control: Max pending writes MUX: 500
12652: 21:45:36.422 - S2S: flow control: Max queued buffers MUX: 2000
12652: 21:45:36.422 - S2S: MaxInboundMessageSize: 512000
12652: 21:45:36.422 - S2S: MaxOutboundMessageSize: 512000
12652: 21:45:36.422 - S2S: No inactivity timeout
12652: 21:45:36.429 - WebSocket S2S: MaxInboundMessageSize: 512000
12652: 21:45:36.429 - WebSocket S2S: MaxOutboundMessageSize: 512000
12652: 21:45:36.429 - WebSocket S2S: No inactivity timeout
12652: 21:45:36.429 - Max Reliable Data In Transit (awaiting ACKs) per peer : 51200 bytes
12652: 21:45:36.429 - Per peer bandwidth limit
12652: 21:45:36.429 - Transmit Rate Limit: 256 KB/Sec
12652: 21:45:36.429 - Limit period: 200ms
12652: 21:45:36.429 - Limit per period: 52428 bytes
12652: 21:45:36.429 - Max queued data for transmission per peer: 512000 bytes
12652: 21:45:36.429 - Minimum retransmit timeout: 200
12652: 21:45:36.429 - No Maximum retransmit timeout
12652: 21:45:36.429 - Minimum ENet timeout: 5000ms
12652: 21:45:36.429 - Maximum ENet timeout: 30000ms
12652: 21:45:36.429 - Max Inbound Reliable Data Queued (awaiting resends of earlier sequence numbers) per peer : 163840 bytes
12652: 21:45:36.429 - No RTT ACK adjustment timeout
12652: 21:45:36.429 - Outbound ENet: MaxInboundMessageSize: 512000
12652: 21:45:36.429 - Outbound ENet: MaxOutboundMessageSize: 512000
12652: 21:45:36.434 - GetRuntime - About to load CLR - versions available:
12652: 21:45:36.434 - v2.0.50727
12652: 21:45:36.434 - v4.0.30319
12652: 21:45:36.434 - Configuration requests: "v2.0.50727"
12652: 21:45:36.434 - About to load version: "v2.0.50727"
12652: 21:45:36.455 - About to load runtime: PhotonHostRuntime.PhotonDomainManager from PhotonHostRuntime, Culture=neutral, PublicKeyToken=02C301B61B060C4D
12652: 21:45:36.455 - CLRBaseDirectory set to "D:\Work\Photon-OnPremise-Server-SDK_v4-0-29-11263\deploy"
12652: 21:45:36.455 - Optimising event broadcast for 20 or more peers
12652: 21:45:36.457 - Start: About to load CLR - versions available:
12652: 21:45:36.457 - v2.0.50727
12652: 21:45:36.457 - v4.0.30319
12652: 21:45:36.457 - No preference in configuration file, will load latest.
12652: 21:45:36.457 - About to load version: "v4.0.30319"
12652: 21:45:36.458 - Loaded version: "v4.0.30319"
12652: 21:45:36.567 - Photon host runtime loaded
12652: 21:45:38.438 - License is valid.
12652: 21:45:38.438 - Licensed for 100 concurrent connections.
12652: 21:45:38.438 - ENet: Max Reliable Data In Transit (awaiting ACKs) per peer : 51200 bytes
12652: 21:45:38.438 - ENet: Per peer bandwidth limit
12652: 21:45:38.438 - ENet: Transmit Rate Limit: 256 KB/Sec
12652: 21:45:38.438 - ENet: Limit period: 200ms
12652: 21:45:38.438 - ENet: Limit per period: 52428 bytes
12652: 21:45:38.438 - ENet: Max queued data for transmission per peer: 512000 bytes
12652: 21:45:38.438 - ENet: Minimum retransmit timeout: 200
12652: 21:45:38.438 - No Maximum retransmit timeout
12652: 21:45:38.438 - ENet: Minimum timeout: 5000ms
12652: 21:45:38.438 - ENet: Maximum timeout: 30000ms
12652: 21:45:38.438 - ENet: Max Inbound Reliable Data Queued (awaiting resends of earlier sequence numbers) per peer : 163840 bytes
12652: 21:45:38.438 - No RTT ACK adjustment timeout
12652: 21:45:38.438 - About to load application: SAAServer from SAAServer
12652: 21:45:38.438 - Auto restart is enabled for application, existing connections will be terminated during restart
12652: 21:45:38.438 - Application will restart 1000ms after the last change detected
12652: 21:45:38.438 - Application will restart if files matching the following are changed: "dll;config"
12652: 21:45:38.438 - Application will NOT restart if files matching the following are changed: "log4net.config"
12652: 21:45:38.497 - Taking reference on default app domain
12652: 21:45:38.539 - Application: "SAAServer" started in app domain: 2
12652: 21:45:38.539 - About to load application: CounterPublisher from CounterPublisher
12652: 21:45:38.539 - Auto restart is enabled for application, existing connections will be terminated during restart
12652: 21:45:38.539 - Application will restart 1000ms after the last change detected
12652: 21:45:38.539 - Application will restart if files matching the following are changed: "dll;config"
12652: 21:45:38.539 - Application will NOT restart if files matching the following are changed: "log4net.config"
12652: 21:45:38.589 - Taking reference on default app domain
12652: 21:45:38.794 - Application: "CounterPublisher" started in app domain: 3
12652: 21:45:38.795 - Adding TCP listener on: 0.0.0.0: 4530 with a listen backlog of: 150
12652: 21:45:38.795 - TCP inactivity timeout: 10000ms
12652: 21:45:38.795 - TCP disconnect timeout: 120000ms
12652: 21:45:38.795 - MaxInboundMessageSize: 512000
12652: 21:45:38.795 - MaxOutboundMessageSize: 512000
12652: 21:45:38.795 - Forcing all applications ids to: "SAAServer"
12652: 21:45:38.795 - Serving policy file requests from: "D:\Work\Photon-OnPremise-Server-SDK_v4-0-29-11263\deploy\Policy\assets\socket-policy.xml"
12652: 21:45:38.795 - Adding TCP listener on: 0.0.0.0: 4520 with a listen backlog of: 150
12652: 21:45:38.795 - TCP inactivity timeout: 5000ms
12652: 21:45:38.795 - TCP disconnect timeout: 120000ms
12652: 21:45:38.795 - MaxInboundMessageSize: 512000
12652: 21:45:38.795 - MaxOutboundMessageSize: 512000
12652: 21:45:38.795 - Forcing all applications ids to: "SAAServer"
12652: 21:45:38.795 - MaxInboundMessageSize: 512000
12652: 21:45:38.795 - MaxOutboundMessageSize: 512000
12652: 21:45:38.795 - UDP address specified as: "0.0.0.0" adding listener to each available IPv4 address
12652: 21:45:38.795 - Adding UDP listener on: 192.168.1.3: 7777 with a listen backlog of: 500
12652: 21:45:38.795 - Adding UDP listener on: 127.0.0.1: 7777 with a listen backlog of: 500
12652: 21:45:38.795 - Adding Policy File listener on: 0.0.0.0: 843 with a listen backlog of: 150 and serving Policy File: "D:\Work\Photon-OnPremise-Server-SDK_v4-0-29-11263\deploy\Policy\assets\socket-policy.xml"
12652: 21:45:38.795 - TCP inactivity timeout: 1000ms
12652: 21:45:38.796 - Adding Policy File listener on: 0.0.0.0: 943 with a listen backlog of: 150 and serving Policy File: "D:\Work\Photon-OnPremise-Server-SDK_v4-0-29-11263\deploy\Policy\assets\socket-policy-silverlight.xml"
12652: 21:45:38.796 - TCP inactivity timeout: 1000ms
12652: 21:45:38.809 - Service is running...
3784: 22:01:24.545 - Restarting application: "SAAServer" due to file changes
3784: 22:01:24.545 - Application: "SAAServer" restart request (abort existing connections)
3784: 22:01:24.557 - Failed to restart application: CManagedHost::CreateApplicationInNewAppDomain() - Failed to create new application domain for : "SAAServer" - Can't find SAAServer.dll in D:\Work\Photon-OnPremise-Server-SDK_v4-0-29-11263\deploy\CounterPublisher\bin or D:\Work\Photon-OnPremise-Server-SDK_v4-0-29-11263\deploy\SAAServer\bin
3784: 22:01:25.601 - Restarting application: "SAAServer" due to file changes
3784: 22:01:25.601 - Application: "SAAServer" restart request (abort existing connections)
3784: 22:01:25.698 - Taking reference on default app domain
3784: 22:01:25.892 - Application: "SAAServer" started in app domain: 4
3784: 22:01:26.040 - RequestApplicationStop: 2
3784: 22:01:26.044 - Application: "SAAServer" stopped in app domain: 2 (abort existing connections)
3784: 22:01:26.044 - Application: "SAAServer" restart complete.
9980: 22:01:26.044 - CManagedHost::OnDefaultAction() - OPR_AppDomainUnload - eUnloadAppDomain
13644: 22:01:26.049 - Unloading Domain: ApplicationName = 'SAAServer', DomainId='2'
9980: 22:01:26.050 - CManagedHost::OnDomainUnload() - 2
