16872: 18:21:23.972 - ---
16872: 18:21:23.972 - Service: "Photon Socket Server" starting
16872: 18:21:23.972 - Config File: E:\Photon-OnPremise-Server-SDK_v4-0-29-11263\deploy\bin_Win64\PhotonServer.config
16872: 18:21:23.979 - Will produce at most: 10 crash dumps
16872: 18:21:23.980 - Action: run as exe
16872: 18:21:23.982 - Server Starting...
16872: 18:21:23.982 -    Tick count: 7234671 (wraps in: 49.6265 days)
16872: 18:21:23.982 - Tick count 64: 7234671
16872: 18:21:23.982 - Photon Version: 4.0.28.2962
16872: 18:21:23.982 - PID: 23424
16872: 18:21:23.983 - Config File: E:\Photon-OnPremise-Server-SDK_v4-0-29-11263\deploy\bin_Win64\PhotonServer.config
16872: 18:21:23.984 - Will NOT log unimportant exceptions
16872: 18:21:23.987 - Not using performance counters as they are not currently installed. Run the service with /InstallCounters to install them.
16872: 18:21:23.987 - Shutdown timeout enabled: 30000ms
16872: 18:21:23.987 - Starting I/O thread pool with 2 threads
16872: 18:21:23.987 - Using Standard allocator
16872: 18:21:23.987 - Max message size: 512000
16872: 18:21:23.987 - Starting business logic thread pool with the following settings
16872: 18:21:23.987 - InitialThreads: 4 threads
16872: 18:21:23.987 - MinThreads: 4 threads
16872: 18:21:23.987 - Thread pool is fixed size
16872: 18:21:23.987 - Starting ENet thread pool with the following settings
16872: 18:21:23.987 - InitialThreads: 2 threads
16872: 18:21:23.987 - MinThreads: 2 threads
16872: 18:21:23.987 - Thread pool is fixed size
16872: 18:21:23.987 - OnlyDispatchTimers: False
16872: 18:21:23.987 - S2S: flow control: Max pending writes: 50
16872: 18:21:23.987 - S2S: flow control: Max queued buffers: 200
16872: 18:21:23.987 - S2S: flow control: Max pending writes MUX: 500
16872: 18:21:23.987 - S2S: flow control: Max queued buffers MUX: 2000
16872: 18:21:23.987 - S2S: MaxInboundMessageSize: 512000
16872: 18:21:23.987 - S2S: MaxOutboundMessageSize: 512000
16872: 18:21:23.987 - S2S: No inactivity timeout
16872: 18:21:24.015 - WebSocket S2S: MaxInboundMessageSize: 512000
16872: 18:21:24.015 - WebSocket S2S: MaxOutboundMessageSize: 512000
16872: 18:21:24.015 - WebSocket S2S: No inactivity timeout
16872: 18:21:24.015 - Max Reliable Data In Transit (awaiting ACKs) per peer : 51200 bytes
16872: 18:21:24.015 - Per peer bandwidth limit
16872: 18:21:24.015 - Transmit Rate Limit: 256 KB/Sec
16872: 18:21:24.015 - Limit period: 200ms
16872: 18:21:24.015 - Limit per period: 52428 bytes
16872: 18:21:24.015 - Max queued data for transmission per peer: 512000 bytes
16872: 18:21:24.015 - Minimum retransmit timeout: 200
16872: 18:21:24.015 - No Maximum retransmit timeout
16872: 18:21:24.015 - Minimum ENet timeout: 5000ms
16872: 18:21:24.015 - Maximum ENet timeout: 30000ms
16872: 18:21:24.015 - Max Inbound Reliable Data Queued (awaiting resends of earlier sequence numbers) per peer : 163840 bytes
16872: 18:21:24.015 - No RTT ACK adjustment timeout
16872: 18:21:24.015 - Outbound ENet: MaxInboundMessageSize: 512000
16872: 18:21:24.015 - Outbound ENet: MaxOutboundMessageSize: 512000
16872: 18:21:24.024 - GetRuntime - About to load CLR - versions available:
16872: 18:21:24.024 - v2.0.50727
16872: 18:21:24.024 - v4.0.30319
16872: 18:21:24.024 - Configuration requests: "v2.0.50727"
16872: 18:21:24.024 - About to load version: "v2.0.50727"
16872: 18:21:24.041 - About to load runtime: PhotonHostRuntime.PhotonDomainManager from PhotonHostRuntime, Culture=neutral, PublicKeyToken=02C301B61B060C4D
16872: 18:21:24.042 - CLRBaseDirectory set to "E:\Photon-OnPremise-Server-SDK_v4-0-29-11263\deploy"
16872: 18:21:24.042 - Optimising event broadcast for 20 or more peers
16872: 18:21:24.044 - Start: About to load CLR - versions available:
16872: 18:21:24.044 - v2.0.50727
16872: 18:21:24.044 - v4.0.30319
16872: 18:21:24.044 - No preference in configuration file, will load latest.
16872: 18:21:24.044 - About to load version: "v4.0.30319"
16872: 18:21:24.046 - Loaded version: "v4.0.30319"
16872: 18:21:25.735 - Photon host runtime loaded
16872: 18:21:30.112 - License is valid.
16872: 18:21:30.112 - Licensed for 100 concurrent connections.
16872: 18:21:30.112 - ENet: Max Reliable Data In Transit (awaiting ACKs) per peer : 51200 bytes
16872: 18:21:30.112 - ENet: Per peer bandwidth limit
16872: 18:21:30.112 - ENet: Transmit Rate Limit: 256 KB/Sec
16872: 18:21:30.112 - ENet: Limit period: 200ms
16872: 18:21:30.112 - ENet: Limit per period: 52428 bytes
16872: 18:21:30.112 - ENet: Max queued data for transmission per peer: 512000 bytes
16872: 18:21:30.112 - ENet: Minimum retransmit timeout: 200
16872: 18:21:30.112 - No Maximum retransmit timeout
16872: 18:21:30.112 - ENet: Minimum timeout: 5000ms
16872: 18:21:30.112 - ENet: Maximum timeout: 30000ms
16872: 18:21:30.112 - ENet: Max Inbound Reliable Data Queued (awaiting resends of earlier sequence numbers) per peer : 163840 bytes
16872: 18:21:30.112 - No RTT ACK adjustment timeout
16872: 18:21:30.113 - About to load application: SAAServer from SAAServer
16872: 18:21:30.113 - Auto restart is enabled for application, existing connections will be terminated during restart
16872: 18:21:30.113 - Application will restart 1000ms after the last change detected
16872: 18:21:30.113 - Application will restart if files matching the following are changed: "dll;config"
16872: 18:21:30.113 - Application will NOT restart if files matching the following are changed: "log4net.config"
16872: 18:21:30.487 - Taking reference on default app domain
16872: 18:21:30.611 - Application: "SAAServer" started in app domain: 2
16872: 18:21:30.611 - About to load application: CounterPublisher from CounterPublisher
16872: 18:21:30.611 - Auto restart is enabled for application, existing connections will be terminated during restart
16872: 18:21:30.611 - Application will restart 1000ms after the last change detected
16872: 18:21:30.611 - Application will restart if files matching the following are changed: "dll;config"
16872: 18:21:30.611 - Application will NOT restart if files matching the following are changed: "log4net.config"
16872: 18:21:30.756 - Taking reference on default app domain
16872: 18:21:30.847 - Application: "CounterPublisher" started in app domain: 3
16872: 18:21:30.847 - Adding TCP listener on: 0.0.0.0: 4530 with a listen backlog of: 150
16872: 18:21:30.847 - TCP inactivity timeout: 10000ms
16872: 18:21:30.847 - TCP disconnect timeout: 120000ms
16872: 18:21:30.847 - MaxInboundMessageSize: 512000
16872: 18:21:30.847 - MaxOutboundMessageSize: 512000
16872: 18:21:30.847 - Forcing all applications ids to: "SAAServer"
16872: 18:21:30.848 - Serving policy file requests from: "E:\Photon-OnPremise-Server-SDK_v4-0-29-11263\deploy\Policy\assets\socket-policy.xml"
16872: 18:21:30.848 - Adding TCP listener on: 0.0.0.0: 4520 with a listen backlog of: 150
16872: 18:21:30.848 - TCP inactivity timeout: 5000ms
16872: 18:21:30.848 - TCP disconnect timeout: 120000ms
16872: 18:21:30.848 - MaxInboundMessageSize: 512000
16872: 18:21:30.848 - MaxOutboundMessageSize: 512000
16872: 18:21:30.848 - Forcing all applications ids to: "SAAServer"
16872: 18:21:30.848 - MaxInboundMessageSize: 512000
16872: 18:21:30.848 - MaxOutboundMessageSize: 512000
16872: 18:21:30.848 - UDP address specified as: "0.0.0.0" adding listener to each available IPv4 address
16872: 18:21:30.849 - Adding UDP listener on: 192.168.50.193: 7777 with a listen backlog of: 500
16872: 18:21:30.849 - Adding UDP listener on: 127.0.0.1: 7777 with a listen backlog of: 500
16872: 18:21:30.849 - Adding Policy File listener on: 0.0.0.0: 843 with a listen backlog of: 150 and serving Policy File: "E:\Photon-OnPremise-Server-SDK_v4-0-29-11263\deploy\Policy\assets\socket-policy.xml"
16872: 18:21:30.849 - TCP inactivity timeout: 1000ms
16872: 18:21:30.850 - Adding Policy File listener on: 0.0.0.0: 943 with a listen backlog of: 150 and serving Policy File: "E:\Photon-OnPremise-Server-SDK_v4-0-29-11263\deploy\Policy\assets\socket-policy-silverlight.xml"
16872: 18:21:30.850 - TCP inactivity timeout: 1000ms
16872: 18:21:30.893 - Service is running...
16872: 18:21:42.118 - Service is stopped...
16872: 18:21:42.118 - Server shutting down...
16872: 18:21:42.118 - Shutdown monitoring enabled, 30000ms before process abort
16872: 18:21:42.118 - Notifying CLR applications of shutdown...
16872: 18:21:42.118 - RequestApplicationStop: 3
16872: 18:21:42.124 - RequestApplicationStop: 2
16872: 18:21:42.126 - RequestStop: defalt app domain
16872: 18:21:42.128 - Shutting down WebSocket Outbound Connection Manager...
16872: 18:21:42.128 - Shutting down TCP Outbound Connection Manager...
16872: 18:21:42.128 - Shutting down ENet Outbound Connection Manager...
16872: 18:21:42.128 - Disconnecting all outbound peers...
16872: 18:21:42.128 - Shutting down ENet host...
16872: 18:21:42.128 - Disconnecting all peers...
16872: 18:21:42.128 - Shutting down socket servers...
16872: 18:21:42.128 - Shutting down ENet thread pool...
16872: 18:21:42.128 - Shutting down TCP inactivity timers...
16872: 18:21:42.129 - WaitingForShutdownToComplete: NativePolicy:0.0.0.0:843
16872: 18:21:42.129 - OnShutdownCompleted: NativePolicy:0.0.0.0:843
16872: 18:21:42.129 - WaitingForShutdownToComplete: NativePolicy:0.0.0.0:943
16872: 18:21:42.129 - OnShutdownCompleted: NativePolicy:0.0.0.0:943
16872: 18:21:42.129 - WaitingForShutdownToComplete: TCP:0.0.0.0:4520
16872: 18:21:42.129 - OnShutdownCompleted: TCP:0.0.0.0:4520
16872: 18:21:42.129 - WaitingForShutdownToComplete: TCP:0.0.0.0:4530
16872: 18:21:42.129 - OnShutdownCompleted: TCP:0.0.0.0:4530
16872: 18:21:42.129 - WaitingForShutdownToComplete: UDP:127.0.0.1:7777
16872: 18:21:42.129 - OnShutdownCompleted: UDP:127.0.0.1:7777
16872: 18:21:42.129 - WaitingForShutdownToComplete: UDP:192.168.50.193:7777
16872: 18:21:42.129 - OnShutdownCompleted: UDP:192.168.50.193:7777
16872: 18:21:42.129 - Shutting down CLR applications...
19736: 18:21:42.134 - CManagedHost::OnDefaultAction() - OPR_AppDomainUnload - eUnloadAppDomain
16872: 18:21:42.154 - Shutting down business logic thread pool...
16872: 18:21:42.154 - Shutting down I/O thread pool...
16872: 18:21:42.154 - Destroying servers
16872: 18:21:42.154 - Destroying WebSocket Outbound Connection Manager
16872: 18:21:42.154 - Destroying TCP Outbound Connection Manager
16872: 18:21:42.154 - Destroying TCP inactivity timer
16872: 18:21:42.154 - Destroying ENet timer wheel
16872: 18:21:42.155 - Destroying ENet host
16872: 18:21:42.155 - Destroying ENet outbound host
16872: 18:21:42.155 - Destroying HTTP inactivity timer
16872: 18:21:42.155 - Destroying HTTP host
16872: 18:21:42.155 - Destroying HTTP Chunk host
16872: 18:21:42.155 - Flushing ENET buffer allocator...
3596: 18:21:42.155 - Unloading Domain: ApplicationName = 'CounterPublisher', DomainId='3'
19736: 18:21:42.155 - CManagedHost::OnDomainUnload() - 3
16872: 18:21:42.156 - Flushing TCP buffer handle allocator...
16872: 18:21:42.156 - Flushing stream socket allocator...
16872: 18:21:42.156 - Flushing inbound datagram socket allocator...
16872: 18:21:42.158 - Flushing outbound datagram socket allocator...
16872: 18:21:42.158 - Destroying CLR dispatcher
16872: 18:21:42.158 - Destroying CLR applications
16872: 18:21:42.158 - ~CCLRApplicationCollection() - Waiting up to 10 seconds for the CLR to release all of our objects
19736: 18:21:42.186 - CManagedHost::OnDefaultAction() - OPR_AppDomainUnload - eUnloadAppDomain
3596: 18:21:42.202 - Unloading Domain: ApplicationName = 'SAAServer', DomainId='2'
19736: 18:21:42.203 - CManagedHost::OnDomainUnload() - 2
16872: 18:21:42.206 - ~CCLRApplicationCollection() - Done. All objects released
16872: 18:21:42.206 - ~CManagedHost() - Release default app domain
16872: 18:21:42.206 - CManagedHost::OnDomainUnload() - 1
16872: 18:21:42.206 - ~CManagedHost() - Waiting up to 10 seconds for CLR shutdown...
16872: 18:21:42.206 - ~CManagedHost
16872: 18:21:42.206 - Destroying ENet thread pool
16872: 18:21:42.206 - Destroying Business logic thread pool
16872: 18:21:42.206 - Destroying I/O thread pool
16872: 18:21:42.207 - Destroying ENet buffer allocator
16872: 18:21:42.207 - Destroying TCP buffer allocator
16872: 18:21:42.207 - Destroying TCP socket allocator
16872: 18:21:42.207 - Destroying ENet inbound socket allocator
16872: 18:21:42.207 - Destroying ENet outbound socket allocator
16872: 18:21:42.207 - Destroying shared datagram flow control data
16872: 18:21:42.207 - Shutdown complete...
16872: 18:21:42.207 - Service shutting down
16872: 18:21:42.211 - Service shut down complete
