10532: 11:55:05.974 - ---
10532: 11:55:05.974 - Service: "Photon Socket Server" starting
10532: 11:55:05.974 - Config File: E:\Photon-OnPremise-Server-SDK_v4-0-29-11263\deploy\bin_Win64\PhotonServer.config
10532: 11:55:05.976 - Will produce at most: 10 crash dumps
10532: 11:55:05.976 - Action: run as exe
10532: 11:55:05.978 - Server Starting...
10532: 11:55:05.978 -    Tick count: 274747671 (wraps in: 46.5303 days)
10532: 11:55:05.978 - Tick count 64: 274747671
10532: 11:55:05.979 - Photon Version: 4.0.28.2962
10532: 11:55:05.979 - PID: 6712
10532: 11:55:05.979 - Config File: E:\Photon-OnPremise-Server-SDK_v4-0-29-11263\deploy\bin_Win64\PhotonServer.config
10532: 11:55:05.979 - Will NOT log unimportant exceptions
10532: 11:55:05.984 - Not using performance counters as they are not currently installed. Run the service with /InstallCounters to install them.
10532: 11:55:05.984 - Shutdown timeout enabled: 30000ms
10532: 11:55:05.985 - Starting I/O thread pool with 2 threads
10532: 11:55:05.986 - Using Standard allocator
10532: 11:55:05.986 - Max message size: 512000
10532: 11:55:05.986 - Starting business logic thread pool with the following settings
10532: 11:55:05.986 - InitialThreads: 4 threads
10532: 11:55:05.986 - MinThreads: 4 threads
10532: 11:55:05.986 - Thread pool is fixed size
10532: 11:55:05.987 - Starting ENet thread pool with the following settings
10532: 11:55:05.987 - InitialThreads: 2 threads
10532: 11:55:05.987 - MinThreads: 2 threads
10532: 11:55:05.987 - Thread pool is fixed size
10532: 11:55:05.987 - OnlyDispatchTimers: False
10532: 11:55:05.987 - S2S: flow control: Max pending writes: 50
10532: 11:55:05.987 - S2S: flow control: Max queued buffers: 200
10532: 11:55:05.987 - S2S: flow control: Max pending writes MUX: 500
10532: 11:55:05.987 - S2S: flow control: Max queued buffers MUX: 2000
10532: 11:55:05.987 - S2S: MaxInboundMessageSize: 512000
10532: 11:55:05.987 - S2S: MaxOutboundMessageSize: 512000
10532: 11:55:05.987 - S2S: No inactivity timeout
10532: 11:55:05.996 - WebSocket S2S: MaxInboundMessageSize: 512000
10532: 11:55:05.996 - WebSocket S2S: MaxOutboundMessageSize: 512000
10532: 11:55:05.996 - WebSocket S2S: No inactivity timeout
10532: 11:55:05.997 - Max Reliable Data In Transit (awaiting ACKs) per peer : 51200 bytes
10532: 11:55:05.997 - Per peer bandwidth limit
10532: 11:55:05.997 - Transmit Rate Limit: 256 KB/Sec
10532: 11:55:05.997 - Limit period: 200ms
10532: 11:55:05.997 - Limit per period: 52428 bytes
10532: 11:55:05.997 - Max queued data for transmission per peer: 512000 bytes
10532: 11:55:05.997 - Minimum retransmit timeout: 200
10532: 11:55:05.997 - No Maximum retransmit timeout
10532: 11:55:05.997 - Minimum ENet timeout: 5000ms
10532: 11:55:05.997 - Maximum ENet timeout: 30000ms
10532: 11:55:05.997 - Max Inbound Reliable Data Queued (awaiting resends of earlier sequence numbers) per peer : 163840 bytes
10532: 11:55:05.997 - No RTT ACK adjustment timeout
10532: 11:55:05.997 - Outbound ENet: MaxInboundMessageSize: 512000
10532: 11:55:05.997 - Outbound ENet: MaxOutboundMessageSize: 512000
10532: 11:55:06.003 - GetRuntime - About to load CLR - versions available:
10532: 11:55:06.003 - v2.0.50727
10532: 11:55:06.003 - v4.0.30319
10532: 11:55:06.003 - Configuration requests: "v2.0.50727"
10532: 11:55:06.003 - About to load version: "v2.0.50727"
10532: 11:55:06.013 - About to load runtime: PhotonHostRuntime.PhotonDomainManager from PhotonHostRuntime, Culture=neutral, PublicKeyToken=02C301B61B060C4D
10532: 11:55:06.013 - CLRBaseDirectory set to "E:\Photon-OnPremise-Server-SDK_v4-0-29-11263\deploy"
10532: 11:55:06.013 - Optimising event broadcast for 20 or more peers
10532: 11:55:06.016 - Start: About to load CLR - versions available:
10532: 11:55:06.016 - v2.0.50727
10532: 11:55:06.016 - v4.0.30319
10532: 11:55:06.016 - No preference in configuration file, will load latest.
10532: 11:55:06.016 - About to load version: "v4.0.30319"
10532: 11:55:06.017 - Loaded version: "v4.0.30319"
10532: 11:55:06.127 - Photon host runtime loaded
10532: 11:55:07.754 - License is valid.
10532: 11:55:07.754 - Licensed for 100 concurrent connections.
10532: 11:55:07.754 - ENet: Max Reliable Data In Transit (awaiting ACKs) per peer : 51200 bytes
10532: 11:55:07.754 - ENet: Per peer bandwidth limit
10532: 11:55:07.754 - ENet: Transmit Rate Limit: 256 KB/Sec
10532: 11:55:07.754 - ENet: Limit period: 200ms
10532: 11:55:07.754 - ENet: Limit per period: 52428 bytes
10532: 11:55:07.754 - ENet: Max queued data for transmission per peer: 512000 bytes
10532: 11:55:07.754 - ENet: Minimum retransmit timeout: 200
10532: 11:55:07.754 - No Maximum retransmit timeout
10532: 11:55:07.754 - ENet: Minimum timeout: 5000ms
10532: 11:55:07.754 - ENet: Maximum timeout: 30000ms
10532: 11:55:07.754 - ENet: Max Inbound Reliable Data Queued (awaiting resends of earlier sequence numbers) per peer : 163840 bytes
10532: 11:55:07.754 - No RTT ACK adjustment timeout
10532: 11:55:07.754 - About to load application: SAAServer from SAAServer
10532: 11:55:07.754 - Auto restart is enabled for application, existing connections will be terminated during restart
10532: 11:55:07.754 - Application will restart 1000ms after the last change detected
10532: 11:55:07.754 - Application will restart if files matching the following are changed: "dll;config"
10532: 11:55:07.754 - Application will NOT restart if files matching the following are changed: "log4net.config"
10532: 11:55:07.824 - Taking reference on default app domain
10532: 11:55:07.875 - Application: "SAAServer" started in app domain: 2
10532: 11:55:07.875 - About to load application: CounterPublisher from CounterPublisher
10532: 11:55:07.875 - Auto restart is enabled for application, existing connections will be terminated during restart
10532: 11:55:07.875 - Application will restart 1000ms after the last change detected
10532: 11:55:07.875 - Application will restart if files matching the following are changed: "dll;config"
10532: 11:55:07.875 - Application will NOT restart if files matching the following are changed: "log4net.config"
10532: 11:55:07.933 - Taking reference on default app domain
10532: 11:55:07.975 - Application: "CounterPublisher" started in app domain: 3
10532: 11:55:07.975 - Adding TCP listener on: 0.0.0.0: 4530 with a listen backlog of: 150
10532: 11:55:07.975 - TCP inactivity timeout: 10000ms
10532: 11:55:07.975 - TCP disconnect timeout: 120000ms
10532: 11:55:07.975 - MaxInboundMessageSize: 512000
10532: 11:55:07.975 - MaxOutboundMessageSize: 512000
10532: 11:55:07.975 - Forcing all applications ids to: "SAAServer"
10532: 11:55:07.975 - Serving policy file requests from: "E:\Photon-OnPremise-Server-SDK_v4-0-29-11263\deploy\Policy\assets\socket-policy.xml"
10532: 11:55:07.975 - Adding TCP listener on: 0.0.0.0: 4520 with a listen backlog of: 150
10532: 11:55:07.975 - TCP inactivity timeout: 5000ms
10532: 11:55:07.975 - TCP disconnect timeout: 120000ms
10532: 11:55:07.975 - MaxInboundMessageSize: 512000
10532: 11:55:07.975 - MaxOutboundMessageSize: 512000
10532: 11:55:07.975 - Forcing all applications ids to: "SAAServer"
10532: 11:55:07.975 - MaxInboundMessageSize: 512000
10532: 11:55:07.975 - MaxOutboundMessageSize: 512000
10532: 11:55:07.975 - UDP address specified as: "0.0.0.0" adding listener to each available IPv4 address
10532: 11:55:07.976 - Adding UDP listener on: 192.168.1.14: 7777 with a listen backlog of: 500
10532: 11:55:07.976 - Adding UDP listener on: 127.0.0.1: 7777 with a listen backlog of: 500
10532: 11:55:07.976 - Adding Policy File listener on: 0.0.0.0: 843 with a listen backlog of: 150 and serving Policy File: "E:\Photon-OnPremise-Server-SDK_v4-0-29-11263\deploy\Policy\assets\socket-policy.xml"
10532: 11:55:07.976 - TCP inactivity timeout: 1000ms
10532: 11:55:07.976 - Adding Policy File listener on: 0.0.0.0: 943 with a listen backlog of: 150 and serving Policy File: "E:\Photon-OnPremise-Server-SDK_v4-0-29-11263\deploy\Policy\assets\socket-policy-silverlight.xml"
10532: 11:55:07.976 - TCP inactivity timeout: 1000ms
10532: 11:55:07.991 - Service is running...
