12100: 06:56:58.647 - ---
12100: 06:56:58.647 - Service: "Photon Socket Server" starting
12100: 06:56:58.648 - Config File: D:\Work\Photon-OnPremise-Server-SDK_v4-0-29-11263\deploy\bin_Win64\PhotonServer.config
12100: 06:56:58.651 - Will produce at most: 10 crash dumps
12100: 06:56:58.651 - Action: run as exe
12100: 06:56:58.652 - Server Starting...
12100: 06:56:58.652 -    Tick count: 951343 (wraps in: 49.6993 days)
12100: 06:56:58.652 - Tick count 64: 951343
12100: 06:56:58.652 - Photon Version: 4.0.28.2962
12100: 06:56:58.652 - PID: 7400
12100: 06:56:58.652 - Config File: D:\Work\Photon-OnPremise-Server-SDK_v4-0-29-11263\deploy\bin_Win64\PhotonServer.config
12100: 06:56:58.653 - Will NOT log unimportant exceptions
12100: 06:56:58.657 - Not using performance counters as they are not currently installed. Run the service with /InstallCounters to install them.
12100: 06:56:58.657 - Shutdown timeout enabled: 30000ms
12100: 06:56:58.657 - Starting I/O thread pool with 2 threads
12100: 06:56:58.658 - Using Standard allocator
12100: 06:56:58.658 - Max message size: 512000
12100: 06:56:58.658 - Starting business logic thread pool with the following settings
12100: 06:56:58.658 - InitialThreads: 4 threads
12100: 06:56:58.658 - MinThreads: 4 threads
12100: 06:56:58.658 - Thread pool is fixed size
12100: 06:56:58.658 - Starting ENet thread pool with the following settings
12100: 06:56:58.658 - InitialThreads: 2 threads
12100: 06:56:58.658 - MinThreads: 2 threads
12100: 06:56:58.658 - Thread pool is fixed size
12100: 06:56:58.658 - OnlyDispatchTimers: False
12100: 06:56:58.658 - S2S: flow control: Max pending writes: 50
12100: 06:56:58.658 - S2S: flow control: Max queued buffers: 200
12100: 06:56:58.658 - S2S: flow control: Max pending writes MUX: 500
12100: 06:56:58.658 - S2S: flow control: Max queued buffers MUX: 2000
12100: 06:56:58.658 - S2S: MaxInboundMessageSize: 512000
12100: 06:56:58.658 - S2S: MaxOutboundMessageSize: 512000
12100: 06:56:58.658 - S2S: No inactivity timeout
12100: 06:56:58.665 - WebSocket S2S: MaxInboundMessageSize: 512000
12100: 06:56:58.665 - WebSocket S2S: MaxOutboundMessageSize: 512000
12100: 06:56:58.665 - WebSocket S2S: No inactivity timeout
12100: 06:56:58.666 - Max Reliable Data In Transit (awaiting ACKs) per peer : 51200 bytes
12100: 06:56:58.666 - Per peer bandwidth limit
12100: 06:56:58.666 - Transmit Rate Limit: 256 KB/Sec
12100: 06:56:58.666 - Limit period: 200ms
12100: 06:56:58.666 - Limit per period: 52428 bytes
12100: 06:56:58.666 - Max queued data for transmission per peer: 512000 bytes
12100: 06:56:58.666 - Minimum retransmit timeout: 200
12100: 06:56:58.666 - No Maximum retransmit timeout
12100: 06:56:58.666 - Minimum ENet timeout: 5000ms
12100: 06:56:58.666 - Maximum ENet timeout: 30000ms
12100: 06:56:58.666 - Max Inbound Reliable Data Queued (awaiting resends of earlier sequence numbers) per peer : 163840 bytes
12100: 06:56:58.666 - No RTT ACK adjustment timeout
12100: 06:56:58.666 - Outbound ENet: MaxInboundMessageSize: 512000
12100: 06:56:58.666 - Outbound ENet: MaxOutboundMessageSize: 512000
12100: 06:56:58.671 - GetRuntime - About to load CLR - versions available:
12100: 06:56:58.671 - v2.0.50727
12100: 06:56:58.671 - v4.0.30319
12100: 06:56:58.671 - Configuration requests: "v2.0.50727"
12100: 06:56:58.671 - About to load version: "v2.0.50727"
12100: 06:56:58.678 - About to load runtime: PhotonHostRuntime.PhotonDomainManager from PhotonHostRuntime, Culture=neutral, PublicKeyToken=02C301B61B060C4D
12100: 06:56:58.678 - CLRBaseDirectory set to "D:\Work\Photon-OnPremise-Server-SDK_v4-0-29-11263\deploy"
12100: 06:56:58.678 - Optimising event broadcast for 20 or more peers
12100: 06:56:58.680 - Start: About to load CLR - versions available:
12100: 06:56:58.680 - v2.0.50727
12100: 06:56:58.680 - v4.0.30319
12100: 06:56:58.680 - No preference in configuration file, will load latest.
12100: 06:56:58.680 - About to load version: "v4.0.30319"
12100: 06:56:58.681 - Loaded version: "v4.0.30319"
12100: 06:56:58.784 - Photon host runtime loaded
12100: 06:57:00.528 - License is valid.
12100: 06:57:00.528 - Licensed for 100 concurrent connections.
12100: 06:57:00.528 - ENet: Max Reliable Data In Transit (awaiting ACKs) per peer : 51200 bytes
12100: 06:57:00.528 - ENet: Per peer bandwidth limit
12100: 06:57:00.528 - ENet: Transmit Rate Limit: 256 KB/Sec
12100: 06:57:00.528 - ENet: Limit period: 200ms
12100: 06:57:00.528 - ENet: Limit per period: 52428 bytes
12100: 06:57:00.528 - ENet: Max queued data for transmission per peer: 512000 bytes
12100: 06:57:00.528 - ENet: Minimum retransmit timeout: 200
12100: 06:57:00.528 - No Maximum retransmit timeout
12100: 06:57:00.528 - ENet: Minimum timeout: 5000ms
12100: 06:57:00.528 - ENet: Maximum timeout: 30000ms
12100: 06:57:00.528 - ENet: Max Inbound Reliable Data Queued (awaiting resends of earlier sequence numbers) per peer : 163840 bytes
12100: 06:57:00.528 - No RTT ACK adjustment timeout
12100: 06:57:00.529 - About to load application: SAAServer from SAAServer
12100: 06:57:00.529 - Auto restart is enabled for application, existing connections will be terminated during restart
12100: 06:57:00.529 - Application will restart 1000ms after the last change detected
12100: 06:57:00.529 - Application will restart if files matching the following are changed: "dll;config"
12100: 06:57:00.529 - Application will NOT restart if files matching the following are changed: "log4net.config"
12100: 06:57:00.582 - Taking reference on default app domain
12100: 06:57:00.620 - Application: "SAAServer" started in app domain: 2
12100: 06:57:00.620 - About to load application: CounterPublisher from CounterPublisher
12100: 06:57:00.620 - Auto restart is enabled for application, existing connections will be terminated during restart
12100: 06:57:00.620 - Application will restart 1000ms after the last change detected
12100: 06:57:00.620 - Application will restart if files matching the following are changed: "dll;config"
12100: 06:57:00.620 - Application will NOT restart if files matching the following are changed: "log4net.config"
12100: 06:57:00.670 - Taking reference on default app domain
12100: 06:57:00.702 - Application: "CounterPublisher" started in app domain: 3
12100: 06:57:00.703 - Adding TCP listener on: 0.0.0.0: 4530 with a listen backlog of: 150
12100: 06:57:00.703 - TCP inactivity timeout: 10000ms
12100: 06:57:00.703 - TCP disconnect timeout: 120000ms
12100: 06:57:00.703 - MaxInboundMessageSize: 512000
12100: 06:57:00.703 - MaxOutboundMessageSize: 512000
12100: 06:57:00.703 - Forcing all applications ids to: "SAAServer"
12100: 06:57:00.703 - Serving policy file requests from: "D:\Work\Photon-OnPremise-Server-SDK_v4-0-29-11263\deploy\Policy\assets\socket-policy.xml"
12100: 06:57:00.703 - Adding TCP listener on: 0.0.0.0: 4520 with a listen backlog of: 150
12100: 06:57:00.703 - TCP inactivity timeout: 5000ms
12100: 06:57:00.703 - TCP disconnect timeout: 120000ms
12100: 06:57:00.703 - MaxInboundMessageSize: 512000
12100: 06:57:00.703 - MaxOutboundMessageSize: 512000
12100: 06:57:00.703 - Forcing all applications ids to: "SAAServer"
12100: 06:57:00.703 - MaxInboundMessageSize: 512000
12100: 06:57:00.703 - MaxOutboundMessageSize: 512000
12100: 06:57:00.703 - UDP address specified as: "0.0.0.0" adding listener to each available IPv4 address
12100: 06:57:00.703 - Adding UDP listener on: 192.168.1.4: 7777 with a listen backlog of: 500
12100: 06:57:00.703 - Adding UDP listener on: 127.0.0.1: 7777 with a listen backlog of: 500
12100: 06:57:00.703 - Adding Policy File listener on: 0.0.0.0: 843 with a listen backlog of: 150 and serving Policy File: "D:\Work\Photon-OnPremise-Server-SDK_v4-0-29-11263\deploy\Policy\assets\socket-policy.xml"
12100: 06:57:00.703 - TCP inactivity timeout: 1000ms
12100: 06:57:00.704 - Adding Policy File listener on: 0.0.0.0: 943 with a listen backlog of: 150 and serving Policy File: "D:\Work\Photon-OnPremise-Server-SDK_v4-0-29-11263\deploy\Policy\assets\socket-policy-silverlight.xml"
12100: 06:57:00.704 - TCP inactivity timeout: 1000ms
12100: 06:57:00.717 - Service is running...
12100: 08:11:53.169 - Service is stopped...
12100: 08:11:53.169 - Server shutting down...
12100: 08:11:53.169 - Shutdown monitoring enabled, 30000ms before process abort
12100: 08:11:53.169 - Notifying CLR applications of shutdown...
12100: 08:11:53.169 - RequestApplicationStop: 3
12100: 08:11:53.172 - RequestApplicationStop: 2
12100: 08:11:53.173 - RequestStop: defalt app domain
12100: 08:11:53.174 - Shutting down WebSocket Outbound Connection Manager...
12100: 08:11:53.174 - Shutting down TCP Outbound Connection Manager...
12100: 08:11:53.174 - Shutting down ENet Outbound Connection Manager...
12100: 08:11:53.174 - Disconnecting all outbound peers...
12100: 08:11:53.174 - Shutting down ENet host...
12100: 08:11:53.174 - Disconnecting all peers...
12100: 08:11:53.174 - Shutting down socket servers...
12100: 08:11:53.174 - Shutting down ENet thread pool...
12100: 08:11:53.174 - Shutting down TCP inactivity timers...
12100: 08:11:53.175 - WaitingForShutdownToComplete: NativePolicy:0.0.0.0:843
12100: 08:11:53.175 - OnShutdownCompleted: NativePolicy:0.0.0.0:843
12100: 08:11:53.175 - WaitingForShutdownToComplete: NativePolicy:0.0.0.0:943
12100: 08:11:53.175 - OnShutdownCompleted: NativePolicy:0.0.0.0:943
12100: 08:11:53.175 - WaitingForShutdownToComplete: TCP:0.0.0.0:4520
12100: 08:11:53.175 - OnShutdownCompleted: TCP:0.0.0.0:4520
12100: 08:11:53.175 - WaitingForShutdownToComplete: TCP:0.0.0.0:4530
12100: 08:11:53.175 - OnShutdownCompleted: TCP:0.0.0.0:4530
12100: 08:11:53.175 - WaitingForShutdownToComplete: UDP:127.0.0.1:7777
12100: 08:11:53.175 - OnShutdownCompleted: UDP:127.0.0.1:7777
12100: 08:11:53.175 - WaitingForShutdownToComplete: UDP:192.168.1.4:7777
12100: 08:11:53.175 - OnShutdownCompleted: UDP:192.168.1.4:7777
12100: 08:11:53.175 - Shutting down CLR applications...
10968: 08:11:53.176 - CManagedHost::OnDefaultAction() - OPR_AppDomainUnload - eUnloadAppDomain
12100: 08:11:53.178 - Shutting down business logic thread pool...
12100: 08:11:53.178 - Shutting down I/O thread pool...
12100: 08:11:53.179 - Destroying servers
12100: 08:11:53.179 - Destroying WebSocket Outbound Connection Manager
12100: 08:11:53.179 - Destroying TCP Outbound Connection Manager
12100: 08:11:53.179 - Destroying TCP inactivity timer
12100: 08:11:53.179 - Destroying ENet timer wheel
12100: 08:11:53.179 - Destroying ENet host
12100: 08:11:53.179 - Destroying ENet outbound host
12100: 08:11:53.179 - Destroying HTTP inactivity timer
12100: 08:11:53.179 - Destroying HTTP host
12100: 08:11:53.179 - Destroying HTTP Chunk host
12100: 08:11:53.179 - Flushing ENET buffer allocator...
12100: 08:11:53.180 - Flushing TCP buffer handle allocator...
12100: 08:11:53.180 - Flushing stream socket allocator...
12100: 08:11:53.181 - Flushing inbound datagram socket allocator...
12100: 08:11:53.182 - Flushing outbound datagram socket allocator...
12100: 08:11:53.182 - Destroying CLR dispatcher
12100: 08:11:53.182 - Destroying CLR applications
12100: 08:11:53.183 - ~CCLRApplicationCollection() - Waiting up to 10 seconds for the CLR to release all of our objects
2316: 08:11:53.184 - Unloading Domain: ApplicationName = 'CounterPublisher', DomainId='3'
10968: 08:11:53.184 - CManagedHost::OnDomainUnload() - 3
10968: 08:11:53.188 - CManagedHost::OnDefaultAction() - OPR_AppDomainUnload - eUnloadAppDomain
2316: 08:11:53.194 - Unloading Domain: ApplicationName = 'SAAServer', DomainId='2'
10968: 08:11:53.197 - CManagedHost::OnDomainUnload() - 2
12100: 08:11:53.198 - ~CCLRApplicationCollection() - Done. All objects released
12100: 08:11:53.198 - ~CManagedHost() - Release default app domain
12100: 08:11:53.198 - CManagedHost::OnDomainUnload() - 1
12100: 08:11:53.198 - ~CManagedHost() - Waiting up to 10 seconds for CLR shutdown...
12100: 08:11:53.198 - ~CManagedHost
12100: 08:11:53.198 - Destroying ENet thread pool
12100: 08:11:53.198 - Destroying Business logic thread pool
12100: 08:11:53.198 - Destroying I/O thread pool
12100: 08:11:53.198 - Destroying ENet buffer allocator
12100: 08:11:53.198 - Destroying TCP buffer allocator
12100: 08:11:53.198 - Destroying TCP socket allocator
12100: 08:11:53.198 - Destroying ENet inbound socket allocator
12100: 08:11:53.198 - Destroying ENet outbound socket allocator
12100: 08:11:53.198 - Destroying shared datagram flow control data
12100: 08:11:53.199 - Shutdown complete...
12100: 08:11:53.199 - Service shutting down
12100: 08:11:53.201 - Service shut down complete
