8764: 09:24:36.537 - ---
8764: 09:24:36.537 - Service: "Photon Socket Server" starting
8764: 09:24:36.537 - Config File: D:\Work\Photon-OnPremise-Server-SDK_v4-0-29-11263\deploy\bin_Win64\PhotonServer.config
8764: 09:24:36.540 - Will produce at most: 10 crash dumps
8764: 09:24:36.540 - Action: run as exe
8764: 09:24:36.541 - Server Starting...
8764: 09:24:36.541 -    Tick count: 130593937 (wraps in: 48.1988 days)
8764: 09:24:36.541 - Tick count 64: 130593937
8764: 09:24:36.541 - Photon Version: 4.0.28.2962
8764: 09:24:36.541 - PID: 8840
8764: 09:24:36.542 - Config File: D:\Work\Photon-OnPremise-Server-SDK_v4-0-29-11263\deploy\bin_Win64\PhotonServer.config
8764: 09:24:36.542 - Will NOT log unimportant exceptions
8764: 09:24:36.546 - Not using performance counters as they are not currently installed. Run the service with /InstallCounters to install them.
8764: 09:24:36.546 - Shutdown timeout enabled: 30000ms
8764: 09:24:36.547 - Starting I/O thread pool with 2 threads
8764: 09:24:36.547 - Using Standard allocator
8764: 09:24:36.547 - Max message size: 512000
8764: 09:24:36.548 - Starting business logic thread pool with the following settings
8764: 09:24:36.548 - InitialThreads: 4 threads
8764: 09:24:36.548 - MinThreads: 4 threads
8764: 09:24:36.548 - Thread pool is fixed size
8764: 09:24:36.548 - Starting ENet thread pool with the following settings
8764: 09:24:36.548 - InitialThreads: 2 threads
8764: 09:24:36.548 - MinThreads: 2 threads
8764: 09:24:36.548 - Thread pool is fixed size
8764: 09:24:36.548 - OnlyDispatchTimers: False
8764: 09:24:36.548 - S2S: flow control: Max pending writes: 50
8764: 09:24:36.548 - S2S: flow control: Max queued buffers: 200
8764: 09:24:36.548 - S2S: flow control: Max pending writes MUX: 500
8764: 09:24:36.548 - S2S: flow control: Max queued buffers MUX: 2000
8764: 09:24:36.548 - S2S: MaxInboundMessageSize: 512000
8764: 09:24:36.548 - S2S: MaxOutboundMessageSize: 512000
8764: 09:24:36.548 - S2S: No inactivity timeout
8764: 09:24:36.555 - WebSocket S2S: MaxInboundMessageSize: 512000
8764: 09:24:36.555 - WebSocket S2S: MaxOutboundMessageSize: 512000
8764: 09:24:36.555 - WebSocket S2S: No inactivity timeout
8764: 09:24:36.555 - Max Reliable Data In Transit (awaiting ACKs) per peer : 51200 bytes
8764: 09:24:36.555 - Per peer bandwidth limit
8764: 09:24:36.555 - Transmit Rate Limit: 256 KB/Sec
8764: 09:24:36.555 - Limit period: 200ms
8764: 09:24:36.555 - Limit per period: 52428 bytes
8764: 09:24:36.555 - Max queued data for transmission per peer: 512000 bytes
8764: 09:24:36.555 - Minimum retransmit timeout: 200
8764: 09:24:36.555 - No Maximum retransmit timeout
8764: 09:24:36.555 - Minimum ENet timeout: 5000ms
8764: 09:24:36.555 - Maximum ENet timeout: 30000ms
8764: 09:24:36.555 - Max Inbound Reliable Data Queued (awaiting resends of earlier sequence numbers) per peer : 163840 bytes
8764: 09:24:36.555 - No RTT ACK adjustment timeout
8764: 09:24:36.555 - Outbound ENet: MaxInboundMessageSize: 512000
8764: 09:24:36.555 - Outbound ENet: MaxOutboundMessageSize: 512000
8764: 09:24:36.561 - GetRuntime - About to load CLR - versions available:
8764: 09:24:36.561 - v2.0.50727
8764: 09:24:36.561 - v4.0.30319
8764: 09:24:36.561 - Configuration requests: "v2.0.50727"
8764: 09:24:36.561 - About to load version: "v2.0.50727"
8764: 09:24:36.576 - About to load runtime: PhotonHostRuntime.PhotonDomainManager from PhotonHostRuntime, Culture=neutral, PublicKeyToken=02C301B61B060C4D
8764: 09:24:36.576 - CLRBaseDirectory set to "D:\Work\Photon-OnPremise-Server-SDK_v4-0-29-11263\deploy"
8764: 09:24:36.576 - Optimising event broadcast for 20 or more peers
8764: 09:24:36.578 - Start: About to load CLR - versions available:
8764: 09:24:36.578 - v2.0.50727
8764: 09:24:36.578 - v4.0.30319
8764: 09:24:36.578 - No preference in configuration file, will load latest.
8764: 09:24:36.578 - About to load version: "v4.0.30319"
8764: 09:24:36.579 - Loaded version: "v4.0.30319"
8764: 09:24:36.681 - Photon host runtime loaded
8764: 09:24:38.308 - License is valid.
8764: 09:24:38.308 - Licensed for 100 concurrent connections.
8764: 09:24:38.308 - ENet: Max Reliable Data In Transit (awaiting ACKs) per peer : 51200 bytes
8764: 09:24:38.308 - ENet: Per peer bandwidth limit
8764: 09:24:38.308 - ENet: Transmit Rate Limit: 256 KB/Sec
8764: 09:24:38.308 - ENet: Limit period: 200ms
8764: 09:24:38.308 - ENet: Limit per period: 52428 bytes
8764: 09:24:38.308 - ENet: Max queued data for transmission per peer: 512000 bytes
8764: 09:24:38.308 - ENet: Minimum retransmit timeout: 200
8764: 09:24:38.308 - No Maximum retransmit timeout
8764: 09:24:38.308 - ENet: Minimum timeout: 5000ms
8764: 09:24:38.308 - ENet: Maximum timeout: 30000ms
8764: 09:24:38.308 - ENet: Max Inbound Reliable Data Queued (awaiting resends of earlier sequence numbers) per peer : 163840 bytes
8764: 09:24:38.308 - No RTT ACK adjustment timeout
8764: 09:24:38.308 - About to load application: SAAServer from SAAServer
8764: 09:24:38.308 - Auto restart is enabled for application, existing connections will be terminated during restart
8764: 09:24:38.308 - Application will restart 1000ms after the last change detected
8764: 09:24:38.308 - Application will restart if files matching the following are changed: "dll;config"
8764: 09:24:38.308 - Application will NOT restart if files matching the following are changed: "log4net.config"
8764: 09:24:38.366 - Taking reference on default app domain
8764: 09:24:38.409 - Application: "SAAServer" started in app domain: 2
8764: 09:24:38.409 - About to load application: CounterPublisher from CounterPublisher
8764: 09:24:38.409 - Auto restart is enabled for application, existing connections will be terminated during restart
8764: 09:24:38.409 - Application will restart 1000ms after the last change detected
8764: 09:24:38.409 - Application will restart if files matching the following are changed: "dll;config"
8764: 09:24:38.409 - Application will NOT restart if files matching the following are changed: "log4net.config"
8764: 09:24:38.461 - Taking reference on default app domain
8764: 09:24:38.621 - Application: "CounterPublisher" started in app domain: 3
8764: 09:24:38.621 - Adding TCP listener on: 0.0.0.0: 4530 with a listen backlog of: 150
8764: 09:24:38.621 - TCP inactivity timeout: 10000ms
8764: 09:24:38.621 - TCP disconnect timeout: 120000ms
8764: 09:24:38.621 - MaxInboundMessageSize: 512000
8764: 09:24:38.621 - MaxOutboundMessageSize: 512000
8764: 09:24:38.621 - Forcing all applications ids to: "SAAServer"
8764: 09:24:38.621 - Serving policy file requests from: "D:\Work\Photon-OnPremise-Server-SDK_v4-0-29-11263\deploy\Policy\assets\socket-policy.xml"
8764: 09:24:38.622 - Adding TCP listener on: 0.0.0.0: 4520 with a listen backlog of: 150
8764: 09:24:38.622 - TCP inactivity timeout: 5000ms
8764: 09:24:38.622 - TCP disconnect timeout: 120000ms
8764: 09:24:38.622 - MaxInboundMessageSize: 512000
8764: 09:24:38.622 - MaxOutboundMessageSize: 512000
8764: 09:24:38.622 - Forcing all applications ids to: "SAAServer"
8764: 09:24:38.622 - MaxInboundMessageSize: 512000
8764: 09:24:38.622 - MaxOutboundMessageSize: 512000
8764: 09:24:38.622 - UDP address specified as: "0.0.0.0" adding listener to each available IPv4 address
8764: 09:24:38.622 - Adding UDP listener on: 192.168.1.6: 7777 with a listen backlog of: 500
8764: 09:24:38.622 - Adding UDP listener on: 127.0.0.1: 7777 with a listen backlog of: 500
8764: 09:24:38.622 - Adding Policy File listener on: 0.0.0.0: 843 with a listen backlog of: 150 and serving Policy File: "D:\Work\Photon-OnPremise-Server-SDK_v4-0-29-11263\deploy\Policy\assets\socket-policy.xml"
8764: 09:24:38.622 - TCP inactivity timeout: 1000ms
8764: 09:24:38.622 - Adding Policy File listener on: 0.0.0.0: 943 with a listen backlog of: 150 and serving Policy File: "D:\Work\Photon-OnPremise-Server-SDK_v4-0-29-11263\deploy\Policy\assets\socket-policy-silverlight.xml"
8764: 09:24:38.622 - TCP inactivity timeout: 1000ms
8764: 09:24:38.635 - Service is running...
14556: 09:39:59.219 - Restarting application: "SAAServer" due to file changes
14556: 09:39:59.219 - Application: "SAAServer" restart request (abort existing connections)
14556: 09:39:59.230 - Failed to restart application: CManagedHost::CreateApplicationInNewAppDomain() - Failed to create new application domain for : "SAAServer" - Can't find SAAServer.dll in D:\Work\Photon-OnPremise-Server-SDK_v4-0-29-11263\deploy\CounterPublisher\bin or D:\Work\Photon-OnPremise-Server-SDK_v4-0-29-11263\deploy\SAAServer\bin
14556: 09:40:00.334 - Restarting application: "SAAServer" due to file changes
14556: 09:40:00.334 - Application: "SAAServer" restart request (abort existing connections)
14556: 09:40:00.446 - Taking reference on default app domain
14556: 09:40:00.605 - Application: "SAAServer" started in app domain: 4
14556: 09:40:00.776 - RequestApplicationStop: 2
14556: 09:40:00.778 - Application: "SAAServer" stopped in app domain: 2 (abort existing connections)
14556: 09:40:00.778 - Application: "SAAServer" restart complete.
8260: 09:40:00.781 - CManagedHost::OnDefaultAction() - OPR_AppDomainUnload - eUnloadAppDomain
14344: 09:40:00.787 - Unloading Domain: ApplicationName = 'SAAServer', DomainId='2'
8260: 09:40:00.790 - CManagedHost::OnDomainUnload() - 2
14556: 09:42:25.254 - Restarting application: "SAAServer" due to file changes
14556: 09:42:25.254 - Application: "SAAServer" restart request (abort existing connections)
14556: 09:42:25.331 - Taking reference on default app domain
14556: 09:42:25.460 - Application: "SAAServer" started in app domain: 5
14556: 09:42:25.605 - RequestApplicationStop: 4
14556: 09:42:25.609 - Application: "SAAServer" stopped in app domain: 4 (abort existing connections)
14556: 09:42:25.609 - Application: "SAAServer" restart complete.
8260: 09:42:25.609 - CManagedHost::OnDefaultAction() - OPR_AppDomainUnload - eUnloadAppDomain
14344: 09:42:25.614 - Unloading Domain: ApplicationName = 'SAAServer', DomainId='4'
8260: 09:42:25.617 - CManagedHost::OnDomainUnload() - 4
14556: 09:48:21.169 - Restarting application: "SAAServer" due to file changes
14556: 09:48:21.169 - Application: "SAAServer" restart request (abort existing connections)
14556: 09:48:21.254 - Taking reference on default app domain
14556: 09:48:21.386 - Application: "SAAServer" started in app domain: 6
14556: 09:48:21.541 - RequestApplicationStop: 5
14556: 09:48:21.542 - Application: "SAAServer" stopped in app domain: 5 (abort existing connections)
14556: 09:48:21.542 - Application: "SAAServer" restart complete.
8260: 09:48:21.546 - CManagedHost::OnDefaultAction() - OPR_AppDomainUnload - eUnloadAppDomain
14344: 09:48:21.551 - Unloading Domain: ApplicationName = 'SAAServer', DomainId='5'
8260: 09:48:21.554 - CManagedHost::OnDomainUnload() - 5
8764: 09:53:22.898 - Service is stopped...
8764: 09:53:22.898 - Server shutting down...
8764: 09:53:22.898 - Shutdown monitoring enabled, 30000ms before process abort
8764: 09:53:22.898 - Notifying CLR applications of shutdown...
8764: 09:53:22.898 - RequestApplicationStop: 3
8764: 09:53:22.900 - RequestApplicationStop: 6
8764: 09:53:22.901 - RequestStop: defalt app domain
8764: 09:53:22.901 - Shutting down WebSocket Outbound Connection Manager...
8764: 09:53:22.902 - Shutting down TCP Outbound Connection Manager...
8764: 09:53:22.902 - Shutting down ENet Outbound Connection Manager...
8764: 09:53:22.902 - Disconnecting all outbound peers...
8764: 09:53:22.902 - Shutting down ENet host...
8764: 09:53:22.902 - Disconnecting all peers...
8764: 09:53:22.902 - CUDPSocketServer::OnError() - CUDPSocketServer::OnSendToCompletionError(): 在一个非套接字上尝试了一个操作。
8764: 09:53:22.902 - 1 disconnected
8764: 09:53:22.902 - Shutting down socket servers...
8764: 09:53:22.902 - Shutting down ENet thread pool...
8764: 09:53:22.902 - Shutting down TCP inactivity timers...
8764: 09:53:22.902 - ENet Host - Resetting all peers...
8764: 09:53:22.902 - WaitingForShutdownToComplete: NativePolicy:0.0.0.0:843
8764: 09:53:22.902 - OnShutdownCompleted: NativePolicy:0.0.0.0:843
8764: 09:53:22.902 - WaitingForShutdownToComplete: NativePolicy:0.0.0.0:943
8764: 09:53:22.902 - OnShutdownCompleted: NativePolicy:0.0.0.0:943
8764: 09:53:22.902 - WaitingForShutdownToComplete: TCP:0.0.0.0:4520
8764: 09:53:22.902 - OnShutdownCompleted: TCP:0.0.0.0:4520
8764: 09:53:22.902 - WaitingForShutdownToComplete: TCP:0.0.0.0:4530
8764: 09:53:22.902 - OnShutdownCompleted: TCP:0.0.0.0:4530
8764: 09:53:22.902 - WaitingForShutdownToComplete: UDP:127.0.0.1:7777
8764: 09:53:22.902 - OnShutdownCompleted: UDP:127.0.0.1:7777
8764: 09:53:22.902 - WaitingForShutdownToComplete: UDP:192.168.1.6:7777
8764: 09:53:22.902 - OnShutdownCompleted: UDP:192.168.1.6:7777
8764: 09:53:22.902 - Shutting down CLR applications...
8260: 09:53:22.904 - CManagedHost::OnDefaultAction() - OPR_AppDomainUnload - eUnloadAppDomain
8764: 09:53:22.907 - Shutting down business logic thread pool...
8764: 09:53:22.907 - Shutting down I/O thread pool...
8764: 09:53:22.907 - Destroying servers
8764: 09:53:22.907 - Destroying WebSocket Outbound Connection Manager
8764: 09:53:22.907 - Destroying TCP Outbound Connection Manager
8764: 09:53:22.907 - Destroying TCP inactivity timer
8764: 09:53:22.907 - Destroying ENet timer wheel
8764: 09:53:22.907 - Destroying ENet host
8764: 09:53:22.907 - Destroying ENet outbound host
8764: 09:53:22.907 - Destroying HTTP inactivity timer
8764: 09:53:22.907 - Destroying HTTP host
8764: 09:53:22.907 - Destroying HTTP Chunk host
8764: 09:53:22.907 - Flushing ENET buffer allocator...
8764: 09:53:22.908 - Flushing TCP buffer handle allocator...
8764: 09:53:22.908 - Flushing stream socket allocator...
8764: 09:53:22.908 - Flushing inbound datagram socket allocator...
8764: 09:53:22.909 - Flushing outbound datagram socket allocator...
8764: 09:53:22.909 - Destroying CLR dispatcher
8764: 09:53:22.909 - Destroying CLR applications
8764: 09:53:22.909 - ~CCLRApplicationCollection() - Waiting up to 10 seconds for the CLR to release all of our objects
14344: 09:53:22.910 - Unloading Domain: ApplicationName = 'CounterPublisher', DomainId='3'
8260: 09:53:22.911 - CManagedHost::OnDomainUnload() - 3
8260: 09:53:22.912 - CManagedHost::OnDefaultAction() - OPR_AppDomainUnload - eUnloadAppDomain
14344: 09:53:22.918 - Unloading Domain: ApplicationName = 'SAAServer', DomainId='6'
8260: 09:53:22.921 - CManagedHost::OnDomainUnload() - 6
8764: 09:53:22.922 - ~CCLRApplicationCollection() - Done. All objects released
8764: 09:53:22.922 - ~CManagedHost() - Release default app domain
8764: 09:53:22.922 - CManagedHost::OnDomainUnload() - 1
8764: 09:53:22.922 - ~CManagedHost() - Waiting up to 10 seconds for CLR shutdown...
8764: 09:53:22.922 - ~CManagedHost
8764: 09:53:22.922 - Destroying ENet thread pool
8764: 09:53:22.922 - Destroying Business logic thread pool
8764: 09:53:22.922 - Destroying I/O thread pool
8764: 09:53:22.922 - Destroying ENet buffer allocator
8764: 09:53:22.922 - Destroying TCP buffer allocator
8764: 09:53:22.922 - Destroying TCP socket allocator
8764: 09:53:22.922 - Destroying ENet inbound socket allocator
8764: 09:53:22.922 - Destroying ENet outbound socket allocator
8764: 09:53:22.922 - Destroying shared datagram flow control data
8764: 09:53:22.923 - Shutdown complete...
8764: 09:53:22.923 - Service shutting down
8764: 09:53:22.925 - Service shut down complete
14244: 09:53:27.609 - ---
14244: 09:53:27.609 - Service: "Photon Socket Server" starting
14244: 09:53:27.609 - Config File: D:\Work\Photon-OnPremise-Server-SDK_v4-0-29-11263\deploy\bin_Win64\PhotonServer.config
14244: 09:53:27.611 - Will produce at most: 10 crash dumps
14244: 09:53:27.611 - Action: run as exe
14244: 09:53:27.611 - Server Starting...
14244: 09:53:27.611 -    Tick count: 132325000 (wraps in: 48.1787 days)
14244: 09:53:27.611 - Tick count 64: 132325000
14244: 09:53:27.611 - Photon Version: 4.0.28.2962
14244: 09:53:27.611 - PID: 13328
14244: 09:53:27.612 - Config File: D:\Work\Photon-OnPremise-Server-SDK_v4-0-29-11263\deploy\bin_Win64\PhotonServer.config
14244: 09:53:27.612 - Will NOT log unimportant exceptions
14244: 09:53:27.613 - Not using performance counters as they are not currently installed. Run the service with /InstallCounters to install them.
14244: 09:53:27.613 - Shutdown timeout enabled: 30000ms
14244: 09:53:27.613 - Starting I/O thread pool with 2 threads
14244: 09:53:27.613 - Using Standard allocator
14244: 09:53:27.613 - Max message size: 512000
14244: 09:53:27.613 - Starting business logic thread pool with the following settings
14244: 09:53:27.613 - InitialThreads: 4 threads
14244: 09:53:27.613 - MinThreads: 4 threads
14244: 09:53:27.613 - Thread pool is fixed size
14244: 09:53:27.613 - Starting ENet thread pool with the following settings
14244: 09:53:27.613 - InitialThreads: 2 threads
14244: 09:53:27.613 - MinThreads: 2 threads
14244: 09:53:27.613 - Thread pool is fixed size
14244: 09:53:27.613 - OnlyDispatchTimers: False
14244: 09:53:27.614 - S2S: flow control: Max pending writes: 50
14244: 09:53:27.614 - S2S: flow control: Max queued buffers: 200
14244: 09:53:27.614 - S2S: flow control: Max pending writes MUX: 500
14244: 09:53:27.614 - S2S: flow control: Max queued buffers MUX: 2000
14244: 09:53:27.614 - S2S: MaxInboundMessageSize: 512000
14244: 09:53:27.614 - S2S: MaxOutboundMessageSize: 512000
14244: 09:53:27.614 - S2S: No inactivity timeout
14244: 09:53:27.619 - WebSocket S2S: MaxInboundMessageSize: 512000
14244: 09:53:27.619 - WebSocket S2S: MaxOutboundMessageSize: 512000
14244: 09:53:27.619 - WebSocket S2S: No inactivity timeout
14244: 09:53:27.619 - Max Reliable Data In Transit (awaiting ACKs) per peer : 51200 bytes
14244: 09:53:27.619 - Per peer bandwidth limit
14244: 09:53:27.619 - Transmit Rate Limit: 256 KB/Sec
14244: 09:53:27.619 - Limit period: 200ms
14244: 09:53:27.619 - Limit per period: 52428 bytes
14244: 09:53:27.619 - Max queued data for transmission per peer: 512000 bytes
14244: 09:53:27.619 - Minimum retransmit timeout: 200
14244: 09:53:27.619 - No Maximum retransmit timeout
14244: 09:53:27.619 - Minimum ENet timeout: 5000ms
14244: 09:53:27.619 - Maximum ENet timeout: 30000ms
14244: 09:53:27.619 - Max Inbound Reliable Data Queued (awaiting resends of earlier sequence numbers) per peer : 163840 bytes
14244: 09:53:27.619 - No RTT ACK adjustment timeout
14244: 09:53:27.619 - Outbound ENet: MaxInboundMessageSize: 512000
14244: 09:53:27.619 - Outbound ENet: MaxOutboundMessageSize: 512000
14244: 09:53:27.621 - GetRuntime - About to load CLR - versions available:
14244: 09:53:27.621 - v2.0.50727
14244: 09:53:27.621 - v4.0.30319
14244: 09:53:27.621 - Configuration requests: "v2.0.50727"
14244: 09:53:27.621 - About to load version: "v2.0.50727"
14244: 09:53:27.624 - About to load runtime: PhotonHostRuntime.PhotonDomainManager from PhotonHostRuntime, Culture=neutral, PublicKeyToken=02C301B61B060C4D
14244: 09:53:27.624 - CLRBaseDirectory set to "D:\Work\Photon-OnPremise-Server-SDK_v4-0-29-11263\deploy"
14244: 09:53:27.624 - Optimising event broadcast for 20 or more peers
14244: 09:53:27.625 - Start: About to load CLR - versions available:
14244: 09:53:27.625 - v2.0.50727
14244: 09:53:27.625 - v4.0.30319
14244: 09:53:27.625 - No preference in configuration file, will load latest.
14244: 09:53:27.625 - About to load version: "v4.0.30319"
14244: 09:53:27.626 - Loaded version: "v4.0.30319"
14244: 09:53:27.723 - Photon host runtime loaded
14244: 09:53:29.413 - License is valid.
14244: 09:53:29.413 - Licensed for 100 concurrent connections.
14244: 09:53:29.413 - ENet: Max Reliable Data In Transit (awaiting ACKs) per peer : 51200 bytes
14244: 09:53:29.413 - ENet: Per peer bandwidth limit
14244: 09:53:29.413 - ENet: Transmit Rate Limit: 256 KB/Sec
14244: 09:53:29.413 - ENet: Limit period: 200ms
14244: 09:53:29.413 - ENet: Limit per period: 52428 bytes
14244: 09:53:29.413 - ENet: Max queued data for transmission per peer: 512000 bytes
14244: 09:53:29.413 - ENet: Minimum retransmit timeout: 200
14244: 09:53:29.413 - No Maximum retransmit timeout
14244: 09:53:29.413 - ENet: Minimum timeout: 5000ms
14244: 09:53:29.413 - ENet: Maximum timeout: 30000ms
14244: 09:53:29.413 - ENet: Max Inbound Reliable Data Queued (awaiting resends of earlier sequence numbers) per peer : 163840 bytes
14244: 09:53:29.413 - No RTT ACK adjustment timeout
14244: 09:53:29.413 - About to load application: SAAServer from SAAServer
14244: 09:53:29.413 - Auto restart is enabled for application, existing connections will be terminated during restart
14244: 09:53:29.413 - Application will restart 1000ms after the last change detected
14244: 09:53:29.413 - Application will restart if files matching the following are changed: "dll;config"
14244: 09:53:29.413 - Application will NOT restart if files matching the following are changed: "log4net.config"
14244: 09:53:29.461 - Taking reference on default app domain
14244: 09:53:29.487 - Application: "SAAServer" started in app domain: 2
14244: 09:53:29.487 - About to load application: CounterPublisher from CounterPublisher
14244: 09:53:29.487 - Auto restart is enabled for application, existing connections will be terminated during restart
14244: 09:53:29.487 - Application will restart 1000ms after the last change detected
14244: 09:53:29.487 - Application will restart if files matching the following are changed: "dll;config"
14244: 09:53:29.487 - Application will NOT restart if files matching the following are changed: "log4net.config"
14244: 09:53:29.529 - Taking reference on default app domain
14244: 09:53:29.581 - Application: "CounterPublisher" started in app domain: 3
14244: 09:53:29.581 - Adding TCP listener on: 0.0.0.0: 4530 with a listen backlog of: 150
14244: 09:53:29.581 - TCP inactivity timeout: 10000ms
14244: 09:53:29.581 - TCP disconnect timeout: 120000ms
14244: 09:53:29.581 - MaxInboundMessageSize: 512000
14244: 09:53:29.581 - MaxOutboundMessageSize: 512000
14244: 09:53:29.581 - Forcing all applications ids to: "SAAServer"
14244: 09:53:29.581 - Serving policy file requests from: "D:\Work\Photon-OnPremise-Server-SDK_v4-0-29-11263\deploy\Policy\assets\socket-policy.xml"
14244: 09:53:29.581 - Adding TCP listener on: 0.0.0.0: 4520 with a listen backlog of: 150
14244: 09:53:29.581 - TCP inactivity timeout: 5000ms
14244: 09:53:29.581 - TCP disconnect timeout: 120000ms
14244: 09:53:29.581 - MaxInboundMessageSize: 512000
14244: 09:53:29.581 - MaxOutboundMessageSize: 512000
14244: 09:53:29.581 - Forcing all applications ids to: "SAAServer"
14244: 09:53:29.581 - MaxInboundMessageSize: 512000
14244: 09:53:29.581 - MaxOutboundMessageSize: 512000
14244: 09:53:29.581 - UDP address specified as: "0.0.0.0" adding listener to each available IPv4 address
14244: 09:53:29.582 - Adding UDP listener on: 192.168.1.6: 7777 with a listen backlog of: 500
14244: 09:53:29.582 - Adding UDP listener on: 127.0.0.1: 7777 with a listen backlog of: 500
14244: 09:53:29.582 - Adding Policy File listener on: 0.0.0.0: 843 with a listen backlog of: 150 and serving Policy File: "D:\Work\Photon-OnPremise-Server-SDK_v4-0-29-11263\deploy\Policy\assets\socket-policy.xml"
14244: 09:53:29.582 - TCP inactivity timeout: 1000ms
14244: 09:53:29.582 - Adding Policy File listener on: 0.0.0.0: 943 with a listen backlog of: 150 and serving Policy File: "D:\Work\Photon-OnPremise-Server-SDK_v4-0-29-11263\deploy\Policy\assets\socket-policy-silverlight.xml"
14244: 09:53:29.582 - TCP inactivity timeout: 1000ms
14244: 09:53:29.595 - Service is running...
8268: 09:57:09.628 - Restarting application: "SAAServer" due to file changes
8268: 09:57:09.628 - Application: "SAAServer" restart request (abort existing connections)
8268: 09:57:09.728 - Taking reference on default app domain
8268: 09:57:09.869 - Application: "SAAServer" started in app domain: 4
8268: 09:57:10.015 - RequestApplicationStop: 2
8268: 09:57:10.019 - Application: "SAAServer" stopped in app domain: 2 (abort existing connections)
8268: 09:57:10.019 - Application: "SAAServer" restart complete.
5016: 09:57:10.019 - CManagedHost::OnDefaultAction() - OPR_AppDomainUnload - eUnloadAppDomain
11884: 09:57:10.023 - Unloading Domain: ApplicationName = 'SAAServer', DomainId='2'
5016: 09:57:10.026 - CManagedHost::OnDomainUnload() - 2
8268: 10:10:57.586 - Restarting application: "SAAServer" due to file changes
8268: 10:10:57.586 - Application: "SAAServer" restart request (abort existing connections)
8268: 10:10:57.733 - Taking reference on default app domain
8268: 10:10:57.874 - Application: "SAAServer" started in app domain: 5
8268: 10:10:58.019 - RequestApplicationStop: 4
8268: 10:10:58.022 - Application: "SAAServer" stopped in app domain: 4 (abort existing connections)
5016: 10:10:58.022 - CManagedHost::OnDefaultAction() - OPR_AppDomainUnload - eUnloadAppDomain
8268: 10:10:58.022 - Application: "SAAServer" restart complete.
11884: 10:10:58.027 - Unloading Domain: ApplicationName = 'SAAServer', DomainId='4'
5016: 10:10:58.028 - CManagedHost::OnDomainUnload() - 4
8268: 10:15:09.428 - Restarting application: "SAAServer" due to file changes
8268: 10:15:09.428 - Application: "SAAServer" restart request (abort existing connections)
8268: 10:15:09.520 - Taking reference on default app domain
8268: 10:15:09.650 - Application: "SAAServer" started in app domain: 6
8268: 10:15:09.811 - RequestApplicationStop: 5
8268: 10:15:09.813 - Application: "SAAServer" stopped in app domain: 5 (abort existing connections)
8268: 10:15:09.813 - Application: "SAAServer" restart complete.
5016: 10:15:09.816 - CManagedHost::OnDefaultAction() - OPR_AppDomainUnload - eUnloadAppDomain
11884: 10:15:09.820 - Unloading Domain: ApplicationName = 'SAAServer', DomainId='5'
5016: 10:15:09.823 - CManagedHost::OnDomainUnload() - 5
8268: 10:17:24.451 - Restarting application: "SAAServer" due to file changes
8268: 10:17:24.451 - Application: "SAAServer" restart request (abort existing connections)
8268: 10:17:24.547 - Taking reference on default app domain
8268: 10:17:24.695 - Application: "SAAServer" started in app domain: 7
8268: 10:17:24.876 - RequestApplicationStop: 6
8268: 10:17:24.877 - Application: "SAAServer" stopped in app domain: 6 (abort existing connections)
8268: 10:17:24.877 - Application: "SAAServer" restart complete.
5016: 10:17:24.880 - CManagedHost::OnDefaultAction() - OPR_AppDomainUnload - eUnloadAppDomain
11884: 10:17:24.885 - Unloading Domain: ApplicationName = 'SAAServer', DomainId='6'
5016: 10:17:24.888 - CManagedHost::OnDomainUnload() - 6
8268: 10:18:41.665 - Restarting application: "SAAServer" due to file changes
8268: 10:18:41.665 - Application: "SAAServer" restart request (abort existing connections)
8268: 10:18:41.780 - Taking reference on default app domain
8268: 10:18:41.910 - Application: "SAAServer" started in app domain: 8
8268: 10:18:42.095 - RequestApplicationStop: 7
8268: 10:18:42.096 - Application: "SAAServer" stopped in app domain: 7 (abort existing connections)
8268: 10:18:42.096 - Application: "SAAServer" restart complete.
5016: 10:18:42.100 - CManagedHost::OnDefaultAction() - OPR_AppDomainUnload - eUnloadAppDomain
11884: 10:18:42.105 - Unloading Domain: ApplicationName = 'SAAServer', DomainId='7'
5016: 10:18:42.108 - CManagedHost::OnDomainUnload() - 7
8268: 10:21:04.236 - Restarting application: "SAAServer" due to file changes
8268: 10:21:04.236 - Application: "SAAServer" restart request (abort existing connections)
8268: 10:21:04.351 - Taking reference on default app domain
8268: 10:21:04.445 - Application: "SAAServer" started in app domain: 9
8268: 10:21:04.645 - RequestApplicationStop: 8
8268: 10:21:04.647 - Application: "SAAServer" stopped in app domain: 8 (abort existing connections)
8268: 10:21:04.648 - Application: "SAAServer" restart complete.
5016: 10:21:04.652 - CManagedHost::OnDefaultAction() - OPR_AppDomainUnload - eUnloadAppDomain
11884: 10:21:04.657 - Unloading Domain: ApplicationName = 'SAAServer', DomainId='8'
5016: 10:21:04.660 - CManagedHost::OnDomainUnload() - 8
14244: 10:21:48.151 - Service is stopped...
14244: 10:21:48.151 - Server shutting down...
14244: 10:21:48.151 - Shutdown monitoring enabled, 30000ms before process abort
14244: 10:21:48.151 - Notifying CLR applications of shutdown...
14244: 10:21:48.151 - RequestApplicationStop: 3
14244: 10:21:48.153 - RequestApplicationStop: 9
14244: 10:21:48.155 - RequestStop: defalt app domain
14244: 10:21:48.156 - Shutting down WebSocket Outbound Connection Manager...
14244: 10:21:48.156 - Shutting down TCP Outbound Connection Manager...
14244: 10:21:48.156 - Shutting down ENet Outbound Connection Manager...
14244: 10:21:48.156 - Disconnecting all outbound peers...
14244: 10:21:48.156 - Shutting down ENet host...
14244: 10:21:48.156 - Disconnecting all peers...
14244: 10:21:48.156 - CUDPSocketServer::OnError() - CUDPSocketServer::OnSendToCompletionError(): 在一个非套接字上尝试了一个操作。
14244: 10:21:48.156 - 1 disconnected
14244: 10:21:48.156 - Shutting down socket servers...
14244: 10:21:48.156 - Shutting down ENet thread pool...
14244: 10:21:48.156 - Shutting down TCP inactivity timers...
14244: 10:21:48.156 - ENet Host - Resetting all peers...
14244: 10:21:48.156 - WaitingForShutdownToComplete: NativePolicy:0.0.0.0:843
14244: 10:21:48.156 - OnShutdownCompleted: NativePolicy:0.0.0.0:843
14244: 10:21:48.156 - WaitingForShutdownToComplete: NativePolicy:0.0.0.0:943
14244: 10:21:48.156 - OnShutdownCompleted: NativePolicy:0.0.0.0:943
14244: 10:21:48.156 - WaitingForShutdownToComplete: TCP:0.0.0.0:4520
14244: 10:21:48.156 - OnShutdownCompleted: TCP:0.0.0.0:4520
14244: 10:21:48.156 - WaitingForShutdownToComplete: TCP:0.0.0.0:4530
14244: 10:21:48.156 - OnShutdownCompleted: TCP:0.0.0.0:4530
14244: 10:21:48.156 - WaitingForShutdownToComplete: UDP:127.0.0.1:7777
14244: 10:21:48.156 - OnShutdownCompleted: UDP:127.0.0.1:7777
14244: 10:21:48.156 - WaitingForShutdownToComplete: UDP:192.168.1.6:7777
14244: 10:21:48.156 - OnShutdownCompleted: UDP:192.168.1.6:7777
14244: 10:21:48.156 - Shutting down CLR applications...
5016: 10:21:48.158 - CManagedHost::OnDefaultAction() - OPR_AppDomainUnload - eUnloadAppDomain
14244: 10:21:48.162 - Shutting down business logic thread pool...
14244: 10:21:48.162 - Shutting down I/O thread pool...
14244: 10:21:48.162 - Destroying servers
14244: 10:21:48.163 - Destroying WebSocket Outbound Connection Manager
14244: 10:21:48.163 - Destroying TCP Outbound Connection Manager
14244: 10:21:48.163 - Destroying TCP inactivity timer
14244: 10:21:48.163 - Destroying ENet timer wheel
14244: 10:21:48.163 - Destroying ENet host
14244: 10:21:48.163 - Destroying ENet outbound host
14244: 10:21:48.163 - Destroying HTTP inactivity timer
14244: 10:21:48.163 - Destroying HTTP host
14244: 10:21:48.163 - Destroying HTTP Chunk host
14244: 10:21:48.163 - Flushing ENET buffer allocator...
14244: 10:21:48.163 - Flushing TCP buffer handle allocator...
14244: 10:21:48.163 - Flushing stream socket allocator...
14244: 10:21:48.163 - Flushing inbound datagram socket allocator...
14244: 10:21:48.164 - Flushing outbound datagram socket allocator...
14244: 10:21:48.164 - Destroying CLR dispatcher
14244: 10:21:48.164 - Destroying CLR applications
14244: 10:21:48.164 - ~CCLRApplicationCollection() - Waiting up to 10 seconds for the CLR to release all of our objects
11884: 10:21:48.165 - Unloading Domain: ApplicationName = 'CounterPublisher', DomainId='3'
5016: 10:21:48.165 - CManagedHost::OnDomainUnload() - 3
5016: 10:21:48.167 - CManagedHost::OnDefaultAction() - OPR_AppDomainUnload - eUnloadAppDomain
11884: 10:21:48.173 - Unloading Domain: ApplicationName = 'SAAServer', DomainId='9'
5016: 10:21:48.176 - CManagedHost::OnDomainUnload() - 9
14244: 10:21:48.177 - ~CCLRApplicationCollection() - Done. All objects released
14244: 10:21:48.177 - ~CManagedHost() - Release default app domain
14244: 10:21:48.178 - CManagedHost::OnDomainUnload() - 1
14244: 10:21:48.178 - ~CManagedHost() - Waiting up to 10 seconds for CLR shutdown...
14244: 10:21:48.178 - ~CManagedHost
14244: 10:21:48.178 - Destroying ENet thread pool
14244: 10:21:48.178 - Destroying Business logic thread pool
14244: 10:21:48.178 - Destroying I/O thread pool
14244: 10:21:48.178 - Destroying ENet buffer allocator
14244: 10:21:48.178 - Destroying TCP buffer allocator
14244: 10:21:48.178 - Destroying TCP socket allocator
14244: 10:21:48.178 - Destroying ENet inbound socket allocator
14244: 10:21:48.178 - Destroying ENet outbound socket allocator
14244: 10:21:48.178 - Destroying shared datagram flow control data
14244: 10:21:48.178 - Shutdown complete...
14244: 10:21:48.178 - Service shutting down
14244: 10:21:48.180 - Service shut down complete
9048: 10:21:54.717 - ---
9048: 10:21:54.717 - Service: "Photon Socket Server" starting
9048: 10:21:54.717 - Config File: D:\Work\Photon-OnPremise-Server-SDK_v4-0-29-11263\deploy\bin_Win64\PhotonServer.config
9048: 10:21:54.718 - Will produce at most: 10 crash dumps
9048: 10:21:54.718 - Action: run as exe
9048: 10:21:54.719 - Server Starting...
9048: 10:21:54.719 -    Tick count: 134032109 (wraps in: 48.159 days)
9048: 10:21:54.719 - Tick count 64: 134032109
9048: 10:21:54.719 - Photon Version: 4.0.28.2962
9048: 10:21:54.719 - PID: 12172
9048: 10:21:54.719 - Config File: D:\Work\Photon-OnPremise-Server-SDK_v4-0-29-11263\deploy\bin_Win64\PhotonServer.config
9048: 10:21:54.719 - Will NOT log unimportant exceptions
9048: 10:21:54.721 - Not using performance counters as they are not currently installed. Run the service with /InstallCounters to install them.
9048: 10:21:54.721 - Shutdown timeout enabled: 30000ms
9048: 10:21:54.721 - Starting I/O thread pool with 2 threads
9048: 10:21:54.721 - Using Standard allocator
9048: 10:21:54.721 - Max message size: 512000
9048: 10:21:54.721 - Starting business logic thread pool with the following settings
9048: 10:21:54.721 - InitialThreads: 4 threads
9048: 10:21:54.721 - MinThreads: 4 threads
9048: 10:21:54.721 - Thread pool is fixed size
9048: 10:21:54.721 - Starting ENet thread pool with the following settings
9048: 10:21:54.721 - InitialThreads: 2 threads
9048: 10:21:54.721 - MinThreads: 2 threads
9048: 10:21:54.721 - Thread pool is fixed size
9048: 10:21:54.721 - OnlyDispatchTimers: False
9048: 10:21:54.721 - S2S: flow control: Max pending writes: 50
9048: 10:21:54.721 - S2S: flow control: Max queued buffers: 200
9048: 10:21:54.721 - S2S: flow control: Max pending writes MUX: 500
9048: 10:21:54.721 - S2S: flow control: Max queued buffers MUX: 2000
9048: 10:21:54.721 - S2S: MaxInboundMessageSize: 512000
9048: 10:21:54.721 - S2S: MaxOutboundMessageSize: 512000
9048: 10:21:54.721 - S2S: No inactivity timeout
9048: 10:21:54.727 - WebSocket S2S: MaxInboundMessageSize: 512000
9048: 10:21:54.727 - WebSocket S2S: MaxOutboundMessageSize: 512000
9048: 10:21:54.727 - WebSocket S2S: No inactivity timeout
9048: 10:21:54.728 - Max Reliable Data In Transit (awaiting ACKs) per peer : 51200 bytes
9048: 10:21:54.728 - Per peer bandwidth limit
9048: 10:21:54.728 - Transmit Rate Limit: 256 KB/Sec
9048: 10:21:54.728 - Limit period: 200ms
9048: 10:21:54.728 - Limit per period: 52428 bytes
9048: 10:21:54.728 - Max queued data for transmission per peer: 512000 bytes
9048: 10:21:54.728 - Minimum retransmit timeout: 200
9048: 10:21:54.728 - No Maximum retransmit timeout
9048: 10:21:54.728 - Minimum ENet timeout: 5000ms
9048: 10:21:54.728 - Maximum ENet timeout: 30000ms
9048: 10:21:54.728 - Max Inbound Reliable Data Queued (awaiting resends of earlier sequence numbers) per peer : 163840 bytes
9048: 10:21:54.728 - No RTT ACK adjustment timeout
9048: 10:21:54.728 - Outbound ENet: MaxInboundMessageSize: 512000
9048: 10:21:54.728 - Outbound ENet: MaxOutboundMessageSize: 512000
9048: 10:21:54.729 - GetRuntime - About to load CLR - versions available:
9048: 10:21:54.729 - v2.0.50727
9048: 10:21:54.729 - v4.0.30319
9048: 10:21:54.729 - Configuration requests: "v2.0.50727"
9048: 10:21:54.729 - About to load version: "v2.0.50727"
9048: 10:21:54.733 - About to load runtime: PhotonHostRuntime.PhotonDomainManager from PhotonHostRuntime, Culture=neutral, PublicKeyToken=02C301B61B060C4D
9048: 10:21:54.733 - CLRBaseDirectory set to "D:\Work\Photon-OnPremise-Server-SDK_v4-0-29-11263\deploy"
9048: 10:21:54.733 - Optimising event broadcast for 20 or more peers
9048: 10:21:54.734 - Start: About to load CLR - versions available:
9048: 10:21:54.734 - v2.0.50727
9048: 10:21:54.734 - v4.0.30319
9048: 10:21:54.734 - No preference in configuration file, will load latest.
9048: 10:21:54.734 - About to load version: "v4.0.30319"
9048: 10:21:54.735 - Loaded version: "v4.0.30319"
9048: 10:21:54.845 - Photon host runtime loaded
9048: 10:21:56.524 - License is valid.
9048: 10:21:56.524 - Licensed for 100 concurrent connections.
9048: 10:21:56.524 - ENet: Max Reliable Data In Transit (awaiting ACKs) per peer : 51200 bytes
9048: 10:21:56.524 - ENet: Per peer bandwidth limit
9048: 10:21:56.524 - ENet: Transmit Rate Limit: 256 KB/Sec
9048: 10:21:56.524 - ENet: Limit period: 200ms
9048: 10:21:56.524 - ENet: Limit per period: 52428 bytes
9048: 10:21:56.524 - ENet: Max queued data for transmission per peer: 512000 bytes
9048: 10:21:56.524 - ENet: Minimum retransmit timeout: 200
9048: 10:21:56.524 - No Maximum retransmit timeout
9048: 10:21:56.524 - ENet: Minimum timeout: 5000ms
9048: 10:21:56.524 - ENet: Maximum timeout: 30000ms
9048: 10:21:56.524 - ENet: Max Inbound Reliable Data Queued (awaiting resends of earlier sequence numbers) per peer : 163840 bytes
9048: 10:21:56.524 - No RTT ACK adjustment timeout
9048: 10:21:56.524 - About to load application: SAAServer from SAAServer
9048: 10:21:56.524 - Auto restart is enabled for application, existing connections will be terminated during restart
9048: 10:21:56.524 - Application will restart 1000ms after the last change detected
9048: 10:21:56.524 - Application will restart if files matching the following are changed: "dll;config"
9048: 10:21:56.524 - Application will NOT restart if files matching the following are changed: "log4net.config"
9048: 10:21:56.579 - Taking reference on default app domain
9048: 10:21:56.616 - Application: "SAAServer" started in app domain: 2
9048: 10:21:56.616 - About to load application: CounterPublisher from CounterPublisher
9048: 10:21:56.616 - Auto restart is enabled for application, existing connections will be terminated during restart
9048: 10:21:56.616 - Application will restart 1000ms after the last change detected
9048: 10:21:56.616 - Application will restart if files matching the following are changed: "dll;config"
9048: 10:21:56.616 - Application will NOT restart if files matching the following are changed: "log4net.config"
9048: 10:21:56.665 - Taking reference on default app domain
9048: 10:21:56.783 - Application: "CounterPublisher" started in app domain: 3
9048: 10:21:56.783 - Adding TCP listener on: 0.0.0.0: 4530 with a listen backlog of: 150
9048: 10:21:56.783 - TCP inactivity timeout: 10000ms
9048: 10:21:56.783 - TCP disconnect timeout: 120000ms
9048: 10:21:56.783 - MaxInboundMessageSize: 512000
9048: 10:21:56.783 - MaxOutboundMessageSize: 512000
9048: 10:21:56.783 - Forcing all applications ids to: "SAAServer"
9048: 10:21:56.784 - Serving policy file requests from: "D:\Work\Photon-OnPremise-Server-SDK_v4-0-29-11263\deploy\Policy\assets\socket-policy.xml"
9048: 10:21:56.784 - Adding TCP listener on: 0.0.0.0: 4520 with a listen backlog of: 150
9048: 10:21:56.784 - TCP inactivity timeout: 5000ms
9048: 10:21:56.784 - TCP disconnect timeout: 120000ms
9048: 10:21:56.784 - MaxInboundMessageSize: 512000
9048: 10:21:56.784 - MaxOutboundMessageSize: 512000
9048: 10:21:56.784 - Forcing all applications ids to: "SAAServer"
9048: 10:21:56.784 - MaxInboundMessageSize: 512000
9048: 10:21:56.784 - MaxOutboundMessageSize: 512000
9048: 10:21:56.784 - UDP address specified as: "0.0.0.0" adding listener to each available IPv4 address
9048: 10:21:56.784 - Adding UDP listener on: 192.168.1.6: 7777 with a listen backlog of: 500
9048: 10:21:56.784 - Adding UDP listener on: 127.0.0.1: 7777 with a listen backlog of: 500
9048: 10:21:56.784 - Adding Policy File listener on: 0.0.0.0: 843 with a listen backlog of: 150 and serving Policy File: "D:\Work\Photon-OnPremise-Server-SDK_v4-0-29-11263\deploy\Policy\assets\socket-policy.xml"
9048: 10:21:56.784 - TCP inactivity timeout: 1000ms
9048: 10:21:56.785 - Adding Policy File listener on: 0.0.0.0: 943 with a listen backlog of: 150 and serving Policy File: "D:\Work\Photon-OnPremise-Server-SDK_v4-0-29-11263\deploy\Policy\assets\socket-policy-silverlight.xml"
9048: 10:21:56.785 - TCP inactivity timeout: 1000ms
9048: 10:21:56.799 - Service is running...
15824: 10:22:06.828 - Restarting application: "SAAServer" due to file changes
15824: 10:22:06.828 - Application: "SAAServer" restart request (abort existing connections)
15824: 10:22:06.917 - Taking reference on default app domain
15824: 10:22:07.067 - Application: "SAAServer" started in app domain: 4
15824: 10:22:07.237 - RequestApplicationStop: 2
15824: 10:22:07.243 - Application: "SAAServer" stopped in app domain: 2 (abort existing connections)
15824: 10:22:07.243 - Application: "SAAServer" restart complete.
16200: 10:22:07.243 - CManagedHost::OnDefaultAction() - OPR_AppDomainUnload - eUnloadAppDomain
14820: 10:22:07.249 - Unloading Domain: ApplicationName = 'SAAServer', DomainId='2'
16200: 10:22:07.249 - CManagedHost::OnDomainUnload() - 2
15824: 10:23:23.111 - Restarting application: "SAAServer" due to file changes
15824: 10:23:23.111 - Application: "SAAServer" restart request (abort existing connections)
15824: 10:23:23.190 - Taking reference on default app domain
15824: 10:23:23.310 - Application: "SAAServer" started in app domain: 5
15824: 10:23:23.458 - RequestApplicationStop: 4
15824: 10:23:23.460 - Application: "SAAServer" stopped in app domain: 4 (abort existing connections)
15824: 10:23:23.460 - Application: "SAAServer" restart complete.
16200: 10:23:23.464 - CManagedHost::OnDefaultAction() - OPR_AppDomainUnload - eUnloadAppDomain
14820: 10:23:23.468 - Unloading Domain: ApplicationName = 'SAAServer', DomainId='4'
16200: 10:23:23.471 - CManagedHost::OnDomainUnload() - 4
15824: 10:26:20.176 - Restarting application: "SAAServer" due to file changes
15824: 10:26:20.176 - Application: "SAAServer" restart request (abort existing connections)
15824: 10:26:20.449 - Taking reference on default app domain
15824: 10:26:20.571 - Application: "SAAServer" started in app domain: 6
15824: 10:26:20.725 - RequestApplicationStop: 5
15824: 10:26:20.726 - Application: "SAAServer" stopped in app domain: 5 (abort existing connections)
15824: 10:26:20.726 - Application: "SAAServer" restart complete.
16200: 10:26:20.730 - CManagedHost::OnDefaultAction() - OPR_AppDomainUnload - eUnloadAppDomain
14820: 10:26:20.734 - Unloading Domain: ApplicationName = 'SAAServer', DomainId='5'
16200: 10:26:20.737 - CManagedHost::OnDomainUnload() - 5
15824: 10:36:26.323 - Restarting application: "SAAServer" due to file changes
15824: 10:36:26.323 - Application: "SAAServer" restart request (abort existing connections)
15824: 10:36:26.436 - Taking reference on default app domain
15824: 10:36:26.575 - Application: "SAAServer" started in app domain: 7
15824: 10:36:26.737 - RequestApplicationStop: 6
15824: 10:36:26.741 - Application: "SAAServer" stopped in app domain: 6 (abort existing connections)
16200: 10:36:26.741 - CManagedHost::OnDefaultAction() - OPR_AppDomainUnload - eUnloadAppDomain
15824: 10:36:26.741 - Application: "SAAServer" restart complete.
14820: 10:36:26.746 - Unloading Domain: ApplicationName = 'SAAServer', DomainId='6'
16200: 10:36:26.749 - CManagedHost::OnDomainUnload() - 6
9048: 10:57:43.146 - Service is stopped...
9048: 10:57:43.146 - Server shutting down...
9048: 10:57:43.146 - Shutdown monitoring enabled, 30000ms before process abort
9048: 10:57:43.146 - Notifying CLR applications of shutdown...
9048: 10:57:43.146 - RequestApplicationStop: 3
9048: 10:57:43.148 - RequestApplicationStop: 7
9048: 10:57:43.149 - RequestStop: defalt app domain
9048: 10:57:43.150 - Shutting down WebSocket Outbound Connection Manager...
9048: 10:57:43.150 - Shutting down TCP Outbound Connection Manager...
9048: 10:57:43.150 - Shutting down ENet Outbound Connection Manager...
9048: 10:57:43.150 - Disconnecting all outbound peers...
9048: 10:57:43.150 - Shutting down ENet host...
9048: 10:57:43.150 - Disconnecting all peers...
9048: 10:57:43.150 - Shutting down socket servers...
9048: 10:57:43.150 - Shutting down ENet thread pool...
9048: 10:57:43.150 - Shutting down TCP inactivity timers...
9048: 10:57:43.150 - WaitingForShutdownToComplete: NativePolicy:0.0.0.0:843
9048: 10:57:43.150 - OnShutdownCompleted: NativePolicy:0.0.0.0:843
9048: 10:57:43.150 - WaitingForShutdownToComplete: NativePolicy:0.0.0.0:943
9048: 10:57:43.150 - OnShutdownCompleted: NativePolicy:0.0.0.0:943
9048: 10:57:43.150 - WaitingForShutdownToComplete: TCP:0.0.0.0:4520
9048: 10:57:43.150 - OnShutdownCompleted: TCP:0.0.0.0:4520
9048: 10:57:43.150 - WaitingForShutdownToComplete: TCP:0.0.0.0:4530
9048: 10:57:43.150 - OnShutdownCompleted: TCP:0.0.0.0:4530
9048: 10:57:43.150 - WaitingForShutdownToComplete: UDP:127.0.0.1:7777
9048: 10:57:43.150 - OnShutdownCompleted: UDP:127.0.0.1:7777
9048: 10:57:43.150 - WaitingForShutdownToComplete: UDP:192.168.1.6:7777
9048: 10:57:43.150 - OnShutdownCompleted: UDP:192.168.1.6:7777
9048: 10:57:43.150 - Shutting down CLR applications...
16200: 10:57:43.151 - CManagedHost::OnDefaultAction() - OPR_AppDomainUnload - eUnloadAppDomain
9048: 10:57:43.154 - Shutting down business logic thread pool...
9048: 10:57:43.154 - Shutting down I/O thread pool...
9048: 10:57:43.154 - Destroying servers
9048: 10:57:43.154 - Destroying WebSocket Outbound Connection Manager
9048: 10:57:43.154 - Destroying TCP Outbound Connection Manager
9048: 10:57:43.154 - Destroying TCP inactivity timer
9048: 10:57:43.154 - Destroying ENet timer wheel
9048: 10:57:43.154 - Destroying ENet host
9048: 10:57:43.154 - Destroying ENet outbound host
9048: 10:57:43.154 - Destroying HTTP inactivity timer
9048: 10:57:43.154 - Destroying HTTP host
9048: 10:57:43.154 - Destroying HTTP Chunk host
9048: 10:57:43.154 - Flushing ENET buffer allocator...
9048: 10:57:43.154 - Flushing TCP buffer handle allocator...
9048: 10:57:43.154 - Flushing stream socket allocator...
9048: 10:57:43.155 - Flushing inbound datagram socket allocator...
9048: 10:57:43.155 - Flushing outbound datagram socket allocator...
9048: 10:57:43.155 - Destroying CLR dispatcher
9048: 10:57:43.155 - Destroying CLR applications
9048: 10:57:43.155 - ~CCLRApplicationCollection() - Waiting up to 10 seconds for the CLR to release all of our objects
14820: 10:57:43.158 - Unloading Domain: ApplicationName = 'CounterPublisher', DomainId='3'
16200: 10:57:43.158 - CManagedHost::OnDomainUnload() - 3
16200: 10:57:43.160 - CManagedHost::OnDefaultAction() - OPR_AppDomainUnload - eUnloadAppDomain
14820: 10:57:43.166 - Unloading Domain: ApplicationName = 'SAAServer', DomainId='7'
16200: 10:57:43.167 - CManagedHost::OnDomainUnload() - 7
9048: 10:57:43.168 - ~CCLRApplicationCollection() - Done. All objects released
9048: 10:57:43.168 - ~CManagedHost() - Release default app domain
9048: 10:57:43.168 - CManagedHost::OnDomainUnload() - 1
9048: 10:57:43.168 - ~CManagedHost() - Waiting up to 10 seconds for CLR shutdown...
9048: 10:57:43.168 - ~CManagedHost
9048: 10:57:43.168 - Destroying ENet thread pool
9048: 10:57:43.168 - Destroying Business logic thread pool
9048: 10:57:43.168 - Destroying I/O thread pool
9048: 10:57:43.168 - Destroying ENet buffer allocator
9048: 10:57:43.168 - Destroying TCP buffer allocator
9048: 10:57:43.168 - Destroying TCP socket allocator
9048: 10:57:43.168 - Destroying ENet inbound socket allocator
9048: 10:57:43.168 - Destroying ENet outbound socket allocator
9048: 10:57:43.168 - Destroying shared datagram flow control data
9048: 10:57:43.168 - Shutdown complete...
9048: 10:57:43.169 - Service shutting down
9048: 10:57:43.170 - Service shut down complete
16440: 20:01:02.218 - ---
16440: 20:01:02.218 - Service: "Photon Socket Server" starting
16440: 20:01:02.218 - Config File: D:\Work\Photon-OnPremise-Server-SDK_v4-0-29-11263\deploy\bin_Win64\PhotonServer.config
16440: 20:01:02.219 - Will produce at most: 10 crash dumps
16440: 20:01:02.219 - Action: run as exe
16440: 20:01:02.220 - Server Starting...
16440: 20:01:02.220 -    Tick count: 168779609 (wraps in: 47.7568 days)
16440: 20:01:02.220 - Tick count 64: 168779609
16440: 20:01:02.220 - Photon Version: 4.0.28.2962
16440: 20:01:02.220 - PID: 14900
16440: 20:01:02.220 - Config File: D:\Work\Photon-OnPremise-Server-SDK_v4-0-29-11263\deploy\bin_Win64\PhotonServer.config
16440: 20:01:02.220 - Will NOT log unimportant exceptions
16440: 20:01:02.222 - Not using performance counters as they are not currently installed. Run the service with /InstallCounters to install them.
16440: 20:01:02.222 - Shutdown timeout enabled: 30000ms
16440: 20:01:02.222 - Starting I/O thread pool with 2 threads
16440: 20:01:02.222 - Using Standard allocator
16440: 20:01:02.222 - Max message size: 512000
16440: 20:01:02.222 - Starting business logic thread pool with the following settings
16440: 20:01:02.222 - InitialThreads: 4 threads
16440: 20:01:02.222 - MinThreads: 4 threads
16440: 20:01:02.222 - Thread pool is fixed size
16440: 20:01:02.222 - Starting ENet thread pool with the following settings
16440: 20:01:02.222 - InitialThreads: 2 threads
16440: 20:01:02.222 - MinThreads: 2 threads
16440: 20:01:02.222 - Thread pool is fixed size
16440: 20:01:02.222 - OnlyDispatchTimers: False
16440: 20:01:02.222 - S2S: flow control: Max pending writes: 50
16440: 20:01:02.222 - S2S: flow control: Max queued buffers: 200
16440: 20:01:02.222 - S2S: flow control: Max pending writes MUX: 500
16440: 20:01:02.222 - S2S: flow control: Max queued buffers MUX: 2000
16440: 20:01:02.222 - S2S: MaxInboundMessageSize: 512000
16440: 20:01:02.222 - S2S: MaxOutboundMessageSize: 512000
16440: 20:01:02.222 - S2S: No inactivity timeout
16440: 20:01:02.228 - WebSocket S2S: MaxInboundMessageSize: 512000
16440: 20:01:02.228 - WebSocket S2S: MaxOutboundMessageSize: 512000
16440: 20:01:02.228 - WebSocket S2S: No inactivity timeout
16440: 20:01:02.228 - Max Reliable Data In Transit (awaiting ACKs) per peer : 51200 bytes
16440: 20:01:02.228 - Per peer bandwidth limit
16440: 20:01:02.228 - Transmit Rate Limit: 256 KB/Sec
16440: 20:01:02.228 - Limit period: 200ms
16440: 20:01:02.228 - Limit per period: 52428 bytes
16440: 20:01:02.228 - Max queued data for transmission per peer: 512000 bytes
16440: 20:01:02.228 - Minimum retransmit timeout: 200
16440: 20:01:02.228 - No Maximum retransmit timeout
16440: 20:01:02.228 - Minimum ENet timeout: 5000ms
16440: 20:01:02.228 - Maximum ENet timeout: 30000ms
16440: 20:01:02.228 - Max Inbound Reliable Data Queued (awaiting resends of earlier sequence numbers) per peer : 163840 bytes
16440: 20:01:02.228 - No RTT ACK adjustment timeout
16440: 20:01:02.228 - Outbound ENet: MaxInboundMessageSize: 512000
16440: 20:01:02.228 - Outbound ENet: MaxOutboundMessageSize: 512000
16440: 20:01:02.230 - GetRuntime - About to load CLR - versions available:
16440: 20:01:02.230 - v2.0.50727
16440: 20:01:02.230 - v4.0.30319
16440: 20:01:02.230 - Configuration requests: "v2.0.50727"
16440: 20:01:02.230 - About to load version: "v2.0.50727"
16440: 20:01:02.236 - About to load runtime: PhotonHostRuntime.PhotonDomainManager from PhotonHostRuntime, Culture=neutral, PublicKeyToken=02C301B61B060C4D
16440: 20:01:02.236 - CLRBaseDirectory set to "D:\Work\Photon-OnPremise-Server-SDK_v4-0-29-11263\deploy"
16440: 20:01:02.236 - Optimising event broadcast for 20 or more peers
16440: 20:01:02.237 - Start: About to load CLR - versions available:
16440: 20:01:02.237 - v2.0.50727
16440: 20:01:02.237 - v4.0.30319
16440: 20:01:02.237 - No preference in configuration file, will load latest.
16440: 20:01:02.237 - About to load version: "v4.0.30319"
16440: 20:01:02.238 - Loaded version: "v4.0.30319"
16440: 20:01:02.335 - Photon host runtime loaded
16440: 20:01:04.772 - License is valid.
16440: 20:01:04.772 - Licensed for 100 concurrent connections.
16440: 20:01:04.772 - ENet: Max Reliable Data In Transit (awaiting ACKs) per peer : 51200 bytes
16440: 20:01:04.772 - ENet: Per peer bandwidth limit
16440: 20:01:04.772 - ENet: Transmit Rate Limit: 256 KB/Sec
16440: 20:01:04.772 - ENet: Limit period: 200ms
16440: 20:01:04.772 - ENet: Limit per period: 52428 bytes
16440: 20:01:04.772 - ENet: Max queued data for transmission per peer: 512000 bytes
16440: 20:01:04.772 - ENet: Minimum retransmit timeout: 200
16440: 20:01:04.772 - No Maximum retransmit timeout
16440: 20:01:04.772 - ENet: Minimum timeout: 5000ms
16440: 20:01:04.773 - ENet: Maximum timeout: 30000ms
16440: 20:01:04.773 - ENet: Max Inbound Reliable Data Queued (awaiting resends of earlier sequence numbers) per peer : 163840 bytes
16440: 20:01:04.773 - No RTT ACK adjustment timeout
16440: 20:01:04.773 - About to load application: SAAServer from SAAServer
16440: 20:01:04.773 - Auto restart is enabled for application, existing connections will be terminated during restart
16440: 20:01:04.773 - Application will restart 1000ms after the last change detected
16440: 20:01:04.773 - Application will restart if files matching the following are changed: "dll;config"
16440: 20:01:04.773 - Application will NOT restart if files matching the following are changed: "log4net.config"
16440: 20:01:04.827 - Taking reference on default app domain
16440: 20:01:04.863 - Application: "SAAServer" started in app domain: 2
16440: 20:01:04.863 - About to load application: CounterPublisher from CounterPublisher
16440: 20:01:04.863 - Auto restart is enabled for application, existing connections will be terminated during restart
16440: 20:01:04.863 - Application will restart 1000ms after the last change detected
16440: 20:01:04.863 - Application will restart if files matching the following are changed: "dll;config"
16440: 20:01:04.863 - Application will NOT restart if files matching the following are changed: "log4net.config"
16440: 20:01:04.908 - Taking reference on default app domain
16440: 20:01:04.938 - Application: "CounterPublisher" started in app domain: 3
16440: 20:01:04.939 - Adding TCP listener on: 0.0.0.0: 4530 with a listen backlog of: 150
16440: 20:01:04.939 - TCP inactivity timeout: 10000ms
16440: 20:01:04.939 - TCP disconnect timeout: 120000ms
16440: 20:01:04.939 - MaxInboundMessageSize: 512000
16440: 20:01:04.939 - MaxOutboundMessageSize: 512000
16440: 20:01:04.939 - Forcing all applications ids to: "SAAServer"
16440: 20:01:04.940 - Serving policy file requests from: "D:\Work\Photon-OnPremise-Server-SDK_v4-0-29-11263\deploy\Policy\assets\socket-policy.xml"
16440: 20:01:04.942 - Adding TCP listener on: 0.0.0.0: 4520 with a listen backlog of: 150
16440: 20:01:04.942 - TCP inactivity timeout: 5000ms
16440: 20:01:04.942 - TCP disconnect timeout: 120000ms
16440: 20:01:04.942 - MaxInboundMessageSize: 512000
16440: 20:01:04.942 - MaxOutboundMessageSize: 512000
16440: 20:01:04.942 - Forcing all applications ids to: "SAAServer"
16440: 20:01:04.942 - MaxInboundMessageSize: 512000
16440: 20:01:04.942 - MaxOutboundMessageSize: 512000
16440: 20:01:04.942 - UDP address specified as: "0.0.0.0" adding listener to each available IPv4 address
16440: 20:01:04.942 - Adding UDP listener on: 192.168.1.6: 7777 with a listen backlog of: 500
16440: 20:01:04.943 - Adding UDP listener on: 127.0.0.1: 7777 with a listen backlog of: 500
16440: 20:01:04.943 - Adding Policy File listener on: 0.0.0.0: 843 with a listen backlog of: 150 and serving Policy File: "D:\Work\Photon-OnPremise-Server-SDK_v4-0-29-11263\deploy\Policy\assets\socket-policy.xml"
16440: 20:01:04.943 - TCP inactivity timeout: 1000ms
16440: 20:01:04.943 - Adding Policy File listener on: 0.0.0.0: 943 with a listen backlog of: 150 and serving Policy File: "D:\Work\Photon-OnPremise-Server-SDK_v4-0-29-11263\deploy\Policy\assets\socket-policy-silverlight.xml"
16440: 20:01:04.943 - TCP inactivity timeout: 1000ms
16440: 20:01:04.958 - Service is running...
14216: 20:02:21.763 - Restarting application: "SAAServer" due to file changes
14216: 20:02:21.763 - Application: "SAAServer" restart request (abort existing connections)
14216: 20:02:21.800 - Taking reference on default app domain
14216: 20:02:21.824 - Application: "SAAServer" started in app domain: 4
14216: 20:02:21.929 - RequestApplicationStop: 2
14216: 20:02:21.934 - Application: "SAAServer" stopped in app domain: 2 (abort existing connections)
14216: 20:02:21.934 - Application: "SAAServer" restart complete.
16852: 20:02:21.934 - CManagedHost::OnDefaultAction() - OPR_AppDomainUnload - eUnloadAppDomain
7984: 20:02:21.938 - Unloading Domain: ApplicationName = 'SAAServer', DomainId='2'
16852: 20:02:21.938 - CManagedHost::OnDomainUnload() - 2
14216: 20:15:42.463 - Restarting application: "SAAServer" due to file changes
14216: 20:15:42.463 - Application: "SAAServer" restart request (abort existing connections)
14216: 20:15:42.503 - Taking reference on default app domain
14216: 20:15:42.530 - Application: "SAAServer" started in app domain: 5
14216: 20:15:42.639 - RequestApplicationStop: 4
14216: 20:15:42.643 - Application: "SAAServer" stopped in app domain: 4 (abort existing connections)
14216: 20:15:42.643 - Application: "SAAServer" restart complete.
16852: 20:15:42.643 - CManagedHost::OnDefaultAction() - OPR_AppDomainUnload - eUnloadAppDomain
7984: 20:15:42.647 - Unloading Domain: ApplicationName = 'SAAServer', DomainId='4'
16852: 20:15:42.650 - CManagedHost::OnDomainUnload() - 4
16440: 21:13:48.470 - Service is stopped...
16440: 21:13:48.470 - Server shutting down...
16440: 21:13:48.470 - Shutdown monitoring enabled, 30000ms before process abort
16440: 21:13:48.470 - Notifying CLR applications of shutdown...
16440: 21:13:48.470 - RequestApplicationStop: 3
16440: 21:13:48.474 - RequestApplicationStop: 5
16440: 21:13:48.475 - RequestStop: defalt app domain
16440: 21:13:48.476 - Shutting down WebSocket Outbound Connection Manager...
16440: 21:13:48.476 - Shutting down TCP Outbound Connection Manager...
16440: 21:13:48.476 - Shutting down ENet Outbound Connection Manager...
16440: 21:13:48.476 - Disconnecting all outbound peers...
16440: 21:13:48.476 - Shutting down ENet host...
16440: 21:13:48.476 - Disconnecting all peers...
16440: 21:13:48.476 - Shutting down socket servers...
16440: 21:13:48.476 - Shutting down ENet thread pool...
16440: 21:13:48.476 - Shutting down TCP inactivity timers...
16440: 21:13:48.476 - WaitingForShutdownToComplete: NativePolicy:0.0.0.0:843
16440: 21:13:48.476 - OnShutdownCompleted: NativePolicy:0.0.0.0:843
16440: 21:13:48.476 - WaitingForShutdownToComplete: NativePolicy:0.0.0.0:943
16440: 21:13:48.476 - OnShutdownCompleted: NativePolicy:0.0.0.0:943
16440: 21:13:48.476 - WaitingForShutdownToComplete: TCP:0.0.0.0:4520
16440: 21:13:48.476 - OnShutdownCompleted: TCP:0.0.0.0:4520
16440: 21:13:48.476 - WaitingForShutdownToComplete: TCP:0.0.0.0:4530
16440: 21:13:48.476 - OnShutdownCompleted: TCP:0.0.0.0:4530
16440: 21:13:48.476 - WaitingForShutdownToComplete: UDP:127.0.0.1:7777
16440: 21:13:48.476 - OnShutdownCompleted: UDP:127.0.0.1:7777
16440: 21:13:48.476 - WaitingForShutdownToComplete: UDP:192.168.1.6:7777
16440: 21:13:48.476 - OnShutdownCompleted: UDP:192.168.1.6:7777
16440: 21:13:48.476 - Shutting down CLR applications...
16852: 21:13:48.477 - CManagedHost::OnDefaultAction() - OPR_AppDomainUnload - eUnloadAppDomain
16440: 21:13:48.480 - Shutting down business logic thread pool...
16440: 21:13:48.480 - Shutting down I/O thread pool...
16440: 21:13:48.480 - Destroying servers
16440: 21:13:48.480 - Destroying WebSocket Outbound Connection Manager
16440: 21:13:48.480 - Destroying TCP Outbound Connection Manager
16440: 21:13:48.480 - Destroying TCP inactivity timer
16440: 21:13:48.480 - Destroying ENet timer wheel
16440: 21:13:48.480 - Destroying ENet host
16440: 21:13:48.480 - Destroying ENet outbound host
16440: 21:13:48.480 - Destroying HTTP inactivity timer
16440: 21:13:48.480 - Destroying HTTP host
16440: 21:13:48.480 - Destroying HTTP Chunk host
16440: 21:13:48.480 - Flushing ENET buffer allocator...
16440: 21:13:48.481 - Flushing TCP buffer handle allocator...
16440: 21:13:48.481 - Flushing stream socket allocator...
16440: 21:13:48.481 - Flushing inbound datagram socket allocator...
16440: 21:13:48.482 - Flushing outbound datagram socket allocator...
16440: 21:13:48.482 - Destroying CLR dispatcher
16440: 21:13:48.482 - Destroying CLR applications
16440: 21:13:48.482 - ~CCLRApplicationCollection() - Waiting up to 10 seconds for the CLR to release all of our objects
7984: 21:13:48.484 - Unloading Domain: ApplicationName = 'CounterPublisher', DomainId='3'
16852: 21:13:48.484 - CManagedHost::OnDomainUnload() - 3
16852: 21:13:48.487 - CManagedHost::OnDefaultAction() - OPR_AppDomainUnload - eUnloadAppDomain
7984: 21:13:48.492 - Unloading Domain: ApplicationName = 'SAAServer', DomainId='5'
16852: 21:13:48.494 - CManagedHost::OnDomainUnload() - 5
16440: 21:13:48.494 - ~CCLRApplicationCollection() - Done. All objects released
16440: 21:13:48.494 - ~CManagedHost() - Release default app domain
16440: 21:13:48.494 - CManagedHost::OnDomainUnload() - 1
16440: 21:13:48.494 - ~CManagedHost() - Waiting up to 10 seconds for CLR shutdown...
16440: 21:13:48.494 - ~CManagedHost
16440: 21:13:48.494 - Destroying ENet thread pool
16440: 21:13:48.494 - Destroying Business logic thread pool
16440: 21:13:48.494 - Destroying I/O thread pool
16440: 21:13:48.494 - Destroying ENet buffer allocator
16440: 21:13:48.494 - Destroying TCP buffer allocator
16440: 21:13:48.494 - Destroying TCP socket allocator
16440: 21:13:48.494 - Destroying ENet inbound socket allocator
16440: 21:13:48.494 - Destroying ENet outbound socket allocator
16440: 21:13:48.494 - Destroying shared datagram flow control data
16440: 21:13:48.496 - Shutdown complete...
16440: 21:13:48.496 - Service shutting down
16440: 21:13:48.498 - Service shut down complete
