9264: 07:21:00.969 - ---
9264: 07:21:00.969 - Service: "Photon Socket Server" starting
9264: 07:21:00.969 - Config File: D:\Work\Photon-OnPremise-Server-SDK_v4-0-29-11263\deploy\bin_Win64\PhotonServer.config
9264: 07:21:00.974 - Will produce at most: 10 crash dumps
9264: 07:21:00.974 - Action: run as exe
9264: 07:21:00.975 - Server Starting...
9264: 07:21:00.975 -    Tick count: 86858671 (wraps in: 48.705 days)
9264: 07:21:00.975 - Tick count 64: 86858671
9264: 07:21:00.975 - Photon Version: 4.0.28.2962
9264: 07:21:00.975 - PID: 2632
9264: 07:21:00.976 - Config File: D:\Work\Photon-OnPremise-Server-SDK_v4-0-29-11263\deploy\bin_Win64\PhotonServer.config
9264: 07:21:00.977 - Will NOT log unimportant exceptions
9264: 07:21:00.982 - Not using performance counters as they are not currently installed. Run the service with /InstallCounters to install them.
9264: 07:21:00.982 - Shutdown timeout enabled: 30000ms
9264: 07:21:00.982 - Starting I/O thread pool with 2 threads
9264: 07:21:00.983 - Using Standard allocator
9264: 07:21:00.983 - Max message size: 512000
9264: 07:21:00.983 - Starting business logic thread pool with the following settings
9264: 07:21:00.983 - InitialThreads: 4 threads
9264: 07:21:00.983 - MinThreads: 4 threads
9264: 07:21:00.983 - Thread pool is fixed size
9264: 07:21:00.984 - Starting ENet thread pool with the following settings
9264: 07:21:00.984 - InitialThreads: 2 threads
9264: 07:21:00.984 - MinThreads: 2 threads
9264: 07:21:00.984 - Thread pool is fixed size
9264: 07:21:00.984 - OnlyDispatchTimers: False
9264: 07:21:00.984 - S2S: flow control: Max pending writes: 50
9264: 07:21:00.984 - S2S: flow control: Max queued buffers: 200
9264: 07:21:00.984 - S2S: flow control: Max pending writes MUX: 500
9264: 07:21:00.984 - S2S: flow control: Max queued buffers MUX: 2000
9264: 07:21:00.984 - S2S: MaxInboundMessageSize: 512000
9264: 07:21:00.984 - S2S: MaxOutboundMessageSize: 512000
9264: 07:21:00.984 - S2S: No inactivity timeout
9264: 07:21:00.994 - WebSocket S2S: MaxInboundMessageSize: 512000
9264: 07:21:00.994 - WebSocket S2S: MaxOutboundMessageSize: 512000
9264: 07:21:00.994 - WebSocket S2S: No inactivity timeout
9264: 07:21:00.994 - Max Reliable Data In Transit (awaiting ACKs) per peer : 51200 bytes
9264: 07:21:00.994 - Per peer bandwidth limit
9264: 07:21:00.994 - Transmit Rate Limit: 256 KB/Sec
9264: 07:21:00.994 - Limit period: 200ms
9264: 07:21:00.994 - Limit per period: 52428 bytes
9264: 07:21:00.994 - Max queued data for transmission per peer: 512000 bytes
9264: 07:21:00.994 - Minimum retransmit timeout: 200
9264: 07:21:00.994 - No Maximum retransmit timeout
9264: 07:21:00.994 - Minimum ENet timeout: 5000ms
9264: 07:21:00.994 - Maximum ENet timeout: 30000ms
9264: 07:21:00.994 - Max Inbound Reliable Data Queued (awaiting resends of earlier sequence numbers) per peer : 163840 bytes
9264: 07:21:00.994 - No RTT ACK adjustment timeout
9264: 07:21:00.994 - Outbound ENet: MaxInboundMessageSize: 512000
9264: 07:21:00.994 - Outbound ENet: MaxOutboundMessageSize: 512000
9264: 07:21:00.999 - GetRuntime - About to load CLR - versions available:
9264: 07:21:00.999 - v2.0.50727
9264: 07:21:00.999 - v4.0.30319
9264: 07:21:00.999 - Configuration requests: "v2.0.50727"
9264: 07:21:00.999 - About to load version: "v2.0.50727"
9264: 07:21:01.021 - About to load runtime: PhotonHostRuntime.PhotonDomainManager from PhotonHostRuntime, Culture=neutral, PublicKeyToken=02C301B61B060C4D
9264: 07:21:01.021 - CLRBaseDirectory set to "D:\Work\Photon-OnPremise-Server-SDK_v4-0-29-11263\deploy"
9264: 07:21:01.021 - Optimising event broadcast for 20 or more peers
9264: 07:21:01.023 - Start: About to load CLR - versions available:
9264: 07:21:01.023 - v2.0.50727
9264: 07:21:01.023 - v4.0.30319
9264: 07:21:01.023 - No preference in configuration file, will load latest.
9264: 07:21:01.023 - About to load version: "v4.0.30319"
9264: 07:21:01.025 - Loaded version: "v4.0.30319"
9264: 07:21:01.146 - Photon host runtime loaded
9264: 07:21:02.909 - License is valid.
9264: 07:21:02.909 - Licensed for 100 concurrent connections.
9264: 07:21:02.909 - ENet: Max Reliable Data In Transit (awaiting ACKs) per peer : 51200 bytes
9264: 07:21:02.909 - ENet: Per peer bandwidth limit
9264: 07:21:02.909 - ENet: Transmit Rate Limit: 256 KB/Sec
9264: 07:21:02.909 - ENet: Limit period: 200ms
9264: 07:21:02.909 - ENet: Limit per period: 52428 bytes
9264: 07:21:02.909 - ENet: Max queued data for transmission per peer: 512000 bytes
9264: 07:21:02.909 - ENet: Minimum retransmit timeout: 200
9264: 07:21:02.909 - No Maximum retransmit timeout
9264: 07:21:02.909 - ENet: Minimum timeout: 5000ms
9264: 07:21:02.909 - ENet: Maximum timeout: 30000ms
9264: 07:21:02.909 - ENet: Max Inbound Reliable Data Queued (awaiting resends of earlier sequence numbers) per peer : 163840 bytes
9264: 07:21:02.909 - No RTT ACK adjustment timeout
9264: 07:21:02.910 - About to load application: SAAServer from SAAServer
9264: 07:21:02.910 - Auto restart is enabled for application, existing connections will be terminated during restart
9264: 07:21:02.910 - Application will restart 1000ms after the last change detected
9264: 07:21:02.910 - Application will restart if files matching the following are changed: "dll;config"
9264: 07:21:02.910 - Application will NOT restart if files matching the following are changed: "log4net.config"
9264: 07:21:02.976 - Taking reference on default app domain
9264: 07:21:03.026 - Application: "SAAServer" started in app domain: 2
9264: 07:21:03.026 - About to load application: CounterPublisher from CounterPublisher
9264: 07:21:03.026 - Auto restart is enabled for application, existing connections will be terminated during restart
9264: 07:21:03.026 - Application will restart 1000ms after the last change detected
9264: 07:21:03.026 - Application will restart if files matching the following are changed: "dll;config"
9264: 07:21:03.026 - Application will NOT restart if files matching the following are changed: "log4net.config"
9264: 07:21:03.086 - Taking reference on default app domain
9264: 07:21:03.131 - Application: "CounterPublisher" started in app domain: 3
9264: 07:21:03.131 - Adding TCP listener on: 0.0.0.0: 4530 with a listen backlog of: 150
9264: 07:21:03.131 - TCP inactivity timeout: 10000ms
9264: 07:21:03.131 - TCP disconnect timeout: 120000ms
9264: 07:21:03.131 - MaxInboundMessageSize: 512000
9264: 07:21:03.131 - MaxOutboundMessageSize: 512000
9264: 07:21:03.131 - Forcing all applications ids to: "SAAServer"
9264: 07:21:03.131 - Serving policy file requests from: "D:\Work\Photon-OnPremise-Server-SDK_v4-0-29-11263\deploy\Policy\assets\socket-policy.xml"
9264: 07:21:03.131 - Adding TCP listener on: 0.0.0.0: 4520 with a listen backlog of: 150
9264: 07:21:03.131 - TCP inactivity timeout: 5000ms
9264: 07:21:03.131 - TCP disconnect timeout: 120000ms
9264: 07:21:03.131 - MaxInboundMessageSize: 512000
9264: 07:21:03.131 - MaxOutboundMessageSize: 512000
9264: 07:21:03.131 - Forcing all applications ids to: "SAAServer"
9264: 07:21:03.131 - MaxInboundMessageSize: 512000
9264: 07:21:03.131 - MaxOutboundMessageSize: 512000
9264: 07:21:03.131 - UDP address specified as: "0.0.0.0" adding listener to each available IPv4 address
9264: 07:21:03.132 - Adding UDP listener on: 192.168.1.11: 7777 with a listen backlog of: 500
9264: 07:21:03.132 - Adding UDP listener on: 127.0.0.1: 7777 with a listen backlog of: 500
9264: 07:21:03.132 - Adding Policy File listener on: 0.0.0.0: 843 with a listen backlog of: 150 and serving Policy File: "D:\Work\Photon-OnPremise-Server-SDK_v4-0-29-11263\deploy\Policy\assets\socket-policy.xml"
9264: 07:21:03.132 - TCP inactivity timeout: 1000ms
9264: 07:21:03.132 - Adding Policy File listener on: 0.0.0.0: 943 with a listen backlog of: 150 and serving Policy File: "D:\Work\Photon-OnPremise-Server-SDK_v4-0-29-11263\deploy\Policy\assets\socket-policy-silverlight.xml"
9264: 07:21:03.132 - TCP inactivity timeout: 1000ms
9264: 07:21:03.148 - Service is running...
9264: 07:48:24.576 - Service is stopped...
9264: 07:48:24.576 - Server shutting down...
9264: 07:48:24.576 - Shutdown monitoring enabled, 30000ms before process abort
9264: 07:48:24.576 - Notifying CLR applications of shutdown...
9264: 07:48:24.576 - RequestApplicationStop: 3
9264: 07:48:24.580 - RequestApplicationStop: 2
9264: 07:48:24.582 - RequestStop: defalt app domain
9264: 07:48:24.583 - Shutting down WebSocket Outbound Connection Manager...
9264: 07:48:24.583 - Shutting down TCP Outbound Connection Manager...
9264: 07:48:24.583 - Shutting down ENet Outbound Connection Manager...
9264: 07:48:24.583 - Disconnecting all outbound peers...
9264: 07:48:24.583 - Shutting down ENet host...
9264: 07:48:24.583 - Disconnecting all peers...
9264: 07:48:24.583 - Shutting down socket servers...
9264: 07:48:24.583 - Shutting down ENet thread pool...
9264: 07:48:24.583 - Shutting down TCP inactivity timers...
9264: 07:48:24.584 - WaitingForShutdownToComplete: NativePolicy:0.0.0.0:843
9264: 07:48:24.584 - OnShutdownCompleted: NativePolicy:0.0.0.0:843
9264: 07:48:24.584 - WaitingForShutdownToComplete: NativePolicy:0.0.0.0:943
9264: 07:48:24.584 - OnShutdownCompleted: NativePolicy:0.0.0.0:943
9264: 07:48:24.584 - WaitingForShutdownToComplete: TCP:0.0.0.0:4520
9264: 07:48:24.584 - OnShutdownCompleted: TCP:0.0.0.0:4520
9264: 07:48:24.584 - WaitingForShutdownToComplete: TCP:0.0.0.0:4530
9264: 07:48:24.584 - OnShutdownCompleted: TCP:0.0.0.0:4530
9264: 07:48:24.584 - WaitingForShutdownToComplete: UDP:127.0.0.1:7777
9264: 07:48:24.584 - OnShutdownCompleted: UDP:127.0.0.1:7777
9264: 07:48:24.584 - WaitingForShutdownToComplete: UDP:192.168.1.11:7777
9264: 07:48:24.584 - OnShutdownCompleted: UDP:192.168.1.11:7777
9264: 07:48:24.584 - Shutting down CLR applications...
16220: 07:48:24.585 - CManagedHost::OnDefaultAction() - OPR_AppDomainUnload - eUnloadAppDomain
9264: 07:48:24.588 - Shutting down business logic thread pool...
9264: 07:48:24.588 - Shutting down I/O thread pool...
9264: 07:48:24.588 - Destroying servers
9264: 07:48:24.588 - Destroying WebSocket Outbound Connection Manager
9264: 07:48:24.588 - Destroying TCP Outbound Connection Manager
9264: 07:48:24.588 - Destroying TCP inactivity timer
9264: 07:48:24.588 - Destroying ENet timer wheel
9264: 07:48:24.589 - Destroying ENet host
9264: 07:48:24.589 - Destroying ENet outbound host
9264: 07:48:24.589 - Destroying HTTP inactivity timer
9264: 07:48:24.589 - Destroying HTTP host
9264: 07:48:24.589 - Destroying HTTP Chunk host
9264: 07:48:24.589 - Flushing ENET buffer allocator...
9264: 07:48:24.590 - Flushing TCP buffer handle allocator...
9264: 07:48:24.590 - Flushing stream socket allocator...
9264: 07:48:24.590 - Flushing inbound datagram socket allocator...
9264: 07:48:24.592 - Flushing outbound datagram socket allocator...
9264: 07:48:24.592 - Destroying CLR dispatcher
9264: 07:48:24.592 - Destroying CLR applications
9264: 07:48:24.592 - ~CCLRApplicationCollection() - Waiting up to 10 seconds for the CLR to release all of our objects
8720: 07:48:24.596 - Unloading Domain: ApplicationName = 'CounterPublisher', DomainId='3'
16220: 07:48:24.596 - CManagedHost::OnDomainUnload() - 3
16220: 07:48:24.601 - CManagedHost::OnDefaultAction() - OPR_AppDomainUnload - eUnloadAppDomain
8720: 07:48:24.608 - Unloading Domain: ApplicationName = 'SAAServer', DomainId='2'
16220: 07:48:24.610 - CManagedHost::OnDomainUnload() - 2
9264: 07:48:24.611 - ~CCLRApplicationCollection() - Done. All objects released
9264: 07:48:24.611 - ~CManagedHost() - Release default app domain
9264: 07:48:24.611 - CManagedHost::OnDomainUnload() - 1
9264: 07:48:24.611 - ~CManagedHost() - Waiting up to 10 seconds for CLR shutdown...
9264: 07:48:24.611 - ~CManagedHost
9264: 07:48:24.611 - Destroying ENet thread pool
9264: 07:48:24.611 - Destroying Business logic thread pool
9264: 07:48:24.611 - Destroying I/O thread pool
9264: 07:48:24.611 - Destroying ENet buffer allocator
9264: 07:48:24.611 - Destroying TCP buffer allocator
9264: 07:48:24.611 - Destroying TCP socket allocator
9264: 07:48:24.611 - Destroying ENet inbound socket allocator
9264: 07:48:24.611 - Destroying ENet outbound socket allocator
9264: 07:48:24.611 - Destroying shared datagram flow control data
9264: 07:48:24.612 - Shutdown complete...
9264: 07:48:24.612 - Service shutting down
9264: 07:48:24.614 - Service shut down complete
