17444: 06:48:07.031 - ---
17444: 06:48:07.031 - Service: "Photon Socket Server" starting
17444: 06:48:07.031 - Config File: E:\Photon-OnPremise-Server-SDK_v4-0-29-11263\deploy\bin_Win64\PhotonServer.config
17444: 06:48:07.034 - Will produce at most: 10 crash dumps
17444: 06:48:07.034 - Action: run as exe
17444: 06:48:07.035 - Server Starting...
17444: 06:48:07.036 -    Tick count: 342080843 (wraps in: 45.751 days)
17444: 06:48:07.036 - Tick count 64: 342080843
17444: 06:48:07.036 - Photon Version: 4.0.28.2962
17444: 06:48:07.036 - PID: 7316
17444: 06:48:07.036 - Config File: E:\Photon-OnPremise-Server-SDK_v4-0-29-11263\deploy\bin_Win64\PhotonServer.config
17444: 06:48:07.037 - Will NOT log unimportant exceptions
17444: 06:48:07.042 - Not using performance counters as they are not currently installed. Run the service with /InstallCounters to install them.
17444: 06:48:07.042 - Shutdown timeout enabled: 30000ms
17444: 06:48:07.043 - Starting I/O thread pool with 2 threads
17444: 06:48:07.044 - Using Standard allocator
17444: 06:48:07.044 - Max message size: 512000
17444: 06:48:07.044 - Starting business logic thread pool with the following settings
17444: 06:48:07.044 - InitialThreads: 4 threads
17444: 06:48:07.044 - MinThreads: 4 threads
17444: 06:48:07.044 - Thread pool is fixed size
17444: 06:48:07.044 - Starting ENet thread pool with the following settings
17444: 06:48:07.044 - InitialThreads: 2 threads
17444: 06:48:07.044 - MinThreads: 2 threads
17444: 06:48:07.044 - Thread pool is fixed size
17444: 06:48:07.044 - OnlyDispatchTimers: False
17444: 06:48:07.045 - S2S: flow control: Max pending writes: 50
17444: 06:48:07.045 - S2S: flow control: Max queued buffers: 200
17444: 06:48:07.045 - S2S: flow control: Max pending writes MUX: 500
17444: 06:48:07.045 - S2S: flow control: Max queued buffers MUX: 2000
17444: 06:48:07.045 - S2S: MaxInboundMessageSize: 512000
17444: 06:48:07.045 - S2S: MaxOutboundMessageSize: 512000
17444: 06:48:07.045 - S2S: No inactivity timeout
17444: 06:48:07.052 - WebSocket S2S: MaxInboundMessageSize: 512000
17444: 06:48:07.052 - WebSocket S2S: MaxOutboundMessageSize: 512000
17444: 06:48:07.052 - WebSocket S2S: No inactivity timeout
17444: 06:48:07.053 - Max Reliable Data In Transit (awaiting ACKs) per peer : 51200 bytes
17444: 06:48:07.053 - Per peer bandwidth limit
17444: 06:48:07.053 - Transmit Rate Limit: 256 KB/Sec
17444: 06:48:07.053 - Limit period: 200ms
17444: 06:48:07.053 - Limit per period: 52428 bytes
17444: 06:48:07.053 - Max queued data for transmission per peer: 512000 bytes
17444: 06:48:07.053 - Minimum retransmit timeout: 200
17444: 06:48:07.053 - No Maximum retransmit timeout
17444: 06:48:07.053 - Minimum ENet timeout: 5000ms
17444: 06:48:07.053 - Maximum ENet timeout: 30000ms
17444: 06:48:07.053 - Max Inbound Reliable Data Queued (awaiting resends of earlier sequence numbers) per peer : 163840 bytes
17444: 06:48:07.053 - No RTT ACK adjustment timeout
17444: 06:48:07.053 - Outbound ENet: MaxInboundMessageSize: 512000
17444: 06:48:07.053 - Outbound ENet: MaxOutboundMessageSize: 512000
17444: 06:48:07.060 - GetRuntime - About to load CLR - versions available:
17444: 06:48:07.060 - v2.0.50727
17444: 06:48:07.060 - v4.0.30319
17444: 06:48:07.060 - Configuration requests: "v2.0.50727"
17444: 06:48:07.060 - About to load version: "v2.0.50727"
17444: 06:48:07.085 - About to load runtime: PhotonHostRuntime.PhotonDomainManager from PhotonHostRuntime, Culture=neutral, PublicKeyToken=02C301B61B060C4D
17444: 06:48:07.085 - CLRBaseDirectory set to "E:\Photon-OnPremise-Server-SDK_v4-0-29-11263\deploy"
17444: 06:48:07.085 - Optimising event broadcast for 20 or more peers
17444: 06:48:07.087 - Start: About to load CLR - versions available:
17444: 06:48:07.087 - v2.0.50727
17444: 06:48:07.087 - v4.0.30319
17444: 06:48:07.087 - No preference in configuration file, will load latest.
17444: 06:48:07.087 - About to load version: "v4.0.30319"
17444: 06:48:07.088 - Loaded version: "v4.0.30319"
17444: 06:48:07.216 - Photon host runtime loaded
17444: 06:48:08.954 - License is valid.
17444: 06:48:08.954 - Licensed for 100 concurrent connections.
17444: 06:48:08.954 - ENet: Max Reliable Data In Transit (awaiting ACKs) per peer : 51200 bytes
17444: 06:48:08.954 - ENet: Per peer bandwidth limit
17444: 06:48:08.954 - ENet: Transmit Rate Limit: 256 KB/Sec
17444: 06:48:08.954 - ENet: Limit period: 200ms
17444: 06:48:08.954 - ENet: Limit per period: 52428 bytes
17444: 06:48:08.954 - ENet: Max queued data for transmission per peer: 512000 bytes
17444: 06:48:08.954 - ENet: Minimum retransmit timeout: 200
17444: 06:48:08.954 - No Maximum retransmit timeout
17444: 06:48:08.954 - ENet: Minimum timeout: 5000ms
17444: 06:48:08.954 - ENet: Maximum timeout: 30000ms
17444: 06:48:08.954 - ENet: Max Inbound Reliable Data Queued (awaiting resends of earlier sequence numbers) per peer : 163840 bytes
17444: 06:48:08.954 - No RTT ACK adjustment timeout
17444: 06:48:08.954 - About to load application: SAAServer from SAAServer
17444: 06:48:08.954 - Auto restart is enabled for application, existing connections will be terminated during restart
17444: 06:48:08.954 - Application will restart 1000ms after the last change detected
17444: 06:48:08.954 - Application will restart if files matching the following are changed: "dll;config"
17444: 06:48:08.954 - Application will NOT restart if files matching the following are changed: "log4net.config"
17444: 06:48:09.024 - Taking reference on default app domain
17444: 06:48:09.075 - Application: "SAAServer" started in app domain: 2
17444: 06:48:09.075 - About to load application: CounterPublisher from CounterPublisher
17444: 06:48:09.075 - Auto restart is enabled for application, existing connections will be terminated during restart
17444: 06:48:09.075 - Application will restart 1000ms after the last change detected
17444: 06:48:09.075 - Application will restart if files matching the following are changed: "dll;config"
17444: 06:48:09.075 - Application will NOT restart if files matching the following are changed: "log4net.config"
17444: 06:48:09.133 - Taking reference on default app domain
17444: 06:48:09.177 - Application: "CounterPublisher" started in app domain: 3
17444: 06:48:09.177 - Adding TCP listener on: 0.0.0.0: 4530 with a listen backlog of: 150
17444: 06:48:09.177 - TCP inactivity timeout: 10000ms
17444: 06:48:09.177 - TCP disconnect timeout: 120000ms
17444: 06:48:09.177 - MaxInboundMessageSize: 512000
17444: 06:48:09.177 - MaxOutboundMessageSize: 512000
17444: 06:48:09.177 - Forcing all applications ids to: "SAAServer"
17444: 06:48:09.177 - Serving policy file requests from: "E:\Photon-OnPremise-Server-SDK_v4-0-29-11263\deploy\Policy\assets\socket-policy.xml"
17444: 06:48:09.177 - Adding TCP listener on: 0.0.0.0: 4520 with a listen backlog of: 150
17444: 06:48:09.177 - TCP inactivity timeout: 5000ms
17444: 06:48:09.177 - TCP disconnect timeout: 120000ms
17444: 06:48:09.177 - MaxInboundMessageSize: 512000
17444: 06:48:09.177 - MaxOutboundMessageSize: 512000
17444: 06:48:09.177 - Forcing all applications ids to: "SAAServer"
17444: 06:48:09.177 - MaxInboundMessageSize: 512000
17444: 06:48:09.177 - MaxOutboundMessageSize: 512000
17444: 06:48:09.177 - UDP address specified as: "0.0.0.0" adding listener to each available IPv4 address
17444: 06:48:09.178 - Adding UDP listener on: 192.168.1.11: 7777 with a listen backlog of: 500
17444: 06:48:09.178 - Adding UDP listener on: 127.0.0.1: 7777 with a listen backlog of: 500
17444: 06:48:09.178 - Adding Policy File listener on: 0.0.0.0: 843 with a listen backlog of: 150 and serving Policy File: "E:\Photon-OnPremise-Server-SDK_v4-0-29-11263\deploy\Policy\assets\socket-policy.xml"
17444: 06:48:09.178 - TCP inactivity timeout: 1000ms
17444: 06:48:09.178 - Adding Policy File listener on: 0.0.0.0: 943 with a listen backlog of: 150 and serving Policy File: "E:\Photon-OnPremise-Server-SDK_v4-0-29-11263\deploy\Policy\assets\socket-policy-silverlight.xml"
17444: 06:48:09.178 - TCP inactivity timeout: 1000ms
17444: 06:48:09.195 - Service is running...
