9692: 07:50:36.298 - ---
9692: 07:50:36.298 - Service: "Photon Socket Server" starting
9692: 07:50:36.298 - Config File: E:\Photon-OnPremise-Server-SDK_v4-0-29-11263\deploy\bin_Win64\PhotonServer.config
9692: 07:50:36.300 - Will produce at most: 10 crash dumps
9692: 07:50:36.300 - Action: run as exe
9692: 07:50:36.302 - Server Starting...
9692: 07:50:36.303 -    Tick count: 1124097312 (wraps in: 36.6999 days)
9692: 07:50:36.303 - Tick count 64: 1124097312
9692: 07:50:36.303 - Photon Version: 4.0.28.2962
9692: 07:50:36.303 - PID: 8160
9692: 07:50:36.303 - Config File: E:\Photon-OnPremise-Server-SDK_v4-0-29-11263\deploy\bin_Win64\PhotonServer.config
9692: 07:50:36.304 - Will NOT log unimportant exceptions
9692: 07:50:36.310 - Not using performance counters as they are not currently installed. Run the service with /InstallCounters to install them.
9692: 07:50:36.310 - Shutdown timeout enabled: 30000ms
9692: 07:50:36.311 - Starting I/O thread pool with 2 threads
9692: 07:50:36.312 - Using Standard allocator
9692: 07:50:36.312 - Max message size: 512000
9692: 07:50:36.313 - Starting business logic thread pool with the following settings
9692: 07:50:36.313 - InitialThreads: 4 threads
9692: 07:50:36.313 - MinThreads: 4 threads
9692: 07:50:36.313 - Thread pool is fixed size
9692: 07:50:36.313 - Starting ENet thread pool with the following settings
9692: 07:50:36.313 - InitialThreads: 2 threads
9692: 07:50:36.313 - MinThreads: 2 threads
9692: 07:50:36.313 - Thread pool is fixed size
9692: 07:50:36.313 - OnlyDispatchTimers: False
9692: 07:50:36.314 - S2S: flow control: Max pending writes: 50
9692: 07:50:36.314 - S2S: flow control: Max queued buffers: 200
9692: 07:50:36.314 - S2S: flow control: Max pending writes MUX: 500
9692: 07:50:36.314 - S2S: flow control: Max queued buffers MUX: 2000
9692: 07:50:36.314 - S2S: MaxInboundMessageSize: 512000
9692: 07:50:36.314 - S2S: MaxOutboundMessageSize: 512000
9692: 07:50:36.314 - S2S: No inactivity timeout
9692: 07:50:36.324 - WebSocket S2S: MaxInboundMessageSize: 512000
9692: 07:50:36.324 - WebSocket S2S: MaxOutboundMessageSize: 512000
9692: 07:50:36.324 - WebSocket S2S: No inactivity timeout
9692: 07:50:36.326 - Max Reliable Data In Transit (awaiting ACKs) per peer : 51200 bytes
9692: 07:50:36.326 - Per peer bandwidth limit
9692: 07:50:36.326 - Transmit Rate Limit: 256 KB/Sec
9692: 07:50:36.326 - Limit period: 200ms
9692: 07:50:36.326 - Limit per period: 52428 bytes
9692: 07:50:36.326 - Max queued data for transmission per peer: 512000 bytes
9692: 07:50:36.326 - Minimum retransmit timeout: 200
9692: 07:50:36.326 - No Maximum retransmit timeout
9692: 07:50:36.326 - Minimum ENet timeout: 5000ms
9692: 07:50:36.326 - Maximum ENet timeout: 30000ms
9692: 07:50:36.326 - Max Inbound Reliable Data Queued (awaiting resends of earlier sequence numbers) per peer : 163840 bytes
9692: 07:50:36.326 - No RTT ACK adjustment timeout
9692: 07:50:36.326 - Outbound ENet: MaxInboundMessageSize: 512000
9692: 07:50:36.326 - Outbound ENet: MaxOutboundMessageSize: 512000
9692: 07:50:36.332 - GetRuntime - About to load CLR - versions available:
9692: 07:50:36.332 - v2.0.50727
9692: 07:50:36.332 - v4.0.30319
9692: 07:50:36.332 - Configuration requests: "v2.0.50727"
9692: 07:50:36.332 - About to load version: "v2.0.50727"
9692: 07:50:36.350 - About to load runtime: PhotonHostRuntime.PhotonDomainManager from PhotonHostRuntime, Culture=neutral, PublicKeyToken=02C301B61B060C4D
9692: 07:50:36.350 - CLRBaseDirectory set to "E:\Photon-OnPremise-Server-SDK_v4-0-29-11263\deploy"
9692: 07:50:36.350 - Optimising event broadcast for 20 or more peers
9692: 07:50:36.352 - Start: About to load CLR - versions available:
9692: 07:50:36.352 - v2.0.50727
9692: 07:50:36.352 - v4.0.30319
9692: 07:50:36.352 - No preference in configuration file, will load latest.
9692: 07:50:36.352 - About to load version: "v4.0.30319"
9692: 07:50:36.354 - Loaded version: "v4.0.30319"
9692: 07:50:36.475 - Photon host runtime loaded
9692: 07:50:38.243 - License is valid.
9692: 07:50:38.243 - Licensed for 100 concurrent connections.
9692: 07:50:38.243 - ENet: Max Reliable Data In Transit (awaiting ACKs) per peer : 51200 bytes
9692: 07:50:38.243 - ENet: Per peer bandwidth limit
9692: 07:50:38.243 - ENet: Transmit Rate Limit: 256 KB/Sec
9692: 07:50:38.243 - ENet: Limit period: 200ms
9692: 07:50:38.243 - ENet: Limit per period: 52428 bytes
9692: 07:50:38.243 - ENet: Max queued data for transmission per peer: 512000 bytes
9692: 07:50:38.243 - ENet: Minimum retransmit timeout: 200
9692: 07:50:38.243 - No Maximum retransmit timeout
9692: 07:50:38.243 - ENet: Minimum timeout: 5000ms
9692: 07:50:38.244 - ENet: Maximum timeout: 30000ms
9692: 07:50:38.244 - ENet: Max Inbound Reliable Data Queued (awaiting resends of earlier sequence numbers) per peer : 163840 bytes
9692: 07:50:38.244 - No RTT ACK adjustment timeout
9692: 07:50:38.244 - About to load application: SAAServer from SAAServer
9692: 07:50:38.244 - Auto restart is enabled for application, existing connections will be terminated during restart
9692: 07:50:38.244 - Application will restart 1000ms after the last change detected
9692: 07:50:38.244 - Application will restart if files matching the following are changed: "dll;config"
9692: 07:50:38.244 - Application will NOT restart if files matching the following are changed: "log4net.config"
9692: 07:50:38.319 - Taking reference on default app domain
9692: 07:50:38.376 - Application: "SAAServer" started in app domain: 2
9692: 07:50:38.376 - About to load application: CounterPublisher from CounterPublisher
9692: 07:50:38.376 - Auto restart is enabled for application, existing connections will be terminated during restart
9692: 07:50:38.376 - Application will restart 1000ms after the last change detected
9692: 07:50:38.376 - Application will restart if files matching the following are changed: "dll;config"
9692: 07:50:38.376 - Application will NOT restart if files matching the following are changed: "log4net.config"
9692: 07:50:38.438 - Taking reference on default app domain
9692: 07:50:38.482 - Application: "CounterPublisher" started in app domain: 3
9692: 07:50:38.482 - Adding TCP listener on: 0.0.0.0: 4530 with a listen backlog of: 150
9692: 07:50:38.482 - TCP inactivity timeout: 10000ms
9692: 07:50:38.482 - TCP disconnect timeout: 120000ms
9692: 07:50:38.482 - MaxInboundMessageSize: 512000
9692: 07:50:38.482 - MaxOutboundMessageSize: 512000
9692: 07:50:38.482 - Forcing all applications ids to: "SAAServer"
9692: 07:50:38.483 - Serving policy file requests from: "E:\Photon-OnPremise-Server-SDK_v4-0-29-11263\deploy\Policy\assets\socket-policy.xml"
9692: 07:50:38.484 - Adding TCP listener on: 0.0.0.0: 4520 with a listen backlog of: 150
9692: 07:50:38.484 - TCP inactivity timeout: 5000ms
9692: 07:50:38.484 - TCP disconnect timeout: 120000ms
9692: 07:50:38.484 - MaxInboundMessageSize: 512000
9692: 07:50:38.484 - MaxOutboundMessageSize: 512000
9692: 07:50:38.484 - Forcing all applications ids to: "SAAServer"
9692: 07:50:38.484 - MaxInboundMessageSize: 512000
9692: 07:50:38.484 - MaxOutboundMessageSize: 512000
9692: 07:50:38.484 - UDP address specified as: "0.0.0.0" adding listener to each available IPv4 address
9692: 07:50:38.484 - Adding UDP listener on: 192.168.1.14: 7777 with a listen backlog of: 500
9692: 07:50:38.485 - Adding UDP listener on: 127.0.0.1: 7777 with a listen backlog of: 500
9692: 07:50:38.485 - Adding Policy File listener on: 0.0.0.0: 843 with a listen backlog of: 150 and serving Policy File: "E:\Photon-OnPremise-Server-SDK_v4-0-29-11263\deploy\Policy\assets\socket-policy.xml"
9692: 07:50:38.485 - TCP inactivity timeout: 1000ms
9692: 07:50:38.485 - Adding Policy File listener on: 0.0.0.0: 943 with a listen backlog of: 150 and serving Policy File: "E:\Photon-OnPremise-Server-SDK_v4-0-29-11263\deploy\Policy\assets\socket-policy-silverlight.xml"
9692: 07:50:38.485 - TCP inactivity timeout: 1000ms
9692: 07:50:38.501 - Service is running...
