3548: 07:18:10.024 - ---
3548: 07:18:10.024 - Service: "Photon Socket Server" starting
3548: 07:18:10.024 - Config File: E:\Photon-OnPremise-Server-SDK_v4-0-29-11263\deploy\bin_Win64\PhotonServer.config
3548: 07:18:10.028 - Will produce at most: 10 crash dumps
3548: 07:18:10.028 - Action: run as exe
3548: 07:18:10.030 - Server Starting...
3548: 07:18:10.030 -    Tick count: 222311718 (wraps in: 47.1372 days)
3548: 07:18:10.030 - Tick count 64: 222311718
3548: 07:18:10.030 - Photon Version: 4.0.28.2962
3548: 07:18:10.030 - PID: 8020
3548: 07:18:10.031 - Config File: E:\Photon-OnPremise-Server-SDK_v4-0-29-11263\deploy\bin_Win64\PhotonServer.config
3548: 07:18:10.031 - Will NOT log unimportant exceptions
3548: 07:18:10.036 - Not using performance counters as they are not currently installed. Run the service with /InstallCounters to install them.
3548: 07:18:10.036 - Shutdown timeout enabled: 30000ms
3548: 07:18:10.037 - Starting I/O thread pool with 2 threads
3548: 07:18:10.037 - Using Standard allocator
3548: 07:18:10.037 - Max message size: 512000
3548: 07:18:10.038 - Starting business logic thread pool with the following settings
3548: 07:18:10.038 - InitialThreads: 4 threads
3548: 07:18:10.038 - MinThreads: 4 threads
3548: 07:18:10.038 - Thread pool is fixed size
3548: 07:18:10.038 - Starting ENet thread pool with the following settings
3548: 07:18:10.038 - InitialThreads: 2 threads
3548: 07:18:10.038 - MinThreads: 2 threads
3548: 07:18:10.038 - Thread pool is fixed size
3548: 07:18:10.038 - OnlyDispatchTimers: False
3548: 07:18:10.038 - S2S: flow control: Max pending writes: 50
3548: 07:18:10.038 - S2S: flow control: Max queued buffers: 200
3548: 07:18:10.038 - S2S: flow control: Max pending writes MUX: 500
3548: 07:18:10.038 - S2S: flow control: Max queued buffers MUX: 2000
3548: 07:18:10.038 - S2S: MaxInboundMessageSize: 512000
3548: 07:18:10.038 - S2S: MaxOutboundMessageSize: 512000
3548: 07:18:10.038 - S2S: No inactivity timeout
3548: 07:18:10.049 - WebSocket S2S: MaxInboundMessageSize: 512000
3548: 07:18:10.049 - WebSocket S2S: MaxOutboundMessageSize: 512000
3548: 07:18:10.049 - WebSocket S2S: No inactivity timeout
3548: 07:18:10.049 - Max Reliable Data In Transit (awaiting ACKs) per peer : 51200 bytes
3548: 07:18:10.049 - Per peer bandwidth limit
3548: 07:18:10.049 - Transmit Rate Limit: 256 KB/Sec
3548: 07:18:10.049 - Limit period: 200ms
3548: 07:18:10.049 - Limit per period: 52428 bytes
3548: 07:18:10.049 - Max queued data for transmission per peer: 512000 bytes
3548: 07:18:10.049 - Minimum retransmit timeout: 200
3548: 07:18:10.049 - No Maximum retransmit timeout
3548: 07:18:10.049 - Minimum ENet timeout: 5000ms
3548: 07:18:10.049 - Maximum ENet timeout: 30000ms
3548: 07:18:10.049 - Max Inbound Reliable Data Queued (awaiting resends of earlier sequence numbers) per peer : 163840 bytes
3548: 07:18:10.049 - No RTT ACK adjustment timeout
3548: 07:18:10.049 - Outbound ENet: MaxInboundMessageSize: 512000
3548: 07:18:10.049 - Outbound ENet: MaxOutboundMessageSize: 512000
3548: 07:18:10.056 - GetRuntime - About to load CLR - versions available:
3548: 07:18:10.056 - v2.0.50727
3548: 07:18:10.056 - v4.0.30319
3548: 07:18:10.056 - Configuration requests: "v2.0.50727"
3548: 07:18:10.056 - About to load version: "v2.0.50727"
3548: 07:18:10.068 - About to load runtime: PhotonHostRuntime.PhotonDomainManager from PhotonHostRuntime, Culture=neutral, PublicKeyToken=02C301B61B060C4D
3548: 07:18:10.068 - CLRBaseDirectory set to "E:\Photon-OnPremise-Server-SDK_v4-0-29-11263\deploy"
3548: 07:18:10.068 - Optimising event broadcast for 20 or more peers
3548: 07:18:10.070 - Start: About to load CLR - versions available:
3548: 07:18:10.070 - v2.0.50727
3548: 07:18:10.070 - v4.0.30319
3548: 07:18:10.070 - No preference in configuration file, will load latest.
3548: 07:18:10.070 - About to load version: "v4.0.30319"
3548: 07:18:10.072 - Loaded version: "v4.0.30319"
3548: 07:18:10.198 - Photon host runtime loaded
3548: 07:18:12.935 - License is valid.
3548: 07:18:12.935 - Licensed for 100 concurrent connections.
3548: 07:18:12.935 - ENet: Max Reliable Data In Transit (awaiting ACKs) per peer : 51200 bytes
3548: 07:18:12.935 - ENet: Per peer bandwidth limit
3548: 07:18:12.935 - ENet: Transmit Rate Limit: 256 KB/Sec
3548: 07:18:12.935 - ENet: Limit period: 200ms
3548: 07:18:12.935 - ENet: Limit per period: 52428 bytes
3548: 07:18:12.935 - ENet: Max queued data for transmission per peer: 512000 bytes
3548: 07:18:12.935 - ENet: Minimum retransmit timeout: 200
3548: 07:18:12.935 - No Maximum retransmit timeout
3548: 07:18:12.935 - ENet: Minimum timeout: 5000ms
3548: 07:18:12.935 - ENet: Maximum timeout: 30000ms
3548: 07:18:12.935 - ENet: Max Inbound Reliable Data Queued (awaiting resends of earlier sequence numbers) per peer : 163840 bytes
3548: 07:18:12.935 - No RTT ACK adjustment timeout
3548: 07:18:12.936 - About to load application: SAAServer from SAAServer
3548: 07:18:12.936 - Auto restart is enabled for application, existing connections will be terminated during restart
3548: 07:18:12.936 - Application will restart 1000ms after the last change detected
3548: 07:18:12.936 - Application will restart if files matching the following are changed: "dll;config"
3548: 07:18:12.936 - Application will NOT restart if files matching the following are changed: "log4net.config"
3548: 07:18:13.007 - Taking reference on default app domain
3548: 07:18:13.069 - Application: "SAAServer" started in app domain: 2
3548: 07:18:13.069 - About to load application: CounterPublisher from CounterPublisher
3548: 07:18:13.069 - Auto restart is enabled for application, existing connections will be terminated during restart
3548: 07:18:13.069 - Application will restart 1000ms after the last change detected
3548: 07:18:13.069 - Application will restart if files matching the following are changed: "dll;config"
3548: 07:18:13.069 - Application will NOT restart if files matching the following are changed: "log4net.config"
3548: 07:18:13.131 - Taking reference on default app domain
3548: 07:18:13.176 - Application: "CounterPublisher" started in app domain: 3
3548: 07:18:13.176 - Adding TCP listener on: 0.0.0.0: 4530 with a listen backlog of: 150
3548: 07:18:13.176 - TCP inactivity timeout: 10000ms
3548: 07:18:13.176 - TCP disconnect timeout: 120000ms
3548: 07:18:13.176 - MaxInboundMessageSize: 512000
3548: 07:18:13.176 - MaxOutboundMessageSize: 512000
3548: 07:18:13.176 - Forcing all applications ids to: "SAAServer"
3548: 07:18:13.176 - Serving policy file requests from: "E:\Photon-OnPremise-Server-SDK_v4-0-29-11263\deploy\Policy\assets\socket-policy.xml"
3548: 07:18:13.176 - Adding TCP listener on: 0.0.0.0: 4520 with a listen backlog of: 150
3548: 07:18:13.176 - TCP inactivity timeout: 5000ms
3548: 07:18:13.176 - TCP disconnect timeout: 120000ms
3548: 07:18:13.176 - MaxInboundMessageSize: 512000
3548: 07:18:13.176 - MaxOutboundMessageSize: 512000
3548: 07:18:13.176 - Forcing all applications ids to: "SAAServer"
3548: 07:18:13.176 - MaxInboundMessageSize: 512000
3548: 07:18:13.176 - MaxOutboundMessageSize: 512000
3548: 07:18:13.176 - UDP address specified as: "0.0.0.0" adding listener to each available IPv4 address
3548: 07:18:13.180 - Adding UDP listener on: 192.168.1.14: 7777 with a listen backlog of: 500
3548: 07:18:13.180 - Adding UDP listener on: 127.0.0.1: 7777 with a listen backlog of: 500
3548: 07:18:13.180 - Adding Policy File listener on: 0.0.0.0: 843 with a listen backlog of: 150 and serving Policy File: "E:\Photon-OnPremise-Server-SDK_v4-0-29-11263\deploy\Policy\assets\socket-policy.xml"
3548: 07:18:13.180 - TCP inactivity timeout: 1000ms
3548: 07:18:13.181 - Adding Policy File listener on: 0.0.0.0: 943 with a listen backlog of: 150 and serving Policy File: "E:\Photon-OnPremise-Server-SDK_v4-0-29-11263\deploy\Policy\assets\socket-policy-silverlight.xml"
3548: 07:18:13.181 - TCP inactivity timeout: 1000ms
3548: 07:18:13.195 - Service is running...
13616: 07:26:01.190 - Restarting application: "SAAServer" due to file changes
13616: 07:26:01.190 - Application: "SAAServer" restart request (abort existing connections)
13616: 07:26:01.236 - Taking reference on default app domain
13616: 07:26:01.267 - Application: "SAAServer" started in app domain: 4
13616: 07:26:01.391 - RequestApplicationStop: 2
13616: 07:26:01.395 - Application: "SAAServer" stopped in app domain: 2 (abort existing connections)
13616: 07:26:01.395 - Application: "SAAServer" restart complete.
12144: 07:26:01.395 - CManagedHost::OnDefaultAction() - OPR_AppDomainUnload - eUnloadAppDomain
4236: 07:26:01.400 - Unloading Domain: ApplicationName = 'SAAServer', DomainId='2'
12144: 07:26:01.403 - CManagedHost::OnDomainUnload() - 2
13616: 07:29:05.967 - Restarting application: "SAAServer" due to file changes
13616: 07:29:05.967 - Application: "SAAServer" restart request (abort existing connections)
13616: 07:29:06.013 - Taking reference on default app domain
13616: 07:29:06.044 - Application: "SAAServer" started in app domain: 5
13616: 07:29:06.168 - RequestApplicationStop: 4
13616: 07:29:06.169 - Application: "SAAServer" stopped in app domain: 4 (abort existing connections)
13616: 07:29:06.169 - Application: "SAAServer" restart complete.
12144: 07:29:06.172 - CManagedHost::OnDefaultAction() - OPR_AppDomainUnload - eUnloadAppDomain
4236: 07:29:06.177 - Unloading Domain: ApplicationName = 'SAAServer', DomainId='4'
12144: 07:29:06.180 - CManagedHost::OnDomainUnload() - 4
13616: 07:29:32.551 - Restarting application: "SAAServer" due to file changes
13616: 07:29:32.551 - Application: "SAAServer" restart request (abort existing connections)
13616: 07:29:32.597 - Taking reference on default app domain
13616: 07:29:32.633 - Application: "SAAServer" started in app domain: 6
13616: 07:29:32.766 - RequestApplicationStop: 5
13616: 07:29:32.771 - Application: "SAAServer" stopped in app domain: 5 (abort existing connections)
13616: 07:29:32.771 - Application: "SAAServer" restart complete.
12144: 07:29:32.771 - CManagedHost::OnDefaultAction() - OPR_AppDomainUnload - eUnloadAppDomain
4236: 07:29:32.775 - Unloading Domain: ApplicationName = 'SAAServer', DomainId='5'
12144: 07:29:32.776 - CManagedHost::OnDomainUnload() - 5
3548: 07:29:36.804 - Service is stopped...
3548: 07:29:36.804 - Server shutting down...
3548: 07:29:36.804 - Shutdown monitoring enabled, 30000ms before process abort
3548: 07:29:36.804 - Notifying CLR applications of shutdown...
3548: 07:29:36.804 - RequestApplicationStop: 3
3548: 07:29:36.805 - RequestApplicationStop: 6
3548: 07:29:36.807 - RequestStop: defalt app domain
3548: 07:29:36.807 - Shutting down WebSocket Outbound Connection Manager...
3548: 07:29:36.807 - Shutting down TCP Outbound Connection Manager...
3548: 07:29:36.808 - Shutting down ENet Outbound Connection Manager...
3548: 07:29:36.808 - Disconnecting all outbound peers...
3548: 07:29:36.808 - Shutting down ENet host...
3548: 07:29:36.808 - Disconnecting all peers...
3548: 07:29:36.808 - Shutting down socket servers...
3548: 07:29:36.809 - Shutting down ENet thread pool...
3548: 07:29:36.809 - Shutting down TCP inactivity timers...
3548: 07:29:36.809 - WaitingForShutdownToComplete: NativePolicy:0.0.0.0:843
3548: 07:29:36.809 - OnShutdownCompleted: NativePolicy:0.0.0.0:843
3548: 07:29:36.809 - WaitingForShutdownToComplete: NativePolicy:0.0.0.0:943
3548: 07:29:36.809 - OnShutdownCompleted: NativePolicy:0.0.0.0:943
3548: 07:29:36.809 - WaitingForShutdownToComplete: TCP:0.0.0.0:4520
3548: 07:29:36.809 - OnShutdownCompleted: TCP:0.0.0.0:4520
3548: 07:29:36.809 - WaitingForShutdownToComplete: TCP:0.0.0.0:4530
3548: 07:29:36.809 - OnShutdownCompleted: TCP:0.0.0.0:4530
3548: 07:29:36.809 - WaitingForShutdownToComplete: UDP:127.0.0.1:7777
3548: 07:29:36.809 - OnShutdownCompleted: UDP:127.0.0.1:7777
3548: 07:29:36.809 - WaitingForShutdownToComplete: UDP:192.168.1.14:7777
3548: 07:29:36.810 - OnShutdownCompleted: UDP:192.168.1.14:7777
3548: 07:29:36.810 - Shutting down CLR applications...
12144: 07:29:36.811 - CManagedHost::OnDefaultAction() - OPR_AppDomainUnload - eUnloadAppDomain
3548: 07:29:36.816 - Shutting down business logic thread pool...
3548: 07:29:36.816 - Shutting down I/O thread pool...
3548: 07:29:36.816 - Destroying servers
3548: 07:29:36.816 - Destroying WebSocket Outbound Connection Manager
3548: 07:29:36.816 - Destroying TCP Outbound Connection Manager
3548: 07:29:36.816 - Destroying TCP inactivity timer
3548: 07:29:36.816 - Destroying ENet timer wheel
3548: 07:29:36.816 - Destroying ENet host
3548: 07:29:36.816 - Destroying ENet outbound host
3548: 07:29:36.816 - Destroying HTTP inactivity timer
3548: 07:29:36.816 - Destroying HTTP host
3548: 07:29:36.816 - Destroying HTTP Chunk host
3548: 07:29:36.816 - Flushing ENET buffer allocator...
3548: 07:29:36.817 - Flushing TCP buffer handle allocator...
3548: 07:29:36.817 - Flushing stream socket allocator...
3548: 07:29:36.817 - Flushing inbound datagram socket allocator...
3548: 07:29:36.818 - Flushing outbound datagram socket allocator...
3548: 07:29:36.818 - Destroying CLR dispatcher
3548: 07:29:36.818 - Destroying CLR applications
3548: 07:29:36.818 - ~CCLRApplicationCollection() - Waiting up to 10 seconds for the CLR to release all of our objects
4236: 07:29:36.821 - Unloading Domain: ApplicationName = 'CounterPublisher', DomainId='3'
12144: 07:29:36.821 - CManagedHost::OnDomainUnload() - 3
12144: 07:29:36.823 - CManagedHost::OnDefaultAction() - OPR_AppDomainUnload - eUnloadAppDomain
4236: 07:29:36.829 - Unloading Domain: ApplicationName = 'SAAServer', DomainId='6'
12144: 07:29:36.829 - CManagedHost::OnDomainUnload() - 6
3548: 07:29:36.830 - ~CCLRApplicationCollection() - Done. All objects released
3548: 07:29:36.830 - ~CManagedHost() - Release default app domain
3548: 07:29:36.830 - CManagedHost::OnDomainUnload() - 1
3548: 07:29:36.830 - ~CManagedHost() - Waiting up to 10 seconds for CLR shutdown...
3548: 07:29:36.830 - ~CManagedHost
3548: 07:29:36.830 - Destroying ENet thread pool
3548: 07:29:36.830 - Destroying Business logic thread pool
3548: 07:29:36.830 - Destroying I/O thread pool
3548: 07:29:36.830 - Destroying ENet buffer allocator
3548: 07:29:36.830 - Destroying TCP buffer allocator
3548: 07:29:36.830 - Destroying TCP socket allocator
3548: 07:29:36.830 - Destroying ENet inbound socket allocator
3548: 07:29:36.830 - Destroying ENet outbound socket allocator
3548: 07:29:36.830 - Destroying shared datagram flow control data
3548: 07:29:36.831 - Shutdown complete...
3548: 07:29:36.831 - Service shutting down
3548: 07:29:36.833 - Service shut down complete
10048: 07:40:18.362 - ---
10048: 07:40:18.362 - Service: "Photon Socket Server" starting
10048: 07:40:18.362 - Config File: E:\Photon-OnPremise-Server-SDK_v4-0-29-11263\deploy\bin_Win64\PhotonServer.config
10048: 07:40:18.364 - Will produce at most: 10 crash dumps
10048: 07:40:18.364 - Action: run as exe
10048: 07:40:18.364 - Server Starting...
10048: 07:40:18.364 -    Tick count: 223640062 (wraps in: 47.1218 days)
10048: 07:40:18.364 - Tick count 64: 223640062
10048: 07:40:18.364 - Photon Version: 4.0.28.2962
10048: 07:40:18.364 - PID: 8524
10048: 07:40:18.364 - Config File: E:\Photon-OnPremise-Server-SDK_v4-0-29-11263\deploy\bin_Win64\PhotonServer.config
10048: 07:40:18.365 - Will NOT log unimportant exceptions
10048: 07:40:18.366 - Not using performance counters as they are not currently installed. Run the service with /InstallCounters to install them.
10048: 07:40:18.366 - Shutdown timeout enabled: 30000ms
10048: 07:40:18.366 - Starting I/O thread pool with 2 threads
10048: 07:40:18.366 - Using Standard allocator
10048: 07:40:18.366 - Max message size: 512000
10048: 07:40:18.366 - Starting business logic thread pool with the following settings
10048: 07:40:18.366 - InitialThreads: 4 threads
10048: 07:40:18.366 - MinThreads: 4 threads
10048: 07:40:18.366 - Thread pool is fixed size
10048: 07:40:18.367 - Starting ENet thread pool with the following settings
10048: 07:40:18.367 - InitialThreads: 2 threads
10048: 07:40:18.367 - MinThreads: 2 threads
10048: 07:40:18.367 - Thread pool is fixed size
10048: 07:40:18.367 - OnlyDispatchTimers: False
10048: 07:40:18.367 - S2S: flow control: Max pending writes: 50
10048: 07:40:18.367 - S2S: flow control: Max queued buffers: 200
10048: 07:40:18.367 - S2S: flow control: Max pending writes MUX: 500
10048: 07:40:18.367 - S2S: flow control: Max queued buffers MUX: 2000
10048: 07:40:18.367 - S2S: MaxInboundMessageSize: 512000
10048: 07:40:18.367 - S2S: MaxOutboundMessageSize: 512000
10048: 07:40:18.367 - S2S: No inactivity timeout
10048: 07:40:18.375 - WebSocket S2S: MaxInboundMessageSize: 512000
10048: 07:40:18.375 - WebSocket S2S: MaxOutboundMessageSize: 512000
10048: 07:40:18.375 - WebSocket S2S: No inactivity timeout
10048: 07:40:18.375 - Max Reliable Data In Transit (awaiting ACKs) per peer : 51200 bytes
10048: 07:40:18.375 - Per peer bandwidth limit
10048: 07:40:18.375 - Transmit Rate Limit: 256 KB/Sec
10048: 07:40:18.375 - Limit period: 200ms
10048: 07:40:18.375 - Limit per period: 52428 bytes
10048: 07:40:18.375 - Max queued data for transmission per peer: 512000 bytes
10048: 07:40:18.375 - Minimum retransmit timeout: 200
10048: 07:40:18.375 - No Maximum retransmit timeout
10048: 07:40:18.375 - Minimum ENet timeout: 5000ms
10048: 07:40:18.375 - Maximum ENet timeout: 30000ms
10048: 07:40:18.375 - Max Inbound Reliable Data Queued (awaiting resends of earlier sequence numbers) per peer : 163840 bytes
10048: 07:40:18.375 - No RTT ACK adjustment timeout
10048: 07:40:18.375 - Outbound ENet: MaxInboundMessageSize: 512000
10048: 07:40:18.375 - Outbound ENet: MaxOutboundMessageSize: 512000
10048: 07:40:18.377 - GetRuntime - About to load CLR - versions available:
10048: 07:40:18.377 - v2.0.50727
10048: 07:40:18.377 - v4.0.30319
10048: 07:40:18.377 - Configuration requests: "v2.0.50727"
10048: 07:40:18.377 - About to load version: "v2.0.50727"
10048: 07:40:18.385 - About to load runtime: PhotonHostRuntime.PhotonDomainManager from PhotonHostRuntime, Culture=neutral, PublicKeyToken=02C301B61B060C4D
10048: 07:40:18.385 - CLRBaseDirectory set to "E:\Photon-OnPremise-Server-SDK_v4-0-29-11263\deploy"
10048: 07:40:18.385 - Optimising event broadcast for 20 or more peers
10048: 07:40:18.385 - Start: About to load CLR - versions available:
10048: 07:40:18.385 - v2.0.50727
10048: 07:40:18.385 - v4.0.30319
10048: 07:40:18.385 - No preference in configuration file, will load latest.
10048: 07:40:18.385 - About to load version: "v4.0.30319"
10048: 07:40:18.387 - Loaded version: "v4.0.30319"
10048: 07:40:18.496 - Photon host runtime loaded
10048: 07:40:20.246 - License is valid.
10048: 07:40:20.246 - Licensed for 100 concurrent connections.
10048: 07:40:20.246 - ENet: Max Reliable Data In Transit (awaiting ACKs) per peer : 51200 bytes
10048: 07:40:20.246 - ENet: Per peer bandwidth limit
10048: 07:40:20.246 - ENet: Transmit Rate Limit: 256 KB/Sec
10048: 07:40:20.246 - ENet: Limit period: 200ms
10048: 07:40:20.246 - ENet: Limit per period: 52428 bytes
10048: 07:40:20.246 - ENet: Max queued data for transmission per peer: 512000 bytes
10048: 07:40:20.246 - ENet: Minimum retransmit timeout: 200
10048: 07:40:20.246 - No Maximum retransmit timeout
10048: 07:40:20.246 - ENet: Minimum timeout: 5000ms
10048: 07:40:20.246 - ENet: Maximum timeout: 30000ms
10048: 07:40:20.246 - ENet: Max Inbound Reliable Data Queued (awaiting resends of earlier sequence numbers) per peer : 163840 bytes
10048: 07:40:20.246 - No RTT ACK adjustment timeout
10048: 07:40:20.246 - About to load application: SAAServer from SAAServer
10048: 07:40:20.246 - Auto restart is enabled for application, existing connections will be terminated during restart
10048: 07:40:20.246 - Application will restart 1000ms after the last change detected
10048: 07:40:20.246 - Application will restart if files matching the following are changed: "dll;config"
10048: 07:40:20.246 - Application will NOT restart if files matching the following are changed: "log4net.config"
10048: 07:40:20.300 - Taking reference on default app domain
10048: 07:40:20.336 - Application: "SAAServer" started in app domain: 2
10048: 07:40:20.336 - About to load application: CounterPublisher from CounterPublisher
10048: 07:40:20.336 - Auto restart is enabled for application, existing connections will be terminated during restart
10048: 07:40:20.336 - Application will restart 1000ms after the last change detected
10048: 07:40:20.336 - Application will restart if files matching the following are changed: "dll;config"
10048: 07:40:20.336 - Application will NOT restart if files matching the following are changed: "log4net.config"
10048: 07:40:20.385 - Taking reference on default app domain
10048: 07:40:20.412 - Application: "CounterPublisher" started in app domain: 3
10048: 07:40:20.412 - Adding TCP listener on: 0.0.0.0: 4530 with a listen backlog of: 150
10048: 07:40:20.412 - TCP inactivity timeout: 10000ms
10048: 07:40:20.412 - TCP disconnect timeout: 120000ms
10048: 07:40:20.412 - MaxInboundMessageSize: 512000
10048: 07:40:20.412 - MaxOutboundMessageSize: 512000
10048: 07:40:20.412 - Forcing all applications ids to: "SAAServer"
10048: 07:40:20.412 - Serving policy file requests from: "E:\Photon-OnPremise-Server-SDK_v4-0-29-11263\deploy\Policy\assets\socket-policy.xml"
10048: 07:40:20.412 - Adding TCP listener on: 0.0.0.0: 4520 with a listen backlog of: 150
10048: 07:40:20.412 - TCP inactivity timeout: 5000ms
10048: 07:40:20.412 - TCP disconnect timeout: 120000ms
10048: 07:40:20.412 - MaxInboundMessageSize: 512000
10048: 07:40:20.412 - MaxOutboundMessageSize: 512000
10048: 07:40:20.412 - Forcing all applications ids to: "SAAServer"
10048: 07:40:20.412 - MaxInboundMessageSize: 512000
10048: 07:40:20.412 - MaxOutboundMessageSize: 512000
10048: 07:40:20.412 - UDP address specified as: "0.0.0.0" adding listener to each available IPv4 address
10048: 07:40:20.413 - Adding UDP listener on: 192.168.1.14: 7777 with a listen backlog of: 500
10048: 07:40:20.413 - Adding UDP listener on: 127.0.0.1: 7777 with a listen backlog of: 500
10048: 07:40:20.413 - Adding Policy File listener on: 0.0.0.0: 843 with a listen backlog of: 150 and serving Policy File: "E:\Photon-OnPremise-Server-SDK_v4-0-29-11263\deploy\Policy\assets\socket-policy.xml"
10048: 07:40:20.413 - TCP inactivity timeout: 1000ms
10048: 07:40:20.413 - Adding Policy File listener on: 0.0.0.0: 943 with a listen backlog of: 150 and serving Policy File: "E:\Photon-OnPremise-Server-SDK_v4-0-29-11263\deploy\Policy\assets\socket-policy-silverlight.xml"
10048: 07:40:20.413 - TCP inactivity timeout: 1000ms
10048: 07:40:20.427 - Service is running...
2620: 07:44:18.483 - Restarting application: "SAAServer" due to file changes
2620: 07:44:18.483 - Application: "SAAServer" restart request (abort existing connections)
2620: 07:44:18.535 - Taking reference on default app domain
2620: 07:44:18.570 - Application: "SAAServer" started in app domain: 4
2620: 07:44:18.721 - RequestApplicationStop: 2
2620: 07:44:18.722 - Application: "SAAServer" stopped in app domain: 2 (abort existing connections)
2620: 07:44:18.722 - Application: "SAAServer" restart complete.
8296: 07:44:18.726 - CManagedHost::OnDefaultAction() - OPR_AppDomainUnload - eUnloadAppDomain
12912: 07:44:18.731 - Unloading Domain: ApplicationName = 'SAAServer', DomainId='2'
8296: 07:44:18.734 - CManagedHost::OnDomainUnload() - 2
10048: 07:50:31.079 - Service is stopped...
10048: 07:50:31.079 - Server shutting down...
10048: 07:50:31.079 - Shutdown monitoring enabled, 30000ms before process abort
10048: 07:50:31.079 - Notifying CLR applications of shutdown...
10048: 07:50:31.079 - RequestApplicationStop: 3
10048: 07:50:31.085 - RequestApplicationStop: 4
10048: 07:50:31.086 - RequestStop: defalt app domain
10048: 07:50:31.087 - Shutting down WebSocket Outbound Connection Manager...
10048: 07:50:31.087 - Shutting down TCP Outbound Connection Manager...
10048: 07:50:31.087 - Shutting down ENet Outbound Connection Manager...
10048: 07:50:31.087 - Disconnecting all outbound peers...
10048: 07:50:31.087 - Shutting down ENet host...
10048: 07:50:31.087 - Disconnecting all peers...
10048: 07:50:31.087 - Shutting down socket servers...
10048: 07:50:31.087 - Shutting down ENet thread pool...
10048: 07:50:31.087 - Shutting down TCP inactivity timers...
10048: 07:50:31.087 - WaitingForShutdownToComplete: NativePolicy:0.0.0.0:843
10048: 07:50:31.087 - OnShutdownCompleted: NativePolicy:0.0.0.0:843
10048: 07:50:31.087 - WaitingForShutdownToComplete: NativePolicy:0.0.0.0:943
10048: 07:50:31.087 - OnShutdownCompleted: NativePolicy:0.0.0.0:943
10048: 07:50:31.087 - WaitingForShutdownToComplete: TCP:0.0.0.0:4520
10048: 07:50:31.087 - OnShutdownCompleted: TCP:0.0.0.0:4520
10048: 07:50:31.087 - WaitingForShutdownToComplete: TCP:0.0.0.0:4530
10048: 07:50:31.087 - OnShutdownCompleted: TCP:0.0.0.0:4530
10048: 07:50:31.087 - WaitingForShutdownToComplete: UDP:127.0.0.1:7777
10048: 07:50:31.087 - OnShutdownCompleted: UDP:127.0.0.1:7777
10048: 07:50:31.087 - WaitingForShutdownToComplete: UDP:192.168.1.14:7777
10048: 07:50:31.087 - OnShutdownCompleted: UDP:192.168.1.14:7777
10048: 07:50:31.087 - Shutting down CLR applications...
8296: 07:50:31.088 - CManagedHost::OnDefaultAction() - OPR_AppDomainUnload - eUnloadAppDomain
10048: 07:50:31.092 - Shutting down business logic thread pool...
10048: 07:50:31.092 - Shutting down I/O thread pool...
10048: 07:50:31.092 - Destroying servers
10048: 07:50:31.092 - Destroying WebSocket Outbound Connection Manager
10048: 07:50:31.092 - Destroying TCP Outbound Connection Manager
10048: 07:50:31.092 - Destroying TCP inactivity timer
10048: 07:50:31.092 - Destroying ENet timer wheel
10048: 07:50:31.092 - Destroying ENet host
10048: 07:50:31.092 - Destroying ENet outbound host
10048: 07:50:31.092 - Destroying HTTP inactivity timer
10048: 07:50:31.092 - Destroying HTTP host
10048: 07:50:31.092 - Destroying HTTP Chunk host
10048: 07:50:31.092 - Flushing ENET buffer allocator...
10048: 07:50:31.093 - Flushing TCP buffer handle allocator...
10048: 07:50:31.093 - Flushing stream socket allocator...
10048: 07:50:31.094 - Flushing inbound datagram socket allocator...
10048: 07:50:31.095 - Flushing outbound datagram socket allocator...
10048: 07:50:31.095 - Destroying CLR dispatcher
10048: 07:50:31.095 - Destroying CLR applications
10048: 07:50:31.095 - ~CCLRApplicationCollection() - Waiting up to 10 seconds for the CLR to release all of our objects
12912: 07:50:31.095 - Unloading Domain: ApplicationName = 'CounterPublisher', DomainId='3'
8296: 07:50:31.096 - CManagedHost::OnDomainUnload() - 3
8296: 07:50:31.097 - CManagedHost::OnDefaultAction() - OPR_AppDomainUnload - eUnloadAppDomain
12912: 07:50:31.104 - Unloading Domain: ApplicationName = 'SAAServer', DomainId='4'
8296: 07:50:31.107 - CManagedHost::OnDomainUnload() - 4
10048: 07:50:31.107 - ~CCLRApplicationCollection() - Done. All objects released
10048: 07:50:31.107 - ~CManagedHost() - Release default app domain
10048: 07:50:31.107 - CManagedHost::OnDomainUnload() - 1
10048: 07:50:31.107 - ~CManagedHost() - Waiting up to 10 seconds for CLR shutdown...
10048: 07:50:31.108 - ~CManagedHost
10048: 07:50:31.108 - Destroying ENet thread pool
10048: 07:50:31.108 - Destroying Business logic thread pool
10048: 07:50:31.108 - Destroying I/O thread pool
10048: 07:50:31.108 - Destroying ENet buffer allocator
10048: 07:50:31.108 - Destroying TCP buffer allocator
10048: 07:50:31.108 - Destroying TCP socket allocator
10048: 07:50:31.108 - Destroying ENet inbound socket allocator
10048: 07:50:31.108 - Destroying ENet outbound socket allocator
10048: 07:50:31.108 - Destroying shared datagram flow control data
10048: 07:50:31.108 - Shutdown complete...
10048: 07:50:31.108 - Service shutting down
10048: 07:50:31.110 - Service shut down complete
