14676: 07:33:14.125 - ---
14676: 07:33:14.125 - Service: "Photon Socket Server" starting
14676: 07:33:14.125 - Config File: E:\Photon-OnPremise-Server-SDK_v4-0-29-11263\deploy\bin_Win64\PhotonServer.config
14676: 07:33:14.130 - Will produce at most: 10 crash dumps
14676: 07:33:14.130 - Action: run as exe
14676: 07:33:14.131 - Server Starting...
14676: 07:33:14.131 -    Tick count: 1257021171 (wraps in: 35.1614 days)
14676: 07:33:14.131 - Tick count 64: 1257021171
14676: 07:33:14.131 - Photon Version: 4.0.28.2962
14676: 07:33:14.131 - PID: 1404
14676: 07:33:14.132 - Config File: E:\Photon-OnPremise-Server-SDK_v4-0-29-11263\deploy\bin_Win64\PhotonServer.config
14676: 07:33:14.133 - Will NOT log unimportant exceptions
14676: 07:33:14.138 - Not using performance counters as they are not currently installed. Run the service with /InstallCounters to install them.
14676: 07:33:14.139 - Shutdown timeout enabled: 30000ms
14676: 07:33:14.140 - Starting I/O thread pool with 2 threads
14676: 07:33:14.140 - Using Standard allocator
14676: 07:33:14.140 - Max message size: 512000
14676: 07:33:14.141 - Starting business logic thread pool with the following settings
14676: 07:33:14.141 - InitialThreads: 4 threads
14676: 07:33:14.141 - MinThreads: 4 threads
14676: 07:33:14.141 - Thread pool is fixed size
14676: 07:33:14.141 - Starting ENet thread pool with the following settings
14676: 07:33:14.141 - InitialThreads: 2 threads
14676: 07:33:14.141 - MinThreads: 2 threads
14676: 07:33:14.141 - Thread pool is fixed size
14676: 07:33:14.141 - OnlyDispatchTimers: False
14676: 07:33:14.141 - S2S: flow control: Max pending writes: 50
14676: 07:33:14.141 - S2S: flow control: Max queued buffers: 200
14676: 07:33:14.141 - S2S: flow control: Max pending writes MUX: 500
14676: 07:33:14.141 - S2S: flow control: Max queued buffers MUX: 2000
14676: 07:33:14.141 - S2S: MaxInboundMessageSize: 512000
14676: 07:33:14.141 - S2S: MaxOutboundMessageSize: 512000
14676: 07:33:14.141 - S2S: No inactivity timeout
14676: 07:33:14.151 - WebSocket S2S: MaxInboundMessageSize: 512000
14676: 07:33:14.151 - WebSocket S2S: MaxOutboundMessageSize: 512000
14676: 07:33:14.151 - WebSocket S2S: No inactivity timeout
14676: 07:33:14.151 - Max Reliable Data In Transit (awaiting ACKs) per peer : 51200 bytes
14676: 07:33:14.152 - Per peer bandwidth limit
14676: 07:33:14.152 - Transmit Rate Limit: 256 KB/Sec
14676: 07:33:14.152 - Limit period: 200ms
14676: 07:33:14.152 - Limit per period: 52428 bytes
14676: 07:33:14.152 - Max queued data for transmission per peer: 512000 bytes
14676: 07:33:14.152 - Minimum retransmit timeout: 200
14676: 07:33:14.152 - No Maximum retransmit timeout
14676: 07:33:14.152 - Minimum ENet timeout: 5000ms
14676: 07:33:14.152 - Maximum ENet timeout: 30000ms
14676: 07:33:14.152 - Max Inbound Reliable Data Queued (awaiting resends of earlier sequence numbers) per peer : 163840 bytes
14676: 07:33:14.152 - No RTT ACK adjustment timeout
14676: 07:33:14.152 - Outbound ENet: MaxInboundMessageSize: 512000
14676: 07:33:14.152 - Outbound ENet: MaxOutboundMessageSize: 512000
14676: 07:33:14.158 - GetRuntime - About to load CLR - versions available:
14676: 07:33:14.158 - v2.0.50727
14676: 07:33:14.158 - v4.0.30319
14676: 07:33:14.158 - Configuration requests: "v2.0.50727"
14676: 07:33:14.158 - About to load version: "v2.0.50727"
14676: 07:33:14.191 - About to load runtime: PhotonHostRuntime.PhotonDomainManager from PhotonHostRuntime, Culture=neutral, PublicKeyToken=02C301B61B060C4D
14676: 07:33:14.191 - CLRBaseDirectory set to "E:\Photon-OnPremise-Server-SDK_v4-0-29-11263\deploy"
14676: 07:33:14.191 - Optimising event broadcast for 20 or more peers
14676: 07:33:14.194 - Start: About to load CLR - versions available:
14676: 07:33:14.194 - v2.0.50727
14676: 07:33:14.194 - v4.0.30319
14676: 07:33:14.194 - No preference in configuration file, will load latest.
14676: 07:33:14.194 - About to load version: "v4.0.30319"
14676: 07:33:14.195 - Loaded version: "v4.0.30319"
14676: 07:33:14.312 - Photon host runtime loaded
14676: 07:33:16.145 - License is valid.
14676: 07:33:16.145 - Licensed for 100 concurrent connections.
14676: 07:33:16.145 - ENet: Max Reliable Data In Transit (awaiting ACKs) per peer : 51200 bytes
14676: 07:33:16.145 - ENet: Per peer bandwidth limit
14676: 07:33:16.145 - ENet: Transmit Rate Limit: 256 KB/Sec
14676: 07:33:16.145 - ENet: Limit period: 200ms
14676: 07:33:16.145 - ENet: Limit per period: 52428 bytes
14676: 07:33:16.145 - ENet: Max queued data for transmission per peer: 512000 bytes
14676: 07:33:16.145 - ENet: Minimum retransmit timeout: 200
14676: 07:33:16.145 - No Maximum retransmit timeout
14676: 07:33:16.145 - ENet: Minimum timeout: 5000ms
14676: 07:33:16.145 - ENet: Maximum timeout: 30000ms
14676: 07:33:16.145 - ENet: Max Inbound Reliable Data Queued (awaiting resends of earlier sequence numbers) per peer : 163840 bytes
14676: 07:33:16.145 - No RTT ACK adjustment timeout
14676: 07:33:16.145 - About to load application: SAAServer from SAAServer
14676: 07:33:16.145 - Auto restart is enabled for application, existing connections will be terminated during restart
14676: 07:33:16.145 - Application will restart 1000ms after the last change detected
14676: 07:33:16.145 - Application will restart if files matching the following are changed: "dll;config"
14676: 07:33:16.145 - Application will NOT restart if files matching the following are changed: "log4net.config"
14676: 07:33:16.217 - Taking reference on default app domain
14676: 07:33:16.271 - Application: "SAAServer" started in app domain: 2
14676: 07:33:16.271 - About to load application: CounterPublisher from CounterPublisher
14676: 07:33:16.271 - Auto restart is enabled for application, existing connections will be terminated during restart
14676: 07:33:16.271 - Application will restart 1000ms after the last change detected
14676: 07:33:16.271 - Application will restart if files matching the following are changed: "dll;config"
14676: 07:33:16.271 - Application will NOT restart if files matching the following are changed: "log4net.config"
14676: 07:33:16.328 - Taking reference on default app domain
14676: 07:33:16.368 - Application: "CounterPublisher" started in app domain: 3
14676: 07:33:16.368 - Adding TCP listener on: 0.0.0.0: 4530 with a listen backlog of: 150
14676: 07:33:16.368 - TCP inactivity timeout: 10000ms
14676: 07:33:16.368 - TCP disconnect timeout: 120000ms
14676: 07:33:16.368 - MaxInboundMessageSize: 512000
14676: 07:33:16.368 - MaxOutboundMessageSize: 512000
14676: 07:33:16.368 - Forcing all applications ids to: "SAAServer"
14676: 07:33:16.369 - Serving policy file requests from: "E:\Photon-OnPremise-Server-SDK_v4-0-29-11263\deploy\Policy\assets\socket-policy.xml"
14676: 07:33:16.369 - Adding TCP listener on: 0.0.0.0: 4520 with a listen backlog of: 150
14676: 07:33:16.369 - TCP inactivity timeout: 5000ms
14676: 07:33:16.369 - TCP disconnect timeout: 120000ms
14676: 07:33:16.369 - MaxInboundMessageSize: 512000
14676: 07:33:16.369 - MaxOutboundMessageSize: 512000
14676: 07:33:16.369 - Forcing all applications ids to: "SAAServer"
14676: 07:33:16.369 - MaxInboundMessageSize: 512000
14676: 07:33:16.369 - MaxOutboundMessageSize: 512000
14676: 07:33:16.369 - UDP address specified as: "0.0.0.0" adding listener to each available IPv4 address
14676: 07:33:16.369 - Adding UDP listener on: 192.168.1.5: 7777 with a listen backlog of: 500
14676: 07:33:16.369 - Adding UDP listener on: 127.0.0.1: 7777 with a listen backlog of: 500
14676: 07:33:16.369 - Adding Policy File listener on: 0.0.0.0: 843 with a listen backlog of: 150 and serving Policy File: "E:\Photon-OnPremise-Server-SDK_v4-0-29-11263\deploy\Policy\assets\socket-policy.xml"
14676: 07:33:16.369 - TCP inactivity timeout: 1000ms
14676: 07:33:16.370 - Adding Policy File listener on: 0.0.0.0: 943 with a listen backlog of: 150 and serving Policy File: "E:\Photon-OnPremise-Server-SDK_v4-0-29-11263\deploy\Policy\assets\socket-policy-silverlight.xml"
14676: 07:33:16.370 - TCP inactivity timeout: 1000ms
14676: 07:33:16.385 - Service is running...
820: 07:42:42.547 - Restarting application: "SAAServer" due to file changes
820: 07:42:42.547 - Application: "SAAServer" restart request (abort existing connections)
820: 07:42:42.560 - Failed to restart application: CManagedHost::CreateApplicationInNewAppDomain() - Failed to create new application domain for : "SAAServer" - Can't find SAAServer.dll in E:\Photon-OnPremise-Server-SDK_v4-0-29-11263\deploy\CounterPublisher\bin or E:\Photon-OnPremise-Server-SDK_v4-0-29-11263\deploy\SAAServer\bin
820: 07:42:43.662 - Restarting application: "SAAServer" due to file changes
820: 07:42:43.662 - Application: "SAAServer" restart request (abort existing connections)
820: 07:42:43.707 - Taking reference on default app domain
820: 07:42:43.733 - Application: "SAAServer" started in app domain: 4
820: 07:42:43.853 - RequestApplicationStop: 2
820: 07:42:43.856 - Application: "SAAServer" stopped in app domain: 2 (abort existing connections)
820: 07:42:43.856 - Application: "SAAServer" restart complete.
13080: 07:42:43.856 - CManagedHost::OnDefaultAction() - OPR_AppDomainUnload - eUnloadAppDomain
18104: 07:42:43.861 - Unloading Domain: ApplicationName = 'SAAServer', DomainId='2'
13080: 07:42:43.862 - CManagedHost::OnDomainUnload() - 2
14676: 08:14:49.955 - Service is stopped...
14676: 08:14:49.955 - Server shutting down...
14676: 08:14:49.955 - Shutdown monitoring enabled, 30000ms before process abort
14676: 08:14:49.955 - Notifying CLR applications of shutdown...
14676: 08:14:49.955 - RequestApplicationStop: 3
14676: 08:14:49.959 - RequestApplicationStop: 4
14676: 08:14:49.961 - RequestStop: defalt app domain
14676: 08:14:49.962 - Shutting down WebSocket Outbound Connection Manager...
14676: 08:14:49.962 - Shutting down TCP Outbound Connection Manager...
14676: 08:14:49.963 - Shutting down ENet Outbound Connection Manager...
14676: 08:14:49.963 - Disconnecting all outbound peers...
14676: 08:14:49.963 - Shutting down ENet host...
14676: 08:14:49.963 - Disconnecting all peers...
14676: 08:14:49.963 - Shutting down socket servers...
14676: 08:14:49.963 - Shutting down ENet thread pool...
14676: 08:14:49.963 - Shutting down TCP inactivity timers...
14676: 08:14:49.963 - WaitingForShutdownToComplete: NativePolicy:0.0.0.0:843
14676: 08:14:49.963 - OnShutdownCompleted: NativePolicy:0.0.0.0:843
14676: 08:14:49.963 - WaitingForShutdownToComplete: NativePolicy:0.0.0.0:943
14676: 08:14:49.963 - OnShutdownCompleted: NativePolicy:0.0.0.0:943
14676: 08:14:49.963 - WaitingForShutdownToComplete: TCP:0.0.0.0:4520
14676: 08:14:49.963 - OnShutdownCompleted: TCP:0.0.0.0:4520
14676: 08:14:49.963 - WaitingForShutdownToComplete: TCP:0.0.0.0:4530
14676: 08:14:49.963 - OnShutdownCompleted: TCP:0.0.0.0:4530
14676: 08:14:49.963 - WaitingForShutdownToComplete: UDP:127.0.0.1:7777
14676: 08:14:49.963 - OnShutdownCompleted: UDP:127.0.0.1:7777
14676: 08:14:49.963 - WaitingForShutdownToComplete: UDP:192.168.1.5:7777
14676: 08:14:49.963 - OnShutdownCompleted: UDP:192.168.1.5:7777
14676: 08:14:49.963 - Shutting down CLR applications...
13080: 08:14:49.964 - CManagedHost::OnDefaultAction() - OPR_AppDomainUnload - eUnloadAppDomain
14676: 08:14:49.967 - Shutting down business logic thread pool...
14676: 08:14:49.967 - Shutting down I/O thread pool...
14676: 08:14:49.967 - Destroying servers
14676: 08:14:49.967 - Destroying WebSocket Outbound Connection Manager
14676: 08:14:49.967 - Destroying TCP Outbound Connection Manager
14676: 08:14:49.967 - Destroying TCP inactivity timer
14676: 08:14:49.967 - Destroying ENet timer wheel
14676: 08:14:49.967 - Destroying ENet host
14676: 08:14:49.967 - Destroying ENet outbound host
14676: 08:14:49.967 - Destroying HTTP inactivity timer
14676: 08:14:49.967 - Destroying HTTP host
14676: 08:14:49.967 - Destroying HTTP Chunk host
14676: 08:14:49.967 - Flushing ENET buffer allocator...
14676: 08:14:49.968 - Flushing TCP buffer handle allocator...
14676: 08:14:49.968 - Flushing stream socket allocator...
14676: 08:14:49.968 - Flushing inbound datagram socket allocator...
14676: 08:14:49.969 - Flushing outbound datagram socket allocator...
14676: 08:14:49.969 - Destroying CLR dispatcher
14676: 08:14:49.969 - Destroying CLR applications
14676: 08:14:49.969 - ~CCLRApplicationCollection() - Waiting up to 10 seconds for the CLR to release all of our objects
18104: 08:14:49.971 - Unloading Domain: ApplicationName = 'CounterPublisher', DomainId='3'
13080: 08:14:49.971 - CManagedHost::OnDomainUnload() - 3
13080: 08:14:49.973 - CManagedHost::OnDefaultAction() - OPR_AppDomainUnload - eUnloadAppDomain
18104: 08:14:49.979 - Unloading Domain: ApplicationName = 'SAAServer', DomainId='4'
13080: 08:14:49.981 - CManagedHost::OnDomainUnload() - 4
14676: 08:14:49.981 - ~CCLRApplicationCollection() - Done. All objects released
14676: 08:14:49.982 - ~CManagedHost() - Release default app domain
14676: 08:14:49.982 - CManagedHost::OnDomainUnload() - 1
14676: 08:14:49.982 - ~CManagedHost() - Waiting up to 10 seconds for CLR shutdown...
14676: 08:14:49.982 - ~CManagedHost
14676: 08:14:49.982 - Destroying ENet thread pool
14676: 08:14:49.982 - Destroying Business logic thread pool
14676: 08:14:49.982 - Destroying I/O thread pool
14676: 08:14:49.982 - Destroying ENet buffer allocator
14676: 08:14:49.982 - Destroying TCP buffer allocator
14676: 08:14:49.982 - Destroying TCP socket allocator
14676: 08:14:49.982 - Destroying ENet inbound socket allocator
14676: 08:14:49.982 - Destroying ENet outbound socket allocator
14676: 08:14:49.982 - Destroying shared datagram flow control data
14676: 08:14:49.983 - Shutdown complete...
14676: 08:14:49.983 - Service shutting down
14676: 08:14:49.984 - Service shut down complete
