13404: 07:41:43.310 - ---
13404: 07:41:43.310 - Service: "Photon Socket Server" starting
13404: 07:41:43.310 - Config File: D:\Work\Photon-OnPremise-Server-SDK_v4-0-29-11263\deploy\bin_Win64\PhotonServer.config
13404: 07:41:43.311 - Will produce at most: 10 crash dumps
13404: 07:41:43.311 - Action: run as exe
13404: 07:41:43.312 - Server Starting...
13404: 07:41:43.313 -    Tick count: 522043890 (wraps in: 43.6681 days)
13404: 07:41:43.313 - Tick count 64: 522043890
13404: 07:41:43.313 - Photon Version: 4.0.28.2962
13404: 07:41:43.313 - PID: 1400
13404: 07:41:43.313 - Config File: D:\Work\Photon-OnPremise-Server-SDK_v4-0-29-11263\deploy\bin_Win64\PhotonServer.config
13404: 07:41:43.313 - Will NOT log unimportant exceptions
13404: 07:41:43.318 - Not using performance counters as they are not currently installed. Run the service with /InstallCounters to install them.
13404: 07:41:43.318 - Shutdown timeout enabled: 30000ms
13404: 07:41:43.319 - Starting I/O thread pool with 2 threads
13404: 07:41:43.320 - Using Standard allocator
13404: 07:41:43.320 - Max message size: 512000
13404: 07:41:43.320 - Starting business logic thread pool with the following settings
13404: 07:41:43.320 - InitialThreads: 4 threads
13404: 07:41:43.320 - MinThreads: 4 threads
13404: 07:41:43.320 - Thread pool is fixed size
13404: 07:41:43.321 - Starting ENet thread pool with the following settings
13404: 07:41:43.321 - InitialThreads: 2 threads
13404: 07:41:43.321 - MinThreads: 2 threads
13404: 07:41:43.321 - Thread pool is fixed size
13404: 07:41:43.321 - OnlyDispatchTimers: False
13404: 07:41:43.321 - S2S: flow control: Max pending writes: 50
13404: 07:41:43.321 - S2S: flow control: Max queued buffers: 200
13404: 07:41:43.321 - S2S: flow control: Max pending writes MUX: 500
13404: 07:41:43.321 - S2S: flow control: Max queued buffers MUX: 2000
13404: 07:41:43.321 - S2S: MaxInboundMessageSize: 512000
13404: 07:41:43.321 - S2S: MaxOutboundMessageSize: 512000
13404: 07:41:43.321 - S2S: No inactivity timeout
13404: 07:41:43.329 - WebSocket S2S: MaxInboundMessageSize: 512000
13404: 07:41:43.329 - WebSocket S2S: MaxOutboundMessageSize: 512000
13404: 07:41:43.329 - WebSocket S2S: No inactivity timeout
13404: 07:41:43.330 - Max Reliable Data In Transit (awaiting ACKs) per peer : 51200 bytes
13404: 07:41:43.330 - Per peer bandwidth limit
13404: 07:41:43.330 - Transmit Rate Limit: 256 KB/Sec
13404: 07:41:43.330 - Limit period: 200ms
13404: 07:41:43.330 - Limit per period: 52428 bytes
13404: 07:41:43.330 - Max queued data for transmission per peer: 512000 bytes
13404: 07:41:43.330 - Minimum retransmit timeout: 200
13404: 07:41:43.330 - No Maximum retransmit timeout
13404: 07:41:43.330 - Minimum ENet timeout: 5000ms
13404: 07:41:43.330 - Maximum ENet timeout: 30000ms
13404: 07:41:43.330 - Max Inbound Reliable Data Queued (awaiting resends of earlier sequence numbers) per peer : 163840 bytes
13404: 07:41:43.330 - No RTT ACK adjustment timeout
13404: 07:41:43.330 - Outbound ENet: MaxInboundMessageSize: 512000
13404: 07:41:43.330 - Outbound ENet: MaxOutboundMessageSize: 512000
13404: 07:41:43.337 - GetRuntime - About to load CLR - versions available:
13404: 07:41:43.337 - v2.0.50727
13404: 07:41:43.337 - v4.0.30319
13404: 07:41:43.337 - Configuration requests: "v2.0.50727"
13404: 07:41:43.337 - About to load version: "v2.0.50727"
13404: 07:41:43.358 - About to load runtime: PhotonHostRuntime.PhotonDomainManager from PhotonHostRuntime, Culture=neutral, PublicKeyToken=02C301B61B060C4D
13404: 07:41:43.358 - CLRBaseDirectory set to "D:\Work\Photon-OnPremise-Server-SDK_v4-0-29-11263\deploy"
13404: 07:41:43.358 - Optimising event broadcast for 20 or more peers
13404: 07:41:43.360 - Start: About to load CLR - versions available:
13404: 07:41:43.360 - v2.0.50727
13404: 07:41:43.360 - v4.0.30319
13404: 07:41:43.360 - No preference in configuration file, will load latest.
13404: 07:41:43.360 - About to load version: "v4.0.30319"
13404: 07:41:43.361 - Loaded version: "v4.0.30319"
13404: 07:41:43.471 - Photon host runtime loaded
13404: 07:41:45.489 - License is valid.
13404: 07:41:45.489 - Licensed for 100 concurrent connections.
13404: 07:41:45.489 - ENet: Max Reliable Data In Transit (awaiting ACKs) per peer : 51200 bytes
13404: 07:41:45.489 - ENet: Per peer bandwidth limit
13404: 07:41:45.489 - ENet: Transmit Rate Limit: 256 KB/Sec
13404: 07:41:45.489 - ENet: Limit period: 200ms
13404: 07:41:45.489 - ENet: Limit per period: 52428 bytes
13404: 07:41:45.489 - ENet: Max queued data for transmission per peer: 512000 bytes
13404: 07:41:45.489 - ENet: Minimum retransmit timeout: 200
13404: 07:41:45.489 - No Maximum retransmit timeout
13404: 07:41:45.489 - ENet: Minimum timeout: 5000ms
13404: 07:41:45.489 - ENet: Maximum timeout: 30000ms
13404: 07:41:45.489 - ENet: Max Inbound Reliable Data Queued (awaiting resends of earlier sequence numbers) per peer : 163840 bytes
13404: 07:41:45.489 - No RTT ACK adjustment timeout
13404: 07:41:45.489 - About to load application: SAAServer from SAAServer
13404: 07:41:45.489 - Auto restart is enabled for application, existing connections will be terminated during restart
13404: 07:41:45.489 - Application will restart 1000ms after the last change detected
13404: 07:41:45.489 - Application will restart if files matching the following are changed: "dll;config"
13404: 07:41:45.489 - Application will NOT restart if files matching the following are changed: "log4net.config"
13404: 07:41:45.546 - Taking reference on default app domain
13404: 07:41:45.588 - Application: "SAAServer" started in app domain: 2
13404: 07:41:45.588 - About to load application: CounterPublisher from CounterPublisher
13404: 07:41:45.588 - Auto restart is enabled for application, existing connections will be terminated during restart
13404: 07:41:45.588 - Application will restart 1000ms after the last change detected
13404: 07:41:45.588 - Application will restart if files matching the following are changed: "dll;config"
13404: 07:41:45.588 - Application will NOT restart if files matching the following are changed: "log4net.config"
13404: 07:41:45.633 - Taking reference on default app domain
13404: 07:41:45.665 - Application: "CounterPublisher" started in app domain: 3
13404: 07:41:45.665 - Adding TCP listener on: 0.0.0.0: 4530 with a listen backlog of: 150
13404: 07:41:45.665 - TCP inactivity timeout: 10000ms
13404: 07:41:45.665 - TCP disconnect timeout: 120000ms
13404: 07:41:45.665 - MaxInboundMessageSize: 512000
13404: 07:41:45.665 - MaxOutboundMessageSize: 512000
13404: 07:41:45.665 - Forcing all applications ids to: "SAAServer"
13404: 07:41:45.666 - Serving policy file requests from: "D:\Work\Photon-OnPremise-Server-SDK_v4-0-29-11263\deploy\Policy\assets\socket-policy.xml"
13404: 07:41:45.666 - Adding TCP listener on: 0.0.0.0: 4520 with a listen backlog of: 150
13404: 07:41:45.666 - TCP inactivity timeout: 5000ms
13404: 07:41:45.666 - TCP disconnect timeout: 120000ms
13404: 07:41:45.666 - MaxInboundMessageSize: 512000
13404: 07:41:45.666 - MaxOutboundMessageSize: 512000
13404: 07:41:45.666 - Forcing all applications ids to: "SAAServer"
13404: 07:41:45.666 - MaxInboundMessageSize: 512000
13404: 07:41:45.666 - MaxOutboundMessageSize: 512000
13404: 07:41:45.666 - UDP address specified as: "0.0.0.0" adding listener to each available IPv4 address
13404: 07:41:45.667 - Adding UDP listener on: 192.168.1.6: 7777 with a listen backlog of: 500
13404: 07:41:45.667 - Adding UDP listener on: 127.0.0.1: 7777 with a listen backlog of: 500
13404: 07:41:45.667 - Adding Policy File listener on: 0.0.0.0: 843 with a listen backlog of: 150 and serving Policy File: "D:\Work\Photon-OnPremise-Server-SDK_v4-0-29-11263\deploy\Policy\assets\socket-policy.xml"
13404: 07:41:45.667 - TCP inactivity timeout: 1000ms
13404: 07:41:45.667 - Adding Policy File listener on: 0.0.0.0: 943 with a listen backlog of: 150 and serving Policy File: "D:\Work\Photon-OnPremise-Server-SDK_v4-0-29-11263\deploy\Policy\assets\socket-policy-silverlight.xml"
13404: 07:41:45.667 - TCP inactivity timeout: 1000ms
13404: 07:41:45.681 - Service is running...
11596: 08:02:31.159 - Restarting application: "SAAServer" due to file changes
11596: 08:02:31.159 - Application: "SAAServer" restart request (abort existing connections)
11596: 08:02:31.202 - Taking reference on default app domain
11596: 08:02:31.230 - Application: "SAAServer" started in app domain: 4
11596: 08:02:31.346 - RequestApplicationStop: 2
11596: 08:02:31.350 - Application: "SAAServer" stopped in app domain: 2 (abort existing connections)
11596: 08:02:31.350 - Application: "SAAServer" restart complete.
12528: 08:02:31.350 - CManagedHost::OnDefaultAction() - OPR_AppDomainUnload - eUnloadAppDomain
9404: 08:02:31.355 - Unloading Domain: ApplicationName = 'SAAServer', DomainId='2'
12528: 08:02:31.357 - CManagedHost::OnDomainUnload() - 2
13404: 08:10:52.144 - Service is stopped...
13404: 08:10:52.144 - Server shutting down...
13404: 08:10:52.144 - Shutdown monitoring enabled, 30000ms before process abort
13404: 08:10:52.144 - Notifying CLR applications of shutdown...
13404: 08:10:52.144 - RequestApplicationStop: 3
13404: 08:10:52.147 - RequestApplicationStop: 4
13404: 08:10:52.149 - RequestStop: defalt app domain
13404: 08:10:52.150 - Shutting down WebSocket Outbound Connection Manager...
13404: 08:10:52.150 - Shutting down TCP Outbound Connection Manager...
13404: 08:10:52.150 - Shutting down ENet Outbound Connection Manager...
13404: 08:10:52.150 - Disconnecting all outbound peers...
13404: 08:10:52.150 - Shutting down ENet host...
13404: 08:10:52.150 - Disconnecting all peers...
13404: 08:10:52.150 - Shutting down socket servers...
13404: 08:10:52.150 - Shutting down ENet thread pool...
13404: 08:10:52.151 - Shutting down TCP inactivity timers...
13404: 08:10:52.151 - WaitingForShutdownToComplete: NativePolicy:0.0.0.0:843
13404: 08:10:52.151 - OnShutdownCompleted: NativePolicy:0.0.0.0:843
13404: 08:10:52.151 - WaitingForShutdownToComplete: NativePolicy:0.0.0.0:943
13404: 08:10:52.151 - OnShutdownCompleted: NativePolicy:0.0.0.0:943
13404: 08:10:52.151 - WaitingForShutdownToComplete: TCP:0.0.0.0:4520
13404: 08:10:52.151 - OnShutdownCompleted: TCP:0.0.0.0:4520
13404: 08:10:52.151 - WaitingForShutdownToComplete: TCP:0.0.0.0:4530
13404: 08:10:52.151 - OnShutdownCompleted: TCP:0.0.0.0:4530
13404: 08:10:52.151 - WaitingForShutdownToComplete: UDP:127.0.0.1:7777
13404: 08:10:52.151 - OnShutdownCompleted: UDP:127.0.0.1:7777
13404: 08:10:52.151 - WaitingForShutdownToComplete: UDP:192.168.1.6:7777
13404: 08:10:52.151 - OnShutdownCompleted: UDP:192.168.1.6:7777
13404: 08:10:52.151 - Shutting down CLR applications...
12528: 08:10:52.152 - CManagedHost::OnDefaultAction() - OPR_AppDomainUnload - eUnloadAppDomain
13404: 08:10:52.155 - Shutting down business logic thread pool...
13404: 08:10:52.155 - Shutting down I/O thread pool...
13404: 08:10:52.156 - Destroying servers
13404: 08:10:52.156 - Destroying WebSocket Outbound Connection Manager
13404: 08:10:52.156 - Destroying TCP Outbound Connection Manager
13404: 08:10:52.156 - Destroying TCP inactivity timer
13404: 08:10:52.156 - Destroying ENet timer wheel
13404: 08:10:52.156 - Destroying ENet host
13404: 08:10:52.156 - Destroying ENet outbound host
13404: 08:10:52.156 - Destroying HTTP inactivity timer
13404: 08:10:52.156 - Destroying HTTP host
13404: 08:10:52.156 - Destroying HTTP Chunk host
13404: 08:10:52.156 - Flushing ENET buffer allocator...
13404: 08:10:52.156 - Flushing TCP buffer handle allocator...
13404: 08:10:52.156 - Flushing stream socket allocator...
13404: 08:10:52.156 - Flushing inbound datagram socket allocator...
13404: 08:10:52.157 - Flushing outbound datagram socket allocator...
13404: 08:10:52.157 - Destroying CLR dispatcher
13404: 08:10:52.157 - Destroying CLR applications
13404: 08:10:52.158 - ~CCLRApplicationCollection() - Waiting up to 10 seconds for the CLR to release all of our objects
9404: 08:10:52.159 - Unloading Domain: ApplicationName = 'CounterPublisher', DomainId='3'
12528: 08:10:52.159 - CManagedHost::OnDomainUnload() - 3
12528: 08:10:52.161 - CManagedHost::OnDefaultAction() - OPR_AppDomainUnload - eUnloadAppDomain
9404: 08:10:52.167 - Unloading Domain: ApplicationName = 'SAAServer', DomainId='4'
12528: 08:10:52.169 - CManagedHost::OnDomainUnload() - 4
13404: 08:10:52.170 - ~CCLRApplicationCollection() - Done. All objects released
13404: 08:10:52.170 - ~CManagedHost() - Release default app domain
13404: 08:10:52.170 - CManagedHost::OnDomainUnload() - 1
13404: 08:10:52.170 - ~CManagedHost() - Waiting up to 10 seconds for CLR shutdown...
13404: 08:10:52.170 - ~CManagedHost
13404: 08:10:52.170 - Destroying ENet thread pool
13404: 08:10:52.170 - Destroying Business logic thread pool
13404: 08:10:52.170 - Destroying I/O thread pool
13404: 08:10:52.170 - Destroying ENet buffer allocator
13404: 08:10:52.170 - Destroying TCP buffer allocator
13404: 08:10:52.170 - Destroying TCP socket allocator
13404: 08:10:52.170 - Destroying ENet inbound socket allocator
13404: 08:10:52.170 - Destroying ENet outbound socket allocator
13404: 08:10:52.170 - Destroying shared datagram flow control data
13404: 08:10:52.171 - Shutdown complete...
13404: 08:10:52.171 - Service shutting down
13404: 08:10:52.173 - Service shut down complete
