3916: 17:59:24.055 - ---
3916: 17:59:24.055 - Service: "Photon Socket Server" starting
3916: 17:59:24.055 - Config File: E:\Git\Deep\DeepSky\Server\PhotonServer\Photon-OnPremise-Server-SDK_v4-0-29-11263\deploy\bin_Win64\PhotonServer.config
3916: 17:59:24.057 - Will produce at most: 10 crash dumps
3916: 17:59:24.057 - Service shutting down
3916: 17:59:24.058 - Service shut down complete
21964: 18:22:02.116 - ---
21964: 18:22:02.116 - Service: "Photon Socket Server" starting
21964: 18:22:02.116 - Config File: E:\Git\Deep\DeepSky\Server\PhotonServer\Photon-OnPremise-Server-SDK_v4-0-29-11263\deploy\bin_Win64\PhotonServer.config
21964: 18:22:02.118 - Will produce at most: 10 crash dumps
21964: 18:22:02.118 - Service shutting down
21964: 18:22:02.119 - Service shut down complete
9688: 18:24:39.131 - ---
9688: 18:24:39.131 - Service: "Photon Socket Server" starting
9688: 18:24:39.131 - Config File: E:\Git\Deep\DeepSky\Server\PhotonServer\Photon-OnPremise-Server-SDK_v4-0-29-11263\deploy\bin_Win64\PhotonServer.config
9688: 18:24:39.133 - Will produce at most: 10 crash dumps
9688: 18:24:39.133 - Service shutting down
9688: 18:24:39.135 - Service shut down complete
17828: 18:39:18.120 - ---
17828: 18:39:18.120 - Service: "Photon Socket Server" starting
17828: 18:39:18.121 - Config File: E:\Git\Deep\DeepSky\Server\PhotonServer\Photon-OnPremise-Server-SDK_v4-0-29-11263\deploy\bin_Win64\PhotonServer.config
17828: 18:39:18.123 - Will produce at most: 10 crash dumps
17828: 18:39:18.123 - Service shutting down
17828: 18:39:18.124 - Service shut down complete
24132: 18:47:45.838 - ---
24132: 18:47:45.838 - Service: "Photon Socket Server" starting
24132: 18:47:45.839 - Config File: E:\Git\Deep\DeepSky\Server\PhotonServer\Photon-OnPremise-Server-SDK_v4-0-29-11263\deploy\bin_Win64\PhotonServer.config
24132: 18:47:45.841 - Will produce at most: 10 crash dumps
24132: 18:47:45.841 - Service shutting down
24132: 18:47:45.842 - Service shut down complete
14916: 20:53:52.035 - ---
14916: 20:53:52.035 - Service: "Photon Socket Server" starting
14916: 20:53:52.035 - Config File: E:\Git\Deep\DeepSky\Server\PhotonServer\Photon-OnPremise-Server-SDK_v4-0-29-11263\deploy\bin_Win64\PhotonServer.config
14916: 20:53:52.038 - Will produce at most: 10 crash dumps
14916: 20:53:52.038 - Service shutting down
14916: 20:53:52.040 - Service shut down complete
