11956: 07:42:54.199 - ---
11956: 07:42:54.199 - Service: "Photon Socket Server" starting
11956: 07:42:54.199 - Config File: E:\Photon-OnPremise-Server-SDK_v4-0-29-11263\deploy\bin_Win64\PhotonServer.config
11956: 07:42:54.202 - Will produce at most: 10 crash dumps
11956: 07:42:54.203 - Action: run as exe
11956: 07:42:54.204 - Server Starting...
11956: 07:42:54.204 -    Tick count: 477131828 (wraps in: 44.1879 days)
11956: 07:42:54.204 - Tick count 64: 477131828
11956: 07:42:54.204 - Photon Version: 4.0.28.2962
11956: 07:42:54.204 - PID: 19384
11956: 07:42:54.205 - Config File: E:\Photon-OnPremise-Server-SDK_v4-0-29-11263\deploy\bin_Win64\PhotonServer.config
11956: 07:42:54.205 - Will NOT log unimportant exceptions
11956: 07:42:54.210 - Not using performance counters as they are not currently installed. Run the service with /InstallCounters to install them.
11956: 07:42:54.211 - Shutdown timeout enabled: 30000ms
11956: 07:42:54.211 - Starting I/O thread pool with 2 threads
11956: 07:42:54.212 - Using Standard allocator
11956: 07:42:54.212 - Max message size: 512000
11956: 07:42:54.212 - Starting business logic thread pool with the following settings
11956: 07:42:54.212 - InitialThreads: 4 threads
11956: 07:42:54.213 - MinThreads: 4 threads
11956: 07:42:54.213 - Thread pool is fixed size
11956: 07:42:54.213 - Starting ENet thread pool with the following settings
11956: 07:42:54.213 - InitialThreads: 2 threads
11956: 07:42:54.213 - MinThreads: 2 threads
11956: 07:42:54.213 - Thread pool is fixed size
11956: 07:42:54.213 - OnlyDispatchTimers: False
11956: 07:42:54.213 - S2S: flow control: Max pending writes: 50
11956: 07:42:54.213 - S2S: flow control: Max queued buffers: 200
11956: 07:42:54.213 - S2S: flow control: Max pending writes MUX: 500
11956: 07:42:54.213 - S2S: flow control: Max queued buffers MUX: 2000
11956: 07:42:54.213 - S2S: MaxInboundMessageSize: 512000
11956: 07:42:54.213 - S2S: MaxOutboundMessageSize: 512000
11956: 07:42:54.213 - S2S: No inactivity timeout
11956: 07:42:54.223 - WebSocket S2S: MaxInboundMessageSize: 512000
11956: 07:42:54.223 - WebSocket S2S: MaxOutboundMessageSize: 512000
11956: 07:42:54.223 - WebSocket S2S: No inactivity timeout
11956: 07:42:54.224 - Max Reliable Data In Transit (awaiting ACKs) per peer : 51200 bytes
11956: 07:42:54.224 - Per peer bandwidth limit
11956: 07:42:54.224 - Transmit Rate Limit: 256 KB/Sec
11956: 07:42:54.224 - Limit period: 200ms
11956: 07:42:54.224 - Limit per period: 52428 bytes
11956: 07:42:54.224 - Max queued data for transmission per peer: 512000 bytes
11956: 07:42:54.224 - Minimum retransmit timeout: 200
11956: 07:42:54.224 - No Maximum retransmit timeout
11956: 07:42:54.224 - Minimum ENet timeout: 5000ms
11956: 07:42:54.224 - Maximum ENet timeout: 30000ms
11956: 07:42:54.224 - Max Inbound Reliable Data Queued (awaiting resends of earlier sequence numbers) per peer : 163840 bytes
11956: 07:42:54.224 - No RTT ACK adjustment timeout
11956: 07:42:54.224 - Outbound ENet: MaxInboundMessageSize: 512000
11956: 07:42:54.224 - Outbound ENet: MaxOutboundMessageSize: 512000
11956: 07:42:54.230 - GetRuntime - About to load CLR - versions available:
11956: 07:42:54.230 - v2.0.50727
11956: 07:42:54.230 - v4.0.30319
11956: 07:42:54.230 - Configuration requests: "v2.0.50727"
11956: 07:42:54.230 - About to load version: "v2.0.50727"
11956: 07:42:54.260 - About to load runtime: PhotonHostRuntime.PhotonDomainManager from PhotonHostRuntime, Culture=neutral, PublicKeyToken=02C301B61B060C4D
11956: 07:42:54.260 - CLRBaseDirectory set to "E:\Photon-OnPremise-Server-SDK_v4-0-29-11263\deploy"
11956: 07:42:54.260 - Optimising event broadcast for 20 or more peers
11956: 07:42:54.262 - Start: About to load CLR - versions available:
11956: 07:42:54.262 - v2.0.50727
11956: 07:42:54.262 - v4.0.30319
11956: 07:42:54.262 - No preference in configuration file, will load latest.
11956: 07:42:54.262 - About to load version: "v4.0.30319"
11956: 07:42:54.263 - Loaded version: "v4.0.30319"
11956: 07:42:54.373 - Photon host runtime loaded
11956: 07:42:55.962 - License is valid.
11956: 07:42:55.962 - Licensed for 100 concurrent connections.
11956: 07:42:55.962 - ENet: Max Reliable Data In Transit (awaiting ACKs) per peer : 51200 bytes
11956: 07:42:55.962 - ENet: Per peer bandwidth limit
11956: 07:42:55.962 - ENet: Transmit Rate Limit: 256 KB/Sec
11956: 07:42:55.962 - ENet: Limit period: 200ms
11956: 07:42:55.962 - ENet: Limit per period: 52428 bytes
11956: 07:42:55.962 - ENet: Max queued data for transmission per peer: 512000 bytes
11956: 07:42:55.962 - ENet: Minimum retransmit timeout: 200
11956: 07:42:55.962 - No Maximum retransmit timeout
11956: 07:42:55.962 - ENet: Minimum timeout: 5000ms
11956: 07:42:55.962 - ENet: Maximum timeout: 30000ms
11956: 07:42:55.962 - ENet: Max Inbound Reliable Data Queued (awaiting resends of earlier sequence numbers) per peer : 163840 bytes
11956: 07:42:55.962 - No RTT ACK adjustment timeout
11956: 07:42:55.962 - About to load application: SAAServer from SAAServer
11956: 07:42:55.962 - Auto restart is enabled for application, existing connections will be terminated during restart
11956: 07:42:55.962 - Application will restart 1000ms after the last change detected
11956: 07:42:55.962 - Application will restart if files matching the following are changed: "dll;config"
11956: 07:42:55.962 - Application will NOT restart if files matching the following are changed: "log4net.config"
11956: 07:42:56.030 - Taking reference on default app domain
11956: 07:42:56.085 - Application: "SAAServer" started in app domain: 2
11956: 07:42:56.085 - About to load application: CounterPublisher from CounterPublisher
11956: 07:42:56.085 - Auto restart is enabled for application, existing connections will be terminated during restart
11956: 07:42:56.085 - Application will restart 1000ms after the last change detected
11956: 07:42:56.085 - Application will restart if files matching the following are changed: "dll;config"
11956: 07:42:56.085 - Application will NOT restart if files matching the following are changed: "log4net.config"
11956: 07:42:56.144 - Taking reference on default app domain
11956: 07:42:56.186 - Application: "CounterPublisher" started in app domain: 3
11956: 07:42:56.187 - Adding TCP listener on: 0.0.0.0: 4530 with a listen backlog of: 150
11956: 07:42:56.187 - TCP inactivity timeout: 10000ms
11956: 07:42:56.187 - TCP disconnect timeout: 120000ms
11956: 07:42:56.187 - MaxInboundMessageSize: 512000
11956: 07:42:56.187 - MaxOutboundMessageSize: 512000
11956: 07:42:56.187 - Forcing all applications ids to: "SAAServer"
11956: 07:42:56.187 - Serving policy file requests from: "E:\Photon-OnPremise-Server-SDK_v4-0-29-11263\deploy\Policy\assets\socket-policy.xml"
11956: 07:42:56.187 - Adding TCP listener on: 0.0.0.0: 4520 with a listen backlog of: 150
11956: 07:42:56.187 - TCP inactivity timeout: 5000ms
11956: 07:42:56.187 - TCP disconnect timeout: 120000ms
11956: 07:42:56.187 - MaxInboundMessageSize: 512000
11956: 07:42:56.187 - MaxOutboundMessageSize: 512000
11956: 07:42:56.187 - Forcing all applications ids to: "SAAServer"
11956: 07:42:56.187 - MaxInboundMessageSize: 512000
11956: 07:42:56.187 - MaxOutboundMessageSize: 512000
11956: 07:42:56.187 - UDP address specified as: "0.0.0.0" adding listener to each available IPv4 address
11956: 07:42:56.187 - Adding UDP listener on: 192.168.1.7: 7777 with a listen backlog of: 500
11956: 07:42:56.188 - Adding UDP listener on: 127.0.0.1: 7777 with a listen backlog of: 500
11956: 07:42:56.188 - Adding Policy File listener on: 0.0.0.0: 843 with a listen backlog of: 150 and serving Policy File: "E:\Photon-OnPremise-Server-SDK_v4-0-29-11263\deploy\Policy\assets\socket-policy.xml"
11956: 07:42:56.188 - TCP inactivity timeout: 1000ms
11956: 07:42:56.188 - Adding Policy File listener on: 0.0.0.0: 943 with a listen backlog of: 150 and serving Policy File: "E:\Photon-OnPremise-Server-SDK_v4-0-29-11263\deploy\Policy\assets\socket-policy-silverlight.xml"
11956: 07:42:56.188 - TCP inactivity timeout: 1000ms
11956: 07:42:56.203 - Service is running...
11956: 07:55:26.735 - Service is stopped...
11956: 07:55:26.735 - Server shutting down...
11956: 07:55:26.735 - Shutdown monitoring enabled, 30000ms before process abort
11956: 07:55:26.735 - Notifying CLR applications of shutdown...
11956: 07:55:26.735 - RequestApplicationStop: 3
11956: 07:55:26.739 - RequestApplicationStop: 2
11956: 07:55:26.740 - RequestStop: defalt app domain
11956: 07:55:26.741 - Shutting down WebSocket Outbound Connection Manager...
11956: 07:55:26.741 - Shutting down TCP Outbound Connection Manager...
11956: 07:55:26.742 - Shutting down ENet Outbound Connection Manager...
11956: 07:55:26.742 - Disconnecting all outbound peers...
11956: 07:55:26.742 - Shutting down ENet host...
11956: 07:55:26.742 - Disconnecting all peers...
11956: 07:55:26.742 - Shutting down socket servers...
11956: 07:55:26.742 - Shutting down ENet thread pool...
11956: 07:55:26.742 - Shutting down TCP inactivity timers...
11956: 07:55:26.742 - WaitingForShutdownToComplete: NativePolicy:0.0.0.0:843
11956: 07:55:26.742 - OnShutdownCompleted: NativePolicy:0.0.0.0:843
11956: 07:55:26.742 - WaitingForShutdownToComplete: NativePolicy:0.0.0.0:943
11956: 07:55:26.742 - OnShutdownCompleted: NativePolicy:0.0.0.0:943
11956: 07:55:26.742 - WaitingForShutdownToComplete: TCP:0.0.0.0:4520
11956: 07:55:26.742 - OnShutdownCompleted: TCP:0.0.0.0:4520
11956: 07:55:26.742 - WaitingForShutdownToComplete: TCP:0.0.0.0:4530
11956: 07:55:26.742 - OnShutdownCompleted: TCP:0.0.0.0:4530
11956: 07:55:26.742 - WaitingForShutdownToComplete: UDP:127.0.0.1:7777
11956: 07:55:26.742 - OnShutdownCompleted: UDP:127.0.0.1:7777
11956: 07:55:26.742 - WaitingForShutdownToComplete: UDP:192.168.1.7:7777
11956: 07:55:26.742 - OnShutdownCompleted: UDP:192.168.1.7:7777
11956: 07:55:26.742 - Shutting down CLR applications...
2528: 07:55:26.743 - CManagedHost::OnDefaultAction() - OPR_AppDomainUnload - eUnloadAppDomain
11956: 07:55:26.746 - Shutting down business logic thread pool...
11956: 07:55:26.746 - Shutting down I/O thread pool...
11956: 07:55:26.747 - Destroying servers
11956: 07:55:26.747 - Destroying WebSocket Outbound Connection Manager
11956: 07:55:26.747 - Destroying TCP Outbound Connection Manager
11956: 07:55:26.747 - Destroying TCP inactivity timer
11956: 07:55:26.747 - Destroying ENet timer wheel
11956: 07:55:26.747 - Destroying ENet host
11956: 07:55:26.747 - Destroying ENet outbound host
11956: 07:55:26.747 - Destroying HTTP inactivity timer
11956: 07:55:26.747 - Destroying HTTP host
11956: 07:55:26.747 - Destroying HTTP Chunk host
11956: 07:55:26.747 - Flushing ENET buffer allocator...
11956: 07:55:26.748 - Flushing TCP buffer handle allocator...
11956: 07:55:26.748 - Flushing stream socket allocator...
11956: 07:55:26.748 - Flushing inbound datagram socket allocator...
11956: 07:55:26.749 - Flushing outbound datagram socket allocator...
11956: 07:55:26.749 - Destroying CLR dispatcher
11956: 07:55:26.749 - Destroying CLR applications
11956: 07:55:26.750 - ~CCLRApplicationCollection() - Waiting up to 10 seconds for the CLR to release all of our objects
896: 07:55:26.751 - Unloading Domain: ApplicationName = 'CounterPublisher', DomainId='3'
2528: 07:55:26.751 - CManagedHost::OnDomainUnload() - 3
2528: 07:55:26.755 - CManagedHost::OnDefaultAction() - OPR_AppDomainUnload - eUnloadAppDomain
896: 07:55:26.762 - Unloading Domain: ApplicationName = 'SAAServer', DomainId='2'
2528: 07:55:26.763 - CManagedHost::OnDomainUnload() - 2
11956: 07:55:26.764 - ~CCLRApplicationCollection() - Done. All objects released
11956: 07:55:26.764 - ~CManagedHost() - Release default app domain
11956: 07:55:26.764 - CManagedHost::OnDomainUnload() - 1
11956: 07:55:26.764 - ~CManagedHost() - Waiting up to 10 seconds for CLR shutdown...
11956: 07:55:26.764 - ~CManagedHost
11956: 07:55:26.764 - Destroying ENet thread pool
11956: 07:55:26.764 - Destroying Business logic thread pool
11956: 07:55:26.764 - Destroying I/O thread pool
11956: 07:55:26.764 - Destroying ENet buffer allocator
11956: 07:55:26.764 - Destroying TCP buffer allocator
11956: 07:55:26.764 - Destroying TCP socket allocator
11956: 07:55:26.764 - Destroying ENet inbound socket allocator
11956: 07:55:26.764 - Destroying ENet outbound socket allocator
11956: 07:55:26.764 - Destroying shared datagram flow control data
11956: 07:55:26.765 - Shutdown complete...
11956: 07:55:26.765 - Service shutting down
11956: 07:55:26.768 - Service shut down complete
