2516: 09:42:57.362 - ---
2516: 09:42:57.362 - Service: "Photon Socket Server" starting
2516: 09:42:57.362 - Config File: E:\Photon-OnPremise-Server-SDK_v4-0-29-11263\deploy\bin_Win64\PhotonServer.config
2516: 09:42:57.367 - Will produce at most: 10 crash dumps
2516: 09:42:57.367 - Action: run as exe
2516: 09:42:57.368 - Server Starting...
2516: 09:42:57.368 -    Tick count: 266171171 (wraps in: 46.6296 days)
2516: 09:42:57.368 - Tick count 64: 266171171
2516: 09:42:57.368 - Photon Version: 4.0.28.2962
2516: 09:42:57.368 - PID: 16120
2516: 09:42:57.369 - Config File: E:\Photon-OnPremise-Server-SDK_v4-0-29-11263\deploy\bin_Win64\PhotonServer.config
2516: 09:42:57.369 - Will NOT log unimportant exceptions
2516: 09:42:57.375 - Not using performance counters as they are not currently installed. Run the service with /InstallCounters to install them.
2516: 09:42:57.375 - Shutdown timeout enabled: 30000ms
2516: 09:42:57.376 - Starting I/O thread pool with 2 threads
2516: 09:42:57.377 - Using Standard allocator
2516: 09:42:57.377 - Max message size: 512000
2516: 09:42:57.378 - Starting business logic thread pool with the following settings
2516: 09:42:57.378 - InitialThreads: 4 threads
2516: 09:42:57.378 - MinThreads: 4 threads
2516: 09:42:57.378 - Thread pool is fixed size
2516: 09:42:57.378 - Starting ENet thread pool with the following settings
2516: 09:42:57.378 - InitialThreads: 2 threads
2516: 09:42:57.378 - MinThreads: 2 threads
2516: 09:42:57.378 - Thread pool is fixed size
2516: 09:42:57.378 - OnlyDispatchTimers: False
2516: 09:42:57.378 - S2S: flow control: Max pending writes: 50
2516: 09:42:57.378 - S2S: flow control: Max queued buffers: 200
2516: 09:42:57.378 - S2S: flow control: Max pending writes MUX: 500
2516: 09:42:57.378 - S2S: flow control: Max queued buffers MUX: 2000
2516: 09:42:57.378 - S2S: MaxInboundMessageSize: 512000
2516: 09:42:57.378 - S2S: MaxOutboundMessageSize: 512000
2516: 09:42:57.378 - S2S: No inactivity timeout
2516: 09:42:57.388 - WebSocket S2S: MaxInboundMessageSize: 512000
2516: 09:42:57.388 - WebSocket S2S: MaxOutboundMessageSize: 512000
2516: 09:42:57.388 - WebSocket S2S: No inactivity timeout
2516: 09:42:57.388 - Max Reliable Data In Transit (awaiting ACKs) per peer : 51200 bytes
2516: 09:42:57.388 - Per peer bandwidth limit
2516: 09:42:57.388 - Transmit Rate Limit: 256 KB/Sec
2516: 09:42:57.388 - Limit period: 200ms
2516: 09:42:57.388 - Limit per period: 52428 bytes
2516: 09:42:57.388 - Max queued data for transmission per peer: 512000 bytes
2516: 09:42:57.388 - Minimum retransmit timeout: 200
2516: 09:42:57.388 - No Maximum retransmit timeout
2516: 09:42:57.388 - Minimum ENet timeout: 5000ms
2516: 09:42:57.388 - Maximum ENet timeout: 30000ms
2516: 09:42:57.388 - Max Inbound Reliable Data Queued (awaiting resends of earlier sequence numbers) per peer : 163840 bytes
2516: 09:42:57.388 - No RTT ACK adjustment timeout
2516: 09:42:57.388 - Outbound ENet: MaxInboundMessageSize: 512000
2516: 09:42:57.388 - Outbound ENet: MaxOutboundMessageSize: 512000
2516: 09:42:57.396 - GetRuntime - About to load CLR - versions available:
2516: 09:42:57.396 - v2.0.50727
2516: 09:42:57.396 - v4.0.30319
2516: 09:42:57.396 - Configuration requests: "v2.0.50727"
2516: 09:42:57.396 - About to load version: "v2.0.50727"
2516: 09:42:57.419 - About to load runtime: PhotonHostRuntime.PhotonDomainManager from PhotonHostRuntime, Culture=neutral, PublicKeyToken=02C301B61B060C4D
2516: 09:42:57.419 - CLRBaseDirectory set to "E:\Photon-OnPremise-Server-SDK_v4-0-29-11263\deploy"
2516: 09:42:57.419 - Optimising event broadcast for 20 or more peers
2516: 09:42:57.421 - Start: About to load CLR - versions available:
2516: 09:42:57.421 - v2.0.50727
2516: 09:42:57.421 - v4.0.30319
2516: 09:42:57.421 - No preference in configuration file, will load latest.
2516: 09:42:57.421 - About to load version: "v4.0.30319"
2516: 09:42:57.423 - Loaded version: "v4.0.30319"
2516: 09:42:57.562 - Photon host runtime loaded
2516: 09:42:59.266 - License is valid.
2516: 09:42:59.266 - Licensed for 100 concurrent connections.
2516: 09:42:59.266 - ENet: Max Reliable Data In Transit (awaiting ACKs) per peer : 51200 bytes
2516: 09:42:59.266 - ENet: Per peer bandwidth limit
2516: 09:42:59.266 - ENet: Transmit Rate Limit: 256 KB/Sec
2516: 09:42:59.266 - ENet: Limit period: 200ms
2516: 09:42:59.266 - ENet: Limit per period: 52428 bytes
2516: 09:42:59.266 - ENet: Max queued data for transmission per peer: 512000 bytes
2516: 09:42:59.266 - ENet: Minimum retransmit timeout: 200
2516: 09:42:59.266 - No Maximum retransmit timeout
2516: 09:42:59.266 - ENet: Minimum timeout: 5000ms
2516: 09:42:59.266 - ENet: Maximum timeout: 30000ms
2516: 09:42:59.266 - ENet: Max Inbound Reliable Data Queued (awaiting resends of earlier sequence numbers) per peer : 163840 bytes
2516: 09:42:59.266 - No RTT ACK adjustment timeout
2516: 09:42:59.266 - About to load application: SAAServer from SAAServer
2516: 09:42:59.266 - Auto restart is enabled for application, existing connections will be terminated during restart
2516: 09:42:59.266 - Application will restart 1000ms after the last change detected
2516: 09:42:59.266 - Application will restart if files matching the following are changed: "dll;config"
2516: 09:42:59.266 - Application will NOT restart if files matching the following are changed: "log4net.config"
2516: 09:42:59.341 - Taking reference on default app domain
2516: 09:42:59.396 - Application: "SAAServer" started in app domain: 2
2516: 09:42:59.396 - About to load application: CounterPublisher from CounterPublisher
2516: 09:42:59.396 - Auto restart is enabled for application, existing connections will be terminated during restart
2516: 09:42:59.396 - Application will restart 1000ms after the last change detected
2516: 09:42:59.396 - Application will restart if files matching the following are changed: "dll;config"
2516: 09:42:59.396 - Application will NOT restart if files matching the following are changed: "log4net.config"
2516: 09:42:59.461 - Taking reference on default app domain
2516: 09:42:59.506 - Application: "CounterPublisher" started in app domain: 3
2516: 09:42:59.506 - Adding TCP listener on: 0.0.0.0: 4530 with a listen backlog of: 150
2516: 09:42:59.506 - TCP inactivity timeout: 10000ms
2516: 09:42:59.506 - TCP disconnect timeout: 120000ms
2516: 09:42:59.506 - MaxInboundMessageSize: 512000
2516: 09:42:59.506 - MaxOutboundMessageSize: 512000
2516: 09:42:59.506 - Forcing all applications ids to: "SAAServer"
2516: 09:42:59.506 - Serving policy file requests from: "E:\Photon-OnPremise-Server-SDK_v4-0-29-11263\deploy\Policy\assets\socket-policy.xml"
2516: 09:42:59.506 - Adding TCP listener on: 0.0.0.0: 4520 with a listen backlog of: 150
2516: 09:42:59.506 - TCP inactivity timeout: 5000ms
2516: 09:42:59.506 - TCP disconnect timeout: 120000ms
2516: 09:42:59.506 - MaxInboundMessageSize: 512000
2516: 09:42:59.506 - MaxOutboundMessageSize: 512000
2516: 09:42:59.506 - Forcing all applications ids to: "SAAServer"
2516: 09:42:59.506 - MaxInboundMessageSize: 512000
2516: 09:42:59.506 - MaxOutboundMessageSize: 512000
2516: 09:42:59.506 - UDP address specified as: "0.0.0.0" adding listener to each available IPv4 address
2516: 09:42:59.507 - Adding UDP listener on: 192.168.1.11: 7777 with a listen backlog of: 500
2516: 09:42:59.507 - Adding UDP listener on: 127.0.0.1: 7777 with a listen backlog of: 500
2516: 09:42:59.507 - Adding Policy File listener on: 0.0.0.0: 843 with a listen backlog of: 150 and serving Policy File: "E:\Photon-OnPremise-Server-SDK_v4-0-29-11263\deploy\Policy\assets\socket-policy.xml"
2516: 09:42:59.507 - TCP inactivity timeout: 1000ms
2516: 09:42:59.507 - Adding Policy File listener on: 0.0.0.0: 943 with a listen backlog of: 150 and serving Policy File: "E:\Photon-OnPremise-Server-SDK_v4-0-29-11263\deploy\Policy\assets\socket-policy-silverlight.xml"
2516: 09:42:59.507 - TCP inactivity timeout: 1000ms
2516: 09:42:59.529 - Service is running...
2516: 10:22:47.614 - Service is stopped...
2516: 10:22:47.614 - Server shutting down...
2516: 10:22:47.614 - Shutdown monitoring enabled, 30000ms before process abort
2516: 10:22:47.616 - Notifying CLR applications of shutdown...
2516: 10:22:47.616 - RequestApplicationStop: 3
2516: 10:22:47.623 - RequestApplicationStop: 2
2516: 10:22:47.625 - RequestStop: defalt app domain
2516: 10:22:47.626 - Shutting down WebSocket Outbound Connection Manager...
2516: 10:22:47.626 - Shutting down TCP Outbound Connection Manager...
2516: 10:22:47.627 - Shutting down ENet Outbound Connection Manager...
2516: 10:22:47.627 - Disconnecting all outbound peers...
2516: 10:22:47.627 - Shutting down ENet host...
2516: 10:22:47.627 - Disconnecting all peers...
2516: 10:22:47.627 - Shutting down socket servers...
2516: 10:22:47.627 - Shutting down ENet thread pool...
2516: 10:22:47.627 - Shutting down TCP inactivity timers...
2516: 10:22:47.628 - WaitingForShutdownToComplete: NativePolicy:0.0.0.0:843
2516: 10:22:47.628 - OnShutdownCompleted: NativePolicy:0.0.0.0:843
2516: 10:22:47.628 - WaitingForShutdownToComplete: NativePolicy:0.0.0.0:943
2516: 10:22:47.628 - OnShutdownCompleted: NativePolicy:0.0.0.0:943
2516: 10:22:47.628 - WaitingForShutdownToComplete: TCP:0.0.0.0:4520
2516: 10:22:47.628 - OnShutdownCompleted: TCP:0.0.0.0:4520
2516: 10:22:47.628 - WaitingForShutdownToComplete: TCP:0.0.0.0:4530
2516: 10:22:47.628 - OnShutdownCompleted: TCP:0.0.0.0:4530
2516: 10:22:47.628 - WaitingForShutdownToComplete: UDP:127.0.0.1:7777
2516: 10:22:47.628 - OnShutdownCompleted: UDP:127.0.0.1:7777
2516: 10:22:47.628 - WaitingForShutdownToComplete: UDP:192.168.1.11:7777
2516: 10:22:47.628 - OnShutdownCompleted: UDP:192.168.1.11:7777
2516: 10:22:47.628 - Shutting down CLR applications...
1896: 10:22:47.630 - CManagedHost::OnDefaultAction() - OPR_AppDomainUnload - eUnloadAppDomain
2516: 10:22:47.633 - Shutting down business logic thread pool...
2516: 10:22:47.633 - Shutting down I/O thread pool...
2516: 10:22:47.633 - Destroying servers
2516: 10:22:47.634 - Destroying WebSocket Outbound Connection Manager
2516: 10:22:47.634 - Destroying TCP Outbound Connection Manager
2516: 10:22:47.634 - Destroying TCP inactivity timer
2516: 10:22:47.634 - Destroying ENet timer wheel
2516: 10:22:47.634 - Destroying ENet host
2516: 10:22:47.634 - Destroying ENet outbound host
2516: 10:22:47.634 - Destroying HTTP inactivity timer
2516: 10:22:47.634 - Destroying HTTP host
2516: 10:22:47.634 - Destroying HTTP Chunk host
2516: 10:22:47.634 - Flushing ENET buffer allocator...
2516: 10:22:47.634 - Flushing TCP buffer handle allocator...
2516: 10:22:47.634 - Flushing stream socket allocator...
2516: 10:22:47.635 - Flushing inbound datagram socket allocator...
2516: 10:22:47.636 - Flushing outbound datagram socket allocator...
2516: 10:22:47.636 - Destroying CLR dispatcher
2516: 10:22:47.636 - Destroying CLR applications
2516: 10:22:47.637 - ~CCLRApplicationCollection() - Waiting up to 10 seconds for the CLR to release all of our objects
11972: 10:22:47.637 - Unloading Domain: ApplicationName = 'CounterPublisher', DomainId='3'
1896: 10:22:47.637 - CManagedHost::OnDomainUnload() - 3
1896: 10:22:47.646 - CManagedHost::OnDefaultAction() - OPR_AppDomainUnload - eUnloadAppDomain
11972: 10:22:47.653 - Unloading Domain: ApplicationName = 'SAAServer', DomainId='2'
1896: 10:22:47.654 - CManagedHost::OnDomainUnload() - 2
2516: 10:22:47.656 - ~CCLRApplicationCollection() - Done. All objects released
2516: 10:22:47.656 - ~CManagedHost() - Release default app domain
2516: 10:22:47.656 - CManagedHost::OnDomainUnload() - 1
2516: 10:22:47.656 - ~CManagedHost() - Waiting up to 10 seconds for CLR shutdown...
2516: 10:22:47.656 - ~CManagedHost
2516: 10:22:47.656 - Destroying ENet thread pool
2516: 10:22:47.656 - Destroying Business logic thread pool
2516: 10:22:47.656 - Destroying I/O thread pool
2516: 10:22:47.656 - Destroying ENet buffer allocator
2516: 10:22:47.656 - Destroying TCP buffer allocator
2516: 10:22:47.656 - Destroying TCP socket allocator
2516: 10:22:47.656 - Destroying ENet inbound socket allocator
2516: 10:22:47.656 - Destroying ENet outbound socket allocator
2516: 10:22:47.656 - Destroying shared datagram flow control data
2516: 10:22:47.657 - Shutdown complete...
2516: 10:22:47.657 - Service shutting down
2516: 10:22:47.661 - Service shut down complete
8632: 10:38:22.057 - ---
8632: 10:38:22.057 - Service: "Photon Socket Server" starting
8632: 10:38:22.058 - Config File: E:\Photon-OnPremise-Server-SDK_v4-0-29-11263\deploy\bin_Win64\PhotonServer.config
8632: 10:38:22.060 - Will produce at most: 10 crash dumps
8632: 10:38:22.060 - Action: run as exe
8632: 10:38:22.060 - Server Starting...
8632: 10:38:22.060 -    Tick count: 269495875 (wraps in: 46.5911 days)
8632: 10:38:22.060 - Tick count 64: 269495875
8632: 10:38:22.060 - Photon Version: 4.0.28.2962
8632: 10:38:22.060 - PID: 2472
8632: 10:38:22.060 - Config File: E:\Photon-OnPremise-Server-SDK_v4-0-29-11263\deploy\bin_Win64\PhotonServer.config
8632: 10:38:22.061 - Will NOT log unimportant exceptions
8632: 10:38:22.062 - Not using performance counters as they are not currently installed. Run the service with /InstallCounters to install them.
8632: 10:38:22.062 - Shutdown timeout enabled: 30000ms
8632: 10:38:22.063 - Starting I/O thread pool with 2 threads
8632: 10:38:22.063 - Using Standard allocator
8632: 10:38:22.063 - Max message size: 512000
8632: 10:38:22.063 - Starting business logic thread pool with the following settings
8632: 10:38:22.063 - InitialThreads: 4 threads
8632: 10:38:22.063 - MinThreads: 4 threads
8632: 10:38:22.063 - Thread pool is fixed size
8632: 10:38:22.063 - Starting ENet thread pool with the following settings
8632: 10:38:22.063 - InitialThreads: 2 threads
8632: 10:38:22.063 - MinThreads: 2 threads
8632: 10:38:22.063 - Thread pool is fixed size
8632: 10:38:22.063 - OnlyDispatchTimers: False
8632: 10:38:22.063 - S2S: flow control: Max pending writes: 50
8632: 10:38:22.063 - S2S: flow control: Max queued buffers: 200
8632: 10:38:22.063 - S2S: flow control: Max pending writes MUX: 500
8632: 10:38:22.063 - S2S: flow control: Max queued buffers MUX: 2000
8632: 10:38:22.063 - S2S: MaxInboundMessageSize: 512000
8632: 10:38:22.063 - S2S: MaxOutboundMessageSize: 512000
8632: 10:38:22.063 - S2S: No inactivity timeout
8632: 10:38:22.070 - WebSocket S2S: MaxInboundMessageSize: 512000
8632: 10:38:22.070 - WebSocket S2S: MaxOutboundMessageSize: 512000
8632: 10:38:22.070 - WebSocket S2S: No inactivity timeout
8632: 10:38:22.070 - Max Reliable Data In Transit (awaiting ACKs) per peer : 51200 bytes
8632: 10:38:22.070 - Per peer bandwidth limit
8632: 10:38:22.070 - Transmit Rate Limit: 256 KB/Sec
8632: 10:38:22.070 - Limit period: 200ms
8632: 10:38:22.070 - Limit per period: 52428 bytes
8632: 10:38:22.070 - Max queued data for transmission per peer: 512000 bytes
8632: 10:38:22.070 - Minimum retransmit timeout: 200
8632: 10:38:22.070 - No Maximum retransmit timeout
8632: 10:38:22.070 - Minimum ENet timeout: 5000ms
8632: 10:38:22.070 - Maximum ENet timeout: 30000ms
8632: 10:38:22.070 - Max Inbound Reliable Data Queued (awaiting resends of earlier sequence numbers) per peer : 163840 bytes
8632: 10:38:22.070 - No RTT ACK adjustment timeout
8632: 10:38:22.070 - Outbound ENet: MaxInboundMessageSize: 512000
8632: 10:38:22.070 - Outbound ENet: MaxOutboundMessageSize: 512000
8632: 10:38:22.072 - GetRuntime - About to load CLR - versions available:
8632: 10:38:22.072 - v2.0.50727
8632: 10:38:22.072 - v4.0.30319
8632: 10:38:22.072 - Configuration requests: "v2.0.50727"
8632: 10:38:22.072 - About to load version: "v2.0.50727"
8632: 10:38:22.077 - About to load runtime: PhotonHostRuntime.PhotonDomainManager from PhotonHostRuntime, Culture=neutral, PublicKeyToken=02C301B61B060C4D
8632: 10:38:22.077 - CLRBaseDirectory set to "E:\Photon-OnPremise-Server-SDK_v4-0-29-11263\deploy"
8632: 10:38:22.077 - Optimising event broadcast for 20 or more peers
8632: 10:38:22.078 - Start: About to load CLR - versions available:
8632: 10:38:22.078 - v2.0.50727
8632: 10:38:22.078 - v4.0.30319
8632: 10:38:22.078 - No preference in configuration file, will load latest.
8632: 10:38:22.078 - About to load version: "v4.0.30319"
8632: 10:38:22.080 - Loaded version: "v4.0.30319"
8632: 10:38:22.200 - Photon host runtime loaded
8632: 10:38:24.134 - License is valid.
8632: 10:38:24.134 - Licensed for 100 concurrent connections.
8632: 10:38:24.134 - ENet: Max Reliable Data In Transit (awaiting ACKs) per peer : 51200 bytes
8632: 10:38:24.134 - ENet: Per peer bandwidth limit
8632: 10:38:24.134 - ENet: Transmit Rate Limit: 256 KB/Sec
8632: 10:38:24.134 - ENet: Limit period: 200ms
8632: 10:38:24.134 - ENet: Limit per period: 52428 bytes
8632: 10:38:24.134 - ENet: Max queued data for transmission per peer: 512000 bytes
8632: 10:38:24.134 - ENet: Minimum retransmit timeout: 200
8632: 10:38:24.134 - No Maximum retransmit timeout
8632: 10:38:24.134 - ENet: Minimum timeout: 5000ms
8632: 10:38:24.134 - ENet: Maximum timeout: 30000ms
8632: 10:38:24.134 - ENet: Max Inbound Reliable Data Queued (awaiting resends of earlier sequence numbers) per peer : 163840 bytes
8632: 10:38:24.134 - No RTT ACK adjustment timeout
8632: 10:38:24.134 - About to load application: SAAServer from SAAServer
8632: 10:38:24.134 - Auto restart is enabled for application, existing connections will be terminated during restart
8632: 10:38:24.134 - Application will restart 1000ms after the last change detected
8632: 10:38:24.134 - Application will restart if files matching the following are changed: "dll;config"
8632: 10:38:24.134 - Application will NOT restart if files matching the following are changed: "log4net.config"
8632: 10:38:24.192 - Taking reference on default app domain
8632: 10:38:24.227 - Application: "SAAServer" started in app domain: 2
8632: 10:38:24.227 - About to load application: CounterPublisher from CounterPublisher
8632: 10:38:24.227 - Auto restart is enabled for application, existing connections will be terminated during restart
8632: 10:38:24.227 - Application will restart 1000ms after the last change detected
8632: 10:38:24.227 - Application will restart if files matching the following are changed: "dll;config"
8632: 10:38:24.227 - Application will NOT restart if files matching the following are changed: "log4net.config"
8632: 10:38:24.278 - Taking reference on default app domain
8632: 10:38:24.311 - Application: "CounterPublisher" started in app domain: 3
8632: 10:38:24.311 - Adding TCP listener on: 0.0.0.0: 4530 with a listen backlog of: 150
8632: 10:38:24.311 - TCP inactivity timeout: 10000ms
8632: 10:38:24.311 - TCP disconnect timeout: 120000ms
8632: 10:38:24.311 - MaxInboundMessageSize: 512000
8632: 10:38:24.311 - MaxOutboundMessageSize: 512000
8632: 10:38:24.311 - Forcing all applications ids to: "SAAServer"
8632: 10:38:24.311 - Serving policy file requests from: "E:\Photon-OnPremise-Server-SDK_v4-0-29-11263\deploy\Policy\assets\socket-policy.xml"
8632: 10:38:24.311 - Adding TCP listener on: 0.0.0.0: 4520 with a listen backlog of: 150
8632: 10:38:24.311 - TCP inactivity timeout: 5000ms
8632: 10:38:24.311 - TCP disconnect timeout: 120000ms
8632: 10:38:24.311 - MaxInboundMessageSize: 512000
8632: 10:38:24.311 - MaxOutboundMessageSize: 512000
8632: 10:38:24.311 - Forcing all applications ids to: "SAAServer"
8632: 10:38:24.311 - MaxInboundMessageSize: 512000
8632: 10:38:24.311 - MaxOutboundMessageSize: 512000
8632: 10:38:24.311 - UDP address specified as: "0.0.0.0" adding listener to each available IPv4 address
8632: 10:38:24.311 - Adding UDP listener on: 192.168.1.11: 7777 with a listen backlog of: 500
8632: 10:38:24.311 - Adding UDP listener on: 127.0.0.1: 7777 with a listen backlog of: 500
8632: 10:38:24.311 - Adding Policy File listener on: 0.0.0.0: 843 with a listen backlog of: 150 and serving Policy File: "E:\Photon-OnPremise-Server-SDK_v4-0-29-11263\deploy\Policy\assets\socket-policy.xml"
8632: 10:38:24.311 - TCP inactivity timeout: 1000ms
8632: 10:38:24.311 - Adding Policy File listener on: 0.0.0.0: 943 with a listen backlog of: 150 and serving Policy File: "E:\Photon-OnPremise-Server-SDK_v4-0-29-11263\deploy\Policy\assets\socket-policy-silverlight.xml"
8632: 10:38:24.311 - TCP inactivity timeout: 1000ms
8632: 10:38:24.328 - Service is running...
4384: 17:01:33.458 - Restarting application: "SAAServer" due to file changes
4384: 17:01:33.458 - Application: "SAAServer" restart request (abort existing connections)
4384: 17:01:33.508 - Taking reference on default app domain
4384: 17:01:33.539 - Application: "SAAServer" started in app domain: 4
4384: 17:01:33.678 - RequestApplicationStop: 2
4384: 17:01:33.682 - Application: "SAAServer" stopped in app domain: 2 (abort existing connections)
4384: 17:01:33.682 - Application: "SAAServer" restart complete.
10000: 17:01:33.682 - CManagedHost::OnDefaultAction() - OPR_AppDomainUnload - eUnloadAppDomain
17320: 17:01:33.688 - Unloading Domain: ApplicationName = 'SAAServer', DomainId='2'
10000: 17:01:33.691 - CManagedHost::OnDomainUnload() - 2
8632: 19:34:57.431 - Service is stopped...
8632: 19:34:57.431 - Server shutting down...
8632: 19:34:57.431 - Shutdown monitoring enabled, 30000ms before process abort
8632: 19:34:57.431 - Notifying CLR applications of shutdown...
8632: 19:34:57.431 - RequestApplicationStop: 3
8632: 19:34:57.436 - RequestApplicationStop: 4
8632: 19:34:57.439 - RequestStop: defalt app domain
8632: 19:34:57.440 - Shutting down WebSocket Outbound Connection Manager...
8632: 19:34:57.440 - Shutting down TCP Outbound Connection Manager...
8632: 19:34:57.440 - Shutting down ENet Outbound Connection Manager...
8632: 19:34:57.440 - Disconnecting all outbound peers...
8632: 19:34:57.440 - Shutting down ENet host...
8632: 19:34:57.440 - Disconnecting all peers...
8632: 19:34:57.440 - Shutting down socket servers...
8632: 19:34:57.440 - Shutting down ENet thread pool...
8632: 19:34:57.441 - Shutting down TCP inactivity timers...
8632: 19:34:57.441 - WaitingForShutdownToComplete: NativePolicy:0.0.0.0:843
8632: 19:34:57.441 - OnShutdownCompleted: NativePolicy:0.0.0.0:843
8632: 19:34:57.441 - WaitingForShutdownToComplete: NativePolicy:0.0.0.0:943
8632: 19:34:57.441 - OnShutdownCompleted: NativePolicy:0.0.0.0:943
8632: 19:34:57.441 - WaitingForShutdownToComplete: TCP:0.0.0.0:4520
8632: 19:34:57.441 - OnShutdownCompleted: TCP:0.0.0.0:4520
8632: 19:34:57.441 - WaitingForShutdownToComplete: TCP:0.0.0.0:4530
8632: 19:34:57.441 - OnShutdownCompleted: TCP:0.0.0.0:4530
8632: 19:34:57.441 - WaitingForShutdownToComplete: UDP:127.0.0.1:7777
8632: 19:34:57.441 - OnShutdownCompleted: UDP:127.0.0.1:7777
8632: 19:34:57.441 - WaitingForShutdownToComplete: UDP:192.168.1.11:7777
8632: 19:34:57.441 - OnShutdownCompleted: UDP:192.168.1.11:7777
8632: 19:34:57.441 - Shutting down CLR applications...
10000: 19:34:57.442 - CManagedHost::OnDefaultAction() - OPR_AppDomainUnload - eUnloadAppDomain
8632: 19:34:57.446 - Shutting down business logic thread pool...
8632: 19:34:57.446 - Shutting down I/O thread pool...
8632: 19:34:57.446 - Destroying servers
8632: 19:34:57.447 - Destroying WebSocket Outbound Connection Manager
8632: 19:34:57.447 - Destroying TCP Outbound Connection Manager
8632: 19:34:57.447 - Destroying TCP inactivity timer
8632: 19:34:57.447 - Destroying ENet timer wheel
8632: 19:34:57.447 - Destroying ENet host
8632: 19:34:57.447 - Destroying ENet outbound host
8632: 19:34:57.447 - Destroying HTTP inactivity timer
8632: 19:34:57.447 - Destroying HTTP host
8632: 19:34:57.447 - Destroying HTTP Chunk host
8632: 19:34:57.447 - Flushing ENET buffer allocator...
8632: 19:34:57.447 - Flushing TCP buffer handle allocator...
8632: 19:34:57.447 - Flushing stream socket allocator...
8632: 19:34:57.448 - Flushing inbound datagram socket allocator...
8632: 19:34:57.449 - Flushing outbound datagram socket allocator...
8632: 19:34:57.449 - Destroying CLR dispatcher
8632: 19:34:57.449 - Destroying CLR applications
8632: 19:34:57.449 - ~CCLRApplicationCollection() - Waiting up to 10 seconds for the CLR to release all of our objects
17320: 19:34:57.450 - Unloading Domain: ApplicationName = 'CounterPublisher', DomainId='3'
10000: 19:34:57.450 - CManagedHost::OnDomainUnload() - 3
10000: 19:34:57.453 - CManagedHost::OnDefaultAction() - OPR_AppDomainUnload - eUnloadAppDomain
17320: 19:34:57.460 - Unloading Domain: ApplicationName = 'SAAServer', DomainId='4'
10000: 19:34:57.461 - CManagedHost::OnDomainUnload() - 4
8632: 19:34:57.462 - ~CCLRApplicationCollection() - Done. All objects released
8632: 19:34:57.463 - ~CManagedHost() - Release default app domain
8632: 19:34:57.463 - CManagedHost::OnDomainUnload() - 1
8632: 19:34:57.463 - ~CManagedHost() - Waiting up to 10 seconds for CLR shutdown...
8632: 19:34:57.463 - ~CManagedHost
8632: 19:34:57.463 - Destroying ENet thread pool
8632: 19:34:57.463 - Destroying Business logic thread pool
8632: 19:34:57.463 - Destroying I/O thread pool
8632: 19:34:57.463 - Destroying ENet buffer allocator
8632: 19:34:57.463 - Destroying TCP buffer allocator
8632: 19:34:57.463 - Destroying TCP socket allocator
8632: 19:34:57.463 - Destroying ENet inbound socket allocator
8632: 19:34:57.463 - Destroying ENet outbound socket allocator
8632: 19:34:57.463 - Destroying shared datagram flow control data
8632: 19:34:57.463 - Shutdown complete...
8632: 19:34:57.463 - Service shutting down
8632: 19:34:57.467 - Service shut down complete
