12420: 07:15:40.188 - ---
12420: 07:15:40.188 - Service: "Photon Socket Server" starting
12420: 07:15:40.188 - Config File: D:\Work\Photon-OnPremise-Server-SDK_v4-0-29-11263\deploy\bin_Win64\PhotonServer.config
12420: 07:15:40.192 - Will produce at most: 10 crash dumps
12420: 07:15:40.192 - Action: run as exe
12420: 07:15:40.193 - Server Starting...
12420: 07:15:40.193 -    Tick count: 2038779359 (wraps in: 26.1133 days)
12420: 07:15:40.193 - Tick count 64: 2038779359
12420: 07:15:40.193 - Photon Version: 4.0.28.2962
12420: 07:15:40.193 - PID: 12812
12420: 07:15:40.194 - Config File: D:\Work\Photon-OnPremise-Server-SDK_v4-0-29-11263\deploy\bin_Win64\PhotonServer.config
12420: 07:15:40.194 - Will NOT log unimportant exceptions
12420: 07:15:40.199 - Not using performance counters as they are not currently installed. Run the service with /InstallCounters to install them.
12420: 07:15:40.199 - Shutdown timeout enabled: 30000ms
12420: 07:15:40.199 - Starting I/O thread pool with 2 threads
12420: 07:15:40.200 - Using Standard allocator
12420: 07:15:40.200 - Max message size: 512000
12420: 07:15:40.200 - Starting business logic thread pool with the following settings
12420: 07:15:40.200 - InitialThreads: 4 threads
12420: 07:15:40.200 - MinThreads: 4 threads
12420: 07:15:40.200 - Thread pool is fixed size
12420: 07:15:40.200 - Starting ENet thread pool with the following settings
12420: 07:15:40.200 - InitialThreads: 2 threads
12420: 07:15:40.200 - MinThreads: 2 threads
12420: 07:15:40.200 - Thread pool is fixed size
12420: 07:15:40.200 - OnlyDispatchTimers: False
12420: 07:15:40.201 - S2S: flow control: Max pending writes: 50
12420: 07:15:40.201 - S2S: flow control: Max queued buffers: 200
12420: 07:15:40.201 - S2S: flow control: Max pending writes MUX: 500
12420: 07:15:40.201 - S2S: flow control: Max queued buffers MUX: 2000
12420: 07:15:40.201 - S2S: MaxInboundMessageSize: 512000
12420: 07:15:40.201 - S2S: MaxOutboundMessageSize: 512000
12420: 07:15:40.201 - S2S: No inactivity timeout
12420: 07:15:40.208 - WebSocket S2S: MaxInboundMessageSize: 512000
12420: 07:15:40.208 - WebSocket S2S: MaxOutboundMessageSize: 512000
12420: 07:15:40.208 - WebSocket S2S: No inactivity timeout
12420: 07:15:40.208 - Max Reliable Data In Transit (awaiting ACKs) per peer : 51200 bytes
12420: 07:15:40.208 - Per peer bandwidth limit
12420: 07:15:40.208 - Transmit Rate Limit: 256 KB/Sec
12420: 07:15:40.208 - Limit period: 200ms
12420: 07:15:40.208 - Limit per period: 52428 bytes
12420: 07:15:40.208 - Max queued data for transmission per peer: 512000 bytes
12420: 07:15:40.208 - Minimum retransmit timeout: 200
12420: 07:15:40.208 - No Maximum retransmit timeout
12420: 07:15:40.208 - Minimum ENet timeout: 5000ms
12420: 07:15:40.208 - Maximum ENet timeout: 30000ms
12420: 07:15:40.208 - Max Inbound Reliable Data Queued (awaiting resends of earlier sequence numbers) per peer : 163840 bytes
12420: 07:15:40.208 - No RTT ACK adjustment timeout
12420: 07:15:40.208 - Outbound ENet: MaxInboundMessageSize: 512000
12420: 07:15:40.208 - Outbound ENet: MaxOutboundMessageSize: 512000
12420: 07:15:40.214 - GetRuntime - About to load CLR - versions available:
12420: 07:15:40.214 - v2.0.50727
12420: 07:15:40.214 - v4.0.30319
12420: 07:15:40.214 - Configuration requests: "v2.0.50727"
12420: 07:15:40.214 - About to load version: "v2.0.50727"
12420: 07:15:40.242 - About to load runtime: PhotonHostRuntime.PhotonDomainManager from PhotonHostRuntime, Culture=neutral, PublicKeyToken=02C301B61B060C4D
12420: 07:15:40.242 - CLRBaseDirectory set to "D:\Work\Photon-OnPremise-Server-SDK_v4-0-29-11263\deploy"
12420: 07:15:40.242 - Optimising event broadcast for 20 or more peers
12420: 07:15:40.243 - Start: About to load CLR - versions available:
12420: 07:15:40.243 - v2.0.50727
12420: 07:15:40.243 - v4.0.30319
12420: 07:15:40.243 - No preference in configuration file, will load latest.
12420: 07:15:40.243 - About to load version: "v4.0.30319"
12420: 07:15:40.244 - Loaded version: "v4.0.30319"
12420: 07:15:40.348 - Photon host runtime loaded
12420: 07:15:41.947 - License is valid.
12420: 07:15:41.947 - Licensed for 100 concurrent connections.
12420: 07:15:41.947 - ENet: Max Reliable Data In Transit (awaiting ACKs) per peer : 51200 bytes
12420: 07:15:41.947 - ENet: Per peer bandwidth limit
12420: 07:15:41.947 - ENet: Transmit Rate Limit: 256 KB/Sec
12420: 07:15:41.947 - ENet: Limit period: 200ms
12420: 07:15:41.947 - ENet: Limit per period: 52428 bytes
12420: 07:15:41.947 - ENet: Max queued data for transmission per peer: 512000 bytes
12420: 07:15:41.947 - ENet: Minimum retransmit timeout: 200
12420: 07:15:41.947 - No Maximum retransmit timeout
12420: 07:15:41.947 - ENet: Minimum timeout: 5000ms
12420: 07:15:41.947 - ENet: Maximum timeout: 30000ms
12420: 07:15:41.947 - ENet: Max Inbound Reliable Data Queued (awaiting resends of earlier sequence numbers) per peer : 163840 bytes
12420: 07:15:41.947 - No RTT ACK adjustment timeout
12420: 07:15:41.948 - About to load application: SAAServer from SAAServer
12420: 07:15:41.948 - Auto restart is enabled for application, existing connections will be terminated during restart
12420: 07:15:41.948 - Application will restart 1000ms after the last change detected
12420: 07:15:41.948 - Application will restart if files matching the following are changed: "dll;config"
12420: 07:15:41.948 - Application will NOT restart if files matching the following are changed: "log4net.config"
12420: 07:15:42.004 - Taking reference on default app domain
12420: 07:15:42.047 - Application: "SAAServer" started in app domain: 2
12420: 07:15:42.047 - About to load application: CounterPublisher from CounterPublisher
12420: 07:15:42.047 - Auto restart is enabled for application, existing connections will be terminated during restart
12420: 07:15:42.047 - Application will restart 1000ms after the last change detected
12420: 07:15:42.047 - Application will restart if files matching the following are changed: "dll;config"
12420: 07:15:42.047 - Application will NOT restart if files matching the following are changed: "log4net.config"
12420: 07:15:42.100 - Taking reference on default app domain
12420: 07:15:42.279 - Application: "CounterPublisher" started in app domain: 3
12420: 07:15:42.279 - Adding TCP listener on: 0.0.0.0: 4530 with a listen backlog of: 150
12420: 07:15:42.279 - TCP inactivity timeout: 10000ms
12420: 07:15:42.279 - TCP disconnect timeout: 120000ms
12420: 07:15:42.279 - MaxInboundMessageSize: 512000
12420: 07:15:42.279 - MaxOutboundMessageSize: 512000
12420: 07:15:42.279 - Forcing all applications ids to: "SAAServer"
12420: 07:15:42.280 - Serving policy file requests from: "D:\Work\Photon-OnPremise-Server-SDK_v4-0-29-11263\deploy\Policy\assets\socket-policy.xml"
12420: 07:15:42.280 - Adding TCP listener on: 0.0.0.0: 4520 with a listen backlog of: 150
12420: 07:15:42.280 - TCP inactivity timeout: 5000ms
12420: 07:15:42.280 - TCP disconnect timeout: 120000ms
12420: 07:15:42.280 - MaxInboundMessageSize: 512000
12420: 07:15:42.280 - MaxOutboundMessageSize: 512000
12420: 07:15:42.280 - Forcing all applications ids to: "SAAServer"
12420: 07:15:42.280 - MaxInboundMessageSize: 512000
12420: 07:15:42.280 - MaxOutboundMessageSize: 512000
12420: 07:15:42.280 - UDP address specified as: "0.0.0.0" adding listener to each available IPv4 address
12420: 07:15:42.280 - Adding UDP listener on: 192.168.1.11: 7777 with a listen backlog of: 500
12420: 07:15:42.280 - Adding UDP listener on: 127.0.0.1: 7777 with a listen backlog of: 500
12420: 07:15:42.280 - Adding Policy File listener on: 0.0.0.0: 843 with a listen backlog of: 150 and serving Policy File: "D:\Work\Photon-OnPremise-Server-SDK_v4-0-29-11263\deploy\Policy\assets\socket-policy.xml"
12420: 07:15:42.280 - TCP inactivity timeout: 1000ms
12420: 07:15:42.280 - Adding Policy File listener on: 0.0.0.0: 943 with a listen backlog of: 150 and serving Policy File: "D:\Work\Photon-OnPremise-Server-SDK_v4-0-29-11263\deploy\Policy\assets\socket-policy-silverlight.xml"
12420: 07:15:42.280 - TCP inactivity timeout: 1000ms
12420: 07:15:42.294 - Service is running...
12420: 08:12:27.277 - Service is stopped...
12420: 08:12:27.277 - Server shutting down...
12420: 08:12:27.277 - Shutdown monitoring enabled, 30000ms before process abort
12420: 08:12:27.277 - Notifying CLR applications of shutdown...
12420: 08:12:27.277 - RequestApplicationStop: 3
12420: 08:12:27.280 - RequestApplicationStop: 2
12420: 08:12:27.282 - RequestStop: defalt app domain
12420: 08:12:27.282 - Shutting down WebSocket Outbound Connection Manager...
12420: 08:12:27.282 - Shutting down TCP Outbound Connection Manager...
12420: 08:12:27.283 - Shutting down ENet Outbound Connection Manager...
12420: 08:12:27.283 - Disconnecting all outbound peers...
12420: 08:12:27.283 - Shutting down ENet host...
12420: 08:12:27.283 - Disconnecting all peers...
12420: 08:12:27.283 - Shutting down socket servers...
12420: 08:12:27.283 - Shutting down ENet thread pool...
12420: 08:12:27.283 - Shutting down TCP inactivity timers...
12420: 08:12:27.283 - WaitingForShutdownToComplete: NativePolicy:0.0.0.0:843
12420: 08:12:27.283 - OnShutdownCompleted: NativePolicy:0.0.0.0:843
12420: 08:12:27.283 - WaitingForShutdownToComplete: NativePolicy:0.0.0.0:943
12420: 08:12:27.283 - OnShutdownCompleted: NativePolicy:0.0.0.0:943
12420: 08:12:27.283 - WaitingForShutdownToComplete: TCP:0.0.0.0:4520
12420: 08:12:27.283 - OnShutdownCompleted: TCP:0.0.0.0:4520
12420: 08:12:27.283 - WaitingForShutdownToComplete: TCP:0.0.0.0:4530
12420: 08:12:27.283 - OnShutdownCompleted: TCP:0.0.0.0:4530
12420: 08:12:27.283 - WaitingForShutdownToComplete: UDP:127.0.0.1:7777
12420: 08:12:27.283 - OnShutdownCompleted: UDP:127.0.0.1:7777
12420: 08:12:27.283 - WaitingForShutdownToComplete: UDP:192.168.1.11:7777
12420: 08:12:27.283 - OnShutdownCompleted: UDP:192.168.1.11:7777
12420: 08:12:27.283 - Shutting down CLR applications...
12724: 08:12:27.284 - CManagedHost::OnDefaultAction() - OPR_AppDomainUnload - eUnloadAppDomain
12420: 08:12:27.287 - Shutting down business logic thread pool...
12420: 08:12:27.287 - Shutting down I/O thread pool...
12420: 08:12:27.287 - Destroying servers
12420: 08:12:27.287 - Destroying WebSocket Outbound Connection Manager
12420: 08:12:27.287 - Destroying TCP Outbound Connection Manager
12420: 08:12:27.287 - Destroying TCP inactivity timer
12420: 08:12:27.287 - Destroying ENet timer wheel
12420: 08:12:27.287 - Destroying ENet host
12420: 08:12:27.287 - Destroying ENet outbound host
12420: 08:12:27.287 - Destroying HTTP inactivity timer
12420: 08:12:27.287 - Destroying HTTP host
12420: 08:12:27.287 - Destroying HTTP Chunk host
12420: 08:12:27.287 - Flushing ENET buffer allocator...
12420: 08:12:27.288 - Flushing TCP buffer handle allocator...
12420: 08:12:27.288 - Flushing stream socket allocator...
12420: 08:12:27.288 - Flushing inbound datagram socket allocator...
12420: 08:12:27.289 - Flushing outbound datagram socket allocator...
12420: 08:12:27.289 - Destroying CLR dispatcher
12420: 08:12:27.289 - Destroying CLR applications
12420: 08:12:27.289 - ~CCLRApplicationCollection() - Waiting up to 10 seconds for the CLR to release all of our objects
8812: 08:12:27.291 - Unloading Domain: ApplicationName = 'CounterPublisher', DomainId='3'
12724: 08:12:27.291 - CManagedHost::OnDomainUnload() - 3
12724: 08:12:27.295 - CManagedHost::OnDefaultAction() - OPR_AppDomainUnload - eUnloadAppDomain
8812: 08:12:27.301 - Unloading Domain: ApplicationName = 'SAAServer', DomainId='2'
12724: 08:12:27.302 - CManagedHost::OnDomainUnload() - 2
12420: 08:12:27.303 - ~CCLRApplicationCollection() - Done. All objects released
12420: 08:12:27.303 - ~CManagedHost() - Release default app domain
12420: 08:12:27.303 - CManagedHost::OnDomainUnload() - 1
12420: 08:12:27.303 - ~CManagedHost() - Waiting up to 10 seconds for CLR shutdown...
12420: 08:12:27.303 - ~CManagedHost
12420: 08:12:27.303 - Destroying ENet thread pool
12420: 08:12:27.303 - Destroying Business logic thread pool
12420: 08:12:27.303 - Destroying I/O thread pool
12420: 08:12:27.303 - Destroying ENet buffer allocator
12420: 08:12:27.303 - Destroying TCP buffer allocator
12420: 08:12:27.303 - Destroying TCP socket allocator
12420: 08:12:27.303 - Destroying ENet inbound socket allocator
12420: 08:12:27.303 - Destroying ENet outbound socket allocator
12420: 08:12:27.303 - Destroying shared datagram flow control data
12420: 08:12:27.304 - Shutdown complete...
12420: 08:12:27.304 - Service shutting down
12420: 08:12:27.306 - Service shut down complete
