9568: 07:53:48.197 - ---
9568: 07:53:48.197 - Service: "Photon Socket Server" starting
9568: 07:53:48.197 - Config File: E:\Photon-OnPremise-Server-SDK_v4-0-29-11263\deploy\bin_Win64\PhotonServer.config
9568: 07:53:48.200 - Will produce at most: 10 crash dumps
9568: 07:53:48.200 - Action: run as exe
9568: 07:53:48.202 - Server Starting...
9568: 07:53:48.202 -    Tick count: 691625078 (wraps in: 41.7053 days)
9568: 07:53:48.202 - Tick count 64: 691625078
9568: 07:53:48.202 - Photon Version: 4.0.28.2962
9568: 07:53:48.202 - PID: 17732
9568: 07:53:48.202 - Config File: E:\Photon-OnPremise-Server-SDK_v4-0-29-11263\deploy\bin_Win64\PhotonServer.config
9568: 07:53:48.203 - Will NOT log unimportant exceptions
9568: 07:53:48.208 - Not using performance counters as they are not currently installed. Run the service with /InstallCounters to install them.
9568: 07:53:48.209 - Shutdown timeout enabled: 30000ms
9568: 07:53:48.210 - Starting I/O thread pool with 2 threads
9568: 07:53:48.210 - Using Standard allocator
9568: 07:53:48.210 - Max message size: 512000
9568: 07:53:48.211 - Starting business logic thread pool with the following settings
9568: 07:53:48.211 - InitialThreads: 4 threads
9568: 07:53:48.211 - MinThreads: 4 threads
9568: 07:53:48.211 - Thread pool is fixed size
9568: 07:53:48.211 - Starting ENet thread pool with the following settings
9568: 07:53:48.211 - InitialThreads: 2 threads
9568: 07:53:48.211 - MinThreads: 2 threads
9568: 07:53:48.211 - Thread pool is fixed size
9568: 07:53:48.211 - OnlyDispatchTimers: False
9568: 07:53:48.211 - S2S: flow control: Max pending writes: 50
9568: 07:53:48.211 - S2S: flow control: Max queued buffers: 200
9568: 07:53:48.211 - S2S: flow control: Max pending writes MUX: 500
9568: 07:53:48.211 - S2S: flow control: Max queued buffers MUX: 2000
9568: 07:53:48.211 - S2S: MaxInboundMessageSize: 512000
9568: 07:53:48.211 - S2S: MaxOutboundMessageSize: 512000
9568: 07:53:48.211 - S2S: No inactivity timeout
9568: 07:53:48.218 - WebSocket S2S: MaxInboundMessageSize: 512000
9568: 07:53:48.218 - WebSocket S2S: MaxOutboundMessageSize: 512000
9568: 07:53:48.218 - WebSocket S2S: No inactivity timeout
9568: 07:53:48.219 - Max Reliable Data In Transit (awaiting ACKs) per peer : 51200 bytes
9568: 07:53:48.219 - Per peer bandwidth limit
9568: 07:53:48.219 - Transmit Rate Limit: 256 KB/Sec
9568: 07:53:48.219 - Limit period: 200ms
9568: 07:53:48.219 - Limit per period: 52428 bytes
9568: 07:53:48.219 - Max queued data for transmission per peer: 512000 bytes
9568: 07:53:48.219 - Minimum retransmit timeout: 200
9568: 07:53:48.219 - No Maximum retransmit timeout
9568: 07:53:48.219 - Minimum ENet timeout: 5000ms
9568: 07:53:48.219 - Maximum ENet timeout: 30000ms
9568: 07:53:48.219 - Max Inbound Reliable Data Queued (awaiting resends of earlier sequence numbers) per peer : 163840 bytes
9568: 07:53:48.219 - No RTT ACK adjustment timeout
9568: 07:53:48.219 - Outbound ENet: MaxInboundMessageSize: 512000
9568: 07:53:48.219 - Outbound ENet: MaxOutboundMessageSize: 512000
9568: 07:53:48.226 - GetRuntime - About to load CLR - versions available:
9568: 07:53:48.226 - v2.0.50727
9568: 07:53:48.226 - v4.0.30319
9568: 07:53:48.226 - Configuration requests: "v2.0.50727"
9568: 07:53:48.226 - About to load version: "v2.0.50727"
9568: 07:53:48.254 - About to load runtime: PhotonHostRuntime.PhotonDomainManager from PhotonHostRuntime, Culture=neutral, PublicKeyToken=02C301B61B060C4D
9568: 07:53:48.254 - CLRBaseDirectory set to "E:\Photon-OnPremise-Server-SDK_v4-0-29-11263\deploy"
9568: 07:53:48.254 - Optimising event broadcast for 20 or more peers
9568: 07:53:48.257 - Start: About to load CLR - versions available:
9568: 07:53:48.257 - v2.0.50727
9568: 07:53:48.257 - v4.0.30319
9568: 07:53:48.257 - No preference in configuration file, will load latest.
9568: 07:53:48.257 - About to load version: "v4.0.30319"
9568: 07:53:48.258 - Loaded version: "v4.0.30319"
9568: 07:53:48.365 - Photon host runtime loaded
9568: 07:53:50.101 - License is valid.
9568: 07:53:50.101 - Licensed for 100 concurrent connections.
9568: 07:53:50.101 - ENet: Max Reliable Data In Transit (awaiting ACKs) per peer : 51200 bytes
9568: 07:53:50.101 - ENet: Per peer bandwidth limit
9568: 07:53:50.101 - ENet: Transmit Rate Limit: 256 KB/Sec
9568: 07:53:50.101 - ENet: Limit period: 200ms
9568: 07:53:50.101 - ENet: Limit per period: 52428 bytes
9568: 07:53:50.101 - ENet: Max queued data for transmission per peer: 512000 bytes
9568: 07:53:50.101 - ENet: Minimum retransmit timeout: 200
9568: 07:53:50.101 - No Maximum retransmit timeout
9568: 07:53:50.101 - ENet: Minimum timeout: 5000ms
9568: 07:53:50.101 - ENet: Maximum timeout: 30000ms
9568: 07:53:50.101 - ENet: Max Inbound Reliable Data Queued (awaiting resends of earlier sequence numbers) per peer : 163840 bytes
9568: 07:53:50.101 - No RTT ACK adjustment timeout
9568: 07:53:50.101 - About to load application: SAAServer from SAAServer
9568: 07:53:50.101 - Auto restart is enabled for application, existing connections will be terminated during restart
9568: 07:53:50.101 - Application will restart 1000ms after the last change detected
9568: 07:53:50.101 - Application will restart if files matching the following are changed: "dll;config"
9568: 07:53:50.101 - Application will NOT restart if files matching the following are changed: "log4net.config"
9568: 07:53:50.168 - Taking reference on default app domain
9568: 07:53:50.215 - Application: "SAAServer" started in app domain: 2
9568: 07:53:50.215 - About to load application: CounterPublisher from CounterPublisher
9568: 07:53:50.215 - Auto restart is enabled for application, existing connections will be terminated during restart
9568: 07:53:50.215 - Application will restart 1000ms after the last change detected
9568: 07:53:50.215 - Application will restart if files matching the following are changed: "dll;config"
9568: 07:53:50.215 - Application will NOT restart if files matching the following are changed: "log4net.config"
9568: 07:53:50.268 - Taking reference on default app domain
9568: 07:53:50.307 - Application: "CounterPublisher" started in app domain: 3
9568: 07:53:50.307 - Adding TCP listener on: 0.0.0.0: 4530 with a listen backlog of: 150
9568: 07:53:50.307 - TCP inactivity timeout: 10000ms
9568: 07:53:50.307 - TCP disconnect timeout: 120000ms
9568: 07:53:50.307 - MaxInboundMessageSize: 512000
9568: 07:53:50.307 - MaxOutboundMessageSize: 512000
9568: 07:53:50.307 - Forcing all applications ids to: "SAAServer"
9568: 07:53:50.307 - Serving policy file requests from: "E:\Photon-OnPremise-Server-SDK_v4-0-29-11263\deploy\Policy\assets\socket-policy.xml"
9568: 07:53:50.308 - Adding TCP listener on: 0.0.0.0: 4520 with a listen backlog of: 150
9568: 07:53:50.308 - TCP inactivity timeout: 5000ms
9568: 07:53:50.308 - TCP disconnect timeout: 120000ms
9568: 07:53:50.308 - MaxInboundMessageSize: 512000
9568: 07:53:50.308 - MaxOutboundMessageSize: 512000
9568: 07:53:50.308 - Forcing all applications ids to: "SAAServer"
9568: 07:53:50.308 - MaxInboundMessageSize: 512000
9568: 07:53:50.308 - MaxOutboundMessageSize: 512000
9568: 07:53:50.308 - UDP address specified as: "0.0.0.0" adding listener to each available IPv4 address
9568: 07:53:50.308 - Adding UDP listener on: 192.168.1.11: 7777 with a listen backlog of: 500
9568: 07:53:50.308 - Adding UDP listener on: 127.0.0.1: 7777 with a listen backlog of: 500
9568: 07:53:50.308 - Adding Policy File listener on: 0.0.0.0: 843 with a listen backlog of: 150 and serving Policy File: "E:\Photon-OnPremise-Server-SDK_v4-0-29-11263\deploy\Policy\assets\socket-policy.xml"
9568: 07:53:50.308 - TCP inactivity timeout: 1000ms
9568: 07:53:50.308 - Adding Policy File listener on: 0.0.0.0: 943 with a listen backlog of: 150 and serving Policy File: "E:\Photon-OnPremise-Server-SDK_v4-0-29-11263\deploy\Policy\assets\socket-policy-silverlight.xml"
9568: 07:53:50.308 - TCP inactivity timeout: 1000ms
9568: 07:53:50.324 - Service is running...
9568: 08:19:11.359 - Service is stopped...
9568: 08:19:11.359 - Server shutting down...
9568: 08:19:11.359 - Shutdown monitoring enabled, 30000ms before process abort
9568: 08:19:11.359 - Notifying CLR applications of shutdown...
9568: 08:19:11.359 - RequestApplicationStop: 3
9568: 08:19:11.364 - RequestApplicationStop: 2
9568: 08:19:11.366 - RequestStop: defalt app domain
9568: 08:19:11.367 - Shutting down WebSocket Outbound Connection Manager...
9568: 08:19:11.367 - Shutting down TCP Outbound Connection Manager...
9568: 08:19:11.368 - Shutting down ENet Outbound Connection Manager...
9568: 08:19:11.368 - Disconnecting all outbound peers...
9568: 08:19:11.368 - Shutting down ENet host...
9568: 08:19:11.368 - Disconnecting all peers...
9568: 08:19:11.368 - CUDPSocketServer::OnError() - CUDPSocketServer::OnSendToCompletionError(): 在一个非套接字上尝试了一个操作。
9568: 08:19:11.368 - 1 disconnected
9568: 08:19:11.368 - Shutting down socket servers...
9568: 08:19:11.368 - Shutting down ENet thread pool...
9568: 08:19:11.368 - Shutting down TCP inactivity timers...
9568: 08:19:11.368 - ENet Host - Resetting all peers...
9568: 08:19:11.368 - WaitingForShutdownToComplete: NativePolicy:0.0.0.0:843
9568: 08:19:11.368 - OnShutdownCompleted: NativePolicy:0.0.0.0:843
9568: 08:19:11.368 - WaitingForShutdownToComplete: NativePolicy:0.0.0.0:943
9568: 08:19:11.368 - OnShutdownCompleted: NativePolicy:0.0.0.0:943
9568: 08:19:11.368 - WaitingForShutdownToComplete: TCP:0.0.0.0:4520
9568: 08:19:11.368 - OnShutdownCompleted: TCP:0.0.0.0:4520
9568: 08:19:11.368 - WaitingForShutdownToComplete: TCP:0.0.0.0:4530
9568: 08:19:11.368 - OnShutdownCompleted: TCP:0.0.0.0:4530
9568: 08:19:11.368 - WaitingForShutdownToComplete: UDP:127.0.0.1:7777
9568: 08:19:11.368 - OnShutdownCompleted: UDP:127.0.0.1:7777
9568: 08:19:11.368 - WaitingForShutdownToComplete: UDP:192.168.1.11:7777
9568: 08:19:11.368 - OnShutdownCompleted: UDP:192.168.1.11:7777
9568: 08:19:11.368 - Shutting down CLR applications...
7252: 08:19:11.369 - CManagedHost::OnDefaultAction() - OPR_AppDomainUnload - eUnloadAppDomain
9568: 08:19:11.372 - Shutting down business logic thread pool...
9568: 08:19:11.372 - Shutting down I/O thread pool...
9568: 08:19:11.372 - Destroying servers
9568: 08:19:11.372 - Destroying WebSocket Outbound Connection Manager
9568: 08:19:11.372 - Destroying TCP Outbound Connection Manager
9568: 08:19:11.372 - Destroying TCP inactivity timer
9568: 08:19:11.372 - Destroying ENet timer wheel
9568: 08:19:11.372 - Destroying ENet host
9568: 08:19:11.372 - Destroying ENet outbound host
9568: 08:19:11.372 - Destroying HTTP inactivity timer
9568: 08:19:11.372 - Destroying HTTP host
9568: 08:19:11.372 - Destroying HTTP Chunk host
9568: 08:19:11.372 - Flushing ENET buffer allocator...
9568: 08:19:11.373 - Flushing TCP buffer handle allocator...
9568: 08:19:11.373 - Flushing stream socket allocator...
9568: 08:19:11.373 - Flushing inbound datagram socket allocator...
9568: 08:19:11.374 - Flushing outbound datagram socket allocator...
9568: 08:19:11.374 - Destroying CLR dispatcher
9568: 08:19:11.374 - Destroying CLR applications
9568: 08:19:11.375 - ~CCLRApplicationCollection() - Waiting up to 10 seconds for the CLR to release all of our objects
5400: 08:19:11.377 - Unloading Domain: ApplicationName = 'CounterPublisher', DomainId='3'
7252: 08:19:11.377 - CManagedHost::OnDomainUnload() - 3
7252: 08:19:11.381 - CManagedHost::OnDefaultAction() - OPR_AppDomainUnload - eUnloadAppDomain
5400: 08:19:11.391 - Unloading Domain: ApplicationName = 'SAAServer', DomainId='2'
7252: 08:19:11.392 - CManagedHost::OnDomainUnload() - 2
9568: 08:19:11.393 - ~CCLRApplicationCollection() - Done. All objects released
9568: 08:19:11.393 - ~CManagedHost() - Release default app domain
9568: 08:19:11.393 - CManagedHost::OnDomainUnload() - 1
9568: 08:19:11.393 - ~CManagedHost() - Waiting up to 10 seconds for CLR shutdown...
9568: 08:19:11.393 - ~CManagedHost
9568: 08:19:11.393 - Destroying ENet thread pool
9568: 08:19:11.393 - Destroying Business logic thread pool
9568: 08:19:11.393 - Destroying I/O thread pool
9568: 08:19:11.393 - Destroying ENet buffer allocator
9568: 08:19:11.393 - Destroying TCP buffer allocator
9568: 08:19:11.393 - Destroying TCP socket allocator
9568: 08:19:11.393 - Destroying ENet inbound socket allocator
9568: 08:19:11.393 - Destroying ENet outbound socket allocator
9568: 08:19:11.393 - Destroying shared datagram flow control data
9568: 08:19:11.394 - Shutdown complete...
9568: 08:19:11.395 - Service shutting down
9568: 08:19:11.396 - Service shut down complete
