11180: 07:45:11.072 - ---
11180: 07:45:11.072 - Service: "Photon Socket Server" starting
11180: 07:45:11.072 - Config File: E:\Photon-OnPremise-Server-SDK_v4-0-29-11263\deploy\bin_Win64\PhotonServer.config
11180: 07:45:11.075 - Will produce at most: 10 crash dumps
11180: 07:45:11.075 - Action: run as exe
11180: 07:45:11.075 - Server Starting...
11180: 07:45:11.075 -    Tick count: 2729968 (wraps in: 49.6787 days)
11180: 07:45:11.075 - Tick count 64: 2729968
11180: 07:45:11.075 - Photon Version: 4.0.28.2962
11180: 07:45:11.075 - PID: 2092
11180: 07:45:11.075 - Config File: E:\Photon-OnPremise-Server-SDK_v4-0-29-11263\deploy\bin_Win64\PhotonServer.config
11180: 07:45:11.076 - Will NOT log unimportant exceptions
11180: 07:45:11.077 - Not using performance counters as they are not currently installed. Run the service with /InstallCounters to install them.
11180: 07:45:11.077 - Shutdown timeout enabled: 30000ms
11180: 07:45:11.077 - Starting I/O thread pool with 2 threads
11180: 07:45:11.077 - Using Standard allocator
11180: 07:45:11.077 - Max message size: 512000
11180: 07:45:11.077 - Starting business logic thread pool with the following settings
11180: 07:45:11.077 - InitialThreads: 4 threads
11180: 07:45:11.077 - MinThreads: 4 threads
11180: 07:45:11.077 - Thread pool is fixed size
11180: 07:45:11.078 - Starting ENet thread pool with the following settings
11180: 07:45:11.078 - InitialThreads: 2 threads
11180: 07:45:11.078 - MinThreads: 2 threads
11180: 07:45:11.078 - Thread pool is fixed size
11180: 07:45:11.078 - OnlyDispatchTimers: False
11180: 07:45:11.078 - S2S: flow control: Max pending writes: 50
11180: 07:45:11.078 - S2S: flow control: Max queued buffers: 200
11180: 07:45:11.078 - S2S: flow control: Max pending writes MUX: 500
11180: 07:45:11.078 - S2S: flow control: Max queued buffers MUX: 2000
11180: 07:45:11.078 - S2S: MaxInboundMessageSize: 512000
11180: 07:45:11.078 - S2S: MaxOutboundMessageSize: 512000
11180: 07:45:11.078 - S2S: No inactivity timeout
11180: 07:45:11.084 - WebSocket S2S: MaxInboundMessageSize: 512000
11180: 07:45:11.084 - WebSocket S2S: MaxOutboundMessageSize: 512000
11180: 07:45:11.084 - WebSocket S2S: No inactivity timeout
11180: 07:45:11.084 - Max Reliable Data In Transit (awaiting ACKs) per peer : 51200 bytes
11180: 07:45:11.084 - Per peer bandwidth limit
11180: 07:45:11.084 - Transmit Rate Limit: 256 KB/Sec
11180: 07:45:11.084 - Limit period: 200ms
11180: 07:45:11.084 - Limit per period: 52428 bytes
11180: 07:45:11.084 - Max queued data for transmission per peer: 512000 bytes
11180: 07:45:11.084 - Minimum retransmit timeout: 200
11180: 07:45:11.084 - No Maximum retransmit timeout
11180: 07:45:11.084 - Minimum ENet timeout: 5000ms
11180: 07:45:11.084 - Maximum ENet timeout: 30000ms
11180: 07:45:11.084 - Max Inbound Reliable Data Queued (awaiting resends of earlier sequence numbers) per peer : 163840 bytes
11180: 07:45:11.084 - No RTT ACK adjustment timeout
11180: 07:45:11.084 - Outbound ENet: MaxInboundMessageSize: 512000
11180: 07:45:11.084 - Outbound ENet: MaxOutboundMessageSize: 512000
11180: 07:45:11.086 - GetRuntime - About to load CLR - versions available:
11180: 07:45:11.086 - v2.0.50727
11180: 07:45:11.086 - v4.0.30319
11180: 07:45:11.086 - Configuration requests: "v2.0.50727"
11180: 07:45:11.086 - About to load version: "v2.0.50727"
11180: 07:45:11.098 - About to load runtime: PhotonHostRuntime.PhotonDomainManager from PhotonHostRuntime, Culture=neutral, PublicKeyToken=02C301B61B060C4D
11180: 07:45:11.098 - CLRBaseDirectory set to "E:\Photon-OnPremise-Server-SDK_v4-0-29-11263\deploy"
11180: 07:45:11.098 - Optimising event broadcast for 20 or more peers
11180: 07:45:11.099 - Start: About to load CLR - versions available:
11180: 07:45:11.099 - v2.0.50727
11180: 07:45:11.099 - v4.0.30319
11180: 07:45:11.099 - No preference in configuration file, will load latest.
11180: 07:45:11.099 - About to load version: "v4.0.30319"
11180: 07:45:11.101 - Loaded version: "v4.0.30319"
11180: 07:45:11.206 - Photon host runtime loaded
11180: 07:45:12.772 - License is valid.
11180: 07:45:12.772 - Licensed for 100 concurrent connections.
11180: 07:45:12.772 - ENet: Max Reliable Data In Transit (awaiting ACKs) per peer : 51200 bytes
11180: 07:45:12.772 - ENet: Per peer bandwidth limit
11180: 07:45:12.773 - ENet: Transmit Rate Limit: 256 KB/Sec
11180: 07:45:12.773 - ENet: Limit period: 200ms
11180: 07:45:12.773 - ENet: Limit per period: 52428 bytes
11180: 07:45:12.773 - ENet: Max queued data for transmission per peer: 512000 bytes
11180: 07:45:12.773 - ENet: Minimum retransmit timeout: 200
11180: 07:45:12.773 - No Maximum retransmit timeout
11180: 07:45:12.773 - ENet: Minimum timeout: 5000ms
11180: 07:45:12.773 - ENet: Maximum timeout: 30000ms
11180: 07:45:12.773 - ENet: Max Inbound Reliable Data Queued (awaiting resends of earlier sequence numbers) per peer : 163840 bytes
11180: 07:45:12.773 - No RTT ACK adjustment timeout
11180: 07:45:12.773 - About to load application: SAAServer from SAAServer
11180: 07:45:12.773 - Auto restart is enabled for application, existing connections will be terminated during restart
11180: 07:45:12.773 - Application will restart 1000ms after the last change detected
11180: 07:45:12.773 - Application will restart if files matching the following are changed: "dll;config"
11180: 07:45:12.773 - Application will NOT restart if files matching the following are changed: "log4net.config"
11180: 07:45:12.824 - Taking reference on default app domain
11180: 07:45:12.854 - Application: "SAAServer" started in app domain: 2
11180: 07:45:12.854 - About to load application: CounterPublisher from CounterPublisher
11180: 07:45:12.854 - Auto restart is enabled for application, existing connections will be terminated during restart
11180: 07:45:12.854 - Application will restart 1000ms after the last change detected
11180: 07:45:12.854 - Application will restart if files matching the following are changed: "dll;config"
11180: 07:45:12.854 - Application will NOT restart if files matching the following are changed: "log4net.config"
11180: 07:45:12.895 - Taking reference on default app domain
11180: 07:45:12.928 - Application: "CounterPublisher" started in app domain: 3
11180: 07:45:12.928 - Adding TCP listener on: 0.0.0.0: 4530 with a listen backlog of: 150
11180: 07:45:12.928 - TCP inactivity timeout: 10000ms
11180: 07:45:12.928 - TCP disconnect timeout: 120000ms
11180: 07:45:12.929 - MaxInboundMessageSize: 512000
11180: 07:45:12.929 - MaxOutboundMessageSize: 512000
11180: 07:45:12.929 - Forcing all applications ids to: "SAAServer"
11180: 07:45:12.929 - Serving policy file requests from: "E:\Photon-OnPremise-Server-SDK_v4-0-29-11263\deploy\Policy\assets\socket-policy.xml"
11180: 07:45:12.929 - Adding TCP listener on: 0.0.0.0: 4520 with a listen backlog of: 150
11180: 07:45:12.929 - TCP inactivity timeout: 5000ms
11180: 07:45:12.929 - TCP disconnect timeout: 120000ms
11180: 07:45:12.929 - MaxInboundMessageSize: 512000
11180: 07:45:12.929 - MaxOutboundMessageSize: 512000
11180: 07:45:12.929 - Forcing all applications ids to: "SAAServer"
11180: 07:45:12.929 - MaxInboundMessageSize: 512000
11180: 07:45:12.929 - MaxOutboundMessageSize: 512000
11180: 07:45:12.929 - UDP address specified as: "0.0.0.0" adding listener to each available IPv4 address
11180: 07:45:12.929 - Adding UDP listener on: 192.168.1.11: 7777 with a listen backlog of: 500
11180: 07:45:12.929 - Adding UDP listener on: 127.0.0.1: 7777 with a listen backlog of: 500
11180: 07:45:12.929 - Adding Policy File listener on: 0.0.0.0: 843 with a listen backlog of: 150 and serving Policy File: "E:\Photon-OnPremise-Server-SDK_v4-0-29-11263\deploy\Policy\assets\socket-policy.xml"
11180: 07:45:12.929 - TCP inactivity timeout: 1000ms
11180: 07:45:12.929 - Adding Policy File listener on: 0.0.0.0: 943 with a listen backlog of: 150 and serving Policy File: "E:\Photon-OnPremise-Server-SDK_v4-0-29-11263\deploy\Policy\assets\socket-policy-silverlight.xml"
11180: 07:45:12.929 - TCP inactivity timeout: 1000ms
11180: 07:45:12.944 - Service is running...
