16668: 17:13:47.333 - ---
16668: 17:13:47.334 - Service: "Photon Socket Server" starting
16668: 17:13:47.334 - Config File: E:\Photon-OnPremise-Server-SDK_v4-0-29-11263\deploy\bin_Win64\PhotonServer.config
16668: 17:13:47.338 - Will produce at most: 10 crash dumps
16668: 17:13:47.338 - Action: run as exe
16668: 17:13:47.339 - Server Starting...
16668: 17:13:47.340 -    Tick count: 1122064203 (wraps in: 36.7234 days)
16668: 17:13:47.340 - Tick count 64: 1122064203
16668: 17:13:47.340 - Photon Version: 4.0.28.2962
16668: 17:13:47.340 - PID: 6724
16668: 17:13:47.340 - Config File: E:\Photon-OnPremise-Server-SDK_v4-0-29-11263\deploy\bin_Win64\PhotonServer.config
16668: 17:13:47.341 - Will NOT log unimportant exceptions
16668: 17:13:47.345 - Not using performance counters as they are not currently installed. Run the service with /InstallCounters to install them.
16668: 17:13:47.345 - Shutdown timeout enabled: 30000ms
16668: 17:13:47.346 - Starting I/O thread pool with 2 threads
16668: 17:13:47.347 - Using Standard allocator
16668: 17:13:47.347 - Max message size: 512000
16668: 17:13:47.347 - Starting business logic thread pool with the following settings
16668: 17:13:47.347 - InitialThreads: 4 threads
16668: 17:13:47.347 - MinThreads: 4 threads
16668: 17:13:47.347 - Thread pool is fixed size
16668: 17:13:47.347 - Starting ENet thread pool with the following settings
16668: 17:13:47.347 - InitialThreads: 2 threads
16668: 17:13:47.347 - MinThreads: 2 threads
16668: 17:13:47.347 - Thread pool is fixed size
16668: 17:13:47.347 - OnlyDispatchTimers: False
16668: 17:13:47.348 - S2S: flow control: Max pending writes: 50
16668: 17:13:47.348 - S2S: flow control: Max queued buffers: 200
16668: 17:13:47.348 - S2S: flow control: Max pending writes MUX: 500
16668: 17:13:47.348 - S2S: flow control: Max queued buffers MUX: 2000
16668: 17:13:47.348 - S2S: MaxInboundMessageSize: 512000
16668: 17:13:47.348 - S2S: MaxOutboundMessageSize: 512000
16668: 17:13:47.348 - S2S: No inactivity timeout
16668: 17:13:47.358 - WebSocket S2S: MaxInboundMessageSize: 512000
16668: 17:13:47.358 - WebSocket S2S: MaxOutboundMessageSize: 512000
16668: 17:13:47.358 - WebSocket S2S: No inactivity timeout
16668: 17:13:47.358 - Max Reliable Data In Transit (awaiting ACKs) per peer : 51200 bytes
16668: 17:13:47.358 - Per peer bandwidth limit
16668: 17:13:47.358 - Transmit Rate Limit: 256 KB/Sec
16668: 17:13:47.358 - Limit period: 200ms
16668: 17:13:47.358 - Limit per period: 52428 bytes
16668: 17:13:47.358 - Max queued data for transmission per peer: 512000 bytes
16668: 17:13:47.358 - Minimum retransmit timeout: 200
16668: 17:13:47.358 - No Maximum retransmit timeout
16668: 17:13:47.358 - Minimum ENet timeout: 5000ms
16668: 17:13:47.358 - Maximum ENet timeout: 30000ms
16668: 17:13:47.358 - Max Inbound Reliable Data Queued (awaiting resends of earlier sequence numbers) per peer : 163840 bytes
16668: 17:13:47.358 - No RTT ACK adjustment timeout
16668: 17:13:47.358 - Outbound ENet: MaxInboundMessageSize: 512000
16668: 17:13:47.358 - Outbound ENet: MaxOutboundMessageSize: 512000
16668: 17:13:47.364 - GetRuntime - About to load CLR - versions available:
16668: 17:13:47.364 - v2.0.50727
16668: 17:13:47.364 - v4.0.30319
16668: 17:13:47.364 - Configuration requests: "v2.0.50727"
16668: 17:13:47.364 - About to load version: "v2.0.50727"
16668: 17:13:47.398 - About to load runtime: PhotonHostRuntime.PhotonDomainManager from PhotonHostRuntime, Culture=neutral, PublicKeyToken=02C301B61B060C4D
16668: 17:13:47.398 - CLRBaseDirectory set to "E:\Photon-OnPremise-Server-SDK_v4-0-29-11263\deploy"
16668: 17:13:47.398 - Optimising event broadcast for 20 or more peers
16668: 17:13:47.400 - Start: About to load CLR - versions available:
16668: 17:13:47.400 - v2.0.50727
16668: 17:13:47.400 - v4.0.30319
16668: 17:13:47.400 - No preference in configuration file, will load latest.
16668: 17:13:47.400 - About to load version: "v4.0.30319"
16668: 17:13:47.402 - Loaded version: "v4.0.30319"
16668: 17:13:47.520 - Photon host runtime loaded
16668: 17:13:49.129 - License is valid.
16668: 17:13:49.129 - Licensed for 100 concurrent connections.
16668: 17:13:49.129 - ENet: Max Reliable Data In Transit (awaiting ACKs) per peer : 51200 bytes
16668: 17:13:49.129 - ENet: Per peer bandwidth limit
16668: 17:13:49.129 - ENet: Transmit Rate Limit: 256 KB/Sec
16668: 17:13:49.129 - ENet: Limit period: 200ms
16668: 17:13:49.129 - ENet: Limit per period: 52428 bytes
16668: 17:13:49.129 - ENet: Max queued data for transmission per peer: 512000 bytes
16668: 17:13:49.129 - ENet: Minimum retransmit timeout: 200
16668: 17:13:49.129 - No Maximum retransmit timeout
16668: 17:13:49.129 - ENet: Minimum timeout: 5000ms
16668: 17:13:49.129 - ENet: Maximum timeout: 30000ms
16668: 17:13:49.129 - ENet: Max Inbound Reliable Data Queued (awaiting resends of earlier sequence numbers) per peer : 163840 bytes
16668: 17:13:49.129 - No RTT ACK adjustment timeout
16668: 17:13:49.129 - About to load application: SAAServer from SAAServer
16668: 17:13:49.129 - Auto restart is enabled for application, existing connections will be terminated during restart
16668: 17:13:49.129 - Application will restart 1000ms after the last change detected
16668: 17:13:49.129 - Application will restart if files matching the following are changed: "dll;config"
16668: 17:13:49.129 - Application will NOT restart if files matching the following are changed: "log4net.config"
16668: 17:13:49.198 - Taking reference on default app domain
16668: 17:13:49.251 - Application: "SAAServer" started in app domain: 2
16668: 17:13:49.251 - About to load application: CounterPublisher from CounterPublisher
16668: 17:13:49.251 - Auto restart is enabled for application, existing connections will be terminated during restart
16668: 17:13:49.251 - Application will restart 1000ms after the last change detected
16668: 17:13:49.251 - Application will restart if files matching the following are changed: "dll;config"
16668: 17:13:49.251 - Application will NOT restart if files matching the following are changed: "log4net.config"
16668: 17:13:49.311 - Taking reference on default app domain
16668: 17:13:49.352 - Application: "CounterPublisher" started in app domain: 3
16668: 17:13:49.353 - Adding TCP listener on: 0.0.0.0: 4530 with a listen backlog of: 150
16668: 17:13:49.353 - TCP inactivity timeout: 10000ms
16668: 17:13:49.353 - TCP disconnect timeout: 120000ms
16668: 17:13:49.353 - MaxInboundMessageSize: 512000
16668: 17:13:49.353 - MaxOutboundMessageSize: 512000
16668: 17:13:49.353 - Forcing all applications ids to: "SAAServer"
16668: 17:13:49.353 - Serving policy file requests from: "E:\Photon-OnPremise-Server-SDK_v4-0-29-11263\deploy\Policy\assets\socket-policy.xml"
16668: 17:13:49.353 - Adding TCP listener on: 0.0.0.0: 4520 with a listen backlog of: 150
16668: 17:13:49.353 - TCP inactivity timeout: 5000ms
16668: 17:13:49.353 - TCP disconnect timeout: 120000ms
16668: 17:13:49.353 - MaxInboundMessageSize: 512000
16668: 17:13:49.353 - MaxOutboundMessageSize: 512000
16668: 17:13:49.353 - Forcing all applications ids to: "SAAServer"
16668: 17:13:49.353 - MaxInboundMessageSize: 512000
16668: 17:13:49.353 - MaxOutboundMessageSize: 512000
16668: 17:13:49.353 - UDP address specified as: "0.0.0.0" adding listener to each available IPv4 address
16668: 17:13:49.353 - Adding UDP listener on: 192.168.1.14: 7777 with a listen backlog of: 500
16668: 17:13:49.353 - Adding UDP listener on: 127.0.0.1: 7777 with a listen backlog of: 500
16668: 17:13:49.354 - Adding Policy File listener on: 0.0.0.0: 843 with a listen backlog of: 150 and serving Policy File: "E:\Photon-OnPremise-Server-SDK_v4-0-29-11263\deploy\Policy\assets\socket-policy.xml"
16668: 17:13:49.354 - TCP inactivity timeout: 1000ms
16668: 17:13:49.354 - Adding Policy File listener on: 0.0.0.0: 943 with a listen backlog of: 150 and serving Policy File: "E:\Photon-OnPremise-Server-SDK_v4-0-29-11263\deploy\Policy\assets\socket-policy-silverlight.xml"
16668: 17:13:49.354 - TCP inactivity timeout: 1000ms
16668: 17:13:49.369 - Service is running...
2368: 17:58:31.314 - Restarting application: "SAAServer" due to file changes
2368: 17:58:31.314 - Application: "SAAServer" restart request (abort existing connections)
2368: 17:58:31.360 - Taking reference on default app domain
2368: 17:58:31.391 - Application: "SAAServer" started in app domain: 4
2368: 17:58:31.520 - RequestApplicationStop: 2
2368: 17:58:31.525 - Application: "SAAServer" stopped in app domain: 2 (abort existing connections)
2368: 17:58:31.525 - Application: "SAAServer" restart complete.
976: 17:58:31.525 - CManagedHost::OnDefaultAction() - OPR_AppDomainUnload - eUnloadAppDomain
7872: 17:58:31.530 - Unloading Domain: ApplicationName = 'SAAServer', DomainId='2'
976: 17:58:31.530 - CManagedHost::OnDomainUnload() - 2
16668: 17:58:52.791 - Service is stopped...
16668: 17:58:52.791 - Server shutting down...
16668: 17:58:52.791 - Shutdown monitoring enabled, 30000ms before process abort
16668: 17:58:52.791 - Notifying CLR applications of shutdown...
16668: 17:58:52.791 - RequestApplicationStop: 3
16668: 17:58:52.793 - RequestApplicationStop: 4
16668: 17:58:52.794 - RequestStop: defalt app domain
16668: 17:58:52.795 - Shutting down WebSocket Outbound Connection Manager...
16668: 17:58:52.795 - Shutting down TCP Outbound Connection Manager...
16668: 17:58:52.796 - Shutting down ENet Outbound Connection Manager...
16668: 17:58:52.796 - Disconnecting all outbound peers...
16668: 17:58:52.796 - Shutting down ENet host...
16668: 17:58:52.796 - Disconnecting all peers...
16668: 17:58:52.796 - Shutting down socket servers...
16668: 17:58:52.796 - Shutting down ENet thread pool...
16668: 17:58:52.796 - Shutting down TCP inactivity timers...
16668: 17:58:52.796 - WaitingForShutdownToComplete: NativePolicy:0.0.0.0:843
16668: 17:58:52.796 - OnShutdownCompleted: NativePolicy:0.0.0.0:843
16668: 17:58:52.796 - WaitingForShutdownToComplete: NativePolicy:0.0.0.0:943
16668: 17:58:52.796 - OnShutdownCompleted: NativePolicy:0.0.0.0:943
16668: 17:58:52.796 - WaitingForShutdownToComplete: TCP:0.0.0.0:4520
16668: 17:58:52.796 - OnShutdownCompleted: TCP:0.0.0.0:4520
16668: 17:58:52.796 - WaitingForShutdownToComplete: TCP:0.0.0.0:4530
16668: 17:58:52.796 - OnShutdownCompleted: TCP:0.0.0.0:4530
16668: 17:58:52.796 - WaitingForShutdownToComplete: UDP:127.0.0.1:7777
16668: 17:58:52.797 - OnShutdownCompleted: UDP:127.0.0.1:7777
16668: 17:58:52.797 - WaitingForShutdownToComplete: UDP:192.168.1.14:7777
16668: 17:58:52.797 - OnShutdownCompleted: UDP:192.168.1.14:7777
16668: 17:58:52.797 - Shutting down CLR applications...
976: 17:58:52.799 - CManagedHost::OnDefaultAction() - OPR_AppDomainUnload - eUnloadAppDomain
16668: 17:58:52.803 - Shutting down business logic thread pool...
16668: 17:58:52.803 - Shutting down I/O thread pool...
16668: 17:58:52.803 - Destroying servers
16668: 17:58:52.803 - Destroying WebSocket Outbound Connection Manager
16668: 17:58:52.803 - Destroying TCP Outbound Connection Manager
16668: 17:58:52.803 - Destroying TCP inactivity timer
16668: 17:58:52.803 - Destroying ENet timer wheel
16668: 17:58:52.803 - Destroying ENet host
16668: 17:58:52.803 - Destroying ENet outbound host
16668: 17:58:52.803 - Destroying HTTP inactivity timer
16668: 17:58:52.803 - Destroying HTTP host
16668: 17:58:52.803 - Destroying HTTP Chunk host
16668: 17:58:52.803 - Flushing ENET buffer allocator...
16668: 17:58:52.804 - Flushing TCP buffer handle allocator...
16668: 17:58:52.804 - Flushing stream socket allocator...
16668: 17:58:52.804 - Flushing inbound datagram socket allocator...
16668: 17:58:52.805 - Flushing outbound datagram socket allocator...
16668: 17:58:52.805 - Destroying CLR dispatcher
16668: 17:58:52.805 - Destroying CLR applications
16668: 17:58:52.806 - ~CCLRApplicationCollection() - Waiting up to 10 seconds for the CLR to release all of our objects
7872: 17:58:52.806 - Unloading Domain: ApplicationName = 'CounterPublisher', DomainId='3'
976: 17:58:52.806 - CManagedHost::OnDomainUnload() - 3
976: 17:58:52.808 - CManagedHost::OnDefaultAction() - OPR_AppDomainUnload - eUnloadAppDomain
7872: 17:58:52.815 - Unloading Domain: ApplicationName = 'SAAServer', DomainId='4'
976: 17:58:52.815 - CManagedHost::OnDomainUnload() - 4
16668: 17:58:52.815 - ~CCLRApplicationCollection() - Done. All objects released
16668: 17:58:52.815 - ~CManagedHost() - Release default app domain
16668: 17:58:52.815 - CManagedHost::OnDomainUnload() - 1
16668: 17:58:52.815 - ~CManagedHost() - Waiting up to 10 seconds for CLR shutdown...
16668: 17:58:52.816 - ~CManagedHost
16668: 17:58:52.816 - Destroying ENet thread pool
16668: 17:58:52.816 - Destroying Business logic thread pool
16668: 17:58:52.816 - Destroying I/O thread pool
16668: 17:58:52.816 - Destroying ENet buffer allocator
16668: 17:58:52.816 - Destroying TCP buffer allocator
16668: 17:58:52.816 - Destroying TCP socket allocator
16668: 17:58:52.816 - Destroying ENet inbound socket allocator
16668: 17:58:52.816 - Destroying ENet outbound socket allocator
16668: 17:58:52.816 - Destroying shared datagram flow control data
16668: 17:58:52.817 - Shutdown complete...
16668: 17:58:52.817 - Service shutting down
16668: 17:58:52.819 - Service shut down complete
