6548: 08:17:26.362 - ---
6548: 08:17:26.362 - Service: "Photon Socket Server" starting
6548: 08:17:26.362 - Config File: E:\Photon-OnPremise-Server-SDK_v4-0-29-11263\deploy\bin_Win64\PhotonServer.config
6548: 08:17:26.364 - Will produce at most: 10 crash dumps
6548: 08:17:26.364 - Action: run as exe
6548: 08:17:26.364 - Server Starting...
6548: 08:17:26.364 -    Tick count: 1422471625 (wraps in: 33.2465 days)
6548: 08:17:26.364 - Tick count 64: 1422471625
6548: 08:17:26.364 - Photon Version: 4.0.28.2962
6548: 08:17:26.364 - PID: 17792
6548: 08:17:26.365 - Config File: E:\Photon-OnPremise-Server-SDK_v4-0-29-11263\deploy\bin_Win64\PhotonServer.config
6548: 08:17:26.365 - Will NOT log unimportant exceptions
6548: 08:17:26.367 - Not using performance counters as they are not currently installed. Run the service with /InstallCounters to install them.
6548: 08:17:26.367 - Shutdown timeout enabled: 30000ms
6548: 08:17:26.367 - Starting I/O thread pool with 2 threads
6548: 08:17:26.367 - Using Standard allocator
6548: 08:17:26.367 - Max message size: 512000
6548: 08:17:26.367 - Starting business logic thread pool with the following settings
6548: 08:17:26.367 - InitialThreads: 4 threads
6548: 08:17:26.367 - MinThreads: 4 threads
6548: 08:17:26.367 - Thread pool is fixed size
6548: 08:17:26.367 - Starting ENet thread pool with the following settings
6548: 08:17:26.367 - InitialThreads: 2 threads
6548: 08:17:26.367 - MinThreads: 2 threads
6548: 08:17:26.367 - Thread pool is fixed size
6548: 08:17:26.367 - OnlyDispatchTimers: False
6548: 08:17:26.367 - S2S: flow control: Max pending writes: 50
6548: 08:17:26.367 - S2S: flow control: Max queued buffers: 200
6548: 08:17:26.367 - S2S: flow control: Max pending writes MUX: 500
6548: 08:17:26.367 - S2S: flow control: Max queued buffers MUX: 2000
6548: 08:17:26.367 - S2S: MaxInboundMessageSize: 512000
6548: 08:17:26.367 - S2S: MaxOutboundMessageSize: 512000
6548: 08:17:26.367 - S2S: No inactivity timeout
6548: 08:17:26.375 - WebSocket S2S: MaxInboundMessageSize: 512000
6548: 08:17:26.375 - WebSocket S2S: MaxOutboundMessageSize: 512000
6548: 08:17:26.375 - WebSocket S2S: No inactivity timeout
6548: 08:17:26.375 - Max Reliable Data In Transit (awaiting ACKs) per peer : 51200 bytes
6548: 08:17:26.375 - Per peer bandwidth limit
6548: 08:17:26.375 - Transmit Rate Limit: 256 KB/Sec
6548: 08:17:26.375 - Limit period: 200ms
6548: 08:17:26.375 - Limit per period: 52428 bytes
6548: 08:17:26.375 - Max queued data for transmission per peer: 512000 bytes
6548: 08:17:26.375 - Minimum retransmit timeout: 200
6548: 08:17:26.375 - No Maximum retransmit timeout
6548: 08:17:26.375 - Minimum ENet timeout: 5000ms
6548: 08:17:26.375 - Maximum ENet timeout: 30000ms
6548: 08:17:26.376 - Max Inbound Reliable Data Queued (awaiting resends of earlier sequence numbers) per peer : 163840 bytes
6548: 08:17:26.376 - No RTT ACK adjustment timeout
6548: 08:17:26.376 - Outbound ENet: MaxInboundMessageSize: 512000
6548: 08:17:26.376 - Outbound ENet: MaxOutboundMessageSize: 512000
6548: 08:17:26.378 - GetRuntime - About to load CLR - versions available:
6548: 08:17:26.378 - v2.0.50727
6548: 08:17:26.378 - v4.0.30319
6548: 08:17:26.378 - Configuration requests: "v2.0.50727"
6548: 08:17:26.378 - About to load version: "v2.0.50727"
6548: 08:17:26.387 - About to load runtime: PhotonHostRuntime.PhotonDomainManager from PhotonHostRuntime, Culture=neutral, PublicKeyToken=02C301B61B060C4D
6548: 08:17:26.387 - CLRBaseDirectory set to "E:\Photon-OnPremise-Server-SDK_v4-0-29-11263\deploy"
6548: 08:17:26.387 - Optimising event broadcast for 20 or more peers
6548: 08:17:26.388 - Start: About to load CLR - versions available:
6548: 08:17:26.388 - v2.0.50727
6548: 08:17:26.388 - v4.0.30319
6548: 08:17:26.388 - No preference in configuration file, will load latest.
6548: 08:17:26.388 - About to load version: "v4.0.30319"
6548: 08:17:26.390 - Loaded version: "v4.0.30319"
6548: 08:17:27.043 - Photon host runtime loaded
6548: 08:17:29.044 - License is valid.
6548: 08:17:29.044 - Licensed for 100 concurrent connections.
6548: 08:17:29.045 - ENet: Max Reliable Data In Transit (awaiting ACKs) per peer : 51200 bytes
6548: 08:17:29.045 - ENet: Per peer bandwidth limit
6548: 08:17:29.045 - ENet: Transmit Rate Limit: 256 KB/Sec
6548: 08:17:29.045 - ENet: Limit period: 200ms
6548: 08:17:29.045 - ENet: Limit per period: 52428 bytes
6548: 08:17:29.045 - ENet: Max queued data for transmission per peer: 512000 bytes
6548: 08:17:29.045 - ENet: Minimum retransmit timeout: 200
6548: 08:17:29.045 - No Maximum retransmit timeout
6548: 08:17:29.045 - ENet: Minimum timeout: 5000ms
6548: 08:17:29.045 - ENet: Maximum timeout: 30000ms
6548: 08:17:29.045 - ENet: Max Inbound Reliable Data Queued (awaiting resends of earlier sequence numbers) per peer : 163840 bytes
6548: 08:17:29.045 - No RTT ACK adjustment timeout
6548: 08:17:29.045 - About to load application: SAAServer from SAAServer
6548: 08:17:29.045 - Auto restart is enabled for application, existing connections will be terminated during restart
6548: 08:17:29.045 - Application will restart 1000ms after the last change detected
6548: 08:17:29.045 - Application will restart if files matching the following are changed: "dll;config"
6548: 08:17:29.045 - Application will NOT restart if files matching the following are changed: "log4net.config"
6548: 08:17:29.206 - Taking reference on default app domain
6548: 08:17:29.264 - Application: "SAAServer" started in app domain: 2
6548: 08:17:29.264 - About to load application: CounterPublisher from CounterPublisher
6548: 08:17:29.264 - Auto restart is enabled for application, existing connections will be terminated during restart
6548: 08:17:29.264 - Application will restart 1000ms after the last change detected
6548: 08:17:29.264 - Application will restart if files matching the following are changed: "dll;config"
6548: 08:17:29.264 - Application will NOT restart if files matching the following are changed: "log4net.config"
6548: 08:17:29.325 - Taking reference on default app domain
6548: 08:17:29.373 - Application: "CounterPublisher" started in app domain: 3
6548: 08:17:29.374 - Adding TCP listener on: 0.0.0.0: 4530 with a listen backlog of: 150
6548: 08:17:29.374 - TCP inactivity timeout: 10000ms
6548: 08:17:29.374 - TCP disconnect timeout: 120000ms
6548: 08:17:29.374 - MaxInboundMessageSize: 512000
6548: 08:17:29.374 - MaxOutboundMessageSize: 512000
6548: 08:17:29.374 - Forcing all applications ids to: "SAAServer"
6548: 08:17:29.375 - Serving policy file requests from: "E:\Photon-OnPremise-Server-SDK_v4-0-29-11263\deploy\Policy\assets\socket-policy.xml"
6548: 08:17:29.377 - Adding TCP listener on: 0.0.0.0: 4520 with a listen backlog of: 150
6548: 08:17:29.377 - TCP inactivity timeout: 5000ms
6548: 08:17:29.377 - TCP disconnect timeout: 120000ms
6548: 08:17:29.377 - MaxInboundMessageSize: 512000
6548: 08:17:29.377 - MaxOutboundMessageSize: 512000
6548: 08:17:29.377 - Forcing all applications ids to: "SAAServer"
6548: 08:17:29.377 - MaxInboundMessageSize: 512000
6548: 08:17:29.377 - MaxOutboundMessageSize: 512000
6548: 08:17:29.378 - UDP address specified as: "0.0.0.0" adding listener to each available IPv4 address
6548: 08:17:29.378 - Adding UDP listener on: 192.168.1.16: 7777 with a listen backlog of: 500
6548: 08:17:29.379 - Adding UDP listener on: 127.0.0.1: 7777 with a listen backlog of: 500
6548: 08:17:29.379 - Adding Policy File listener on: 0.0.0.0: 843 with a listen backlog of: 150 and serving Policy File: "E:\Photon-OnPremise-Server-SDK_v4-0-29-11263\deploy\Policy\assets\socket-policy.xml"
6548: 08:17:29.379 - TCP inactivity timeout: 1000ms
6548: 08:17:29.379 - Adding Policy File listener on: 0.0.0.0: 943 with a listen backlog of: 150 and serving Policy File: "E:\Photon-OnPremise-Server-SDK_v4-0-29-11263\deploy\Policy\assets\socket-policy-silverlight.xml"
6548: 08:17:29.379 - TCP inactivity timeout: 1000ms
6548: 08:17:29.398 - Service is running...
