6884: 07:56:10.316 - ---
6884: 07:56:10.316 - Service: "Photon Socket Server" starting
6884: 07:56:10.317 - Config File: D:\Work\Photon-OnPremise-Server-SDK_v4-0-29-11263\deploy\bin_Win64\PhotonServer.config
6884: 07:56:10.318 - Will produce at most: 10 crash dumps
6884: 07:56:10.318 - Action: run as exe
6884: 07:56:10.319 - Server Starting...
6884: 07:56:10.319 -    Tick count: 2214009500 (wraps in: 24.0852 days)
6884: 07:56:10.319 - Tick count 64: 2214009500
6884: 07:56:10.319 - Photon Version: 4.0.28.2962
6884: 07:56:10.319 - PID: 14744
6884: 07:56:10.320 - Config File: D:\Work\Photon-OnPremise-Server-SDK_v4-0-29-11263\deploy\bin_Win64\PhotonServer.config
6884: 07:56:10.320 - Will NOT log unimportant exceptions
6884: 07:56:10.325 - Not using performance counters as they are not currently installed. Run the service with /InstallCounters to install them.
6884: 07:56:10.325 - Shutdown timeout enabled: 30000ms
6884: 07:56:10.326 - Starting I/O thread pool with 2 threads
6884: 07:56:10.327 - Using Standard allocator
6884: 07:56:10.327 - Max message size: 512000
6884: 07:56:10.327 - Starting business logic thread pool with the following settings
6884: 07:56:10.327 - InitialThreads: 4 threads
6884: 07:56:10.327 - MinThreads: 4 threads
6884: 07:56:10.327 - Thread pool is fixed size
6884: 07:56:10.328 - Starting ENet thread pool with the following settings
6884: 07:56:10.328 - InitialThreads: 2 threads
6884: 07:56:10.328 - MinThreads: 2 threads
6884: 07:56:10.328 - Thread pool is fixed size
6884: 07:56:10.328 - OnlyDispatchTimers: False
6884: 07:56:10.328 - S2S: flow control: Max pending writes: 50
6884: 07:56:10.328 - S2S: flow control: Max queued buffers: 200
6884: 07:56:10.328 - S2S: flow control: Max pending writes MUX: 500
6884: 07:56:10.328 - S2S: flow control: Max queued buffers MUX: 2000
6884: 07:56:10.328 - S2S: MaxInboundMessageSize: 512000
6884: 07:56:10.328 - S2S: MaxOutboundMessageSize: 512000
6884: 07:56:10.328 - S2S: No inactivity timeout
6884: 07:56:10.336 - WebSocket S2S: MaxInboundMessageSize: 512000
6884: 07:56:10.336 - WebSocket S2S: MaxOutboundMessageSize: 512000
6884: 07:56:10.336 - WebSocket S2S: No inactivity timeout
6884: 07:56:10.338 - Max Reliable Data In Transit (awaiting ACKs) per peer : 51200 bytes
6884: 07:56:10.338 - Per peer bandwidth limit
6884: 07:56:10.338 - Transmit Rate Limit: 256 KB/Sec
6884: 07:56:10.338 - Limit period: 200ms
6884: 07:56:10.338 - Limit per period: 52428 bytes
6884: 07:56:10.338 - Max queued data for transmission per peer: 512000 bytes
6884: 07:56:10.338 - Minimum retransmit timeout: 200
6884: 07:56:10.338 - No Maximum retransmit timeout
6884: 07:56:10.338 - Minimum ENet timeout: 5000ms
6884: 07:56:10.338 - Maximum ENet timeout: 30000ms
6884: 07:56:10.338 - Max Inbound Reliable Data Queued (awaiting resends of earlier sequence numbers) per peer : 163840 bytes
6884: 07:56:10.338 - No RTT ACK adjustment timeout
6884: 07:56:10.338 - Outbound ENet: MaxInboundMessageSize: 512000
6884: 07:56:10.338 - Outbound ENet: MaxOutboundMessageSize: 512000
6884: 07:56:10.345 - GetRuntime - About to load CLR - versions available:
6884: 07:56:10.345 - v2.0.50727
6884: 07:56:10.345 - v4.0.30319
6884: 07:56:10.345 - Configuration requests: "v2.0.50727"
6884: 07:56:10.345 - About to load version: "v2.0.50727"
6884: 07:56:10.379 - About to load runtime: PhotonHostRuntime.PhotonDomainManager from PhotonHostRuntime, Culture=neutral, PublicKeyToken=02C301B61B060C4D
6884: 07:56:10.379 - CLRBaseDirectory set to "D:\Work\Photon-OnPremise-Server-SDK_v4-0-29-11263\deploy"
6884: 07:56:10.379 - Optimising event broadcast for 20 or more peers
6884: 07:56:10.381 - Start: About to load CLR - versions available:
6884: 07:56:10.381 - v2.0.50727
6884: 07:56:10.381 - v4.0.30319
6884: 07:56:10.381 - No preference in configuration file, will load latest.
6884: 07:56:10.381 - About to load version: "v4.0.30319"
6884: 07:56:10.382 - Loaded version: "v4.0.30319"
6884: 07:56:10.493 - Photon host runtime loaded
6884: 07:56:12.110 - License is valid.
6884: 07:56:12.110 - Licensed for 100 concurrent connections.
6884: 07:56:12.110 - ENet: Max Reliable Data In Transit (awaiting ACKs) per peer : 51200 bytes
6884: 07:56:12.110 - ENet: Per peer bandwidth limit
6884: 07:56:12.110 - ENet: Transmit Rate Limit: 256 KB/Sec
6884: 07:56:12.110 - ENet: Limit period: 200ms
6884: 07:56:12.110 - ENet: Limit per period: 52428 bytes
6884: 07:56:12.110 - ENet: Max queued data for transmission per peer: 512000 bytes
6884: 07:56:12.110 - ENet: Minimum retransmit timeout: 200
6884: 07:56:12.110 - No Maximum retransmit timeout
6884: 07:56:12.110 - ENet: Minimum timeout: 5000ms
6884: 07:56:12.110 - ENet: Maximum timeout: 30000ms
6884: 07:56:12.110 - ENet: Max Inbound Reliable Data Queued (awaiting resends of earlier sequence numbers) per peer : 163840 bytes
6884: 07:56:12.110 - No RTT ACK adjustment timeout
6884: 07:56:12.110 - About to load application: SAAServer from SAAServer
6884: 07:56:12.110 - Auto restart is enabled for application, existing connections will be terminated during restart
6884: 07:56:12.110 - Application will restart 1000ms after the last change detected
6884: 07:56:12.110 - Application will restart if files matching the following are changed: "dll;config"
6884: 07:56:12.110 - Application will NOT restart if files matching the following are changed: "log4net.config"
6884: 07:56:12.172 - Taking reference on default app domain
6884: 07:56:12.219 - Application: "SAAServer" started in app domain: 2
6884: 07:56:12.219 - About to load application: CounterPublisher from CounterPublisher
6884: 07:56:12.219 - Auto restart is enabled for application, existing connections will be terminated during restart
6884: 07:56:12.219 - Application will restart 1000ms after the last change detected
6884: 07:56:12.219 - Application will restart if files matching the following are changed: "dll;config"
6884: 07:56:12.219 - Application will NOT restart if files matching the following are changed: "log4net.config"
6884: 07:56:12.271 - Taking reference on default app domain
6884: 07:56:12.515 - Application: "CounterPublisher" started in app domain: 3
6884: 07:56:12.515 - Adding TCP listener on: 0.0.0.0: 4530 with a listen backlog of: 150
6884: 07:56:12.515 - TCP inactivity timeout: 10000ms
6884: 07:56:12.515 - TCP disconnect timeout: 120000ms
6884: 07:56:12.515 - MaxInboundMessageSize: 512000
6884: 07:56:12.515 - MaxOutboundMessageSize: 512000
6884: 07:56:12.515 - Forcing all applications ids to: "SAAServer"
6884: 07:56:12.516 - Serving policy file requests from: "D:\Work\Photon-OnPremise-Server-SDK_v4-0-29-11263\deploy\Policy\assets\socket-policy.xml"
6884: 07:56:12.516 - Adding TCP listener on: 0.0.0.0: 4520 with a listen backlog of: 150
6884: 07:56:12.516 - TCP inactivity timeout: 5000ms
6884: 07:56:12.516 - TCP disconnect timeout: 120000ms
6884: 07:56:12.516 - MaxInboundMessageSize: 512000
6884: 07:56:12.516 - MaxOutboundMessageSize: 512000
6884: 07:56:12.516 - Forcing all applications ids to: "SAAServer"
6884: 07:56:12.516 - MaxInboundMessageSize: 512000
6884: 07:56:12.516 - MaxOutboundMessageSize: 512000
6884: 07:56:12.516 - UDP address specified as: "0.0.0.0" adding listener to each available IPv4 address
6884: 07:56:12.517 - Adding UDP listener on: 192.168.1.11: 7777 with a listen backlog of: 500
6884: 07:56:12.517 - Adding UDP listener on: 127.0.0.1: 7777 with a listen backlog of: 500
6884: 07:56:12.517 - Adding Policy File listener on: 0.0.0.0: 843 with a listen backlog of: 150 and serving Policy File: "D:\Work\Photon-OnPremise-Server-SDK_v4-0-29-11263\deploy\Policy\assets\socket-policy.xml"
6884: 07:56:12.517 - TCP inactivity timeout: 1000ms
6884: 07:56:12.517 - Adding Policy File listener on: 0.0.0.0: 943 with a listen backlog of: 150 and serving Policy File: "D:\Work\Photon-OnPremise-Server-SDK_v4-0-29-11263\deploy\Policy\assets\socket-policy-silverlight.xml"
6884: 07:56:12.517 - TCP inactivity timeout: 1000ms
6884: 07:56:12.532 - Service is running...
