14960: 06:37:28.225 - ---
14960: 06:37:28.225 - Service: "Photon Socket Server" starting
14960: 06:37:28.225 - Config File: D:\Work\Photon-OnPremise-Server-SDK_v4-0-29-11263\deploy\bin_Win64\PhotonServer.config
14960: 06:37:28.226 - Will produce at most: 10 crash dumps
14960: 06:37:28.226 - Action: run as exe
14960: 06:37:28.227 - Server Starting...
14960: 06:37:28.227 -    Tick count: 345253406 (wraps in: 45.7143 days)
14960: 06:37:28.227 - Tick count 64: 345253406
14960: 06:37:28.227 - Photon Version: 4.0.28.2962
14960: 06:37:28.227 - PID: 15344
14960: 06:37:28.227 - Config File: D:\Work\Photon-OnPremise-Server-SDK_v4-0-29-11263\deploy\bin_Win64\PhotonServer.config
14960: 06:37:28.227 - Will NOT log unimportant exceptions
14960: 06:37:28.229 - Not using performance counters as they are not currently installed. Run the service with /InstallCounters to install them.
14960: 06:37:28.229 - Shutdown timeout enabled: 30000ms
14960: 06:37:28.229 - Starting I/O thread pool with 2 threads
14960: 06:37:28.229 - Using Standard allocator
14960: 06:37:28.229 - Max message size: 512000
14960: 06:37:28.229 - Starting business logic thread pool with the following settings
14960: 06:37:28.229 - InitialThreads: 4 threads
14960: 06:37:28.229 - MinThreads: 4 threads
14960: 06:37:28.229 - Thread pool is fixed size
14960: 06:37:28.229 - Starting ENet thread pool with the following settings
14960: 06:37:28.229 - InitialThreads: 2 threads
14960: 06:37:28.229 - MinThreads: 2 threads
14960: 06:37:28.229 - Thread pool is fixed size
14960: 06:37:28.229 - OnlyDispatchTimers: False
14960: 06:37:28.229 - S2S: flow control: Max pending writes: 50
14960: 06:37:28.229 - S2S: flow control: Max queued buffers: 200
14960: 06:37:28.229 - S2S: flow control: Max pending writes MUX: 500
14960: 06:37:28.229 - S2S: flow control: Max queued buffers MUX: 2000
14960: 06:37:28.229 - S2S: MaxInboundMessageSize: 512000
14960: 06:37:28.229 - S2S: MaxOutboundMessageSize: 512000
14960: 06:37:28.229 - S2S: No inactivity timeout
14960: 06:37:28.235 - WebSocket S2S: MaxInboundMessageSize: 512000
14960: 06:37:28.235 - WebSocket S2S: MaxOutboundMessageSize: 512000
14960: 06:37:28.235 - WebSocket S2S: No inactivity timeout
14960: 06:37:28.235 - Max Reliable Data In Transit (awaiting ACKs) per peer : 51200 bytes
14960: 06:37:28.235 - Per peer bandwidth limit
14960: 06:37:28.235 - Transmit Rate Limit: 256 KB/Sec
14960: 06:37:28.235 - Limit period: 200ms
14960: 06:37:28.235 - Limit per period: 52428 bytes
14960: 06:37:28.235 - Max queued data for transmission per peer: 512000 bytes
14960: 06:37:28.235 - Minimum retransmit timeout: 200
14960: 06:37:28.235 - No Maximum retransmit timeout
14960: 06:37:28.235 - Minimum ENet timeout: 5000ms
14960: 06:37:28.235 - Maximum ENet timeout: 30000ms
14960: 06:37:28.235 - Max Inbound Reliable Data Queued (awaiting resends of earlier sequence numbers) per peer : 163840 bytes
14960: 06:37:28.235 - No RTT ACK adjustment timeout
14960: 06:37:28.235 - Outbound ENet: MaxInboundMessageSize: 512000
14960: 06:37:28.235 - Outbound ENet: MaxOutboundMessageSize: 512000
14960: 06:37:28.236 - GetRuntime - About to load CLR - versions available:
14960: 06:37:28.236 - v2.0.50727
14960: 06:37:28.236 - v4.0.30319
14960: 06:37:28.236 - Configuration requests: "v2.0.50727"
14960: 06:37:28.236 - About to load version: "v2.0.50727"
14960: 06:37:28.244 - About to load runtime: PhotonHostRuntime.PhotonDomainManager from PhotonHostRuntime, Culture=neutral, PublicKeyToken=02C301B61B060C4D
14960: 06:37:28.244 - CLRBaseDirectory set to "D:\Work\Photon-OnPremise-Server-SDK_v4-0-29-11263\deploy"
14960: 06:37:28.244 - Optimising event broadcast for 20 or more peers
14960: 06:37:28.245 - Start: About to load CLR - versions available:
14960: 06:37:28.245 - v2.0.50727
14960: 06:37:28.245 - v4.0.30319
14960: 06:37:28.245 - No preference in configuration file, will load latest.
14960: 06:37:28.245 - About to load version: "v4.0.30319"
14960: 06:37:28.246 - Loaded version: "v4.0.30319"
14960: 06:37:28.345 - Photon host runtime loaded
14960: 06:37:29.866 - License is valid.
14960: 06:37:29.866 - Licensed for 100 concurrent connections.
14960: 06:37:29.867 - ENet: Max Reliable Data In Transit (awaiting ACKs) per peer : 51200 bytes
14960: 06:37:29.867 - ENet: Per peer bandwidth limit
14960: 06:37:29.867 - ENet: Transmit Rate Limit: 256 KB/Sec
14960: 06:37:29.867 - ENet: Limit period: 200ms
14960: 06:37:29.867 - ENet: Limit per period: 52428 bytes
14960: 06:37:29.867 - ENet: Max queued data for transmission per peer: 512000 bytes
14960: 06:37:29.867 - ENet: Minimum retransmit timeout: 200
14960: 06:37:29.867 - No Maximum retransmit timeout
14960: 06:37:29.867 - ENet: Minimum timeout: 5000ms
14960: 06:37:29.867 - ENet: Maximum timeout: 30000ms
14960: 06:37:29.867 - ENet: Max Inbound Reliable Data Queued (awaiting resends of earlier sequence numbers) per peer : 163840 bytes
14960: 06:37:29.867 - No RTT ACK adjustment timeout
14960: 06:37:29.867 - About to load application: SAAServer from SAAServer
14960: 06:37:29.867 - Auto restart is enabled for application, existing connections will be terminated during restart
14960: 06:37:29.867 - Application will restart 1000ms after the last change detected
14960: 06:37:29.867 - Application will restart if files matching the following are changed: "dll;config"
14960: 06:37:29.867 - Application will NOT restart if files matching the following are changed: "log4net.config"
14960: 06:37:29.921 - Taking reference on default app domain
14960: 06:37:29.961 - Application: "SAAServer" started in app domain: 2
14960: 06:37:29.961 - About to load application: CounterPublisher from CounterPublisher
14960: 06:37:29.961 - Auto restart is enabled for application, existing connections will be terminated during restart
14960: 06:37:29.961 - Application will restart 1000ms after the last change detected
14960: 06:37:29.961 - Application will restart if files matching the following are changed: "dll;config"
14960: 06:37:29.961 - Application will NOT restart if files matching the following are changed: "log4net.config"
14960: 06:37:30.007 - Taking reference on default app domain
14960: 06:37:30.037 - Application: "CounterPublisher" started in app domain: 3
14960: 06:37:30.038 - Adding TCP listener on: 0.0.0.0: 4530 with a listen backlog of: 150
14960: 06:37:30.038 - TCP inactivity timeout: 10000ms
14960: 06:37:30.038 - TCP disconnect timeout: 120000ms
14960: 06:37:30.038 - MaxInboundMessageSize: 512000
14960: 06:37:30.038 - MaxOutboundMessageSize: 512000
14960: 06:37:30.038 - Forcing all applications ids to: "SAAServer"
14960: 06:37:30.038 - Serving policy file requests from: "D:\Work\Photon-OnPremise-Server-SDK_v4-0-29-11263\deploy\Policy\assets\socket-policy.xml"
14960: 06:37:30.041 - Adding TCP listener on: 0.0.0.0: 4520 with a listen backlog of: 150
14960: 06:37:30.041 - TCP inactivity timeout: 5000ms
14960: 06:37:30.041 - TCP disconnect timeout: 120000ms
14960: 06:37:30.041 - MaxInboundMessageSize: 512000
14960: 06:37:30.041 - MaxOutboundMessageSize: 512000
14960: 06:37:30.041 - Forcing all applications ids to: "SAAServer"
14960: 06:37:30.041 - MaxInboundMessageSize: 512000
14960: 06:37:30.041 - MaxOutboundMessageSize: 512000
14960: 06:37:30.041 - UDP address specified as: "0.0.0.0" adding listener to each available IPv4 address
14960: 06:37:30.041 - Adding UDP listener on: 192.168.1.6: 7777 with a listen backlog of: 500
14960: 06:37:30.042 - Adding UDP listener on: 127.0.0.1: 7777 with a listen backlog of: 500
14960: 06:37:30.042 - Adding Policy File listener on: 0.0.0.0: 843 with a listen backlog of: 150 and serving Policy File: "D:\Work\Photon-OnPremise-Server-SDK_v4-0-29-11263\deploy\Policy\assets\socket-policy.xml"
14960: 06:37:30.042 - TCP inactivity timeout: 1000ms
14960: 06:37:30.042 - Adding Policy File listener on: 0.0.0.0: 943 with a listen backlog of: 150 and serving Policy File: "D:\Work\Photon-OnPremise-Server-SDK_v4-0-29-11263\deploy\Policy\assets\socket-policy-silverlight.xml"
14960: 06:37:30.042 - TCP inactivity timeout: 1000ms
14960: 06:37:30.057 - Service is running...
14960: 08:04:22.076 - Service is stopped...
14960: 08:04:22.076 - Server shutting down...
14960: 08:04:22.076 - Shutdown monitoring enabled, 30000ms before process abort
14960: 08:04:22.076 - Notifying CLR applications of shutdown...
14960: 08:04:22.076 - RequestApplicationStop: 3
14960: 08:04:22.079 - RequestApplicationStop: 2
14960: 08:04:22.080 - RequestStop: defalt app domain
14960: 08:04:22.081 - Shutting down WebSocket Outbound Connection Manager...
14960: 08:04:22.081 - Shutting down TCP Outbound Connection Manager...
14960: 08:04:22.081 - Shutting down ENet Outbound Connection Manager...
14960: 08:04:22.081 - Disconnecting all outbound peers...
14960: 08:04:22.081 - Shutting down ENet host...
14960: 08:04:22.081 - Disconnecting all peers...
14960: 08:04:22.081 - Shutting down socket servers...
14960: 08:04:22.081 - Shutting down ENet thread pool...
14960: 08:04:22.081 - Shutting down TCP inactivity timers...
14960: 08:04:22.081 - WaitingForShutdownToComplete: NativePolicy:0.0.0.0:843
14960: 08:04:22.081 - OnShutdownCompleted: NativePolicy:0.0.0.0:843
14960: 08:04:22.081 - WaitingForShutdownToComplete: NativePolicy:0.0.0.0:943
14960: 08:04:22.081 - OnShutdownCompleted: NativePolicy:0.0.0.0:943
14960: 08:04:22.081 - WaitingForShutdownToComplete: TCP:0.0.0.0:4520
14960: 08:04:22.081 - OnShutdownCompleted: TCP:0.0.0.0:4520
14960: 08:04:22.081 - WaitingForShutdownToComplete: TCP:0.0.0.0:4530
14960: 08:04:22.081 - OnShutdownCompleted: TCP:0.0.0.0:4530
14960: 08:04:22.081 - WaitingForShutdownToComplete: UDP:127.0.0.1:7777
14960: 08:04:22.081 - OnShutdownCompleted: UDP:127.0.0.1:7777
14960: 08:04:22.081 - WaitingForShutdownToComplete: UDP:192.168.1.6:7777
14960: 08:04:22.081 - OnShutdownCompleted: UDP:192.168.1.6:7777
14960: 08:04:22.081 - Shutting down CLR applications...
11460: 08:04:22.082 - CManagedHost::OnDefaultAction() - OPR_AppDomainUnload - eUnloadAppDomain
14960: 08:04:22.085 - Shutting down business logic thread pool...
14960: 08:04:22.085 - Shutting down I/O thread pool...
14960: 08:04:22.085 - Destroying servers
14960: 08:04:22.085 - Destroying WebSocket Outbound Connection Manager
14960: 08:04:22.085 - Destroying TCP Outbound Connection Manager
14960: 08:04:22.085 - Destroying TCP inactivity timer
14960: 08:04:22.085 - Destroying ENet timer wheel
14960: 08:04:22.085 - Destroying ENet host
14960: 08:04:22.085 - Destroying ENet outbound host
14960: 08:04:22.085 - Destroying HTTP inactivity timer
14960: 08:04:22.085 - Destroying HTTP host
14960: 08:04:22.085 - Destroying HTTP Chunk host
14960: 08:04:22.085 - Flushing ENET buffer allocator...
14960: 08:04:22.086 - Flushing TCP buffer handle allocator...
14960: 08:04:22.086 - Flushing stream socket allocator...
14960: 08:04:22.086 - Flushing inbound datagram socket allocator...
14960: 08:04:22.087 - Flushing outbound datagram socket allocator...
14960: 08:04:22.087 - Destroying CLR dispatcher
14960: 08:04:22.087 - Destroying CLR applications
14960: 08:04:22.087 - ~CCLRApplicationCollection() - Waiting up to 10 seconds for the CLR to release all of our objects
9164: 08:04:22.089 - Unloading Domain: ApplicationName = 'CounterPublisher', DomainId='3'
11460: 08:04:22.089 - CManagedHost::OnDomainUnload() - 3
11460: 08:04:22.092 - CManagedHost::OnDefaultAction() - OPR_AppDomainUnload - eUnloadAppDomain
9164: 08:04:22.098 - Unloading Domain: ApplicationName = 'SAAServer', DomainId='2'
11460: 08:04:22.099 - CManagedHost::OnDomainUnload() - 2
14960: 08:04:22.100 - ~CCLRApplicationCollection() - Done. All objects released
14960: 08:04:22.100 - ~CManagedHost() - Release default app domain
14960: 08:04:22.100 - CManagedHost::OnDomainUnload() - 1
14960: 08:04:22.100 - ~CManagedHost() - Waiting up to 10 seconds for CLR shutdown...
14960: 08:04:22.100 - ~CManagedHost
14960: 08:04:22.100 - Destroying ENet thread pool
14960: 08:04:22.100 - Destroying Business logic thread pool
14960: 08:04:22.100 - Destroying I/O thread pool
14960: 08:04:22.100 - Destroying ENet buffer allocator
14960: 08:04:22.100 - Destroying TCP buffer allocator
14960: 08:04:22.100 - Destroying TCP socket allocator
14960: 08:04:22.100 - Destroying ENet inbound socket allocator
14960: 08:04:22.100 - Destroying ENet outbound socket allocator
14960: 08:04:22.100 - Destroying shared datagram flow control data
14960: 08:04:22.100 - Shutdown complete...
14960: 08:04:22.100 - Service shutting down
14960: 08:04:22.101 - Service shut down complete
14532: 08:08:52.228 - ---
14532: 08:08:52.229 - Service: "Photon Socket Server" starting
14532: 08:08:52.229 - Config File: D:\Work\Photon-OnPremise-Server-SDK_v4-0-29-11263\deploy\bin_Win64\PhotonServer.config
14532: 08:08:52.232 - Will produce at most: 10 crash dumps
14532: 08:08:52.232 - Action: run as exe
14532: 08:08:52.233 - Server Starting...
14532: 08:08:52.233 -    Tick count: 350737406 (wraps in: 45.6508 days)
14532: 08:08:52.233 - Tick count 64: 350737406
14532: 08:08:52.234 - Photon Version: 4.0.28.2962
14532: 08:08:52.234 - PID: 6564
14532: 08:08:52.234 - Config File: D:\Work\Photon-OnPremise-Server-SDK_v4-0-29-11263\deploy\bin_Win64\PhotonServer.config
14532: 08:08:52.235 - Will NOT log unimportant exceptions
14532: 08:08:52.239 - Not using performance counters as they are not currently installed. Run the service with /InstallCounters to install them.
14532: 08:08:52.239 - Shutdown timeout enabled: 30000ms
14532: 08:08:52.240 - Starting I/O thread pool with 2 threads
14532: 08:08:52.240 - Using Standard allocator
14532: 08:08:52.240 - Max message size: 512000
14532: 08:08:52.240 - Starting business logic thread pool with the following settings
14532: 08:08:52.240 - InitialThreads: 4 threads
14532: 08:08:52.240 - MinThreads: 4 threads
14532: 08:08:52.240 - Thread pool is fixed size
14532: 08:08:52.240 - Starting ENet thread pool with the following settings
14532: 08:08:52.240 - InitialThreads: 2 threads
14532: 08:08:52.240 - MinThreads: 2 threads
14532: 08:08:52.240 - Thread pool is fixed size
14532: 08:08:52.240 - OnlyDispatchTimers: False
14532: 08:08:52.241 - S2S: flow control: Max pending writes: 50
14532: 08:08:52.241 - S2S: flow control: Max queued buffers: 200
14532: 08:08:52.241 - S2S: flow control: Max pending writes MUX: 500
14532: 08:08:52.241 - S2S: flow control: Max queued buffers MUX: 2000
14532: 08:08:52.241 - S2S: MaxInboundMessageSize: 512000
14532: 08:08:52.241 - S2S: MaxOutboundMessageSize: 512000
14532: 08:08:52.241 - S2S: No inactivity timeout
14532: 08:08:52.247 - WebSocket S2S: MaxInboundMessageSize: 512000
14532: 08:08:52.247 - WebSocket S2S: MaxOutboundMessageSize: 512000
14532: 08:08:52.247 - WebSocket S2S: No inactivity timeout
14532: 08:08:52.247 - Max Reliable Data In Transit (awaiting ACKs) per peer : 51200 bytes
14532: 08:08:52.247 - Per peer bandwidth limit
14532: 08:08:52.247 - Transmit Rate Limit: 256 KB/Sec
14532: 08:08:52.247 - Limit period: 200ms
14532: 08:08:52.247 - Limit per period: 52428 bytes
14532: 08:08:52.247 - Max queued data for transmission per peer: 512000 bytes
14532: 08:08:52.247 - Minimum retransmit timeout: 200
14532: 08:08:52.247 - No Maximum retransmit timeout
14532: 08:08:52.247 - Minimum ENet timeout: 5000ms
14532: 08:08:52.247 - Maximum ENet timeout: 30000ms
14532: 08:08:52.247 - Max Inbound Reliable Data Queued (awaiting resends of earlier sequence numbers) per peer : 163840 bytes
14532: 08:08:52.247 - No RTT ACK adjustment timeout
14532: 08:08:52.247 - Outbound ENet: MaxInboundMessageSize: 512000
14532: 08:08:52.247 - Outbound ENet: MaxOutboundMessageSize: 512000
14532: 08:08:52.252 - GetRuntime - About to load CLR - versions available:
14532: 08:08:52.253 - v2.0.50727
14532: 08:08:52.253 - v4.0.30319
14532: 08:08:52.253 - Configuration requests: "v2.0.50727"
14532: 08:08:52.253 - About to load version: "v2.0.50727"
14532: 08:08:52.267 - About to load runtime: PhotonHostRuntime.PhotonDomainManager from PhotonHostRuntime, Culture=neutral, PublicKeyToken=02C301B61B060C4D
14532: 08:08:52.267 - CLRBaseDirectory set to "D:\Work\Photon-OnPremise-Server-SDK_v4-0-29-11263\deploy"
14532: 08:08:52.267 - Optimising event broadcast for 20 or more peers
14532: 08:08:52.268 - Start: About to load CLR - versions available:
14532: 08:08:52.268 - v2.0.50727
14532: 08:08:52.268 - v4.0.30319
14532: 08:08:52.268 - No preference in configuration file, will load latest.
14532: 08:08:52.268 - About to load version: "v4.0.30319"
14532: 08:08:52.269 - Loaded version: "v4.0.30319"
14532: 08:08:52.374 - Photon host runtime loaded
14532: 08:08:53.999 - License is valid.
14532: 08:08:53.999 - Licensed for 100 concurrent connections.
14532: 08:08:53.999 - ENet: Max Reliable Data In Transit (awaiting ACKs) per peer : 51200 bytes
14532: 08:08:53.999 - ENet: Per peer bandwidth limit
14532: 08:08:53.999 - ENet: Transmit Rate Limit: 256 KB/Sec
14532: 08:08:53.999 - ENet: Limit period: 200ms
14532: 08:08:53.999 - ENet: Limit per period: 52428 bytes
14532: 08:08:53.999 - ENet: Max queued data for transmission per peer: 512000 bytes
14532: 08:08:53.999 - ENet: Minimum retransmit timeout: 200
14532: 08:08:53.999 - No Maximum retransmit timeout
14532: 08:08:53.999 - ENet: Minimum timeout: 5000ms
14532: 08:08:53.999 - ENet: Maximum timeout: 30000ms
14532: 08:08:53.999 - ENet: Max Inbound Reliable Data Queued (awaiting resends of earlier sequence numbers) per peer : 163840 bytes
14532: 08:08:53.999 - No RTT ACK adjustment timeout
14532: 08:08:53.999 - About to load application: SAAServer from SAAServer
14532: 08:08:53.999 - Auto restart is enabled for application, existing connections will be terminated during restart
14532: 08:08:53.999 - Application will restart 1000ms after the last change detected
14532: 08:08:53.999 - Application will restart if files matching the following are changed: "dll;config"
14532: 08:08:53.999 - Application will NOT restart if files matching the following are changed: "log4net.config"
14532: 08:08:54.127 - Taking reference on default app domain
14532: 08:08:54.170 - Application: "SAAServer" started in app domain: 2
14532: 08:08:54.170 - About to load application: CounterPublisher from CounterPublisher
14532: 08:08:54.170 - Auto restart is enabled for application, existing connections will be terminated during restart
14532: 08:08:54.170 - Application will restart 1000ms after the last change detected
14532: 08:08:54.170 - Application will restart if files matching the following are changed: "dll;config"
14532: 08:08:54.170 - Application will NOT restart if files matching the following are changed: "log4net.config"
14532: 08:08:54.215 - Taking reference on default app domain
14532: 08:08:54.245 - Application: "CounterPublisher" started in app domain: 3
14532: 08:08:54.245 - Adding TCP listener on: 0.0.0.0: 4530 with a listen backlog of: 150
14532: 08:08:54.245 - TCP inactivity timeout: 10000ms
14532: 08:08:54.245 - TCP disconnect timeout: 120000ms
14532: 08:08:54.245 - MaxInboundMessageSize: 512000
14532: 08:08:54.245 - MaxOutboundMessageSize: 512000
14532: 08:08:54.245 - Forcing all applications ids to: "SAAServer"
14532: 08:08:54.245 - Serving policy file requests from: "D:\Work\Photon-OnPremise-Server-SDK_v4-0-29-11263\deploy\Policy\assets\socket-policy.xml"
14532: 08:08:54.245 - Adding TCP listener on: 0.0.0.0: 4520 with a listen backlog of: 150
14532: 08:08:54.245 - TCP inactivity timeout: 5000ms
14532: 08:08:54.245 - TCP disconnect timeout: 120000ms
14532: 08:08:54.245 - MaxInboundMessageSize: 512000
14532: 08:08:54.245 - MaxOutboundMessageSize: 512000
14532: 08:08:54.245 - Forcing all applications ids to: "SAAServer"
14532: 08:08:54.245 - MaxInboundMessageSize: 512000
14532: 08:08:54.245 - MaxOutboundMessageSize: 512000
14532: 08:08:54.245 - UDP address specified as: "0.0.0.0" adding listener to each available IPv4 address
14532: 08:08:54.246 - Adding UDP listener on: 192.168.1.6: 7777 with a listen backlog of: 500
14532: 08:08:54.246 - Adding UDP listener on: 127.0.0.1: 7777 with a listen backlog of: 500
14532: 08:08:54.246 - Adding Policy File listener on: 0.0.0.0: 843 with a listen backlog of: 150 and serving Policy File: "D:\Work\Photon-OnPremise-Server-SDK_v4-0-29-11263\deploy\Policy\assets\socket-policy.xml"
14532: 08:08:54.246 - TCP inactivity timeout: 1000ms
14532: 08:08:54.246 - Adding Policy File listener on: 0.0.0.0: 943 with a listen backlog of: 150 and serving Policy File: "D:\Work\Photon-OnPremise-Server-SDK_v4-0-29-11263\deploy\Policy\assets\socket-policy-silverlight.xml"
14532: 08:08:54.246 - TCP inactivity timeout: 1000ms
14532: 08:08:54.259 - Service is running...
14532: 08:19:14.806 - Service is stopped...
14532: 08:19:14.806 - Server shutting down...
14532: 08:19:14.806 - Shutdown monitoring enabled, 30000ms before process abort
14532: 08:19:14.806 - Notifying CLR applications of shutdown...
14532: 08:19:14.806 - RequestApplicationStop: 3
14532: 08:19:14.809 - RequestApplicationStop: 2
14532: 08:19:14.810 - RequestStop: defalt app domain
14532: 08:19:14.811 - Shutting down WebSocket Outbound Connection Manager...
14532: 08:19:14.811 - Shutting down TCP Outbound Connection Manager...
14532: 08:19:14.811 - Shutting down ENet Outbound Connection Manager...
14532: 08:19:14.811 - Disconnecting all outbound peers...
14532: 08:19:14.811 - Shutting down ENet host...
14532: 08:19:14.811 - Disconnecting all peers...
14532: 08:19:14.811 - Shutting down socket servers...
14532: 08:19:14.811 - Shutting down ENet thread pool...
14532: 08:19:14.811 - Shutting down TCP inactivity timers...
14532: 08:19:14.811 - WaitingForShutdownToComplete: NativePolicy:0.0.0.0:843
14532: 08:19:14.811 - OnShutdownCompleted: NativePolicy:0.0.0.0:843
14532: 08:19:14.811 - WaitingForShutdownToComplete: NativePolicy:0.0.0.0:943
14532: 08:19:14.811 - OnShutdownCompleted: NativePolicy:0.0.0.0:943
14532: 08:19:14.811 - WaitingForShutdownToComplete: TCP:0.0.0.0:4520
14532: 08:19:14.811 - OnShutdownCompleted: TCP:0.0.0.0:4520
14532: 08:19:14.811 - WaitingForShutdownToComplete: TCP:0.0.0.0:4530
14532: 08:19:14.811 - OnShutdownCompleted: TCP:0.0.0.0:4530
14532: 08:19:14.811 - WaitingForShutdownToComplete: UDP:127.0.0.1:7777
14532: 08:19:14.811 - OnShutdownCompleted: UDP:127.0.0.1:7777
14532: 08:19:14.811 - WaitingForShutdownToComplete: UDP:192.168.1.6:7777
14532: 08:19:14.811 - OnShutdownCompleted: UDP:192.168.1.6:7777
14532: 08:19:14.811 - Shutting down CLR applications...
11120: 08:19:14.812 - CManagedHost::OnDefaultAction() - OPR_AppDomainUnload - eUnloadAppDomain
14532: 08:19:14.815 - Shutting down business logic thread pool...
14532: 08:19:14.815 - Shutting down I/O thread pool...
14532: 08:19:14.815 - Destroying servers
14532: 08:19:14.815 - Destroying WebSocket Outbound Connection Manager
14532: 08:19:14.816 - Destroying TCP Outbound Connection Manager
14532: 08:19:14.816 - Destroying TCP inactivity timer
14532: 08:19:14.816 - Destroying ENet timer wheel
14532: 08:19:14.816 - Destroying ENet host
14532: 08:19:14.816 - Destroying ENet outbound host
14532: 08:19:14.816 - Destroying HTTP inactivity timer
14532: 08:19:14.816 - Destroying HTTP host
14532: 08:19:14.816 - Destroying HTTP Chunk host
14532: 08:19:14.816 - Flushing ENET buffer allocator...
14532: 08:19:14.816 - Flushing TCP buffer handle allocator...
14532: 08:19:14.816 - Flushing stream socket allocator...
14532: 08:19:14.816 - Flushing inbound datagram socket allocator...
14532: 08:19:14.817 - Flushing outbound datagram socket allocator...
14532: 08:19:14.817 - Destroying CLR dispatcher
14532: 08:19:14.817 - Destroying CLR applications
14532: 08:19:14.817 - ~CCLRApplicationCollection() - Waiting up to 10 seconds for the CLR to release all of our objects
7608: 08:19:14.820 - Unloading Domain: ApplicationName = 'CounterPublisher', DomainId='3'
11120: 08:19:14.820 - CManagedHost::OnDomainUnload() - 3
11120: 08:19:14.823 - CManagedHost::OnDefaultAction() - OPR_AppDomainUnload - eUnloadAppDomain
7608: 08:19:14.830 - Unloading Domain: ApplicationName = 'SAAServer', DomainId='2'
11120: 08:19:14.831 - CManagedHost::OnDomainUnload() - 2
14532: 08:19:14.831 - ~CCLRApplicationCollection() - Done. All objects released
14532: 08:19:14.832 - ~CManagedHost() - Release default app domain
14532: 08:19:14.832 - CManagedHost::OnDomainUnload() - 1
14532: 08:19:14.832 - ~CManagedHost() - Waiting up to 10 seconds for CLR shutdown...
14532: 08:19:14.832 - ~CManagedHost
14532: 08:19:14.832 - Destroying ENet thread pool
14532: 08:19:14.832 - Destroying Business logic thread pool
14532: 08:19:14.832 - Destroying I/O thread pool
14532: 08:19:14.832 - Destroying ENet buffer allocator
14532: 08:19:14.832 - Destroying TCP buffer allocator
14532: 08:19:14.832 - Destroying TCP socket allocator
14532: 08:19:14.832 - Destroying ENet inbound socket allocator
14532: 08:19:14.832 - Destroying ENet outbound socket allocator
14532: 08:19:14.832 - Destroying shared datagram flow control data
14532: 08:19:14.832 - Shutdown complete...
14532: 08:19:14.832 - Service shutting down
14532: 08:19:14.833 - Service shut down complete
