13156: 11:16:16.427 - ---
13156: 11:16:16.427 - Service: "Photon Socket Server" starting
13156: 11:16:16.427 - Config File: E:\Photon-OnPremise-Server-SDK_v4-0-29-11263\deploy\bin_Win64\PhotonServer.config
13156: 11:16:16.430 - Will produce at most: 10 crash dumps
13156: 11:16:16.430 - Action: run as exe
13156: 11:16:16.432 - Server Starting...
13156: 11:16:16.432 -    Tick count: 445226453 (wraps in: 44.5572 days)
13156: 11:16:16.432 - Tick count 64: 445226453
13156: 11:16:16.432 - Photon Version: 4.0.28.2962
13156: 11:16:16.432 - PID: 7140
13156: 11:16:16.432 - Config File: E:\Photon-OnPremise-Server-SDK_v4-0-29-11263\deploy\bin_Win64\PhotonServer.config
13156: 11:16:16.433 - Will NOT log unimportant exceptions
13156: 11:16:16.437 - Not using performance counters as they are not currently installed. Run the service with /InstallCounters to install them.
13156: 11:16:16.438 - Shutdown timeout enabled: 30000ms
13156: 11:16:16.439 - Starting I/O thread pool with 2 threads
13156: 11:16:16.439 - Using Standard allocator
13156: 11:16:16.439 - Max message size: 512000
13156: 11:16:16.440 - Starting business logic thread pool with the following settings
13156: 11:16:16.440 - InitialThreads: 4 threads
13156: 11:16:16.440 - MinThreads: 4 threads
13156: 11:16:16.440 - Thread pool is fixed size
13156: 11:16:16.440 - Starting ENet thread pool with the following settings
13156: 11:16:16.440 - InitialThreads: 2 threads
13156: 11:16:16.440 - MinThreads: 2 threads
13156: 11:16:16.440 - Thread pool is fixed size
13156: 11:16:16.440 - OnlyDispatchTimers: False
13156: 11:16:16.440 - S2S: flow control: Max pending writes: 50
13156: 11:16:16.440 - S2S: flow control: Max queued buffers: 200
13156: 11:16:16.440 - S2S: flow control: Max pending writes MUX: 500
13156: 11:16:16.440 - S2S: flow control: Max queued buffers MUX: 2000
13156: 11:16:16.440 - S2S: MaxInboundMessageSize: 512000
13156: 11:16:16.440 - S2S: MaxOutboundMessageSize: 512000
13156: 11:16:16.440 - S2S: No inactivity timeout
13156: 11:16:16.450 - WebSocket S2S: MaxInboundMessageSize: 512000
13156: 11:16:16.450 - WebSocket S2S: MaxOutboundMessageSize: 512000
13156: 11:16:16.450 - WebSocket S2S: No inactivity timeout
13156: 11:16:16.450 - Max Reliable Data In Transit (awaiting ACKs) per peer : 51200 bytes
13156: 11:16:16.450 - Per peer bandwidth limit
13156: 11:16:16.450 - Transmit Rate Limit: 256 KB/Sec
13156: 11:16:16.450 - Limit period: 200ms
13156: 11:16:16.450 - Limit per period: 52428 bytes
13156: 11:16:16.450 - Max queued data for transmission per peer: 512000 bytes
13156: 11:16:16.450 - Minimum retransmit timeout: 200
13156: 11:16:16.450 - No Maximum retransmit timeout
13156: 11:16:16.450 - Minimum ENet timeout: 5000ms
13156: 11:16:16.450 - Maximum ENet timeout: 30000ms
13156: 11:16:16.450 - Max Inbound Reliable Data Queued (awaiting resends of earlier sequence numbers) per peer : 163840 bytes
13156: 11:16:16.450 - No RTT ACK adjustment timeout
13156: 11:16:16.450 - Outbound ENet: MaxInboundMessageSize: 512000
13156: 11:16:16.450 - Outbound ENet: MaxOutboundMessageSize: 512000
13156: 11:16:16.456 - GetRuntime - About to load CLR - versions available:
13156: 11:16:16.456 - v2.0.50727
13156: 11:16:16.456 - v4.0.30319
13156: 11:16:16.456 - Configuration requests: "v2.0.50727"
13156: 11:16:16.456 - About to load version: "v2.0.50727"
13156: 11:16:16.471 - About to load runtime: PhotonHostRuntime.PhotonDomainManager from PhotonHostRuntime, Culture=neutral, PublicKeyToken=02C301B61B060C4D
13156: 11:16:16.471 - CLRBaseDirectory set to "E:\Photon-OnPremise-Server-SDK_v4-0-29-11263\deploy"
13156: 11:16:16.471 - Optimising event broadcast for 20 or more peers
13156: 11:16:16.473 - Start: About to load CLR - versions available:
13156: 11:16:16.473 - v2.0.50727
13156: 11:16:16.473 - v4.0.30319
13156: 11:16:16.473 - No preference in configuration file, will load latest.
13156: 11:16:16.473 - About to load version: "v4.0.30319"
13156: 11:16:16.475 - Loaded version: "v4.0.30319"
13156: 11:16:16.594 - Photon host runtime loaded
13156: 11:16:18.284 - License is valid.
13156: 11:16:18.284 - Licensed for 100 concurrent connections.
13156: 11:16:18.284 - ENet: Max Reliable Data In Transit (awaiting ACKs) per peer : 51200 bytes
13156: 11:16:18.284 - ENet: Per peer bandwidth limit
13156: 11:16:18.284 - ENet: Transmit Rate Limit: 256 KB/Sec
13156: 11:16:18.284 - ENet: Limit period: 200ms
13156: 11:16:18.284 - ENet: Limit per period: 52428 bytes
13156: 11:16:18.284 - ENet: Max queued data for transmission per peer: 512000 bytes
13156: 11:16:18.284 - ENet: Minimum retransmit timeout: 200
13156: 11:16:18.284 - No Maximum retransmit timeout
13156: 11:16:18.284 - ENet: Minimum timeout: 5000ms
13156: 11:16:18.284 - ENet: Maximum timeout: 30000ms
13156: 11:16:18.284 - ENet: Max Inbound Reliable Data Queued (awaiting resends of earlier sequence numbers) per peer : 163840 bytes
13156: 11:16:18.284 - No RTT ACK adjustment timeout
13156: 11:16:18.284 - About to load application: SAAServer from SAAServer
13156: 11:16:18.284 - Auto restart is enabled for application, existing connections will be terminated during restart
13156: 11:16:18.284 - Application will restart 1000ms after the last change detected
13156: 11:16:18.284 - Application will restart if files matching the following are changed: "dll;config"
13156: 11:16:18.284 - Application will NOT restart if files matching the following are changed: "log4net.config"
13156: 11:16:18.359 - Taking reference on default app domain
13156: 11:16:18.419 - Application: "SAAServer" started in app domain: 2
13156: 11:16:18.419 - About to load application: CounterPublisher from CounterPublisher
13156: 11:16:18.419 - Auto restart is enabled for application, existing connections will be terminated during restart
13156: 11:16:18.419 - Application will restart 1000ms after the last change detected
13156: 11:16:18.419 - Application will restart if files matching the following are changed: "dll;config"
13156: 11:16:18.419 - Application will NOT restart if files matching the following are changed: "log4net.config"
13156: 11:16:18.483 - Taking reference on default app domain
13156: 11:16:18.530 - Application: "CounterPublisher" started in app domain: 3
13156: 11:16:18.530 - Adding TCP listener on: 0.0.0.0: 4530 with a listen backlog of: 150
13156: 11:16:18.530 - TCP inactivity timeout: 10000ms
13156: 11:16:18.530 - TCP disconnect timeout: 120000ms
13156: 11:16:18.530 - MaxInboundMessageSize: 512000
13156: 11:16:18.530 - MaxOutboundMessageSize: 512000
13156: 11:16:18.530 - Forcing all applications ids to: "SAAServer"
13156: 11:16:18.531 - Serving policy file requests from: "E:\Photon-OnPremise-Server-SDK_v4-0-29-11263\deploy\Policy\assets\socket-policy.xml"
13156: 11:16:18.531 - Adding TCP listener on: 0.0.0.0: 4520 with a listen backlog of: 150
13156: 11:16:18.531 - TCP inactivity timeout: 5000ms
13156: 11:16:18.531 - TCP disconnect timeout: 120000ms
13156: 11:16:18.531 - MaxInboundMessageSize: 512000
13156: 11:16:18.531 - MaxOutboundMessageSize: 512000
13156: 11:16:18.531 - Forcing all applications ids to: "SAAServer"
13156: 11:16:18.531 - MaxInboundMessageSize: 512000
13156: 11:16:18.531 - MaxOutboundMessageSize: 512000
13156: 11:16:18.531 - UDP address specified as: "0.0.0.0" adding listener to each available IPv4 address
13156: 11:16:18.531 - Adding UDP listener on: 192.168.1.14: 7777 with a listen backlog of: 500
13156: 11:16:18.531 - Adding UDP listener on: 127.0.0.1: 7777 with a listen backlog of: 500
13156: 11:16:18.531 - Adding Policy File listener on: 0.0.0.0: 843 with a listen backlog of: 150 and serving Policy File: "E:\Photon-OnPremise-Server-SDK_v4-0-29-11263\deploy\Policy\assets\socket-policy.xml"
13156: 11:16:18.531 - TCP inactivity timeout: 1000ms
13156: 11:16:18.532 - Adding Policy File listener on: 0.0.0.0: 943 with a listen backlog of: 150 and serving Policy File: "E:\Photon-OnPremise-Server-SDK_v4-0-29-11263\deploy\Policy\assets\socket-policy-silverlight.xml"
13156: 11:16:18.532 - TCP inactivity timeout: 1000ms
13156: 11:16:18.546 - Service is running...
14964: 15:09:19.306 - ---
14964: 15:09:19.306 - Service: "Photon Socket Server" starting
14964: 15:09:19.307 - Config File: E:\Photon-OnPremise-Server-SDK_v4-0-29-11263\deploy\bin_Win64\PhotonServer.config
14964: 15:09:19.309 - Will produce at most: 10 crash dumps
14964: 15:09:19.309 - Action: run as exe
14964: 15:09:19.309 - Server Starting...
14964: 15:09:19.309 -    Tick count: 459209328 (wraps in: 44.3953 days)
14964: 15:09:19.309 - Tick count 64: 459209328
14964: 15:09:19.309 - Photon Version: 4.0.28.2962
14964: 15:09:19.309 - PID: 1468
14964: 15:09:19.309 - Config File: E:\Photon-OnPremise-Server-SDK_v4-0-29-11263\deploy\bin_Win64\PhotonServer.config
14964: 15:09:19.310 - Will NOT log unimportant exceptions
14964: 15:09:19.312 - Not using performance counters as they are not currently installed. Run the service with /InstallCounters to install them.
14964: 15:09:19.312 - Shutdown timeout enabled: 30000ms
14964: 15:09:19.312 - Starting I/O thread pool with 2 threads
14964: 15:09:19.312 - Using Standard allocator
14964: 15:09:19.312 - Max message size: 512000
14964: 15:09:19.312 - Starting business logic thread pool with the following settings
14964: 15:09:19.312 - InitialThreads: 4 threads
14964: 15:09:19.312 - MinThreads: 4 threads
14964: 15:09:19.312 - Thread pool is fixed size
14964: 15:09:19.312 - Starting ENet thread pool with the following settings
14964: 15:09:19.312 - InitialThreads: 2 threads
14964: 15:09:19.312 - MinThreads: 2 threads
14964: 15:09:19.312 - Thread pool is fixed size
14964: 15:09:19.312 - OnlyDispatchTimers: False
14964: 15:09:19.312 - S2S: flow control: Max pending writes: 50
14964: 15:09:19.312 - S2S: flow control: Max queued buffers: 200
14964: 15:09:19.312 - S2S: flow control: Max pending writes MUX: 500
14964: 15:09:19.312 - S2S: flow control: Max queued buffers MUX: 2000
14964: 15:09:19.312 - S2S: MaxInboundMessageSize: 512000
14964: 15:09:19.312 - S2S: MaxOutboundMessageSize: 512000
14964: 15:09:19.312 - S2S: No inactivity timeout
14964: 15:09:19.319 - WebSocket S2S: MaxInboundMessageSize: 512000
14964: 15:09:19.319 - WebSocket S2S: MaxOutboundMessageSize: 512000
14964: 15:09:19.319 - WebSocket S2S: No inactivity timeout
14964: 15:09:19.319 - Max Reliable Data In Transit (awaiting ACKs) per peer : 51200 bytes
14964: 15:09:19.319 - Per peer bandwidth limit
14964: 15:09:19.319 - Transmit Rate Limit: 256 KB/Sec
14964: 15:09:19.319 - Limit period: 200ms
14964: 15:09:19.319 - Limit per period: 52428 bytes
14964: 15:09:19.319 - Max queued data for transmission per peer: 512000 bytes
14964: 15:09:19.319 - Minimum retransmit timeout: 200
14964: 15:09:19.319 - No Maximum retransmit timeout
14964: 15:09:19.319 - Minimum ENet timeout: 5000ms
14964: 15:09:19.319 - Maximum ENet timeout: 30000ms
14964: 15:09:19.319 - Max Inbound Reliable Data Queued (awaiting resends of earlier sequence numbers) per peer : 163840 bytes
14964: 15:09:19.319 - No RTT ACK adjustment timeout
14964: 15:09:19.319 - Outbound ENet: MaxInboundMessageSize: 512000
14964: 15:09:19.319 - Outbound ENet: MaxOutboundMessageSize: 512000
14964: 15:09:19.321 - GetRuntime - About to load CLR - versions available:
14964: 15:09:19.321 - v2.0.50727
14964: 15:09:19.321 - v4.0.30319
14964: 15:09:19.321 - Configuration requests: "v2.0.50727"
14964: 15:09:19.321 - About to load version: "v2.0.50727"
14964: 15:09:19.330 - About to load runtime: PhotonHostRuntime.PhotonDomainManager from PhotonHostRuntime, Culture=neutral, PublicKeyToken=02C301B61B060C4D
14964: 15:09:19.330 - CLRBaseDirectory set to "E:\Photon-OnPremise-Server-SDK_v4-0-29-11263\deploy"
14964: 15:09:19.330 - Optimising event broadcast for 20 or more peers
14964: 15:09:19.331 - Start: About to load CLR - versions available:
14964: 15:09:19.331 - v2.0.50727
14964: 15:09:19.331 - v4.0.30319
14964: 15:09:19.331 - No preference in configuration file, will load latest.
14964: 15:09:19.331 - About to load version: "v4.0.30319"
14964: 15:09:19.333 - Loaded version: "v4.0.30319"
14964: 15:09:19.450 - Photon host runtime loaded
14964: 15:09:21.053 - License is valid.
14964: 15:09:21.053 - Licensed for 100 concurrent connections.
14964: 15:09:21.053 - ENet: Max Reliable Data In Transit (awaiting ACKs) per peer : 51200 bytes
14964: 15:09:21.053 - ENet: Per peer bandwidth limit
14964: 15:09:21.053 - ENet: Transmit Rate Limit: 256 KB/Sec
14964: 15:09:21.053 - ENet: Limit period: 200ms
14964: 15:09:21.053 - ENet: Limit per period: 52428 bytes
14964: 15:09:21.053 - ENet: Max queued data for transmission per peer: 512000 bytes
14964: 15:09:21.053 - ENet: Minimum retransmit timeout: 200
14964: 15:09:21.053 - No Maximum retransmit timeout
14964: 15:09:21.053 - ENet: Minimum timeout: 5000ms
14964: 15:09:21.053 - ENet: Maximum timeout: 30000ms
14964: 15:09:21.053 - ENet: Max Inbound Reliable Data Queued (awaiting resends of earlier sequence numbers) per peer : 163840 bytes
14964: 15:09:21.053 - No RTT ACK adjustment timeout
14964: 15:09:21.053 - About to load application: SAAServer from SAAServer
14964: 15:09:21.053 - Auto restart is enabled for application, existing connections will be terminated during restart
14964: 15:09:21.053 - Application will restart 1000ms after the last change detected
14964: 15:09:21.053 - Application will restart if files matching the following are changed: "dll;config"
14964: 15:09:21.053 - Application will NOT restart if files matching the following are changed: "log4net.config"
14964: 15:09:21.124 - Taking reference on default app domain
14964: 15:09:21.180 - Application: "SAAServer" started in app domain: 2
14964: 15:09:21.180 - About to load application: CounterPublisher from CounterPublisher
14964: 15:09:21.180 - Auto restart is enabled for application, existing connections will be terminated during restart
14964: 15:09:21.180 - Application will restart 1000ms after the last change detected
14964: 15:09:21.180 - Application will restart if files matching the following are changed: "dll;config"
14964: 15:09:21.180 - Application will NOT restart if files matching the following are changed: "log4net.config"
14964: 15:09:21.240 - Taking reference on default app domain
14964: 15:09:21.286 - Application: "CounterPublisher" started in app domain: 3
14964: 15:09:21.287 - Adding TCP listener on: 0.0.0.0: 4530 with a listen backlog of: 150
14964: 15:09:21.287 - TCP inactivity timeout: 10000ms
14964: 15:09:21.287 - TCP disconnect timeout: 120000ms
14964: 15:09:21.287 - MaxInboundMessageSize: 512000
14964: 15:09:21.287 - MaxOutboundMessageSize: 512000
14964: 15:09:21.287 - Forcing all applications ids to: "SAAServer"
14964: 15:09:21.288 - Serving policy file requests from: "E:\Photon-OnPremise-Server-SDK_v4-0-29-11263\deploy\Policy\assets\socket-policy.xml"
14964: 15:09:21.290 - Adding TCP listener on: 0.0.0.0: 4520 with a listen backlog of: 150
14964: 15:09:21.290 - TCP inactivity timeout: 5000ms
14964: 15:09:21.290 - TCP disconnect timeout: 120000ms
14964: 15:09:21.290 - MaxInboundMessageSize: 512000
14964: 15:09:21.290 - MaxOutboundMessageSize: 512000
14964: 15:09:21.290 - Forcing all applications ids to: "SAAServer"
14964: 15:09:21.290 - MaxInboundMessageSize: 512000
14964: 15:09:21.290 - MaxOutboundMessageSize: 512000
14964: 15:09:21.290 - UDP address specified as: "0.0.0.0" adding listener to each available IPv4 address
14964: 15:09:21.291 - Adding UDP listener on: 192.168.1.14: 7777 with a listen backlog of: 500
14964: 15:09:21.291 - Adding UDP listener on: 127.0.0.1: 7777 with a listen backlog of: 500
14964: 15:09:21.292 - Adding Policy File listener on: 0.0.0.0: 843 with a listen backlog of: 150 and serving Policy File: "E:\Photon-OnPremise-Server-SDK_v4-0-29-11263\deploy\Policy\assets\socket-policy.xml"
14964: 15:09:21.292 - TCP inactivity timeout: 1000ms
14964: 15:09:21.292 - Adding Policy File listener on: 0.0.0.0: 943 with a listen backlog of: 150 and serving Policy File: "E:\Photon-OnPremise-Server-SDK_v4-0-29-11263\deploy\Policy\assets\socket-policy-silverlight.xml"
14964: 15:09:21.292 - TCP inactivity timeout: 1000ms
14964: 15:09:21.310 - Service is running...
