17516: 08:28:10.764 - ---
17516: 08:28:10.764 - Service: "Photon Socket Server" starting
17516: 08:28:10.765 - Config File: E:\Photon-OnPremise-Server-SDK_v4-0-29-11263\deploy\bin_Win64\PhotonServer.config
17516: 08:28:10.767 - Will produce at most: 10 crash dumps
17516: 08:28:10.767 - Action: run as exe
17516: 08:28:10.769 - Server Starting...
17516: 08:28:10.769 -    Tick count: 818305312 (wraps in: 40.2391 days)
17516: 08:28:10.769 - Tick count 64: 818305312
17516: 08:28:10.769 - Photon Version: 4.0.28.2962
17516: 08:28:10.769 - PID: 10792
17516: 08:28:10.769 - Config File: E:\Photon-OnPremise-Server-SDK_v4-0-29-11263\deploy\bin_Win64\PhotonServer.config
17516: 08:28:10.770 - Will NOT log unimportant exceptions
17516: 08:28:10.774 - Not using performance counters as they are not currently installed. Run the service with /InstallCounters to install them.
17516: 08:28:10.774 - Shutdown timeout enabled: 30000ms
17516: 08:28:10.775 - Starting I/O thread pool with 2 threads
17516: 08:28:10.775 - Using Standard allocator
17516: 08:28:10.775 - Max message size: 512000
17516: 08:28:10.776 - Starting business logic thread pool with the following settings
17516: 08:28:10.776 - InitialThreads: 4 threads
17516: 08:28:10.776 - MinThreads: 4 threads
17516: 08:28:10.776 - Thread pool is fixed size
17516: 08:28:10.776 - Starting ENet thread pool with the following settings
17516: 08:28:10.776 - InitialThreads: 2 threads
17516: 08:28:10.776 - MinThreads: 2 threads
17516: 08:28:10.776 - Thread pool is fixed size
17516: 08:28:10.776 - OnlyDispatchTimers: False
17516: 08:28:10.776 - S2S: flow control: Max pending writes: 50
17516: 08:28:10.776 - S2S: flow control: Max queued buffers: 200
17516: 08:28:10.776 - S2S: flow control: Max pending writes MUX: 500
17516: 08:28:10.776 - S2S: flow control: Max queued buffers MUX: 2000
17516: 08:28:10.776 - S2S: MaxInboundMessageSize: 512000
17516: 08:28:10.776 - S2S: MaxOutboundMessageSize: 512000
17516: 08:28:10.776 - S2S: No inactivity timeout
17516: 08:28:10.787 - WebSocket S2S: MaxInboundMessageSize: 512000
17516: 08:28:10.787 - WebSocket S2S: MaxOutboundMessageSize: 512000
17516: 08:28:10.787 - WebSocket S2S: No inactivity timeout
17516: 08:28:10.788 - Max Reliable Data In Transit (awaiting ACKs) per peer : 51200 bytes
17516: 08:28:10.788 - Per peer bandwidth limit
17516: 08:28:10.788 - Transmit Rate Limit: 256 KB/Sec
17516: 08:28:10.788 - Limit period: 200ms
17516: 08:28:10.788 - Limit per period: 52428 bytes
17516: 08:28:10.788 - Max queued data for transmission per peer: 512000 bytes
17516: 08:28:10.788 - Minimum retransmit timeout: 200
17516: 08:28:10.788 - No Maximum retransmit timeout
17516: 08:28:10.788 - Minimum ENet timeout: 5000ms
17516: 08:28:10.788 - Maximum ENet timeout: 30000ms
17516: 08:28:10.788 - Max Inbound Reliable Data Queued (awaiting resends of earlier sequence numbers) per peer : 163840 bytes
17516: 08:28:10.788 - No RTT ACK adjustment timeout
17516: 08:28:10.788 - Outbound ENet: MaxInboundMessageSize: 512000
17516: 08:28:10.788 - Outbound ENet: MaxOutboundMessageSize: 512000
17516: 08:28:10.794 - GetRuntime - About to load CLR - versions available:
17516: 08:28:10.794 - v2.0.50727
17516: 08:28:10.794 - v4.0.30319
17516: 08:28:10.794 - Configuration requests: "v2.0.50727"
17516: 08:28:10.794 - About to load version: "v2.0.50727"
17516: 08:28:10.827 - About to load runtime: PhotonHostRuntime.PhotonDomainManager from PhotonHostRuntime, Culture=neutral, PublicKeyToken=02C301B61B060C4D
17516: 08:28:10.827 - CLRBaseDirectory set to "E:\Photon-OnPremise-Server-SDK_v4-0-29-11263\deploy"
17516: 08:28:10.827 - Optimising event broadcast for 20 or more peers
17516: 08:28:10.830 - Start: About to load CLR - versions available:
17516: 08:28:10.830 - v2.0.50727
17516: 08:28:10.830 - v4.0.30319
17516: 08:28:10.830 - No preference in configuration file, will load latest.
17516: 08:28:10.830 - About to load version: "v4.0.30319"
17516: 08:28:10.832 - Loaded version: "v4.0.30319"
17516: 08:28:11.421 - Photon host runtime loaded
17516: 08:28:13.335 - License is valid.
17516: 08:28:13.335 - Licensed for 100 concurrent connections.
17516: 08:28:13.335 - ENet: Max Reliable Data In Transit (awaiting ACKs) per peer : 51200 bytes
17516: 08:28:13.335 - ENet: Per peer bandwidth limit
17516: 08:28:13.335 - ENet: Transmit Rate Limit: 256 KB/Sec
17516: 08:28:13.335 - ENet: Limit period: 200ms
17516: 08:28:13.335 - ENet: Limit per period: 52428 bytes
17516: 08:28:13.335 - ENet: Max queued data for transmission per peer: 512000 bytes
17516: 08:28:13.335 - ENet: Minimum retransmit timeout: 200
17516: 08:28:13.335 - No Maximum retransmit timeout
17516: 08:28:13.335 - ENet: Minimum timeout: 5000ms
17516: 08:28:13.335 - ENet: Maximum timeout: 30000ms
17516: 08:28:13.335 - ENet: Max Inbound Reliable Data Queued (awaiting resends of earlier sequence numbers) per peer : 163840 bytes
17516: 08:28:13.335 - No RTT ACK adjustment timeout
17516: 08:28:13.335 - About to load application: SAAServer from SAAServer
17516: 08:28:13.335 - Auto restart is enabled for application, existing connections will be terminated during restart
17516: 08:28:13.335 - Application will restart 1000ms after the last change detected
17516: 08:28:13.335 - Application will restart if files matching the following are changed: "dll;config"
17516: 08:28:13.335 - Application will NOT restart if files matching the following are changed: "log4net.config"
17516: 08:28:13.490 - Taking reference on default app domain
17516: 08:28:13.554 - Application: "SAAServer" started in app domain: 2
17516: 08:28:13.554 - About to load application: CounterPublisher from CounterPublisher
17516: 08:28:13.554 - Auto restart is enabled for application, existing connections will be terminated during restart
17516: 08:28:13.554 - Application will restart 1000ms after the last change detected
17516: 08:28:13.554 - Application will restart if files matching the following are changed: "dll;config"
17516: 08:28:13.554 - Application will NOT restart if files matching the following are changed: "log4net.config"
17516: 08:28:13.613 - Taking reference on default app domain
17516: 08:28:13.655 - Application: "CounterPublisher" started in app domain: 3
17516: 08:28:13.656 - Adding TCP listener on: 0.0.0.0: 4530 with a listen backlog of: 150
17516: 08:28:13.656 - TCP inactivity timeout: 10000ms
17516: 08:28:13.656 - TCP disconnect timeout: 120000ms
17516: 08:28:13.656 - MaxInboundMessageSize: 512000
17516: 08:28:13.656 - MaxOutboundMessageSize: 512000
17516: 08:28:13.656 - Forcing all applications ids to: "SAAServer"
17516: 08:28:13.656 - Serving policy file requests from: "E:\Photon-OnPremise-Server-SDK_v4-0-29-11263\deploy\Policy\assets\socket-policy.xml"
17516: 08:28:13.656 - Adding TCP listener on: 0.0.0.0: 4520 with a listen backlog of: 150
17516: 08:28:13.656 - TCP inactivity timeout: 5000ms
17516: 08:28:13.656 - TCP disconnect timeout: 120000ms
17516: 08:28:13.656 - MaxInboundMessageSize: 512000
17516: 08:28:13.656 - MaxOutboundMessageSize: 512000
17516: 08:28:13.656 - Forcing all applications ids to: "SAAServer"
17516: 08:28:13.656 - MaxInboundMessageSize: 512000
17516: 08:28:13.656 - MaxOutboundMessageSize: 512000
17516: 08:28:13.656 - UDP address specified as: "0.0.0.0" adding listener to each available IPv4 address
17516: 08:28:13.657 - Adding UDP listener on: 192.168.1.16: 7777 with a listen backlog of: 500
17516: 08:28:13.657 - Adding UDP listener on: 127.0.0.1: 7777 with a listen backlog of: 500
17516: 08:28:13.657 - Adding Policy File listener on: 0.0.0.0: 843 with a listen backlog of: 150 and serving Policy File: "E:\Photon-OnPremise-Server-SDK_v4-0-29-11263\deploy\Policy\assets\socket-policy.xml"
17516: 08:28:13.657 - TCP inactivity timeout: 1000ms
17516: 08:28:13.657 - Adding Policy File listener on: 0.0.0.0: 943 with a listen backlog of: 150 and serving Policy File: "E:\Photon-OnPremise-Server-SDK_v4-0-29-11263\deploy\Policy\assets\socket-policy-silverlight.xml"
17516: 08:28:13.657 - TCP inactivity timeout: 1000ms
17516: 08:28:13.672 - Service is running...
1228: 08:37:47.115 - Restarting application: "SAAServer" due to file changes
1228: 08:37:47.115 - Application: "SAAServer" restart request (abort existing connections)
1228: 08:37:47.159 - Taking reference on default app domain
1228: 08:37:47.191 - Application: "SAAServer" started in app domain: 4
1228: 08:37:47.321 - RequestApplicationStop: 2
1228: 08:37:47.328 - Application: "SAAServer" stopped in app domain: 2 (abort existing connections)
1228: 08:37:47.328 - Application: "SAAServer" restart complete.
13784: 08:37:47.328 - CManagedHost::OnDefaultAction() - OPR_AppDomainUnload - eUnloadAppDomain
5340: 08:37:47.334 - Unloading Domain: ApplicationName = 'SAAServer', DomainId='2'
13784: 08:37:47.334 - CManagedHost::OnDomainUnload() - 2
1228: 08:39:15.993 - Restarting application: "SAAServer" due to file changes
1228: 08:39:15.993 - Application: "SAAServer" restart request (abort existing connections)
1228: 08:39:16.037 - Taking reference on default app domain
1228: 08:39:16.073 - Application: "SAAServer" started in app domain: 5
1228: 08:39:16.205 - RequestApplicationStop: 4
1228: 08:39:16.209 - Application: "SAAServer" stopped in app domain: 4 (abort existing connections)
1228: 08:39:16.209 - Application: "SAAServer" restart complete.
13784: 08:39:16.209 - CManagedHost::OnDefaultAction() - OPR_AppDomainUnload - eUnloadAppDomain
5340: 08:39:16.214 - Unloading Domain: ApplicationName = 'SAAServer', DomainId='4'
13784: 08:39:16.220 - CManagedHost::OnDomainUnload() - 4
