10460: 18:40:02.643 - ---
10460: 18:40:02.643 - Service: "Photon Socket Server" starting
10460: 18:40:02.643 - Config File: E:\Photon-OnPremise-Server-SDK_v4-0-29-11263\deploy\bin_Win64\PhotonServer.config
10460: 18:40:02.646 - Will produce at most: 10 crash dumps
10460: 18:40:02.646 - Action: run as exe
10460: 18:40:02.648 - Server Starting...
10460: 18:40:02.649 -    Tick count: 2496634234 (wraps in: 20.814 days)
10460: 18:40:02.649 - Tick count 64: 2496634234
10460: 18:40:02.649 - Photon Version: 4.0.28.2962
10460: 18:40:02.649 - PID: 8568
10460: 18:40:02.649 - Config File: E:\Photon-OnPremise-Server-SDK_v4-0-29-11263\deploy\bin_Win64\PhotonServer.config
10460: 18:40:02.650 - Will NOT log unimportant exceptions
10460: 18:40:02.657 - Not using performance counters as they are not currently installed. Run the service with /InstallCounters to install them.
10460: 18:40:02.658 - Shutdown timeout enabled: 30000ms
10460: 18:40:02.659 - Starting I/O thread pool with 2 threads
10460: 18:40:02.659 - Using Standard allocator
10460: 18:40:02.659 - Max message size: 512000
10460: 18:40:02.660 - Starting business logic thread pool with the following settings
10460: 18:40:02.660 - InitialThreads: 4 threads
10460: 18:40:02.660 - MinThreads: 4 threads
10460: 18:40:02.660 - Thread pool is fixed size
10460: 18:40:02.660 - Starting ENet thread pool with the following settings
10460: 18:40:02.660 - InitialThreads: 2 threads
10460: 18:40:02.660 - MinThreads: 2 threads
10460: 18:40:02.660 - Thread pool is fixed size
10460: 18:40:02.660 - OnlyDispatchTimers: False
10460: 18:40:02.660 - S2S: flow control: Max pending writes: 50
10460: 18:40:02.660 - S2S: flow control: Max queued buffers: 200
10460: 18:40:02.660 - S2S: flow control: Max pending writes MUX: 500
10460: 18:40:02.660 - S2S: flow control: Max queued buffers MUX: 2000
10460: 18:40:02.660 - S2S: MaxInboundMessageSize: 512000
10460: 18:40:02.660 - S2S: MaxOutboundMessageSize: 512000
10460: 18:40:02.660 - S2S: No inactivity timeout
10460: 18:40:02.671 - WebSocket S2S: MaxInboundMessageSize: 512000
10460: 18:40:02.671 - WebSocket S2S: MaxOutboundMessageSize: 512000
10460: 18:40:02.671 - WebSocket S2S: No inactivity timeout
10460: 18:40:02.672 - Max Reliable Data In Transit (awaiting ACKs) per peer : 51200 bytes
10460: 18:40:02.672 - Per peer bandwidth limit
10460: 18:40:02.672 - Transmit Rate Limit: 256 KB/Sec
10460: 18:40:02.672 - Limit period: 200ms
10460: 18:40:02.672 - Limit per period: 52428 bytes
10460: 18:40:02.672 - Max queued data for transmission per peer: 512000 bytes
10460: 18:40:02.672 - Minimum retransmit timeout: 200
10460: 18:40:02.672 - No Maximum retransmit timeout
10460: 18:40:02.672 - Minimum ENet timeout: 5000ms
10460: 18:40:02.672 - Maximum ENet timeout: 30000ms
10460: 18:40:02.672 - Max Inbound Reliable Data Queued (awaiting resends of earlier sequence numbers) per peer : 163840 bytes
10460: 18:40:02.672 - No RTT ACK adjustment timeout
10460: 18:40:02.672 - Outbound ENet: MaxInboundMessageSize: 512000
10460: 18:40:02.672 - Outbound ENet: MaxOutboundMessageSize: 512000
10460: 18:40:02.678 - GetRuntime - About to load CLR - versions available:
10460: 18:40:02.678 - v2.0.50727
10460: 18:40:02.678 - v4.0.30319
10460: 18:40:02.678 - Configuration requests: "v2.0.50727"
10460: 18:40:02.678 - About to load version: "v2.0.50727"
10460: 18:40:02.715 - About to load runtime: PhotonHostRuntime.PhotonDomainManager from PhotonHostRuntime, Culture=neutral, PublicKeyToken=02C301B61B060C4D
10460: 18:40:02.715 - CLRBaseDirectory set to "E:\Photon-OnPremise-Server-SDK_v4-0-29-11263\deploy"
10460: 18:40:02.715 - Optimising event broadcast for 20 or more peers
10460: 18:40:02.718 - Start: About to load CLR - versions available:
10460: 18:40:02.718 - v2.0.50727
10460: 18:40:02.718 - v4.0.30319
10460: 18:40:02.718 - No preference in configuration file, will load latest.
10460: 18:40:02.718 - About to load version: "v4.0.30319"
10460: 18:40:02.720 - Loaded version: "v4.0.30319"
10460: 18:40:02.858 - Photon host runtime loaded
10460: 18:40:05.155 - License is valid.
10460: 18:40:05.155 - Licensed for 100 concurrent connections.
10460: 18:40:05.155 - ENet: Max Reliable Data In Transit (awaiting ACKs) per peer : 51200 bytes
10460: 18:40:05.155 - ENet: Per peer bandwidth limit
10460: 18:40:05.155 - ENet: Transmit Rate Limit: 256 KB/Sec
10460: 18:40:05.155 - ENet: Limit period: 200ms
10460: 18:40:05.155 - ENet: Limit per period: 52428 bytes
10460: 18:40:05.155 - ENet: Max queued data for transmission per peer: 512000 bytes
10460: 18:40:05.155 - ENet: Minimum retransmit timeout: 200
10460: 18:40:05.155 - No Maximum retransmit timeout
10460: 18:40:05.155 - ENet: Minimum timeout: 5000ms
10460: 18:40:05.155 - ENet: Maximum timeout: 30000ms
10460: 18:40:05.156 - ENet: Max Inbound Reliable Data Queued (awaiting resends of earlier sequence numbers) per peer : 163840 bytes
10460: 18:40:05.156 - No RTT ACK adjustment timeout
10460: 18:40:05.156 - About to load application: SAAServer from SAAServer
10460: 18:40:05.156 - Auto restart is enabled for application, existing connections will be terminated during restart
10460: 18:40:05.156 - Application will restart 1000ms after the last change detected
10460: 18:40:05.156 - Application will restart if files matching the following are changed: "dll;config"
10460: 18:40:05.156 - Application will NOT restart if files matching the following are changed: "log4net.config"
10460: 18:40:05.340 - Taking reference on default app domain
10460: 18:40:05.409 - Application: "SAAServer" started in app domain: 2
10460: 18:40:05.409 - About to load application: CounterPublisher from CounterPublisher
10460: 18:40:05.409 - Auto restart is enabled for application, existing connections will be terminated during restart
10460: 18:40:05.409 - Application will restart 1000ms after the last change detected
10460: 18:40:05.409 - Application will restart if files matching the following are changed: "dll;config"
10460: 18:40:05.409 - Application will NOT restart if files matching the following are changed: "log4net.config"
10460: 18:40:05.477 - Taking reference on default app domain
10460: 18:40:05.527 - Application: "CounterPublisher" started in app domain: 3
10460: 18:40:05.527 - Adding TCP listener on: 0.0.0.0: 4530 with a listen backlog of: 150
10460: 18:40:05.527 - TCP inactivity timeout: 10000ms
10460: 18:40:05.527 - TCP disconnect timeout: 120000ms
10460: 18:40:05.527 - MaxInboundMessageSize: 512000
10460: 18:40:05.527 - MaxOutboundMessageSize: 512000
10460: 18:40:05.527 - Forcing all applications ids to: "SAAServer"
10460: 18:40:05.528 - Serving policy file requests from: "E:\Photon-OnPremise-Server-SDK_v4-0-29-11263\deploy\Policy\assets\socket-policy.xml"
10460: 18:40:05.528 - Adding TCP listener on: 0.0.0.0: 4520 with a listen backlog of: 150
10460: 18:40:05.528 - TCP inactivity timeout: 5000ms
10460: 18:40:05.528 - TCP disconnect timeout: 120000ms
10460: 18:40:05.528 - MaxInboundMessageSize: 512000
10460: 18:40:05.528 - MaxOutboundMessageSize: 512000
10460: 18:40:05.528 - Forcing all applications ids to: "SAAServer"
10460: 18:40:05.528 - MaxInboundMessageSize: 512000
10460: 18:40:05.528 - MaxOutboundMessageSize: 512000
10460: 18:40:05.528 - UDP address specified as: "0.0.0.0" adding listener to each available IPv4 address
10460: 18:40:05.528 - Adding UDP listener on: 192.168.1.16: 7777 with a listen backlog of: 500
10460: 18:40:05.528 - Adding UDP listener on: 127.0.0.1: 7777 with a listen backlog of: 500
10460: 18:40:05.528 - Adding Policy File listener on: 0.0.0.0: 843 with a listen backlog of: 150 and serving Policy File: "E:\Photon-OnPremise-Server-SDK_v4-0-29-11263\deploy\Policy\assets\socket-policy.xml"
10460: 18:40:05.528 - TCP inactivity timeout: 1000ms
10460: 18:40:05.529 - Adding Policy File listener on: 0.0.0.0: 943 with a listen backlog of: 150 and serving Policy File: "E:\Photon-OnPremise-Server-SDK_v4-0-29-11263\deploy\Policy\assets\socket-policy-silverlight.xml"
10460: 18:40:05.529 - TCP inactivity timeout: 1000ms
10460: 18:40:05.544 - Service is running...
10460: 21:34:34.486 - Service is stopped...
10460: 21:34:34.486 - Server shutting down...
10460: 21:34:34.486 - Shutdown monitoring enabled, 30000ms before process abort
10460: 21:34:34.486 - Notifying CLR applications of shutdown...
10460: 21:34:34.486 - RequestApplicationStop: 3
10460: 21:34:34.497 - RequestApplicationStop: 2
10460: 21:34:34.504 - RequestStop: defalt app domain
10460: 21:34:34.505 - Shutting down WebSocket Outbound Connection Manager...
10460: 21:34:34.506 - Shutting down TCP Outbound Connection Manager...
10460: 21:34:34.506 - Shutting down ENet Outbound Connection Manager...
10460: 21:34:34.506 - Disconnecting all outbound peers...
10460: 21:34:34.507 - Shutting down ENet host...
10460: 21:34:34.507 - Disconnecting all peers...
10460: 21:34:34.507 - Shutting down socket servers...
10460: 21:34:34.507 - Shutting down ENet thread pool...
10460: 21:34:34.507 - Shutting down TCP inactivity timers...
10460: 21:34:34.507 - WaitingForShutdownToComplete: NativePolicy:0.0.0.0:843
10460: 21:34:34.507 - OnShutdownCompleted: NativePolicy:0.0.0.0:843
10460: 21:34:34.507 - WaitingForShutdownToComplete: NativePolicy:0.0.0.0:943
10460: 21:34:34.507 - OnShutdownCompleted: NativePolicy:0.0.0.0:943
10460: 21:34:34.507 - WaitingForShutdownToComplete: TCP:0.0.0.0:4520
10460: 21:34:34.507 - OnShutdownCompleted: TCP:0.0.0.0:4520
10460: 21:34:34.507 - WaitingForShutdownToComplete: TCP:0.0.0.0:4530
10460: 21:34:34.507 - OnShutdownCompleted: TCP:0.0.0.0:4530
10460: 21:34:34.507 - WaitingForShutdownToComplete: UDP:127.0.0.1:7777
10460: 21:34:34.507 - OnShutdownCompleted: UDP:127.0.0.1:7777
10460: 21:34:34.507 - WaitingForShutdownToComplete: UDP:192.168.1.16:7777
10460: 21:34:34.507 - OnShutdownCompleted: UDP:192.168.1.16:7777
10460: 21:34:34.508 - Shutting down CLR applications...
5356: 21:34:34.509 - CManagedHost::OnDefaultAction() - OPR_AppDomainUnload - eUnloadAppDomain
10460: 21:34:34.519 - Shutting down business logic thread pool...
10460: 21:34:34.520 - Shutting down I/O thread pool...
10460: 21:34:34.520 - Destroying servers
10460: 21:34:34.521 - Destroying WebSocket Outbound Connection Manager
10460: 21:34:34.521 - Destroying TCP Outbound Connection Manager
10460: 21:34:34.521 - Destroying TCP inactivity timer
10460: 21:34:34.521 - Destroying ENet timer wheel
10460: 21:34:34.521 - Destroying ENet host
10460: 21:34:34.521 - Destroying ENet outbound host
10460: 21:34:34.521 - Destroying HTTP inactivity timer
10460: 21:34:34.521 - Destroying HTTP host
10460: 21:34:34.521 - Destroying HTTP Chunk host
10460: 21:34:34.521 - Flushing ENET buffer allocator...
10460: 21:34:34.522 - Flushing TCP buffer handle allocator...
10460: 21:34:34.522 - Flushing stream socket allocator...
10460: 21:34:34.522 - Flushing inbound datagram socket allocator...
10460: 21:34:34.523 - Flushing outbound datagram socket allocator...
10460: 21:34:34.523 - Destroying CLR dispatcher
10460: 21:34:34.523 - Destroying CLR applications
8712: 21:34:34.524 - Unloading Domain: ApplicationName = 'CounterPublisher', DomainId='3'
10460: 21:34:34.524 - ~CCLRApplicationCollection() - Waiting up to 10 seconds for the CLR to release all of our objects
5356: 21:34:34.524 - CManagedHost::OnDomainUnload() - 3
5356: 21:34:34.536 - CManagedHost::OnDefaultAction() - OPR_AppDomainUnload - eUnloadAppDomain
8712: 21:34:34.544 - Unloading Domain: ApplicationName = 'SAAServer', DomainId='2'
5356: 21:34:34.552 - CManagedHost::OnDomainUnload() - 2
10460: 21:34:34.553 - ~CCLRApplicationCollection() - Done. All objects released
10460: 21:34:34.553 - ~CManagedHost() - Release default app domain
10460: 21:34:34.553 - CManagedHost::OnDomainUnload() - 1
10460: 21:34:34.553 - ~CManagedHost() - Waiting up to 10 seconds for CLR shutdown...
10460: 21:34:34.553 - ~CManagedHost
10460: 21:34:34.553 - Destroying ENet thread pool
10460: 21:34:34.553 - Destroying Business logic thread pool
10460: 21:34:34.553 - Destroying I/O thread pool
10460: 21:34:34.553 - Destroying ENet buffer allocator
10460: 21:34:34.553 - Destroying TCP buffer allocator
10460: 21:34:34.553 - Destroying TCP socket allocator
10460: 21:34:34.553 - Destroying ENet inbound socket allocator
10460: 21:34:34.553 - Destroying ENet outbound socket allocator
10460: 21:34:34.553 - Destroying shared datagram flow control data
10460: 21:34:34.555 - Shutdown complete...
10460: 21:34:34.555 - Service shutting down
10460: 21:34:34.557 - Service shut down complete
