2024-05-19 17:27:18,731 [1] INFO  DeepServer.App.MyServer - Setup
2024-05-19 17:27:18,740 [1] INFO  Photon.SocketServer.ApplicationBase - Application start: AppId=DeepServer; AppPath=E:\Git\Deep\DeepSky\PhotonServer\Photon-OnPremise-Server-SDK_v4-0-29-11263\deploy\DeepServer, Type=DeepServer.App.MyServer 
2024-05-19 17:27:19,053 [1] INFO  Photon.SocketServer.ApplicationBase - Application is stopping: AppId=DeepServer
2024-05-19 17:27:19,057 [1] INFO  DeepServer.App.MyServer - TearDown
2024-05-19 17:27:19,058 [1] INFO  Photon.SocketServer.ApplicationBase - Application stop: AppId=DeepServer
2024-05-19 17:27:41,602 [1] INFO  DeepServer.App.MyServer - Setup
2024-05-19 17:27:41,611 [1] INFO  Photon.SocketServer.ApplicationBase - Application start: AppId=DeepServer; AppPath=E:\Git\Deep\DeepSky\PhotonServer\Photon-OnPremise-Server-SDK_v4-0-29-11263\deploy\DeepServer, Type=DeepServer.App.MyServer 
2024-05-19 17:27:42,034 [1] INFO  Photon.SocketServer.ApplicationBase - Application is stopping: AppId=DeepServer
2024-05-19 17:27:42,038 [1] INFO  DeepServer.App.MyServer - TearDown
2024-05-19 17:27:42,038 [1] INFO  Photon.SocketServer.ApplicationBase - Application stop: AppId=DeepServer
2024-05-19 17:28:36,217 [1] INFO  DeepServer.App.MyServer - Setup
2024-05-19 17:28:36,226 [1] INFO  Photon.SocketServer.ApplicationBase - Application start: AppId=DeepServer; AppPath=E:\Git\Deep\DeepSky\PhotonServer\Photon-OnPremise-Server-SDK_v4-0-29-11263\deploy\DeepServer, Type=DeepServer.App.MyServer 
2024-05-19 17:28:36,622 [1] INFO  Photon.SocketServer.ApplicationBase - Application is stopping: AppId=DeepServer
2024-05-19 17:28:36,626 [1] INFO  DeepServer.App.MyServer - TearDown
2024-05-19 17:28:36,626 [1] INFO  Photon.SocketServer.ApplicationBase - Application stop: AppId=DeepServer
2024-05-19 17:30:49,323 [1] INFO  DeepServer.MyServer - Setup
2024-05-19 17:30:49,332 [1] INFO  Photon.SocketServer.ApplicationBase - Application start: AppId=DeepServer; AppPath=E:\Git\Deep\DeepSky\PhotonServer\Photon-OnPremise-Server-SDK_v4-0-29-11263\deploy\DeepServer, Type=DeepServer.MyServer 
2024-05-19 17:30:49,437 [1] INFO  Photon.SocketServer.ApplicationBase - Application is stopping: AppId=DeepServer
2024-05-19 17:30:49,440 [1] INFO  DeepServer.MyServer - TearDown
2024-05-19 17:30:49,441 [1] INFO  Photon.SocketServer.ApplicationBase - Application stop: AppId=DeepServer
2024-05-19 17:31:45,371 [1] INFO  DeepServer.MyServer - Setup
2024-05-19 17:31:45,379 [1] INFO  Photon.SocketServer.ApplicationBase - Application start: AppId=DeepServer; AppPath=E:\Git\Deep\DeepSky\PhotonServer\Photon-OnPremise-Server-SDK_v4-0-29-11263\deploy\DeepServer, Type=DeepServer.MyServer 
2024-05-19 17:31:45,924 [1] INFO  Photon.SocketServer.ApplicationBase - Application is stopping: AppId=DeepServer
2024-05-19 17:31:45,927 [1] INFO  DeepServer.MyServer - TearDown
2024-05-19 17:31:45,928 [1] INFO  Photon.SocketServer.ApplicationBase - Application stop: AppId=DeepServer
2024-05-19 17:31:59,141 [1] INFO  DeepServer.MyServer - Setup
2024-05-19 17:31:59,150 [1] INFO  Photon.SocketServer.ApplicationBase - Application start: AppId=DeepServer; AppPath=E:\Git\Deep\DeepSky\PhotonServer\Photon-OnPremise-Server-SDK_v4-0-29-11263\deploy\DeepServer, Type=DeepServer.MyServer 
2024-05-19 17:31:59,641 [1] INFO  Photon.SocketServer.ApplicationBase - Application is stopping: AppId=DeepServer
2024-05-19 17:31:59,645 [1] INFO  DeepServer.MyServer - TearDown
2024-05-19 17:31:59,645 [1] INFO  Photon.SocketServer.ApplicationBase - Application stop: AppId=DeepServer
2024-05-19 17:33:26,831 [1] INFO  DeepServer.MyServer - Setup
2024-05-19 17:33:26,839 [1] INFO  Photon.SocketServer.ApplicationBase - Application start: AppId=DeepServer; AppPath=E:\Git\Deep\DeepSky\PhotonServer\Photon-OnPremise-Server-SDK_v4-0-29-11263\deploy\DeepServer, Type=DeepServer.MyServer 
2024-05-19 17:33:27,130 [1] INFO  Photon.SocketServer.ApplicationBase - Application is stopping: AppId=DeepServer
2024-05-19 17:33:27,134 [1] INFO  DeepServer.MyServer - TearDown
2024-05-19 17:33:27,134 [1] INFO  Photon.SocketServer.ApplicationBase - Application stop: AppId=DeepServer
2024-05-19 17:35:40,418 [1] INFO  DeepServer.MyServer - Setup
2024-05-19 17:35:40,427 [1] INFO  Photon.SocketServer.ApplicationBase - Application start: AppId=DeepServer; AppPath=E:\Git\Deep\DeepSky\PhotonServer\Photon-OnPremise-Server-SDK_v4-0-29-11263\deploy\DeepServer, Type=DeepServer.MyServer 
2024-05-19 17:35:40,601 [1] INFO  Photon.SocketServer.ApplicationBase - Application is stopping: AppId=DeepServer
2024-05-19 17:35:40,605 [1] INFO  DeepServer.MyServer - TearDown
2024-05-19 17:35:40,605 [1] INFO  Photon.SocketServer.ApplicationBase - Application stop: AppId=DeepServer
2024-05-19 18:05:27,888 [1] INFO  DeepServer.MyServer - Setup
2024-05-19 18:05:27,897 [1] INFO  Photon.SocketServer.ApplicationBase - Application start: AppId=DeepServer; AppPath=E:\Git\Deep\DeepSky\PhotonServer\Photon-OnPremise-Server-SDK_v4-0-29-11263\deploy\DeepServer, Type=DeepServer.MyServer 
2024-05-19 18:13:28,502 [1] INFO  Photon.SocketServer.ApplicationBase - Application is stopping: AppId=DeepServer
2024-05-19 18:13:28,505 [1] INFO  DeepServer.MyServer - TearDown
2024-05-19 18:13:28,506 [1] INFO  Photon.SocketServer.ApplicationBase - Application stop: AppId=DeepServer
2024-05-19 18:13:40,155 [1] INFO  DeepServer.App.MyServer - Setup
2024-05-19 18:13:40,163 [1] INFO  Photon.SocketServer.ApplicationBase - Application start: AppId=DeepServer; AppPath=E:\Git\Deep\DeepSky\PhotonServer\Photon-OnPremise-Server-SDK_v4-0-29-11263\deploy\DeepServer, Type=DeepServer.App.MyServer 
2024-05-19 18:20:03,519 [11] INFO  DeepServer.App.MyServer - Setup
2024-05-19 18:20:03,528 [11] INFO  Photon.SocketServer.ApplicationBase - Application start: AppId=DeepServer; AppPath=E:\Git\Deep\DeepSky\PhotonServer\Photon-OnPremise-Server-SDK_v4-0-29-11263\deploy\DeepServer, Type=DeepServer.App.MyServer 
2024-05-19 18:20:03,535 [11] INFO  Photon.SocketServer.ApplicationBase - Application is stopping: AppId=DeepServer
2024-05-19 18:20:03,536 [11] INFO  DeepServer.App.MyServer - TearDown
2024-05-19 18:20:03,537 [11] INFO  Photon.SocketServer.ApplicationBase - Application stop: AppId=DeepServer
2024-05-19 18:20:15,130 [1] INFO  Photon.SocketServer.ApplicationBase - Application is stopping: AppId=DeepServer
2024-05-19 18:20:15,134 [1] INFO  DeepServer.App.MyServer - TearDown
2024-05-19 18:20:15,134 [1] INFO  Photon.SocketServer.ApplicationBase - Application stop: AppId=DeepServer
2024-05-19 18:20:28,975 [1] INFO  DeepServer.App.MyServer - Setup
2024-05-19 18:20:28,983 [1] INFO  Photon.SocketServer.ApplicationBase - Application start: AppId=DeepServer; AppPath=E:\Git\Deep\DeepSky\PhotonServer\Photon-OnPremise-Server-SDK_v4-0-29-11263\deploy\DeepServer, Type=DeepServer.App.MyServer 
2024-05-19 18:22:56,315 [16] INFO  DeepServer.App.MyServer - Setup
2024-05-19 18:22:56,324 [16] INFO  Photon.SocketServer.ApplicationBase - Application start: AppId=DeepServer; AppPath=E:\Git\Deep\DeepSky\PhotonServer\Photon-OnPremise-Server-SDK_v4-0-29-11263\deploy\DeepServer, Type=DeepServer.App.MyServer 
2024-05-19 18:22:56,333 [16] INFO  Photon.SocketServer.ApplicationBase - Application is stopping: AppId=DeepServer
2024-05-19 18:22:56,334 [16] INFO  DeepServer.App.MyServer - TearDown
2024-05-19 18:22:56,334 [16] INFO  Photon.SocketServer.ApplicationBase - Application stop: AppId=DeepServer
2024-05-19 18:23:33,609 [16] ERROR DeepServer.App.MyServer - 服务器启动！！！
2024-05-19 18:23:33,618 [16] INFO  Photon.SocketServer.ApplicationBase - Application start: AppId=DeepServer; AppPath=E:\Git\Deep\DeepSky\PhotonServer\Photon-OnPremise-Server-SDK_v4-0-29-11263\deploy\DeepServer, Type=DeepServer.App.MyServer 
2024-05-19 18:23:33,626 [16] INFO  Photon.SocketServer.ApplicationBase - Application is stopping: AppId=DeepServer
2024-05-19 18:23:33,627 [16] INFO  DeepServer.App.MyServer - TearDown
2024-05-19 18:23:33,627 [16] INFO  Photon.SocketServer.ApplicationBase - Application stop: AppId=DeepServer
2024-05-19 18:23:55,225 [1] INFO  Photon.SocketServer.ApplicationBase - Application is stopping: AppId=DeepServer
2024-05-19 18:23:55,229 [1] ERROR DeepServer.App.MyServer - 服务器结束！！！
2024-05-19 18:23:55,229 [1] INFO  Photon.SocketServer.ApplicationBase - Application stop: AppId=DeepServer
2024-05-19 18:24:08,461 [1] ERROR DeepServer.App.MyServer - 服务器启动！！！
2024-05-19 18:24:08,470 [1] INFO  Photon.SocketServer.ApplicationBase - Application start: AppId=DeepServer; AppPath=E:\Git\Deep\DeepSky\PhotonServer\Photon-OnPremise-Server-SDK_v4-0-29-11263\deploy\DeepServer, Type=DeepServer.App.MyServer 
2024-05-19 18:24:29,297 [16] ERROR DeepServer.App.MyServer - 服务器启动！！！
2024-05-19 18:24:29,306 [16] INFO  Photon.SocketServer.ApplicationBase - Application start: AppId=DeepServer; AppPath=E:\Git\Deep\DeepSky\PhotonServer\Photon-OnPremise-Server-SDK_v4-0-29-11263\deploy\DeepServer, Type=DeepServer.App.MyServer 
2024-05-19 18:24:29,314 [16] INFO  Photon.SocketServer.ApplicationBase - Application is stopping: AppId=DeepServer
2024-05-19 18:24:29,315 [16] ERROR DeepServer.App.MyServer - 服务器结束！！！
2024-05-19 18:24:29,315 [16] INFO  Photon.SocketServer.ApplicationBase - Application stop: AppId=DeepServer
